# Bundle file v0.3
11 508
6.9478187688e+02 -8.5445999349e-02 2.4399278273e-03
9.9150402362e-01 -1.2431366388e-01 3.8286866067e-02
1.0690917074e-01 9.4648184239e-01 3.0453661723e-01
-7.4095886209e-02 -2.9785606422e-01 9.5173082574e-01
1.6479353518e-01 1.0310150700e+00 -9.2314062528e-01
6.9348430359e+02 -7.1124553335e-02 -5.8249989895e-03
9.7745052172e-01 6.2656544953e-02 -2.0165474200e-01
-1.1014012825e-02 9.6879236633e-01 2.4762884013e-01
2.1087714224e-01 -2.3982391106e-01 9.4763670389e-01
-5.6719553466e-01 8.5304372918e-01 -6.8698535310e-01
7.2322085343e+02 -2.4241194774e-02 -4.1120911685e-03
8.1060985618e-01 3.2410785460e-01 -4.8771483435e-01
-1.4077274122e-01 9.1629592048e-01 3.7494642477e-01
5.6841419439e-01 -2.3527831329e-01 7.8838405546e-01
-1.3578309903e+00 1.1839695588e+00 -1.7755774095e+00
0 0 0
0 0 0
0 0 0
0 0 0
0 0 0
0 0 0
0 0 0
0 0 0
0 0 0
0 0 0
0 0 0
0 0 0
0 0 0
0 0 0
0 0 0
0 0 0
0 0 0
0 0 0
0 0 0
0 0 0
7.0350676624e+02 -8.9565405050e-02 -3.1851331450e-03
9.9826441688e-01 -1.3021394409e-02 -5.7433416056e-02
1.3396729922e-02 9.9989131623e-01 6.1549462648e-03
5.7347027992e-02 -6.9136838074e-03 9.9833036584e-01
-1.8393096979e-01 -5.9764749424e-02 -8.0146911871e-01
7.0599979921e+02 -7.2262611058e-02 -2.5311262898e-02
9.8879870857e-01 5.4205898930e-02 -1.3906413788e-01
-1.0367113970e-01 9.1971806923e-01 -3.7864358957e-01
1.0737508424e-01 3.8881923005e-01 9.1503562643e-01
-2.5541950626e-01 -1.2215454043e+00 -9.0440705110e-01
6.8927402762e+02 -7.7246295812e-02 -7.6604356454e-03
9.1503963253e-01 2.9777543639e-02 -4.0226330778e-01
2.4246172191e-01 7.5638895804e-01 6.0752617850e-01
3.2235816153e-01 -6.5344398540e-01 6.8490595971e-01
-1.2211039741e+00 1.9318477972e+00 -1.2274550985e+00
0 0 0
0 0 0
0 0 0
0 0 0
0 0 0
-4.7408296035e-01 -3.5862872590e-01 -2.6893502143e+00
100 179 115
3 7 43 -99.3700 -88.1000 8 55 -72.0800 -96.2300 0 31 -76.7700 -36.8600
-1.4590991796e-01 -8.6364189684e-01 -2.7503381026e+00
227 230 74
4 7 94 -32.5700 -185.7800 8 77 -12.0400 -178.4100 0 71 5.2500 -134.7100 1 78 -46.0200 -147.5200
-4.9612487537e-01 -5.0069280093e-01 -2.7381249586e+00
31 27 24
4 7 73 -101.4600 -114.1900 8 89 -75.9800 -114.3500 0 76 -75.8800 -68.7100 1 87 -112.8700 -64.7200
-4.4845245103e-01 -5.5717700116e-01 -2.7686309577e+00
100 164 102
5 7 177 -90.7900 -124.8900 8 237 -64.7900 -121.3500 0 150 -65.6200 -80.0600 1 169 -102.0200 -77.7000 2 235 -98.1100 -53.4000
-5.2489126720e-01 -4.0916210260e-01 -2.6859076979e+00
36 38 33
6 7 134 -109.3800 -98.0200 8 126 -83.2600 -103.8400 0 154 -85.1300 -48.0500 1 176 -120.3900 -43.1000 2 240 -107.1300 -21.9300 9 155 -146.3800 -31.8600
-1.6630566412e-01 -3.2055366064e-01 -2.6295099608e+00
207 206 203
5 7 189 -40.6000 -81.5400 8 170 -16.0700 -102.9200 0 160 -11.5000 -18.6900 1 180 -48.1400 -23.6400 2 242 -58.1100 -13.7700
-1.2457464387e-01 -3.1316460190e-01 -2.6472279287e+00
213 217 214
6 7 190 -31.0300 -79.5800 8 239 -5.4600 -100.8300 0 162 -4.6800 -17.6200 1 179 -38.3800 -22.9500 2 241 -50.5000 -14.6200 9 165 -66.8500 13.4900
-1.0077148214e-01 -2.5902281177e-01 -2.6412220277e+00
113 67 40
5 7 136 -26.6300 -68.4600 8 173 1.2200 -92.0700 0 166 -1.2100 -6.4800 1 124 -33.3300 -11.0800 2 173 -44.8100 -5.5500
7.2487097165e-01 3.8392671205e-01 -2.9449878988e+00
211 227 226
4 7 206 133.4500 59.5300 8 195 185.1500 36.0100 0 246 128.9500 102.1200 1 195 153.2000 98.5900
-1.2235702616e-01 -4.4012486063e-01 -2.6885459204e+00
207 210 203
6 7 260 -29.3000 -104.2300 8 336 -5.8600 -118.4600 0 310 -0.8900 -45.0100 1 241 -37.6400 -52.2300 2 308 -53.8800 -39.2700 9 240 -64.4900 -15.7400
-4.4950042121e-01 -2.5955988287e-01 -2.6889881103e+00
54 78 64
4 7 539 -93.9800 -68.0200 8 510 -67.3500 -79.8000 0 319 -73.8400 -17.0300 1 488 -102.1300 -12.3800
-7.5201185546e-01 -2.3298401686e-01 -2.6108940938e+00
103 173 181
6 7 274 -158.3800 -64.5500 8 243 -131.6100 -74.7400 0 321 -137.4200 -13.6300 1 349 -167.3500 -2.4400 2 433 -132.5600 16.4400 9 350 -191.0300 -2.7600
-7.5750425947e-01 -1.8480211103e-01 -2.5921639023e+00
101 169 182
4 7 277 -160.7300 -55.1800 8 244 -134.0800 -67.9600 0 322 -139.9000 -3.0400 1 352 -168.9900 8.5700
-5.1050931761e-01 -6.0264054845e-01 -2.7517939968e+00
88 154 97
6 7 485 -103.7700 -134.5900 8 707 -78.0200 -129.1300 0 438 -77.6800 -90.1700 1 456 -116.6500 -86.3800 2 606 -110.7300 -57.9900 9 327 -141.5200 -75.6100
-1.4273521060e-01 -4.8887297525e-01 -2.6976727561e+00
31 28 28
6 7 354 -33.1400 -113.6900 8 480 -9.7000 -125.0700 0 449 -3.9200 -55.8800 1 336 -42.4400 -63.0900 2 405 -58.9500 -47.6900 9 337 -69.0400 -27.3600
8.0759026496e-03 -4.5680889430e-01 -2.7379535521e+00
27 24 29
6 7 359 -2.5100 -105.8700 8 482 21.1200 -119.0100 0 451 25.6200 -48.0600 1 338 -7.7400 -58.4700 2 403 -31.1400 -49.6900 9 340 -30.9100 -18.4300
-8.9748477965e-02 -4.3742400106e-01 -2.6990241114e+00
25 24 24
6 7 361 -22.6600 -103.3100 8 483 1.5100 -117.5800 0 455 5.5400 -44.3500 1 341 -30.2400 -52.1500 2 406 -48.1200 -40.6000 9 343 -56.3300 -14.9000
-1.2524642010e-01 -3.8096677679e-01 -2.6685674103e+00
209 211 208
6 7 367 -30.4600 -92.7600 8 492 -5.2000 -109.9800 0 463 -3.0200 -32.4600 1 343 -38.7500 -38.6200 2 413 -53.0300 -27.8000 9 351 -66.3000 -1.9200
-6.0059104366e-02 -3.7494356335e-01 -2.6882489429e+00
207 208 199
6 7 512 -16.8600 -91.0300 8 744 7.7300 -108.4600 0 464 10.2900 -30.8800 1 473 -23.9400 -38.4500 2 634 -41.0300 -30.1300 9 507 -49.7400 0.2600
9.5662582849e-01 4.1743197087e-02 -3.1985370875e+00
203 212 205
5 7 391 169.6500 -4.4000 8 364 215.6300 -13.6600 0 492 167.7200 33.9600 1 356 198.4500 17.8600 9 375 205.0500 54.6700
2.2705296641e+00 -1.3351482743e+00 -5.2521064004e+00
132 122 127
3 7 480 280.4700 -162.8700 8 509 307.1300 -80.8600 0 581 284.4000 -189.9300
-4.5443533139e-01 -1.0414671038e+00 -2.6131653946e+00
32 35 40
3 7 447 -96.2900 -227.5800 8 432 -74.4800 -213.5800 0 590 -57.4300 -180.0600
1.2103207260e-01 -6.3006805607e-01 -2.8328822905e+00
56 9 2
5 7 658 20.8600 -136.5100 8 1015 42.3800 -139.9800 0 638 51.0400 -83.8600 1 628 17.9200 -99.9100 9 479 2.8400 -59.7300
6.7033620967e-02 -6.2453128208e-01 -2.8101741661e+00
166 126 127
6 7 659 10.0900 -136.4000 8 1017 31.8200 -140.1900 0 641 41.0000 -82.8700 1 630 5.6600 -97.5300 2 798 -25.8100 -85.6900 9 608 -12.0700 -58.7100
-7.6721937551e-01 -4.9653922553e-01 -2.6941332002e+00
128 171 174
6 7 495 -155.8700 -115.1900 8 491 -128.3900 -111.3900 0 644 -134.3300 -71.8500 1 651 -169.3600 -60.3400 2 1125 -142.0200 -30.0300 9 607 -195.0800 -60.8200
-5.5892308442e-02 -5.3158322824e-01 -2.7417466449e+00
209 212 205
4 7 489 -14.9400 -120.6900 8 706 7.4600 -129.2300 0 646 15.2100 -64.5700 2 809 -44.8700 -60.8200
2.6432777357e-02 -5.1931873406e-01 -2.7641710423e+00
210 211 208
6 7 493 1.5500 -117.4900 8 713 24.2700 -126.8600 0 650 30.8400 -61.2900 1 640 -3.5900 -73.1100 2 808 -29.7700 -62.9300 9 484 -24.8500 -33.1100
-1.1461736286e-01 -4.7364199701e-01 -2.7031152431e+00
19 19 24
6 7 682 -27.3800 -110.3600 8 1056 -3.8200 -122.4900 0 655 1.5000 -52.5200 1 652 -35.9100 -60.0700 2 830 -53.7100 -46.4100 9 632 -61.9800 -23.6500
-1.1461736286e-01 -4.7364199701e-01 -2.7031152431e+00
19 19 24
6 7 683 -27.3800 -110.3600 8 1057 -3.8200 -122.4900 0 656 1.5000 -52.5200 1 653 -35.9100 -60.0700 2 831 -53.7100 -46.4100 9 633 -61.9800 -23.6500
1.1165371633e-01 -4.4709749410e-01 -2.7711511278e+00
38 21 22
6 7 503 18.2100 -103.0900 8 485 42.4800 -116.3800 0 663 45.2900 -45.3700 1 464 15.8700 -58.2300 2 611 -11.6800 -53.4500 9 496 -4.2600 -15.4600
4.9583615979e-02 -4.2136085039e-01 -2.7417748527e+00
33 29 32
6 7 504 5.6500 -98.8200 8 731 30.0000 -113.3600 0 667 32.9200 -40.4700 1 660 1.7500 -51.3500 2 622 -22.3500 -45.1000 9 500 -20.9400 -9.6800
4.9583615979e-02 -4.2136085039e-01 -2.7417748527e+00
33 29 32
6 7 505 5.6500 -98.8200 8 732 30.0000 -113.3600 0 668 32.9200 -40.4700 1 661 1.7500 -51.3500 2 623 -22.3500 -45.1000 9 501 -20.9400 -9.6800
-1.4784188357e-01 -4.1091214006e-01 -2.6667400358e+00
34 34 36
5 7 506 -35.0900 -98.8500 8 726 -10.8400 -115.2600 0 670 -6.9300 -38.8100 1 669 -43.8200 -44.8000 2 851 -57.7900 -32.1400
-5.1086695962e-01 -3.4386748479e-01 -2.6752175851e+00
54 99 66
6 7 524 -107.3100 -85.5300 8 761 -80.6900 -93.6400 0 674 -83.5400 -33.9700 1 484 -117.0900 -29.2300 2 646 -102.6100 -11.0500 9 494 -142.5500 -17.8400
3.3826620873e-02 -3.3910031485e-01 -2.7062853463e+00
244 44 38
5 7 525 1.9200 -83.4100 8 752 27.4800 -102.9800 0 678 27.8200 -22.6800 1 681 -2.1900 -31.8700 2 638 -22.7300 -27.7000
1.0103933773e-01 -3.1375322077e-01 -2.7231789137e+00
63 7 1
5 7 534 15.3700 -77.6700 8 501 41.3100 -98.7400 0 684 40.4200 -17.0300 2 640 -9.1600 -26.3100 9 514 -10.2100 15.4700
2.4961465507e-01 4.6191617159e-01 -2.7808856212e+00
182 211 220
4 7 570 43.2600 76.3300 8 561 87.4800 50.2300 0 713 46.4200 120.3800 1 725 54.3800 124.7800
-1.3982383027e-01 -6.6477437172e-01 -2.7603637028e+00
31 21 0
5 7 654 -30.8800 -146.2200 8 1007 -8.9900 -146.8700 0 831 0.7800 -94.4000 1 622 -41.2100 -103.2700 9 474 -64.9900 -70.8800
-1.3982383027e-01 -6.6477437172e-01 -2.7603637028e+00
31 21 0
5 7 655 -30.8800 -146.2200 8 1008 -8.9900 -146.8700 0 832 0.7800 -94.4000 1 623 -41.2100 -103.2700 9 475 -64.9900 -70.8800
-7.5045084776e-01 -5.1211496134e-01 -2.7068773423e+00
147 33 69
4 7 670 -151.7500 -118.2200 8 1077 -124.9000 -113.0400 0 841 -130.0000 -75.2000 1 882 -165.4000 -64.1400
-1.3191945336e-01 -4.6703732016e-01 -2.6949325054e+00
210 209 202
6 7 688 -31.0700 -109.3300 8 1058 -7.2200 -121.6800 0 857 -2.1900 -51.2300 1 892 -39.8800 -58.2900 2 1115 -56.6100 -44.3100 9 638 -66.6500 -22.0800
8.1175681509e-02 -4.4822511483e-01 -2.7606933215e+00
25 21 25
6 7 698 12.1500 -103.6000 8 1071 36.2300 -116.8700 0 867 39.5700 -45.8100 1 655 8.8900 -57.9400 2 818 -17.3700 -51.9900 9 647 -12.2000 -15.8700
8.1175681509e-02 -4.4822511483e-01 -2.7606933215e+00
25 21 25
6 7 699 12.1500 -103.6000 8 1072 36.2300 -116.8700 0 868 39.5700 -45.8100 1 656 8.8900 -57.9400 2 819 -17.3700 -51.9900 9 648 -12.2000 -15.8700
-1.3347507229e-01 -4.2013898737e-01 -2.6770295984e+00
213 215 208
6 7 702 -31.8900 -100.4600 8 1073 -7.6600 -116.1400 0 871 -3.7100 -40.7100 1 902 -40.4200 -47.2200 2 1119 -55.3800 -34.6600 9 822 -67.9000 -11.1600
3.0106855602e-02 -3.9925871169e-01 -2.7251133933e+00
216 224 217
6 7 707 1.5000 -94.8800 8 734 26.1800 -111.4800 0 875 28.4300 -35.2700 1 667 -2.8400 -45.6400 2 839 -25.2800 -39.3100 9 655 -26.6000 -4.7100
6.7451185911e-02 -3.9392833524e-01 -2.7364703969e+00
223 223 222
6 7 708 9.0000 -93.4700 8 737 33.8000 -110.4200 0 876 35.5900 -33.9800 1 904 5.7400 -45.1100 2 1116 -18.1500 -40.1900 9 656 -17.0700 -3.2800
9.4902564405e-02 -3.9028861884e-01 -2.7451034460e+00
220 225 217
6 7 711 14.5200 -92.5200 8 741 39.4100 -109.5700 0 878 40.8500 -33.0800 1 905 11.9300 -44.7600 2 837 -12.8900 -41.0800 9 657 -10.0300 -2.2500
1.2970558433e-02 -3.6846705898e-01 -2.7109036448e+00
238 38 34
6 7 717 -2.0700 -89.0900 8 1089 22.7900 -106.8200 0 881 24.6100 -29.1000 1 676 -6.7300 -38.4200 2 848 -27.5300 -32.6800 9 659 -31.5200 2.3300
4.2411328324e-02 -3.6565152802e-01 -2.7202602640e+00
237 39 35
6 7 718 4.0000 -88.3400 8 1094 28.9500 -106.1700 0 882 30.2100 -28.4200 1 675 -0.1100 -38.3200 2 847 -21.9200 -33.5500 9 660 -24.0100 3.1400
-4.9648211137e-01 -2.2225021358e-01 -2.6451063430e+00
68 89 79
5 7 733 -105.9300 -61.4300 8 765 -79.6300 -76.2800 0 888 -83.5400 -7.4400 1 690 -113.6000 -2.5400 9 666 -138.9800 7.8100
-4.1116355371e-03 -4.7913285026e-01 -2.7386112712e+00
217 218 216
4 7 938 -4.8500 -110.1800 8 1055 18.8400 -122.7100 0 1130 23.5400 -52.3900 9 812 -33.9800 -23.8200
-3.8671787697e-01 -1.8011224900e-01 -2.6867903077e+00
204 216 208
4 7 1007 -82.7500 -52.4300 8 1142 -55.5100 -66.9100 0 1171 -61.1300 0.1100 1 1197 -87.9400 3.7900
1.0915795862e+00 2.4752856595e-01 -3.2303124264e+00
62 54 55
3 7 558 191.8200 32.2000 8 554 246.0600 22.4700 0 1200 182.2800 66.1900
-4.4770521509e-01 -5.5700638764e-01 -2.7676376994e+00
100 164 102
4 7 178 -90.7900 -124.8900 8 238 -64.7900 -121.3500 1 170 -102.0200 -77.7000 2 236 -98.1100 -53.4000
-5.5318273540e-02 -4.3165439426e-01 -2.7084164725e+00
144 144 142
4 7 263 -15.5000 -101.6800 8 337 8.6700 -116.4300 1 240 -22.5500 -51.6500 9 243 -47.7600 -13.1400
-5.3457261672e-01 -3.2675185515e-01 -2.6589587245e+00
78 158 113
5 7 268 -112.5900 -82.3200 8 348 -86.4000 -91.9900 1 244 -122.9700 -24.9100 2 315 -106.0200 -6.5900 9 242 -148.1700 -13.7000
-1.7341538262e-01 -5.1282806455e-01 -2.7072863964e+00
203 202 195
4 7 259 -38.6600 -117.8800 8 234 -15.1400 -126.8900 1 335 -48.6900 -68.4800 2 402 -64.7600 -51.6500
1.0914430534e+00 2.4822469421e-01 -3.2308879271e+00
62 54 55
3 7 557 191.8200 32.2000 8 555 246.0600 22.4700 1 512 224.7600 54.2600
1.9579462163e+00 -9.0135039083e-01 -5.6711221021e+00
128 117 120
3 7 944 230.8400 -106.3600 8 794 271.0000 -11.8500 1 780 304.6200 -180.8900
1.9038951646e+00 -7.6419983336e-01 -5.8173309536e+00
140 130 133
3 7 715 220.8000 -89.5100 8 544 264.6200 8.9700 1 801 293.5200 -163.5900
1.9038951646e+00 -7.6419983336e-01 -5.8173309536e+00
140 130 133
3 7 716 220.8000 -89.5100 8 545 264.6200 8.9700 1 803 293.5200 -163.5900
2.0217611330e+00 -6.5617254298e-01 -5.9236325073e+00
133 122 128
3 7 988 230.5100 -76.5500 8 1210 277.1200 22.8700 1 815 305.4000 -151.4000
2.7851539312e-01 4.8940208404e-01 -2.7779089915e+00
217 247 254
3 7 574 48.9200 81.8500 8 562 94.8200 55.0900 1 954 60.1200 130.2600
1.9204994203e+00 -1.1137537044e+00 -5.4610055774e+00
80 74 79
3 7 908 233.0700 -133.8100 8 1157 266.8000 -42.9000 1 1007 306.1600 -208.9500
1.8552375014e+00 -7.8450638558e-01 -5.7913198128e+00
92 77 80
3 7 968 216.3400 -92.1800 8 1192 259.5100 6.4300 1 1062 287.8900 -165.7600
-3.3122527677e-01 -9.3206969310e-01 -2.6802442461e+00
28 79 153
3 7 827 -69.9100 -202.2400 8 938 -48.8800 -192.6200 1 1072 -91.4600 -159.4600
-3.3122527677e-01 -9.3206969310e-01 -2.6802442461e+00
28 79 153
3 7 828 -69.9100 -202.2400 8 939 -48.8800 -192.6200 1 1073 -91.4600 -159.4600
5.2356779344e-02 -8.8434111133e-01 -2.7392677505e+00
212 233 126
3 7 852 7.4100 -190.0000 8 949 24.2500 -187.9700 1 1084 -4.3800 -154.3000
2.7746001956e-01 5.1037016365e-01 -2.7805106105e+00
21 50 52
3 7 1077 48.4600 85.9300 8 821 95.0300 59.5900 1 1271 60.3600 133.9800
-4.9025219072e-01 -2.7552202624e-01 -2.6651794149e+00
62 85 67
4 7 270 -103.4500 -71.8000 8 350 -76.9600 -83.0700 2 426 -97.0800 0.0100 9 349 -137.5800 -3.4500
-8.0140933633e-01 -1.8343872418e-01 -2.5748776075e+00
138 147 165
4 7 541 -170.5300 -55.0000 8 517 -144.0600 -68.2400 2 882 -139.3400 27.4600 9 667 -202.0300 7.7300
-3.6333349607e-03 -5.2481798934e-01 -2.7571796965e+00
218 220 218
3 7 668 -4.3400 -118.8700 8 1042 18.5600 -127.9300 2 1087 -35.2100 -62.3900
-7.4087861748e-01 -6.3835640343e-01 -2.7547421121e+00
113 35 38
3 7 895 -147.0100 -140.7900 8 1041 -119.6800 -128.9900 9 963 -188.9900 -94.3100
-7.7095947909e-01 1.8471269765e-02 -2.5171173377e+00
181 136 130
2 7 34 -167.8900 -14.0400 8 28 -143.6000 -36.7200
1.0124206963e+00 8.3077475261e-01 -3.1216267885e+00
208 217 216
2 7 61 178.9800 137.9100 8 36 256.7200 129.6400
-2.4428715972e-02 -8.8065440129e-01 -2.7592068559e+00
234 237 74
2 7 93 -7.8900 -188.4600 8 120 10.8500 -183.2100
-1.4956161949e-01 -8.6647595566e-01 -2.7560009883e+00
227 230 74
2 7 95 -32.5700 -185.7800 8 78 -12.0400 -178.4100
-9.7597159605e-02 -2.5822873069e-01 -2.6434254970e+00
113 67 40
2 7 135 -26.6300 -68.4600 8 172 1.2200 -92.0700
7.0547056879e-01 -3.5455739262e-01 -3.5516431522e+00
122 123 123
2 7 137 119.3200 -69.4700 8 134 152.3600 -45.9700
-1.7128108714e-01 -3.1999202968e-01 -2.6257588995e+00
207 206 203
2 7 188 -40.6000 -81.5400 8 169 -16.0700 -102.9200
-6.8353230565e-01 -1.6325486945e-01 -2.6251795601e+00
128 158 170
2 7 194 -144.0800 -50.2900 8 245 -117.9300 -62.7200
6.6144723415e-01 4.7387990302e-02 -3.1600474037e+00
67 116 50
2 7 200 117.5900 -4.1200 8 181 159.6100 -9.5000
-1.7674823239e-01 -9.9605769671e-01 -2.6828959869e+00
87 94 94
2 7 237 -38.3200 -215.1300 8 218 -21.1000 -205.5100
-1.4832166491e-01 3.0029232898e-01 -2.7781460495e+00
64 190 226
2 7 310 -34.2000 43.4100 8 193 -0.2400 25.7600
-5.1159070107e-01 -6.6480145558e-01 -2.7672058357e+00
30 58 39
2 7 348 -102.9000 -145.8400 8 473 -77.1800 -137.3500
-8.8283554958e-02 3.1318268496e-01 -2.8000682239e+00
230 110 152
2 7 406 -22.3000 45.8400 8 268 13.2100 28.6100
-1.7278227374e-01 -1.0515009841e+00 -2.6300305381e+00
24 60 49
2 7 443 -38.7900 -229.3900 8 421 -22.1700 -220.2100
-2.1827351126e-01 -9.4098216097e-01 -2.7456421845e+00
25 70 43
2 7 462 -45.6000 -200.7300 8 449 -25.9200 -189.0400
-3.4271663477e-01 -9.1747017282e-01 -2.6845716651e+00
193 211 214
2 7 464 -71.8600 -199.2800 8 654 -50.6000 -189.4500
1.9214733117e+00 -1.2047486782e+00 -5.3748442098e+00
131 128 132
2 7 483 235.8100 -145.7900 8 525 266.9800 -56.6300
6.2644428598e-01 -6.3622732102e-01 -3.0085463840e+00
37 63 16
2 7 486 115.8900 -131.1900 8 703 136.6200 -133.9900
-5.1069787612e-01 -3.4423243220e-01 -2.6783721075e+00
54 99 66
2 7 523 -107.3100 -85.5300 8 760 -80.6900 -93.6400
-1.3646521299e-01 -2.8096456961e-01 -2.6306663291e+00
114 64 37
2 7 536 -33.8700 -73.4100 8 1109 -8.1400 -96.4000
-1.7410877360e-01 -1.5238319416e-01 -2.7840219187e+00
201 200 180
2 7 543 -38.3200 -45.3600 8 524 -9.7700 -57.8700
1.7007833573e-02 -5.6946555607e-03 -2.8697470051e+00
41 15 18
2 7 546 -0.0100 -15.9100 8 251 31.6500 -28.3400
2.1172115888e+00 -8.3877470155e-02 -6.5186716532e+00
96 94 99
2 7 547 223.8100 -15.0400 8 387 285.3600 99.0600
6.8415219859e-01 3.7040305409e-01 -2.9735125740e+00
115 128 103
2 7 563 124.8600 56.6100 8 370 176.2200 35.8900
-1.5590368451e-01 4.2862609467e-01 -2.8816102799e+00
215 242 198
2 7 566 -34.5500 66.4700 8 373 3.3000 58.2200
4.9859905031e-01 5.5272994489e-01 -2.8467381598e+00
41 53 63
2 7 577 91.2000 93.4300 8 277 143.9000 67.9400
-1.9686142496e-01 -1.0150450495e+00 -2.6579438896e+00
40 42 44
2 7 614 -43.1900 -220.3500 8 631 -25.3600 -210.8300
1.9926397563e+00 -1.6416894338e+00 -4.9195430927e+00
94 75 73
2 7 620 259.9100 -210.1000 8 708 275.6200 -128.2900
-1.8211155274e-01 -9.4105604929e-01 -2.7373475053e+00
28 61 38
2 7 625 -38.7600 -201.2400 8 651 -19.5400 -190.8900
2.0224269231e+00 -1.5610481426e+00 -5.0007419463e+00
148 132 134
2 7 630 260.6200 -197.5400 8 725 279.0900 -115.3700
2.0770643219e+00 -1.5246537132e+00 -5.0487423059e+00
140 138 144
2 7 633 265.4300 -191.5300 8 739 285.2300 -109.4300
2.2153032592e+00 -1.5156690448e+00 -5.0576982175e+00
81 63 71
2 7 634 281.6300 -189.8700 8 738 301.5300 -109.7400
2.0193979729e+00 -1.4796632839e+00 -5.0893289558e+00
137 130 139
2 7 637 257.0000 -185.0600 8 754 278.5700 -101.6900
1.8011223126e+00 -1.4588148404e+00 -5.0967603377e+00
150 138 144
2 7 639 230.6200 -182.7900 8 758 253.2400 -96.3400
2.1406148601e+00 -1.4242657583e+00 -5.1472069954e+00
128 119 123
2 7 641 269.2800 -176.5700 8 759 292.6700 -94.1900
1.9500814032e+00 -1.2590294615e+00 -5.3199576154e+00
99 89 87
2 7 648 240.9500 -153.2200 8 773 270.2100 -65.3800
2.2048846935e+00 -8.9279152510e-01 -5.7131828561e+00
83 65 62
2 7 694 256.4700 -104.2500 8 539 297.7900 -12.0400
2.1585560301e+00 -7.8189134978e-01 -5.8212175923e+00
86 74 77
2 7 712 247.8900 -90.8700 8 542 292.4300 4.3800
2.1585560301e+00 -7.8189134978e-01 -5.8212175923e+00
86 74 77
2 7 713 247.8900 -90.8700 8 543 292.4300 4.3800
2.0388546763e+00 -6.9055938284e-01 -5.9164533868e+00
86 71 71
2 7 725 232.2300 -80.2100 8 802 278.9400 18.8400
2.0388546763e+00 -6.9055938284e-01 -5.9164533868e+00
86 71 71
2 7 726 232.2300 -80.2100 8 803 278.9400 18.8400
2.0580133726e+00 -3.2885966579e-01 -6.2453958024e+00
110 110 111
2 7 740 224.9800 -40.2400 8 1232 280.8100 66.9800
9.1247913686e-01 -7.2131031218e-02 -3.2795159089e+00
100 101 90
2 7 745 159.5000 -24.3400 8 787 201.0200 -25.7400
7.4313427436e-01 2.8195131064e-01 -2.9664390492e+00
204 224 224
2 7 760 136.3300 40.2600 8 798 185.8900 17.1800
1.8574862869e+00 -1.6931349730e+00 -4.8554932708e+00
96 80 85
2 7 809 245.6000 -218.9800 8 1027 259.6200 -135.8700
-4.4131691990e-01 -1.0060619906e+00 -2.6537774794e+00
34 71 51
2 7 811 -92.0300 -218.3300 8 922 -70.2100 -203.7700
1.7362236343e+00 -1.6222045244e+00 -4.9149466475e+00
99 83 85
2 7 818 228.5500 -208.4200 8 1052 245.5600 -123.2300
1.8337142467e+00 -1.5871093971e+00 -4.9492952868e+00
90 79 81
2 7 823 239.4100 -202.7900 8 1067 257.2900 -118.7800
-3.0959767690e-01 -9.3230433566e-01 -2.6728467479e+00
20 78 160
2 7 826 -65.6400 -202.9100 8 937 -44.9900 -193.8800
2.1247050912e+00 -1.5280673796e+00 -5.0453284738e+00
88 75 79
2 7 842 271.1600 -191.9500 8 1081 290.9700 -110.6100
7.8587640484e-02 -8.8466280504e-01 -2.7360036308e+00
216 238 122
2 7 848 12.5300 -190.4800 8 945 29.0400 -188.9400
5.2753336817e-02 -8.8217399171e-01 -2.7357049621e+00
212 233 126
2 7 851 7.4100 -190.0000 8 948 24.2500 -187.9700
2.2757532507e+00 -1.5123641375e+00 -5.0775537940e+00
81 72 77
2 7 855 288.0400 -188.7200 8 743 308.1400 -108.9600
1.7731463162e+00 -1.0463681510e+00 -5.5252321933e+00
127 113 115
2 7 914 214.5500 -125.0500 8 1168 250.2500 -31.2200
2.2341558844e+00 -1.0519062231e+00 -5.5388844803e+00
85 73 75
2 7 919 265.6000 -124.6400 8 785 302.1000 -36.6300
1.9036011347e+00 -9.7151866142e-01 -5.6017360400e+00
128 119 126
2 7 928 226.9400 -115.1600 8 1175 264.9500 -21.5500
2.0463243109e+00 -9.1938385146e-01 -5.6689307239e+00
80 57 57
2 7 940 240.5800 -108.1000 8 791 280.6200 -14.8700
-7.4115279051e-02 -4.5957020862e-01 -2.7144372727e+00
213 213 213
2 7 942 -19.2500 -107.3200 8 1063 4.7600 -119.9700
1.9479280960e+00 -8.7740981989e-01 -5.7184936095e+00
131 119 122
2 7 954 228.4500 -102.9100 8 795 269.2700 -7.2600
2.2000429506e+00 -3.6033075976e-01 -6.2600704214e+00
113 107 114
2 7 1013 238.8900 -43.1300 8 824 294.9500 62.7300
-2.9415712193e-01 -5.3650332538e-02 -2.7860105319e+00
134 94 119
2 7 1021 -61.7900 -26.2700 8 1163 -32.6500 -37.3300
2.1038978798e+00 2.8572110564e-03 -6.6104642950e+00
80 76 77
2 7 1032 219.9400 -6.6400 8 840 283.7400 110.2400
2.3939802696e+00 2.1518479803e-01 -6.8417815187e+00
49 42 43
2 7 1039 240.9600 13.4900 8 843 312.1600 133.8600
2.7799761919e-01 5.0986642434e-01 -2.7838274114e+00
21 50 52
2 7 1076 48.4600 85.9300 8 820 95.0300 59.5900
-6.8177343389e-02 -7.8773309447e-01 -2.7749395903e+00
221 198 54
2 7 8 -16.6000 -169.8900 1 7 -26.7800 -131.1000
-2.9474506044e-01 -7.3375211535e-01 -2.7145958211e+00
23 23 16
2 7 13 -62.3900 -161.8400 1 11 -77.5000 -115.6600
-5.5970525455e-01 3.0561288783e-01 -2.5953277284e+00
220 225 227
3 7 21 -120.6400 45.2700 0 21 -107.2900 94.6800 1 30 -118.8300 106.1800
-6.9690537658e-01 -5.9162027734e-01 -2.7320891093e+00
183 165 141
3 7 25 -140.3000 -133.3100 1 42 -154.7000 -82.2000 2 57 -134.2500 -48.2300
1.1397066297e+00 5.4783426746e-01 -3.1765130282e+00
21 21 23
2 7 37 201.2200 86.2100 1 51 233.7600 111.8600
-8.3009284652e-02 -6.0054903865e-01 -2.7615827062e+00
17 17 15
5 7 40 -20.0200 -134.2400 0 44 10.2300 -79.7900 1 41 -27.5000 -89.8800 2 53 -49.8100 -73.0900 9 35 -52.0200 -54.8200
7.5845642839e-01 2.1730541399e-01 -2.9517455572e+00
201 219 218
2 7 49 140.0100 28.3100 1 49 160.0200 66.2700
-6.7748375728e-01 -7.5580282813e-01 -2.8246660083e+00
71 148 161
2 7 68 -130.9100 -160.9600 0 41 -108.4500 -127.7000
-5.0478120508e-01 -7.0835362118e-01 -2.7923916567e+00
97 164 100
3 7 69 -100.5000 -153.3600 0 74 -73.7100 -112.8500 1 82 -114.2800 -109.7700
-5.0347148089e-01 -7.0705430294e-01 -2.7939883062e+00
97 164 100
5 7 70 -100.5000 -153.3600 0 75 -73.7100 -112.8500 1 83 -114.2800 -109.7700 2 163 -111.0700 -77.7800 9 75 -139.2100 -101.3500
3.0942245001e-01 -6.7937488697e-01 -2.9590539357e+00
116 181 93
2 7 71 57.1400 -141.2500 1 60 61.2200 -114.8100
6.8301994711e-01 -6.7480342344e-01 -2.9901776379e+00
113 183 95
2 7 72 127.5300 -138.4900 1 81 141.1500 -118.0800
-3.7803068141e-01 -2.7316629806e-01 -2.7009804065e+00
15 15 14
2 7 76 -80.5100 -70.8600 1 96 -86.7600 -16.1300
1.1657809062e-01 7.3456822341e-01 -2.8061221347e+00
117 123 122
2 7 83 17.3000 127.9600 0 134 13.7400 160.3500
2.9045811679e-01 -9.1758562885e-01 -2.7672726969e+00
242 252 94
2 7 90 54.3200 -195.4200 1 111 49.7800 -165.0400
3.2120196586e-01 -8.5788588410e-01 -2.7573034769e+00
25 23 18
2 7 96 60.6800 -184.0800 1 77 56.7800 -151.6700
-4.6604334129e-01 -4.0268358206e-01 -2.7136486722e+00
90 175 120
4 7 103 -96.8900 -96.0000 0 78 -72.5400 -46.8000 1 89 -106.2800 -43.0300 2 117 -96.3300 -24.8300
6.3988856694e-01 5.0591724797e-01 -2.9363429991e+00
197 217 209
2 7 118 116.8700 82.7100 1 139 136.1800 121.5900
-8.7020707309e-02 6.8883038551e-01 -2.7878799343e+00
147 143 137
3 7 120 -23.4500 119.2800 0 132 -20.7300 151.1800 1 144 -9.2600 163.3000
-7.5357613492e-01 -9.1117957841e-01 -2.9180666925e+00
114 121 128
2 7 126 -140.4500 -185.4500 0 105 -118.7900 -163.6900
6.7994214394e-01 -7.9179350973e-01 -2.8876993552e+00
14 18 12
2 7 129 129.5200 -164.4800 1 113 139.7900 -142.3400
7.2894582615e-01 -8.5101036003e-03 -3.1165676330e+00
109 179 90
2 7 143 130.9900 -14.0600 1 128 153.3100 12.8800
-7.6838281887e-01 6.7073280122e-01 -2.6296816644e+00
157 151 150
2 7 156 -162.2600 117.3400 0 259 -151.0600 151.2500
-2.9694844257e+00 3.2269330623e+00 -8.9893593240e+00
69 44 43
2 7 159 -186.1000 213.5600 0 337 -236.7700 69.2300
-2.6504627844e-01 -8.9797594169e-01 -2.8053398446e+00
111 112 107
2 7 168 -53.9900 -189.6800 1 315 -68.0400 -153.3000
7.0329907261e-01 -8.8807429031e-01 -2.9179309245e+00
21 17 14
2 7 170 131.9500 -181.9500 1 219 145.9100 -164.0900
-4.7115809984e-01 -7.5813504395e-01 -2.8161025088e+00
30 41 26
5 7 175 -92.3700 -161.5800 0 215 -65.4900 -123.0800 1 229 -107.1600 -121.1600 2 230 -108.7800 -88.1900 9 146 -132.0100 -114.0600
-1.0302089482e-02 -5.0695125494e-01 -2.7460386030e+00
126 127 124
5 7 180 -6.4400 -115.4200 0 153 23.6900 -58.6800 1 171 -12.1600 -69.5100 2 166 -36.2800 -58.4400 9 110 -34.8800 -30.4200
8.2641159926e-02 -4.9448139563e-01 -2.7763659257e+00
217 215 212
3 7 181 12.9300 -112.3200 0 221 40.7100 -55.4500 2 233 -18.4800 -61.1900
-4.4279221921e-01 -2.2618867915e-01 -2.6770888125e+00
150 166 158
3 7 192 -94.1900 -61.8800 0 228 -71.7700 -9.4400 1 246 -100.6400 -5.0800
8.7787753847e-01 -4.6465548699e-02 -3.2611200349e+00
55 41 28
2 7 197 154.0000 -19.9800 1 187 182.1100 -1.8100
9.1178697617e-01 -8.4135737418e-03 -3.2396747520e+00
176 181 174
4 7 198 160.5600 -13.6800 1 247 188.6100 6.6700 2 238 181.6200 -31.4700 9 172 199.7200 38.7100
6.0716992043e-01 1.3048134277e-01 -3.1587373080e+00
81 137 68
2 7 201 107.7100 10.6100 1 191 129.6300 36.8000
-2.8089146353e-01 5.0119649439e-01 -2.7364219868e+00
61 49 40
2 7 208 -61.4800 82.9500 0 250 -53.7400 121.8100
-2.7327667652e-01 5.9397833957e-01 -2.7420829870e+00
198 200 194
3 7 210 -60.4200 101.0600 0 352 -53.9100 137.4400 1 266 -48.1100 148.6800
-2.6627573417e-01 6.4677118894e-01 -2.7448884646e+00
151 150 145
3 7 214 -59.3300 111.9100 0 353 -52.6800 145.3700 1 268 -46.3500 158.0700
-1.4209881703e-01 -1.0633939086e+00 -2.6252036224e+00
184 204 207
2 7 224 -32.7100 -232.0800 1 428 -56.9300 -192.9700
-1.4352669152e-01 -9.7315252558e-01 -2.7059090060e+00
41 48 47
2 7 239 -32.0300 -209.5400 1 218 -50.1200 -171.5200
1.0431865228e+00 -9.3697337386e-01 -2.8748834536e+00
60 32 14
2 7 249 200.3600 -191.8200 1 155 223.5500 -180.0400
-2.1567973256e-01 -9.0251212823e-01 -2.7888662669e+00
34 28 16
2 7 250 -44.1700 -191.0000 1 446 -59.5400 -155.1400
-5.2973733626e-01 -7.8302963993e-01 -2.8017337833e+00
95 154 92
3 7 253 -104.5000 -166.9900 0 213 -77.1100 -129.2900 1 228 -120.3700 -125.6000
-1.6697799654e-01 -5.7100697596e-01 -2.7198845179e+00
207 181 39
5 7 256 -37.1900 -129.5400 0 301 -7.0400 -73.9900 1 326 -47.6800 -81.5400 2 398 -65.6200 -62.0000 9 234 -73.6000 -48.1700
-1.7119415080e-01 -5.1319461415e-01 -2.7001839248e+00
203 202 195
4 7 258 -38.6600 -117.8800 1 334 -48.6900 -68.4800 2 401 -64.7600 -51.6500 9 336 -75.5300 -33.8100
-1.7338190487e-01 -3.9657150119e-01 -2.6585094603e+00
205 206 201
4 7 265 -40.4400 -96.2200 0 313 -12.3600 -36.2600 1 242 -49.6500 -41.2100 9 246 -77.9800 -6.0800
-1.4648947369e-01 -3.5730908062e-01 -2.6529438876e+00
128 126 128
5 7 267 -35.2500 -88.3700 0 316 -7.7500 -27.2400 1 345 -43.7400 -32.9400 2 310 -55.7100 -21.9500 9 249 -71.9300 3.5400
5.2316123711e-02 -3.1891051273e-01 -2.7089661127e+00
92 1 0
4 7 269 5.5500 -79.3900 1 243 2.3800 -27.6700 2 309 -18.5700 -24.9000 9 251 -22.4400 13.7800
-5.8554919797e-01 -2.5747657457e-01 -2.6205629276e+00
73 93 72
4 7 271 -124.5100 -69.5800 0 227 -101.9700 -15.0600 1 245 -134.4200 -8.2200 9 353 -160.2300 0.4600
-4.5623797014e-01 -2.6284598432e-01 -2.6793800650e+00
57 78 65
3 7 272 -96.7600 -69.2900 0 320 -73.8400 -17.0300 1 346 -103.7900 -12.6900
-6.9888584317e-01 5.5156218223e-02 -2.5479725852e+00
181 206 156
3 7 289 -152.3100 -5.9600 0 333 -131.9800 48.4600 1 370 -155.3800 59.9500
-5.3367408373e-01 1.2169715613e-01 -2.6712946740e+00
221 78 134
3 7 294 -119.3500 3.4500 1 372 -106.0500 66.9800 2 460 -75.8000 64.9300
-9.2835619678e-01 2.7345727355e-01 -2.6338074823e+00
113 92 92
2 7 307 -192.5300 37.3300 1 384 -185.7500 95.0000
6.0998020099e-01 6.1283737837e-01 -2.8643126610e+00
91 100 79
2 7 319 112.3500 104.9400 1 545 129.9100 147.2700
1.0704241689e+00 7.8672842792e-01 -3.1126852910e+00
198 201 205
2 7 322 190.8600 130.7100 1 267 219.7800 158.4200
-1.4775698980e-01 -5.3281508960e-01 -2.7104401030e+00
53 12 6
4 7 352 -33.8100 -122.0300 1 460 -43.5500 -72.8500 2 608 -61.4900 -56.2000 9 483 -69.5600 -37.9400
-5.0681228799e-02 -4.6838655212e-01 -2.7210937859e+00
27 29 33
5 7 357 -14.2700 -109.0100 0 450 14.0900 -50.7200 1 463 -21.4700 -59.8300 2 404 -42.1300 -48.7200 9 338 -45.8700 -21.6600
-8.9903995294e-02 -4.3723895868e-01 -2.6994521219e+00
25 24 24
5 7 360 -22.6600 -103.3100 0 454 5.5400 -44.3500 1 340 -30.2400 -52.1500 2 407 -48.1200 -40.6000 9 342 -56.3300 -14.9000
2.6666286490e-02 -4.3669027520e-01 -2.7358406844e+00
210 213 210
4 7 362 0.9200 -101.6700 0 664 28.8600 -44.2400 1 466 -3.6100 -54.1200 9 344 -26.8000 -12.9500
-7.8179754400e-02 -4.0607095941e-01 -2.6920009154e+00
25 26 24
5 7 363 -20.4600 -97.4500 0 458 7.1500 -37.3500 1 342 -27.6400 -45.2600 2 411 -44.9900 -34.8800 9 346 -54.1200 -7.4000
-3.4447095338e-02 -4.0015910846e-01 -2.7042208225e+00
29 29 27
5 7 364 -11.5900 -95.9300 0 461 15.7500 -35.8500 1 470 -17.5600 -44.5600 2 408 -37.0900 -36.1700 9 347 -43.0800 -5.5000
-3.4447095338e-02 -4.0015910846e-01 -2.7042208225e+00
29 29 27
5 7 365 -11.5900 -95.9300 0 462 15.7500 -35.8500 1 471 -17.5600 -44.5600 2 409 -37.0900 -36.1700 9 348 -43.0800 -5.5000
-2.2326166344e-02 -3.4702511430e-01 -2.6922505890e+00
215 214 213
5 7 369 -9.4500 -85.3700 0 467 16.9400 -24.5900 1 478 -14.9700 -32.7200 2 416 -33.2900 -26.5500 9 354 -40.5900 6.8500
5.1820081249e-03 -3.3910792548e-01 -2.7005199278e+00
33 25 20
5 7 370 -3.8800 -83.5000 0 469 22.4000 -23.0300 1 482 -8.6000 -31.4800 2 414 -27.7300 -26.4300 9 357 -33.8200 8.6300
4.8797893124e-03 -3.3878351316e-01 -2.7008798227e+00
33 25 20
4 7 371 -3.8800 -83.5000 1 483 -8.6000 -31.4800 2 415 -27.7300 -26.4300 9 358 -33.8200 8.6300
-4.0742790002e-01 -1.9454749536e-01 -2.6831664181e+00
58 72 62
2 7 379 -86.9500 -55.3500 1 500 -92.5600 0.9500
9.5542750571e-01 4.2473145739e-02 -3.1991082659e+00
203 212 205
5 7 392 169.6500 -4.4000 0 493 167.7200 33.9600 1 357 198.4500 17.8600 2 311 189.8700 -20.9600 9 376 205.0500 54.6700
-1.3610345066e-02 7.5860036333e-02 -2.8828623046e+00
120 201 214
2 7 393 -6.1800 -0.4000 0 500 5.8100 42.1100
9.1132641358e-01 7.2054545153e-02 -3.1852157324e+00
197 207 199
2 7 394 161.9400 0.7800 0 495 160.0800 38.8100
9.4366630027e-01 7.7016774617e-02 -3.1807948418e+00
74 62 46
2 7 395 167.2300 2.0300 0 497 166.1200 40.2400
7.4928326186e-01 3.0716690841e-01 -2.9711887721e+00
102 105 88
2 7 405 137.4600 44.9400 0 706 134.0300 88.2000
-8.3322515991e-01 3.5960295712e-01 -2.5862269958e+00
151 140 143
2 7 408 -177.5500 55.5400 0 525 -161.9700 99.5400
2.7688160998e-01 -8.5351133923e-01 -2.7577431899e+00
131 135 124
2 7 473 51.8500 -183.2400 1 447 46.8500 -150.1000
6.8879217097e-01 -8.5512189247e-01 -2.9084321077e+00
127 141 136
2 7 476 130.2900 -175.7700 1 444 141.9800 -156.7500
-7.4265765737e-01 -7.6938541707e-01 -2.7930795400e+00
168 74 97
4 7 479 -144.9300 -164.4400 0 627 -122.2000 -131.4300 1 616 -162.2100 -120.2000 2 1071 -145.1200 -79.2900
-5.2787829558e-01 -6.3368753426e-01 -2.7558442703e+00
96 159 106
5 7 484 -106.1100 -139.8200 0 635 -80.4400 -96.9900 1 635 -120.3900 -92.9100 2 603 -114.5100 -62.7500 9 467 -146.7500 -83.6500
-9.0780349197e-02 -5.2329889877e-01 -2.7255276522e+00
207 210 203
4 7 490 -22.1900 -119.7500 0 649 7.2400 -62.5000 1 462 -30.4400 -72.1700 2 607 -50.9000 -57.1500
1.1137401572e-01 -5.2834939426e-01 -2.8002070585e+00
34 12 12
3 7 492 19.0200 -117.5300 1 331 15.6100 -77.3400 9 334 -2.2700 -35.3100
8.7390725509e-02 -5.1160965583e-01 -2.7821218919e+00
213 215 211
5 7 494 13.4800 -115.3000 0 651 42.6000 -59.0400 1 461 10.3400 -72.4000 2 600 -18.0000 -64.8600 9 486 -9.6000 -30.9100
1.1436460985e-01 -4.9531406912e-01 -2.7859843049e+00
41 14 9
4 7 496 18.8900 -112.1500 0 652 46.8300 -55.5700 2 602 -12.7500 -63.1700 9 488 -2.3700 -26.4200
1.1314337965e-01 -4.7485115649e-01 -2.7811393438e+00
41 12 7
5 7 497 18.6500 -108.4900 0 658 46.2700 -51.0600 1 646 16.2200 -64.5400 2 605 -12.2400 -58.8800 9 491 -3.0000 -22.2400
6.1609596586e-02 -4.6138123602e-01 -2.7576585337e+00
20 22 22
4 7 498 8.3400 -106.4400 0 661 36.0300 -48.5100 2 612 -21.3300 -53.4200 9 492 -17.0300 -19.1300
6.1747054084e-02 -4.6144740477e-01 -2.7576411437e+00
20 22 22
5 7 499 8.3400 -106.4400 0 662 36.0300 -48.5100 1 650 4.5300 -60.6000 2 613 -21.3300 -53.4200 9 493 -17.0300 -19.1300
1.0906252868e+00 -5.4269490539e-01 -3.3599029308e+00
32 27 22
2 7 502 188.5100 -103.7500 1 455 223.5200 -101.1600
-5.4823353600e-02 -4.1415423449e-01 -2.7025475500e+00
198 201 193
5 7 507 -15.5400 -98.5500 0 669 12.0600 -38.9900 1 467 -22.3300 -47.6400 2 628 -41.2600 -37.7800 9 502 -47.9000 -9.0600
-1.1823563618e-01 -4.0588815034e-01 -2.6788182985e+00
28 31 33
5 7 509 -28.8800 -97.5700 0 671 -0.8000 -37.6300 1 668 -36.8500 -44.4200 2 632 -52.2200 -32.9600 9 504 -64.2400 -7.7200
-1.0555850810e-02 -4.0781841083e-01 -2.7135042982e+00
213 216 210
4 7 510 -6.6900 -97.1000 0 672 20.5200 -37.1500 1 468 -12.0300 -47.1900 2 626 -33.1000 -38.7500
-1.0967942239e-02 -4.0778671378e-01 -2.7162036301e+00
213 216 210
5 7 511 -6.6900 -97.1000 0 673 20.5200 -37.1500 1 469 -12.0300 -47.1900 2 627 -33.1000 -38.7500 9 506 -36.6500 -7.4200
1.1004012114e-01 -3.7677353540e-01 -2.7491485210e+00
44 10 6
4 7 513 17.6200 -89.9900 1 671 15.5000 -42.1100 2 625 -9.5800 -39.4000 9 508 -6.1600 0.6900
-9.1145196503e-02 -3.5520350215e-01 -2.6715671220e+00
208 211 209
2 7 516 -23.6300 -87.5300 1 677 -30.7600 -33.3500
-9.1390612073e-02 -3.5552785293e-01 -2.6722923110e+00
208 211 209
5 7 517 -23.6300 -87.5300 0 675 3.4100 -26.6800 1 678 -30.7600 -33.3500 2 855 -45.8400 -24.6900 9 662 -58.0900 4.0800
-5.8336103818e-01 -3.4574073733e-01 -2.6427097316e+00
37 48 36
2 7 518 -123.0400 -86.6500 1 684 -134.0900 -27.8400
8.3789943247e-02 -3.5443299426e-01 -2.7297957723e+00
246 43 30
5 7 519 12.0800 -85.5200 0 677 38.0400 -26.2200 1 475 9.3600 -36.4000 2 631 -13.9800 -33.8900 9 509 -13.7700 6.5700
8.3693076244e-02 -3.5319592978e-01 -2.7295391515e+00
246 43 30
3 7 520 12.0800 -85.5200 1 476 9.3600 -36.4000 9 510 -13.7700 6.5700
-3.2587746908e-02 -3.4801425607e-01 -2.6866223099e+00
209 214 209
4 7 522 -11.2000 -85.5700 1 680 -17.3800 -32.6500 2 854 -35.2600 -25.9400 9 665 -43.9600 6.6700
3.3440764349e-02 -3.3888568917e-01 -2.7072032346e+00
244 44 38
4 7 526 1.9200 -83.4100 0 679 27.8200 -22.6800 1 682 -2.1900 -31.8700 2 637 -22.7300 -27.7000
8.1361360142e-02 -3.3028726391e-01 -2.7232043286e+00
243 42 33
4 7 529 11.6100 -81.1300 0 680 36.9200 -20.5800 1 481 8.9500 -31.3500 2 635 -13.4600 -28.6700
8.1326612406e-02 -3.2983531807e-01 -2.7227727726e+00
243 42 33
3 7 530 11.6100 -81.1300 0 681 36.9200 -20.5800 2 636 -13.4600 -28.6700
1.0077693078e-01 -3.1283066069e-01 -2.7248236259e+00
63 7 1
4 7 533 15.3700 -77.6700 0 683 40.4200 -17.0300 2 639 -9.1600 -26.3100 9 513 -10.2100 15.4700
-8.0764203280e-01 -1.2173687135e-01 -2.5485726918e+00
177 122 140
5 7 544 -173.6100 -42.6700 0 691 -152.7300 11.3800 1 698 -180.9200 24.0400 2 1179 -139.0800 39.4100 9 673 -203.5800 20.6300
1.1041500431e+00 2.9096284865e-01 -3.2550069592e+00
55 51 53
2 7 560 192.7300 39.6000 0 922 181.1000 71.3200
6.8382244262e-01 4.8715720806e-01 -2.9288891233e+00
216 232 231
2 7 573 125.4200 79.4800 0 712 118.6100 119.1300
-8.0076401990e-01 5.6334191228e-01 -2.6151982915e+00
40 21 17
2 7 579 -169.6500 96.2100 0 720 -156.4800 133.5800
-8.2027355775e-01 5.9972485367e-01 -2.6370513937e+00
98 80 77
2 7 584 -172.2800 102.7700 0 722 -159.8000 137.3500
-1.0879689545e-01 7.2016422638e-01 -2.7518447822e+00
134 133 130
5 7 588 -28.1000 126.9500 0 725 -25.3700 158.9200 1 734 -14.4600 172.2600 2 906 21.7400 143.0800 9 707 -36.3200 147.5600
-1.0866634381e-01 7.2301319541e-01 -2.7573241652e+00
134 133 130
3 7 589 -28.1000 126.9500 0 726 -25.3700 158.9200 1 733 -14.4600 172.2600
-1.2019204752e-01 -9.2727194644e-01 -2.7680299163e+00
51 35 3
3 7 631 -26.0100 -196.6000 0 809 11.9700 -148.7000 1 808 -41.3000 -161.9200
2.1924389262e+00 -1.4368586350e+00 -5.1251516367e+00
81 76 77
2 7 640 276.1500 -178.5600 0 753 284.8100 -203.1100
-5.1998391918e-01 -8.1487366117e-01 -2.8150182857e+00
35 66 40
5 7 642 -101.8700 -172.5700 0 818 -74.4400 -135.9500 1 832 -118.1000 -132.7600 2 1053 -118.3800 -95.8800 9 589 -144.3300 -127.8800
-7.2254641473e-01 -7.9038176010e-01 -2.8043735742e+00
146 24 52
2 7 644 -140.5300 -168.0200 1 836 -158.0100 -124.9400
1.5895048948e-01 -7.9326569620e-01 -2.8988265329e+00
193 63 29
2 7 645 28.8500 -165.1500 1 831 26.4700 -136.8000
-7.2965045101e-01 -7.1370692479e-01 -2.7816553511e+00
149 26 54
2 7 647 -143.4400 -154.4500 0 630 -120.6000 -119.1700
1.6714356914e+00 -1.2243219886e+00 -5.3185862728e+00
96 81 88
2 7 652 208.8100 -149.7600 1 755 275.9900 -223.1800
1.6714356914e+00 -1.2243219886e+00 -5.3185862728e+00
96 81 88
2 7 653 208.8100 -149.7600 1 756 275.9900 -223.1800
-5.3942978469e-01 -6.5716080606e-01 -2.7581659331e+00
111 164 112
4 7 656 -108.1800 -144.2600 1 854 -123.0900 -97.9400 2 1079 -117.1600 -66.3900 9 602 -149.6400 -89.1000
8.4986657493e-02 -6.2063308713e-01 -2.8175590547e+00
163 125 122
5 7 661 13.8400 -135.4900 0 837 43.9500 -82.0900 1 857 10.0000 -97.0900 2 797 -22.1400 -86.0700 9 609 -7.1400 -57.7900
-7.4872960230e-01 -5.1273902473e-01 -2.7026565457e+00
147 33 69
3 7 669 -151.7500 -118.2200 0 840 -130.0000 -75.2000 1 883 -165.4000 -64.1400
-4.5518569616e-02 -5.1435032504e-01 -2.7377434512e+00
28 27 23
5 7 671 -13.0400 -117.1900 0 843 16.1900 -60.5600 1 873 -20.0400 -70.7300 2 1094 -42.6900 -58.2500 9 618 -43.8200 -32.4200
-4.5587261245e-02 -5.1411240567e-01 -2.7378299052e+00
28 27 23
5 7 672 -13.0400 -117.1900 0 844 16.1900 -60.5600 1 643 -20.0600 -70.5300 2 1095 -42.6900 -58.2500 9 619 -43.8200 -32.4200
-9.3881908478e-02 -4.9271875397e-01 -2.7158958485e+00
214 212 206
5 7 674 -22.9900 -113.7800 0 850 5.9100 -56.3400 1 878 -30.9600 -64.9300 2 822 -50.6300 -51.1500 9 622 -56.4900 -28.0000
3.9630810769e-02 -4.9523540843e-01 -2.7628233661e+00
30 28 28
3 7 675 4.1100 -112.7000 1 644 -0.4400 -67.9300 2 811 -26.4400 -59.0800
3.9630810769e-02 -4.9523540843e-01 -2.7628233661e+00
30 28 28
3 7 676 4.1100 -112.7000 1 645 -0.4400 -67.9300 2 810 -26.4400 -59.0800
-6.4004476909e-02 -4.8739205041e-01 -2.7238483420e+00
206 209 205
4 7 677 -16.9300 -112.6400 0 851 11.9000 -54.8400 1 880 -24.2900 -64.1500 9 624 -48.9600 -26.5000
-6.4045527783e-02 -4.8738208324e-01 -2.7235033052e+00
206 209 205
5 7 678 -16.9300 -112.6400 0 852 11.9000 -54.8400 1 881 -24.2900 -64.1500 2 1108 -45.1200 -51.5700 9 625 -48.9600 -26.5000
-8.2867388722e-02 -4.7842043606e-01 -2.7149781115e+00
22 21 26
5 7 680 -20.8500 -111.1300 0 653 7.8100 -53.2000 1 648 -28.5800 -61.7100 2 827 -48.1600 -48.9400 9 629 -53.8000 -24.5100
-8.2867388722e-02 -4.7842043606e-01 -2.7149781115e+00
22 21 26
5 7 681 -20.8500 -111.1300 0 654 7.8100 -53.2000 1 649 -28.5800 -61.7100 2 828 -48.1600 -48.9400 9 630 -53.8000 -24.5100
1.8134983118e+00 -9.2783136261e-01 -5.6425635335e+00
128 126 131
2 7 684 215.8400 -109.8400 1 777 286.6800 -183.4600
2.3603233761e-02 -4.7665777363e-01 -2.7489934471e+00
214 215 208
5 7 685 0.7100 -109.7600 0 855 29.1400 -51.8100 1 647 -4.2600 -63.3200 2 817 -28.7800 -54.2300 9 634 -26.7600 -23.1400
-1.3173073606e-01 -4.6706589509e-01 -2.6942493470e+00
210 209 202
3 7 687 -31.0700 -109.3300 0 856 -2.1900 -51.2300 9 637 -66.6500 -22.0800
-1.8875423722e-02 -4.6755070789e-01 -2.7315001592e+00
13 17 19
5 7 690 -7.9400 -108.3900 0 858 20.3900 -50.3500 1 889 -13.9000 -60.4300 2 824 -36.3800 -50.1900 9 639 -37.8200 -21.1500
-1.0028103748e-01 -4.6175431486e-01 -2.7029000832e+00
214 217 211
5 7 691 -24.6100 -107.9300 0 859 4.0800 -49.8200 1 893 -32.7100 -57.6100 2 833 -50.8300 -44.7700 9 641 -58.7100 -20.5400
-1.0028103748e-01 -4.6175431486e-01 -2.7029000832e+00
214 217 211
5 7 692 -24.6100 -107.9300 0 860 4.0800 -49.8200 1 894 -32.7100 -57.6100 2 834 -50.8300 -44.7700 9 642 -58.7100 -20.5400
-1.1279373342e-02 -4.5067528159e-01 -2.7286745316e+00
218 219 217
5 7 693 -6.6000 -104.8800 0 864 21.6000 -46.8600 1 896 -12.2500 -56.8000 2 1111 -34.4500 -47.4500 9 646 -36.1700 -16.9300
6.1016829992e-02 -4.4128706901e-01 -2.7502717539e+00
216 222 220
4 7 700 7.4200 -102.8100 0 665 35.5000 -44.3300 1 658 4.2100 -56.0100 9 498 -17.1500 -13.9100
9.6221660980e-02 -4.3477444987e-01 -2.7613888556e+00
216 218 215
5 7 701 15.0200 -100.8400 0 870 42.1700 -42.9300 1 898 12.3300 -55.2300 2 823 -14.0300 -50.2200 9 651 -8.6300 -12.4300
-1.0289874225e-01 -4.1608208377e-01 -2.6881425255e+00
215 222 216
5 7 704 -25.5800 -99.3900 0 873 2.5000 -39.7700 1 901 -33.2700 -47.0800 2 841 -49.7900 -35.7900 9 653 -60.0000 -10.0900
2.9702960193e-02 -3.9863517252e-01 -2.7265114614e+00
216 224 217
5 7 706 1.5000 -94.8800 0 874 28.4300 -35.2700 1 666 -2.8400 -45.6400 2 838 -25.2800 -39.3100 9 654 -26.6000 -4.7100
-1.0332472820e-01 -3.8671231477e-01 -2.6773724849e+00
216 217 214
2 7 709 -26.1500 -93.6600 0 877 1.8900 -33.5600
8.0200607639e-02 -3.7789476960e-01 -2.7374828748e+00
21 20 16
5 7 714 11.4600 -90.3900 0 880 37.8500 -30.7300 1 672 8.7200 -41.8900 2 840 -15.2200 -38.0900 9 658 -14.0700 0.5900
-3.3755979076e-02 -3.4790993087e-01 -2.6873929957e+00
209 212 208
4 7 720 -11.9400 -85.7500 1 679 -17.3800 -32.6500 2 853 -35.2600 -25.9400 9 664 -43.9600 6.6700
1.0195768554e-01 -3.4338376785e-01 -2.7346201759e+00
110 0 0
5 7 722 15.7900 -83.3300 0 1160 41.3000 -23.7700 1 913 13.7100 -34.5000 2 849 -10.0700 -32.3500 9 835 -9.2500 8.6700
1.0195768554e-01 -3.4338376785e-01 -2.7346201759e+00
110 0 0
5 7 723 15.7900 -83.3300 0 1161 41.3000 -23.7700 1 914 13.7100 -34.5000 2 850 -10.0700 -32.3500 9 836 -9.2500 8.6700
2.8052800796e+00 -7.0567174019e-01 -5.9367718414e+00
56 53 56
2 7 724 311.6200 -80.2500 0 1071 291.5600 -118.9100
7.7376264850e-01 5.7944022855e-02 -3.0520114923e+00
111 121 91
5 7 750 140.8800 -2.4300 0 909 142.8500 42.4000 1 699 162.8000 29.2500 2 870 149.6100 -2.6800 9 535 158.1300 68.1500
7.4334149721e-01 1.0578377074e-01 -3.0135247824e+00
164 181 163
3 7 753 135.8200 6.8800 0 916 137.9200 52.2300 1 701 156.7300 40.8200
7.5236777795e-01 1.3569331339e-01 -2.9913730124e+00
190 202 191
3 7 754 138.0600 12.6400 0 1199 139.4700 58.7200 1 938 158.5700 48.0200
6.9918287404e-01 4.3207534945e-01 -2.9386526432e+00
169 180 166
4 7 762 128.4300 69.0000 0 938 122.8100 109.7400 1 716 147.9500 108.0000 9 705 127.5100 133.5800
-3.6649778122e-02 4.7175200259e-01 -2.7875916320e+00
160 151 142
2 7 766 -13.0200 77.1800 0 942 -6.9000 116.5800
-3.6649778122e-02 4.7175200259e-01 -2.7875916320e+00
160 151 142
2 7 767 -13.0200 77.1800 0 943 -6.9000 116.5800
2.2903583697e-01 4.6710424658e-01 -2.7829615435e+00
27 34 42
3 7 768 39.1900 77.4800 0 948 42.2800 120.7600 1 950 50.2800 125.2800
-6.9070713330e-02 5.1552878110e-01 -2.7672318029e+00
116 112 109
2 7 772 -19.8700 86.1300 0 952 -13.7100 125.0400
-7.8752885288e-01 5.1034889230e-01 -2.6041781672e+00
52 28 24
2 7 775 -167.7500 85.9500 0 715 -153.6100 125.6200
-2.8536107897e-01 5.5619082802e-01 -2.7389989996e+00
69 61 54
2 7 780 -62.8800 93.9000 1 1279 -51.5100 142.4900
-2.7926360599e-01 6.4235364244e-01 -2.7490462060e+00
133 130 121
2 7 783 -61.4800 110.5700 1 961 -48.5100 157.1300
-7.7276119346e-01 6.9909253490e-01 -2.6241482009e+00
137 122 125
2 7 784 -163.9500 123.3500 0 961 -151.8500 156.3000
-3.0471921361e-01 -1.0032846793e+00 -2.6703672522e+00
15 16 13
3 7 814 -64.2900 -217.0600 0 1027 -25.3500 -168.0200 1 1056 -88.3500 -176.1900
-3.5682144022e-01 -9.4082218619e-01 -2.6738038884e+00
159 184 221
2 7 821 -74.7700 -204.3700 1 1069 -98.0200 -161.0500
1.3399537984e-01 -9.1035925432e-01 -2.7338964611e+00
190 205 90
3 7 836 23.5200 -195.6200 0 1060 64.9100 -137.4600 1 1068 13.2500 -161.3100
1.1694725879e-01 -9.0726130920e-01 -2.7332515438e+00
197 215 102
3 7 837 20.1600 -195.0100 0 1061 61.2900 -137.2500 1 1070 9.4100 -160.3700
-4.3144889152e-01 -7.2484680231e-01 -2.8276007478e+00
93 136 91
4 7 884 -84.8700 -155.0200 0 1079 -57.8600 -115.5300 1 843 -97.8200 -114.7500 9 767 -121.2800 -106.5000
-5.2215729556e-01 -6.4901652188e-01 -2.7610669991e+00
19 61 23
3 7 893 -104.9900 -143.0700 0 1085 -78.9600 -100.1900 1 1124 -119.0700 -96.1800
-6.1545602006e-02 -6.4161204101e-01 -2.7754403094e+00
174 121 115
5 7 894 -15.1900 -141.0500 0 1098 15.9000 -88.1300 1 847 -23.5300 -99.2700 2 1067 -49.3500 -81.9500 9 776 -45.3900 -64.2200
-3.7302537086e-02 -6.3708577346e-01 -2.7815117129e+00
188 149 148
5 7 896 -10.4400 -140.0100 0 1104 20.6600 -86.7600 1 850 -17.9700 -98.7100 2 1064 -44.8600 -82.3300 9 777 -39.2000 -62.8800
-1.4952550947e-02 -6.3364994690e-01 -2.7869319155e+00
170 133 129
4 7 897 -6.0000 -139.1800 0 1105 24.9600 -85.7600 1 849 -12.9800 -98.3000 9 779 -33.4300 -61.6500
-5.0909508801e-01 -6.2672165495e-01 -2.7610956440e+00
16 57 22
5 7 900 -102.4600 -138.5900 0 1087 -76.6100 -95.2100 1 862 -116.1000 -91.7000 2 1089 -110.9500 -62.3900 9 772 -141.9500 -82.0400
4.4381579528e-02 -6.2537429308e-01 -2.8047970970e+00
183 141 145
4 7 904 5.6900 -136.9200 0 1109 36.4800 -83.3900 1 855 0.5700 -97.3800 9 785 -17.8700 -59.2600
1.0668888987e-01 -6.1731020812e-01 -2.8244773088e+00
183 141 139
5 7 907 18.0500 -134.6100 0 838 48.2000 -81.0900 1 858 14.7700 -96.6700 2 1058 -17.9400 -86.7800 9 610 -1.3700 -56.9400
-1.0781656144e-01 -5.0483024193e-01 -2.7155630105e+00
17 15 13
3 7 925 -25.8800 -116.3600 1 875 -34.4000 -67.3900 9 808 -59.6300 -30.9700
-1.0900025356e-01 -5.0511916634e-01 -2.7182175758e+00
17 15 13
3 7 926 -25.8800 -116.3600 0 848 3.1200 -59.4000 1 876 -34.4000 -67.3900
1.0100187377e-01 -5.1070433391e-01 -2.7886751637e+00
218 222 216
5 7 930 16.4600 -115.0300 0 1124 44.7300 -58.8200 1 872 13.4300 -72.5600 2 1082 -15.5700 -65.4700 9 807 -5.3900 -30.8200
-7.5258277032e-01 -4.9127358671e-01 -2.6960236152e+00
22 100 120
2 7 931 -152.8900 -114.1300 1 1145 -166.3000 -59.4400
1.7068791167e+00 -9.4736565859e-01 -5.5917844649e+00
92 77 79
2 7 933 205.5100 -112.9600 1 1044 273.9300 -185.3700
-3.0461455775e-02 -4.8211968878e-01 -2.7329902605e+00
218 220 216
5 7 934 -10.1500 -111.2300 0 853 18.5100 -53.5200 1 884 -16.5700 -63.5600 2 1107 -38.9400 -52.3700 9 627 -40.4300 -24.9300
-4.7805438130e-03 -4.7795965611e-01 -2.7405050888e+00
217 218 216
4 7 937 -4.8500 -110.1800 0 1129 23.5400 -52.3900 2 1103 -34.0500 -52.9700 9 811 -33.9800 -23.8200
-7.4070780743e-02 -4.5964356962e-01 -2.7111446121e+00
213 213 213
5 7 941 -19.2500 -107.3200 0 1131 9.2200 -49.1500 1 895 -26.6100 -57.5700 2 1114 -46.0700 -45.8600 9 816 -52.0100 -19.8000
9.9456451430e-02 -4.6247080400e-01 -2.7722469710e+00
218 222 217
3 7 946 15.8800 -106.1200 0 1133 43.3800 -48.6400 9 817 -7.0200 -19.2200
9.9634265953e-02 -4.6273931764e-01 -2.7719438946e+00
218 222 217
5 7 947 15.8800 -106.1200 0 1134 43.3800 -48.6400 1 1140 13.2500 -61.6900 2 1099 -14.4000 -55.8700 9 818 -7.0200 -19.2200
-3.3513147811e-02 -4.5515779454e-01 -2.7226014820e+00
219 215 217
4 7 948 -11.0300 -106.1100 0 1135 17.2500 -47.9800 1 897 -17.3600 -57.3000 9 819 -41.7800 -18.2500
4.3523323756e-02 -4.5677722122e-01 -2.7501180727e+00
19 15 18
5 7 949 4.6700 -105.6500 0 862 32.3000 -47.7500 1 890 0.3500 -59.1600 2 820 -24.7700 -51.5500 9 644 -21.5900 -18.1400
4.3523323756e-02 -4.5677722122e-01 -2.7501180727e+00
19 15 18
5 7 950 4.6700 -105.6500 0 863 32.3000 -47.7500 1 891 0.3500 -59.1600 2 821 -24.7700 -51.5500 9 645 -21.5900 -18.1400
1.6960650167e-03 -4.3864899779e-01 -2.7332823051e+00
13 15 11
2 7 955 -4.0500 -102.4900 0 1138 23.9700 -44.3200
1.6960650167e-03 -4.3864899779e-01 -2.7332823051e+00
13 15 11
2 7 956 -4.0500 -102.4900 0 1137 23.9700 -44.3200
2.4102618917e-02 -3.5681691654e-01 -2.7109045326e+00
91 2 0
5 7 972 0.0300 -86.7800 0 1153 26.4700 -26.6000 1 1160 -4.1900 -35.9400 2 1124 -25.0200 -30.7800 9 828 -28.8700 5.0400
-2.3877374033e-03 -3.5600290085e-01 -2.7035295833e+00
60 17 11
4 7 973 -5.2800 -86.7700 1 912 -10.1500 -35.2900 2 1126 -29.8900 -29.3900 9 827 -35.3000 4.6400
-1.5350438380e-01 -3.4764011591e-01 -2.6481590731e+00
17 17 16
5 7 974 -36.7400 -86.7100 0 1158 -9.4700 -25.2600 1 916 -45.1900 -30.3400 2 1131 -56.6600 -19.6400 9 830 -73.7700 5.4300
-1.5350438380e-01 -3.4764011591e-01 -2.6481590731e+00
17 17 16
5 7 975 -36.7400 -86.7100 0 1157 -9.4700 -25.2600 1 917 -45.1900 -30.3400 2 1132 -56.6600 -19.6400 9 831 -73.7700 5.4300
5.3339957642e-02 -3.5202260909e-01 -2.7194214213e+00
80 1 0
5 7 976 5.9500 -85.5400 0 1156 32.2000 -25.4400 1 911 2.5000 -35.4100 2 1122 -19.3000 -31.5400 9 833 -21.7600 6.3800
-1.3036194651e-02 -3.3117057987e-01 -2.6868341506e+00
222 220 215
2 7 979 -7.8300 -82.3000 1 1163 -12.8400 -29.1700
4.7949251121e-01 -3.1824787366e-01 -2.6216324229e+00
100 173 76
2 7 982 92.9300 -80.3100 1 1175 94.9800 -25.3400
1.9446013022e+00 -6.8230007294e-01 -5.8912915668e+00
133 121 125
2 7 983 223.1100 -79.7500 1 1085 296.5300 -154.1000
5.2164499821e-02 -3.1806091732e-01 -2.7084817431e+00
81 2 0
2 7 985 5.6300 -79.0300 1 918 2.1600 -27.6900
-7.5647575477e-01 -3.0459354909e-01 -2.6296023804e+00
82 166 185
2 7 986 -158.2100 -78.7700 0 1151 -136.7800 -29.3600
2.0222193773e+00 -6.5583050843e-01 -5.9183658358e+00
133 122 128
2 7 987 230.5100 -76.5500 1 814 305.4000 -151.4000
1.9510227006e+00 -6.5310021916e-01 -5.9193183426e+00
81 61 63
2 7 989 222.9200 -76.3800 1 1087 296.6200 -150.7000
2.0044628667e+00 -5.5355386089e-01 -6.0149218349e+00
132 119 125
2 7 998 225.9400 -64.9000 1 828 300.4000 -139.6600
-7.6892902612e-01 -2.0910103113e-01 -2.5892096855e+00
72 166 196
2 7 1001 -163.2500 -60.2000 0 1166 -142.0700 -7.9700
-3.8674083006e-01 -1.8025905257e-01 -2.6861230673e+00
204 216 208
3 7 1008 -82.7500 -52.4300 0 1172 -61.1300 0.1100 1 1198 -87.9400 3.7900
8.9105231955e-01 -2.6474087000e-02 -3.2666553950e+00
52 49 34
2 7 1024 155.9100 -16.5200 1 924 184.8200 1.7000
5.0027358288e-01 2.5554901792e-02 -3.1591487753e+00
39 87 4
2 7 1031 88.7500 -8.4400 1 929 108.4100 17.4300
1.0199898913e+00 4.9482818246e-02 -3.2144067128e+00
219 224 220
5 7 1033 180.6300 -2.8600 0 906 177.4400 35.1400 1 930 211.0000 18.2900 2 857 202.8800 -22.7100 9 689 219.5700 57.2700
8.7201673358e-01 1.4701730319e-01 -3.1468906701e+00
75 70 62
3 7 1040 155.4500 14.3300 0 915 153.0000 52.2900 9 691 181.5400 73.5000
1.0638830976e+00 2.4615012586e-01 -3.2027356310e+00
214 211 214
2 7 1047 188.1600 32.2200 1 939 219.0800 55.3400
6.5962462685e-01 3.7867808021e-01 -2.9802069961e+00
135 152 133
2 7 1058 120.1400 58.0000 1 1236 139.9900 94.6300
6.8321560195e-01 4.1850808275e-01 -2.9400427506e+00
217 232 226
2 7 1061 125.4200 66.3000 1 1242 144.7300 105.1900
6.6969067384e-01 4.3010267852e-01 -2.9418763354e+00
158 175 158
4 7 1064 122.7600 68.5800 0 937 117.5200 108.8000 1 945 142.0800 107.0000 2 1192 143.6300 72.1400
-8.6506853187e-01 4.6390962918e-01 -2.6549386478e+00
81 68 68
2 7 1069 -179.5800 74.9700 0 1213 -166.8400 111.4000
-7.6859619905e-01 5.1717409104e-01 -2.5960515914e+00
131 114 108
2 7 1078 -164.5500 87.6600 0 1227 -150.1500 127.9300
6.5309851282e-01 5.9143232214e-01 -2.8367539421e+00
122 139 121
4 7 1089 121.2500 101.8800 0 1234 113.1500 142.8200 1 959 138.4700 145.9800 9 896 109.7200 166.8100
6.6510692371e-01 5.9839713495e-01 -2.8270197349e+00
190 208 195
2 7 1090 124.0200 103.4900 1 1283 140.9900 148.2600
1.2058131379e-01 -6.3084647506e-01 -2.8334876452e+00
77 25 9
3 8 1016 42.3800 -139.9800 0 639 51.0400 -83.8600 1 629 17.9200 -99.9100
-3.5275400923e-03 -5.2519250893e-01 -2.7574771248e+00
219 220 222
4 8 1043 18.5600 -127.9300 0 1123 24.8700 -62.8300 1 871 -10.3100 -73.8300 2 1088 -35.2100 -62.3900
-1.8305569969e-01 -4.8276339659e-01 -2.7140986296e+00
169 124 98
4 0 18 -13.2800 -56.6200 1 21 -48.3300 -61.9400 2 37 -60.2100 -47.8300 9 22 -78.6400 -29.9800
-3.7476497497e-01 3.8619703811e-01 -2.7438309141e+00
233 238 241
3 0 22 -69.0800 99.3100 1 31 -70.7400 110.5200 2 45 -34.0400 95.9500
-3.7639397886e-01 3.9121363425e-01 -2.7557364722e+00
233 238 241
2 0 23 -69.0800 99.3100 1 32 -70.7400 110.5200
5.6483858561e-02 -9.4207986284e-01 -2.7522350411e+00
77 59 18
2 0 28 49.2400 -146.7000 1 18 -3.6100 -167.5900
4.5011912263e-01 3.0096988401e-01 -2.8022734900e+00
97 4 0
2 0 63 86.8500 95.8700 1 50 95.2500 92.3100
-1.2715443336e-01 4.6503445657e-01 -2.8102787736e+00
106 92 79
2 0 64 -23.4900 111.6100 1 75 -19.0200 121.1000
-4.9197533898e-01 -5.0472299609e-01 -2.7242438724e+00
44 41 41
2 0 77 -75.8800 -68.7100 1 88 -112.8700 -64.7200
-6.4376793582e-01 -2.1842304873e-01 -2.6212554363e+00
18 18 16
2 0 82 -114.4300 -9.7600 1 126 -144.9200 0.6700
-1.2136908254e-01 5.8348275369e-01 -2.7950106911e+00
178 183 179
2 0 93 -24.9900 133.0000 1 104 -16.8900 143.5300
-4.9263553893e-01 -1.0596196396e+00 -2.5993793125e+00
29 37 37
2 0 101 -65.9300 -185.2400 1 109 -135.5600 -185.8300
-2.1721810950e-01 5.4142959329e-01 -2.7684519661e+00
186 191 181
2 0 128 -41.9000 126.7700 1 142 -37.1300 137.6000
-4.6887151907e-01 -6.3364240296e-01 -2.7801998698e+00
41 35 34
3 0 149 -67.7000 -96.3300 1 166 -106.3300 -93.6400 9 150 -132.2800 -84.1500
-5.3388628058e-01 -2.8872987486e-01 -2.6304334266e+00
77 90 72
2 0 159 -90.1800 -21.2800 1 181 -123.8300 -15.3100
-1.6792783356e-01 -2.6844017130e-01 -2.6250711751e+00
181 111 66
2 0 164 -14.3300 -8.5600 1 182 -48.2400 -12.0500
-1.6792783356e-01 -2.6844017130e-01 -2.6250711751e+00
181 111 66
2 0 165 -14.3300 -8.5600 1 183 -48.2400 -12.0500
-1.7155105942e-01 3.9717634958e-01 -2.8716242860e+00
235 243 247
2 0 182 -30.3900 94.9400 1 136 -25.5800 103.2400
-1.3491357791e-02 -8.8566125998e-01 -2.7184826110e+00
231 233 77
2 0 210 33.5600 -135.7300 1 161 -19.8300 -153.4900
-4.1511745459e-01 -5.8032255334e-01 -2.7722382972e+00
29 21 18
2 0 219 -57.9300 -84.2100 1 325 -95.5200 -82.7500
-6.7550918932e-01 -1.6628007739e-01 -2.6172882012e+00
108 170 188
2 0 229 -122.1900 0.8800 1 248 -150.1000 10.8700
2.8288372569e-01 1.5280695464e-01 -2.8381196920e+00
28 54 17
2 0 240 59.8500 63.7000 1 254 60.0700 61.4500
-1.3135924650e-02 -1.0338249754e+00 -2.6443393840e+00
181 136 67
2 0 283 39.4900 -166.4000 1 212 -26.0900 -188.0200
-1.3135924650e-02 -1.0338249754e+00 -2.6443393840e+00
181 136 67
2 0 284 39.4900 -166.4000 1 213 -26.0900 -188.0200
1.0743260431e+00 -5.7960182107e-01 -3.4343438738e+00
109 103 95
2 0 299 196.6900 -75.0500 1 232 218.9700 -110.0300
-4.5581849951e-01 -1.9470228518e-01 -2.6547650016e+00
89 99 88
3 0 323 -75.3900 -2.1400 1 350 -104.1700 2.7100 2 431 -87.8700 12.9700
-4.4252168596e-01 -1.0061493284e-01 -2.7226682713e+00
180 178 189
2 0 327 -73.5600 12.0000 1 358 -94.8500 17.8300
-6.9747445991e-01 5.3003275724e-02 -2.5434570846e+00
189 209 173
2 0 332 -131.9800 48.4600 1 369 -155.3800 59.9500
-5.2841624749e-01 3.9284533059e-01 -3.0234392425e+00
93 184 215
2 0 339 -93.7500 76.7400 1 377 -82.6300 89.6800
3.0754815579e-01 2.3536718094e-01 -2.8444661564e+00
92 0 0
3 0 340 61.6900 78.0300 1 256 66.1900 76.6400 2 255 65.7800 54.0000
-6.4569641594e-01 2.3016814065e-01 -2.5930020545e+00
228 233 237
3 0 342 -122.6300 80.5800 1 528 -136.7700 91.0200 2 1200 -92.4900 86.1700
-1.9619283120e-01 3.7592838655e-01 -2.9372289601e+00
230 132 164
2 0 345 -34.4700 86.1900 1 383 -27.4300 94.1200
5.3858967452e-01 -1.1441255369e+00 -2.6546484088e+00
145 148 138
3 0 401 161.5200 -175.3200 1 285 103.1700 -224.2500 2 353 0.6100 -205.0400
2.1562176285e-01 -1.0831929372e+00 -2.6277010789e+00
45 49 48
2 0 404 91.4200 -170.9400 1 421 25.3000 -203.6400
5.9340581950e-01 -1.1169420390e+00 -2.6882230286e+00
148 153 142
3 0 408 169.8200 -167.3500 1 208 117.1400 -217.9800 2 201 15.6600 -204.7600
-6.9487775193e-02 -1.0302879494e+00 -2.6478212763e+00
46 51 54
2 0 409 27.0900 -167.3800 1 300 -38.5800 -186.1100
1.2076498046e-01 -1.0055118244e+00 -2.6813820055e+00
42 51 52
2 0 417 66.6300 -157.2800 1 302 6.6400 -183.1600
-3.1952012545e-02 -9.6204990220e-01 -2.7297791173e+00
102 123 109
2 0 421 31.9200 -153.3900 1 439 -24.6000 -170.3000
-5.1954080296e-01 -5.7583918777e-01 -2.7467719124e+00
45 40 40
2 0 439 -79.9000 -84.8000 1 327 -118.1600 -80.1800
-6.7880748482e-01 -3.6710725086e-01 -2.6871790377e+00
201 188 151
4 0 456 -117.8500 -43.2700 1 479 -149.5200 -33.7300 2 869 -123.7600 -10.7400 9 485 -173.6900 -32.4100
-6.9513070186e-01 -2.2131403761e-01 -2.6300061529e+00
208 110 131
3 0 472 -125.2000 -11.0100 1 498 -154.1200 -1.1700 2 655 -122.5000 15.8800
-5.3897772839e-01 -1.0575621817e-01 -2.6701155260e+00
182 86 114
3 0 482 -93.7900 12.3700 1 504 -117.6900 19.9700 2 660 -91.5100 28.0000
-3.8357951781e-01 -8.7155963987e-02 -2.7444487302e+00
179 195 207
2 0 484 -61.7800 14.2800 1 359 -81.5700 19.3200
-4.1527938755e-01 -7.2102456076e-02 -2.7244873747e+00
186 87 118
2 0 485 -68.5900 17.7400 1 361 -88.8300 23.4900
-4.6323207206e-01 4.1292143794e-01 -3.0599276990e+00
223 122 156
2 0 517 -82.0100 78.6900 1 378 -68.8300 90.6900
-7.0622411896e-01 3.3473555296e-01 -2.5730329509e+00
157 165 158
2 0 524 -136.5900 98.8900 1 719 -147.5800 112.6100
-1.7833099094e-01 5.7097847160e-01 -2.8030785848e+00
192 201 196
3 0 531 -34.9600 129.2900 1 542 -27.9600 140.6800 2 488 8.6500 116.0600
2.4520115077e-01 6.5527864572e-01 -2.8100644857e+00
158 167 162
2 0 536 39.9800 148.0400 1 200 55.8300 158.7800
2.0859147812e-01 6.5036286471e-01 -2.7286733206e+00
150 155 145
2 0 538 34.5300 155.4900 1 390 46.4600 164.1500
-5.1520472922e-01 -1.1571823208e+00 -2.5194254144e+00
91 116 111
2 0 566 -69.9000 -208.1200 1 575 -150.1300 -209.0800
6.7600219846e-01 -8.9978368311e-01 -2.9041147380e+00
147 152 142
2 0 628 166.2000 -126.0500 1 601 139.1400 -166.2700
-5.0994123375e-01 -6.7082411614e-01 -2.7718520298e+00
46 66 42
3 0 633 -75.8400 -104.6400 1 627 -116.2200 -101.3300 2 803 -112.4600 -70.3100
-1.7436619059e-01 -1.5095476231e-01 -2.7889492790e+00
203 201 179
2 0 688 -19.0000 4.0800 1 692 -38.4300 3.6700
4.5242194044e-01 2.7008063245e-01 -2.8847562801e+00
120 18 18
2 0 705 86.0500 83.4000 1 519 96.6300 80.9000
3.0327177749e-01 -1.1945354978e+00 -2.5255978372e+00
151 171 168
2 0 763 118.9400 -192.2800 1 746 41.2300 -234.9900
-1.1932346966e-01 -9.2842535997e-01 -2.7593774460e+00
43 33 9
2 0 810 11.9700 -148.7000 1 809 -41.3000 -161.9200
2.2159043245e-02 -8.8274878911e-01 -2.7425637451e+00
39 42 6
3 0 819 40.4400 -134.6000 1 610 -10.7200 -153.5200 2 774 -56.1100 -127.7400
2.5503234636e-02 -6.2929232933e-01 -2.7991235345e+00
183 135 133
3 0 834 32.8600 -84.4800 1 851 -3.8100 -97.9400 9 783 -22.8300 -60.2600
2.5413952762e-02 -6.2947633127e-01 -2.7981994385e+00
183 135 133
2 0 835 32.8600 -84.4800 1 852 -3.8100 -97.9400
-1.3333916340e-01 -4.1925805132e-01 -2.6775678706e+00
218 219 217
3 0 872 -3.7100 -40.7100 1 903 -40.4200 -47.2200 2 1120 -55.3800 -34.6600
-4.8131015996e-01 -2.1994326758e-01 -2.3353860842e+00
155 195 197
2 0 899 -85.0500 12.6600 1 696 -136.3200 16.7500
-6.6634123972e-01 3.6305239654e-01 -2.5537949961e+00
230 230 234
2 0 936 -129.3800 106.3700 1 1254 -140.8700 120.0600
-7.0543635937e-01 -8.1087454734e-01 -2.8162013678e+00
195 76 113
2 0 1058 -113.1000 -139.6100 1 834 -153.9900 -129.6800
7.8221037900e-02 -8.8629849925e-01 -2.7387007623e+00
218 234 126
2 0 1064 52.3600 -133.9300 1 811 1.3800 -155.0600
-4.5402494261e-01 -7.3465662149e-01 -2.8194293355e+00
95 130 88
3 0 1074 -62.4300 -118.0700 1 841 -103.0100 -116.3700 9 597 -127.2300 -108.4200
1.0407358295e+00 -7.7570678354e-01 -2.7670422700e+00
109 144 63
2 0 1094 239.6100 -87.8200 1 1098 226.6300 -140.4700
1.0458628098e-03 -6.0052962052e-01 -2.9003167313e+00
25 19 16
3 0 1110 26.8600 -82.7300 1 860 -6.1800 -95.1900 2 1063 -23.8300 -83.0700
-2.8918680203e-03 -5.2553889338e-01 -2.7553813352e+00
221 222 219
3 0 1122 24.8700 -62.8300 1 870 -10.3100 -73.8300 9 616 -32.5200 -34.7900
1.5622597155e-02 -4.0990312470e-01 -2.7257739311e+00
17 17 18
3 0 1141 25.7700 -37.5200 1 1152 -5.9500 -48.3500 9 1018 -29.9800 -7.4200
1.5614584495e-02 -4.0950796350e-01 -2.7276872033e+00
17 17 18
2 0 1142 25.7700 -37.5200 1 1153 -5.9500 -48.3500
-1.4778697378e-01 -3.9262579760e-01 -2.6671092730e+00
211 214 214
4 0 1144 -6.9700 -35.1800 1 1156 -43.9400 -41.0800 2 1127 -56.0200 -28.9100 9 1020 -72.0000 -5.1300
-3.7739586852e-02 -3.7809620653e-01 -2.6965553579e+00
223 216 214
4 0 1147 14.5200 -31.3600 1 907 -18.4300 -39.6400 2 1123 -37.0800 -31.7200 9 1026 -44.0100 -0.2900
2.4284890681e-02 -3.5688928398e-01 -2.7112794094e+00
117 6 2
2 0 1154 26.4700 -26.6000 1 1161 -4.1900 -35.9400
9.9647511149e-01 7.2526032966e-02 -3.1971753081e+00
211 209 201
2 0 1187 173.7500 39.5000 1 932 206.4600 23.6300
9.5746047757e-01 7.8630370744e-02 -3.1515861432e+00
204 208 199
2 0 1189 169.2300 42.6100 1 1215 199.2600 27.3500
-4.6802612119e-01 -4.0358757879e-01 -2.7169889222e+00
90 175 120
2 7 104 -96.8900 -96.0000 2 118 -96.3300 -24.8300
-9.5874837857e-02 -5.2113045431e-01 -2.7286878120e+00
200 201 196
2 7 130 -23.1800 -119.2900 2 167 -51.1300 -56.6700
-5.5971998190e-01 1.1764231520e-01 -2.6878440007e+00
221 78 134
2 7 295 -119.3500 3.4500 2 459 -75.8000 64.9300
3.5205407355e-01 -3.8591231800e-02 -3.1225339352e+00
104 154 75
2 7 386 62.4400 -20.4200 9 361 76.1000 19.5000
-5.1030835271e-01 -6.6949201590e-01 -2.7734204538e+00
28 57 33
2 7 482 -102.1000 -146.4500 9 465 -142.4700 -92.1500
-5.4864962685e-02 -4.1425954043e-01 -2.7026456727e+00
198 201 193
3 7 508 -15.5400 -98.5500 2 629 -41.2600 -37.7800 9 503 -47.9000 -9.0600
4.9350036665e-02 -4.7504987047e-01 -2.7566422162e+00
214 218 212
2 7 686 5.8900 -109.0800 2 815 -24.1500 -55.3800
9.1809000239e-01 8.4399541505e-03 -3.2177023822e+00
199 203 197
2 7 747 162.0500 -10.5200 2 852 182.5600 -27.3200
6.2888832765e-03 -6.3170322034e-01 -2.7928897322e+00
187 146 145
2 7 898 -1.7700 -138.5600 2 1060 -36.9100 -83.7000
-1.5305291800e-01 -3.8053464240e-01 -2.6610915800e+00
19 18 17
2 7 965 -36.2500 -92.9700 9 1022 -72.9800 -2.3700
-1.5305291800e-01 -3.8053464240e-01 -2.6610915800e+00
19 18 17
2 7 966 -36.2500 -92.9700 9 1023 -72.9800 -2.3700
9.7240528098e-02 -2.9827853035e-01 -2.7194173489e+00
247 39 33
2 7 990 14.6600 -74.8000 9 1051 -11.3300 18.7000
-6.8783787710e-01 -2.9645919512e-01 -2.6608269605e+00
183 87 112
2 8 351 -115.9800 -82.8500 9 495 -175.8200 -16.8700
8.1527749285e-02 -3.4761953384e-01 -2.7348474790e+00
243 42 33
2 8 498 37.2800 -102.5500 9 511 -13.7700 6.5700
-6.9996852249e-01 -6.2674401935e-02 -2.5856032312e+00
140 171 175
2 8 1153 -123.5500 -47.5500 9 1064 -177.3700 30.9900
-1.5077023789e-01 -6.9893180578e-01 -2.7425079812e+00
211 185 39
2 0 147 -1.0500 -101.4700 9 152 -70.1900 -75.8700
-1.2544417548e-01 -3.1198342429e-01 -2.6490345749e+00
217 221 216
2 0 161 -4.6800 -17.6200 9 164 -66.8500 13.4900
-4.8863549689e-01 3.3369522464e-01 -2.7889404053e+00
235 237 242
2 0 245 -89.0100 84.2800 2 260 -47.6300 86.1400
-1.7285620564e-01 -3.9766417340e-01 -2.6574073721e+00
210 210 205
2 0 314 -12.3600 -36.2600 9 245 -77.9800 -6.0800
-5.7820676617e-01 -3.1781439073e-01 -2.6443093192e+00
87 111 87
2 0 315 -98.7500 -28.7500 9 499 -158.3200 -12.5600
-6.6671381576e-01 -4.9744160592e-01 -2.7312668321e+00
116 178 177
2 0 445 -112.2800 -71.3500 2 630 -125.4500 -34.9200
-7.8153703499e-02 -4.0501579548e-01 -2.6923266699e+00
29 29 27
2 0 457 7.1500 -37.3500 2 410 -44.9900 -34.8800
-2.6421199660e-01 3.0996740051e-01 -2.7916161380e+00
95 200 226
2 0 521 -46.0600 84.6400 2 467 -18.9400 78.9900
1.3403768343e-01 -1.3220945880e+00 -2.4913833039e+00
57 23 11
2 0 550 86.7400 -227.6000 9 428 -45.9600 -185.8200
-9.1330390535e-02 -3.5595872559e-01 -2.6719561611e+00
213 214 213
3 0 676 3.4100 -26.6800 2 856 -45.8400 -24.6900 9 663 -58.0900 4.0800
-4.1904638509e-01 -7.5775555979e-01 -2.8436069027e+00
120 147 131
2 0 822 -54.4300 -122.4900 9 595 -117.8500 -114.7600
-7.3170636224e-01 -6.8812051893e-01 -2.7662884765e+00
148 30 57
2 0 824 -121.8800 -113.2700 2 1084 -141.5600 -65.5300
-1.0976588629e-01 -5.0660679393e-01 -2.7130678872e+00
16 18 13
2 0 847 3.1200 -59.4000 2 1105 -53.9500 -52.9000
8.1361452171e-02 -4.6702001536e-01 -2.7661172970e+00
218 219 219
3 0 861 40.2300 -49.5600 2 814 -17.7500 -55.6800 9 640 -12.0500 -20.3800
-4.5871475322e-01 5.1209133335e-03 -2.6786679646e+00
170 199 207
2 0 905 -79.3000 34.5200 9 852 -120.4900 42.1600
4.2792350904e-01 1.0817125742e+00 -2.8320927591e+00
59 28 24
2 0 963 60.0400 214.1600 2 340 129.3800 189.4300
-6.1645181219e-02 -6.4185180266e-01 -2.7747143446e+00
162 120 121
2 0 1097 15.9000 -88.1300 2 1066 -49.3500 -81.9500
5.3479760240e-02 -3.5324404264e-01 -2.7176389544e+00
92 7 1
2 0 1155 32.2000 -25.4400 9 832 -21.7600 6.3800
-5.7186969817e-01 -4.8808523168e-01 -2.7215263684e+00
33 35 29
3 1 22 -129.1800 -60.6800 2 58 -111.9800 -37.1200 9 21 -155.3500 -52.3700
4.4272394947e-01 4.7164751092e-01 -2.8373698073e+00
135 210 113
2 1 33 95.1200 123.2700 2 21 100.2400 90.7200
2.2001084854e-01 -1.0196174775e+00 -2.6844398085e+00
21 62 39
2 1 154 29.3100 -188.7400 2 210 -40.8200 -160.6800
8.3918226930e-02 -4.0921146797e-01 -2.7500713298e+00
75 78 77
2 1 175 9.5500 -49.1600 9 158 -12.3000 -6.8700
-5.4941833057e-01 -3.3208430194e-01 -2.6596355005e+00
79 149 108
2 1 178 -125.3000 -25.7500 9 157 -151.7200 -15.7000
6.7950684825e-01 5.2600875443e-01 -2.9022780803e+00
120 123 104
3 1 197 144.1600 129.1600 2 331 148.2300 90.4200 9 192 119.4200 150.1900
2.5564545633e-01 7.1333993497e-01 -2.6836106022e+00
220 231 230
2 1 204 55.3400 180.7500 2 193 71.8600 146.7100
5.5064377784e-01 -1.1121798270e+00 -2.6678429751e+00
41 26 17
2 1 209 106.5700 -216.6100 2 204 6.5400 -199.0900
-4.7775193744e-01 -8.0211477804e-01 -2.8223922121e+00
69 150 100
2 1 225 -108.8100 -130.4500 2 298 -111.2000 -95.8700
-4.1966575590e-01 -7.8554056935e-01 -2.8403935208e+00
76 155 103
2 1 226 -95.6200 -127.8000 2 226 -100.7700 -96.2500
-2.5095283088e-01 3.9479740547e-01 -2.7746192145e+00
168 169 154
2 1 260 -45.5800 110.4700 2 262 -13.8600 92.7000
-2.5095283088e-01 3.9479740547e-01 -2.7746192145e+00
168 169 154
2 1 261 -45.5800 110.4700 2 263 -13.8600 92.7000
6.8172848057e-01 5.2304393426e-01 -2.9036332398e+00
117 121 103
2 1 264 144.6800 128.1700 2 332 148.2300 90.4200
-6.3856302862e-01 -1.1487726044e+00 -2.5251238330e+00
77 106 88
2 1 289 -176.0000 -205.1600 2 382 -189.8100 -135.3100
1.1183278011e-01 -5.3128339066e-01 -2.7962651867e+00
22 19 19
2 1 330 15.6100 -77.3400 9 333 -2.2700 -35.3100
-6.6896353185e-01 -4.9977982106e-01 -2.7377999408e+00
107 170 168
2 1 337 -146.4300 -63.0900 9 331 -171.1700 -62.2700
5.3365919489e-01 1.5224205320e-01 -3.1851798664e+00
18 35 13
2 1 367 115.5700 39.0200 2 320 121.8900 9.9700
-5.1424401492e-01 9.9792112445e-02 -2.6157115986e+00
197 214 166
2 1 371 -112.4700 64.5200 9 379 -134.4800 62.0400
-5.7272127128e-01 1.9131970063e-01 -2.5724893504e+00
212 100 138
2 1 376 -125.0100 85.6700 9 387 -146.7400 77.8800
6.4814034590e-01 3.6825212087e-01 -2.9925210714e+00
161 184 160
2 1 380 137.6700 91.7500 9 405 121.7100 113.9700
2.3107209587e-01 -1.1251788885e+00 -2.5696120108e+00
60 79 96
2 1 416 26.1600 -214.8300 2 538 -59.9300 -179.0500
-3.2157840058e-01 -1.0021598946e+00 -2.6629657565e+00
61 91 78
2 1 438 -92.4400 -175.6600 2 576 -121.7400 -129.8000
9.2437970691e-01 -9.0055455985e-02 -3.2789296892e+00
116 114 101
2 1 490 191.2600 -10.8500 9 363 206.6000 21.0200
9.2421482153e-01 -9.1728694774e-02 -3.2714351536e+00
116 114 101
2 1 491 191.2600 -10.8500 2 615 181.4900 -48.6800
9.5525879200e-01 -2.4746830844e-02 -3.2461052556e+00
205 211 204
2 1 501 197.7100 2.8600 9 369 209.5800 37.7600
7.0843070449e-01 4.7889744935e-01 -2.9086127143e+00
161 169 158
2 1 534 150.0700 118.9800 2 893 151.0600 82.8400
-4.7136674198e-02 -6.5545547276e-01 -2.7789418281e+00
18 18 16
2 1 626 -20.5000 -102.4600 2 799 -47.6700 -85.1000
8.4038850150e-02 -5.1219239940e-01 -2.7808770398e+00
214 216 213
2 1 641 9.6900 -72.4000 9 621 -10.3100 -31.0800
6.9098402087e-03 -6.3191501593e-01 -2.7920984166e+00
186 150 152
2 1 853 -8.0600 -98.1600 2 1061 -36.9100 -83.7000
-3.8214867983e-03 -4.7813646918e-01 -2.7387164642e+00
215 219 216
2 1 886 -10.6400 -63.1200 2 1104 -34.0500 -52.9700
5.9364628174e-02 -9.8286913194e-01 -2.6808414803e+00
33 69 55
2 1 1053 -7.0000 -177.0300 2 1007 -63.8900 -145.4200
-4.2759329819e-01 -7.4255841268e-01 -2.8340930481e+00
40 64 46
2 1 1115 -96.8200 -118.5400 9 763 -120.2600 -110.7400
-1.2587705006e-01 -6.4824027764e-01 -2.7582831036e+00
144 117 113
2 1 1121 -38.0600 -99.6400 9 775 -62.0000 -66.6800
1.2078646864e-01 -6.1516047522e-01 -2.8340808252e+00
49 7 0
2 1 1122 18.1000 -96.5500 9 787 2.8500 -57.0500
-1.0382039502e-01 -5.1721303019e-01 -2.7206955512e+00
213 216 211
2 1 1132 -33.3700 -70.2200 9 992 -58.6200 -33.9800
-1.0382039502e-01 -5.1721303019e-01 -2.7206955512e+00
213 216 211
2 1 1133 -33.3700 -70.2200 9 993 -58.6200 -33.9800
1.0068019587e-01 -4.8658188052e-01 -2.7800332103e+00
214 217 217
2 1 1136 13.3200 -67.0300 9 1004 -6.2100 -24.9500
-7.8858051427e-02 -5.0157855666e-01 -2.7244515696e+00
9 13 17
2 1 1137 -27.6000 -67.1200 9 998 -52.4300 -30.0900
-2.9716767904e-02 -4.6820027413e-01 -2.7274540262e+00
10 13 20
2 1 1144 -16.4500 -60.3100 9 1007 -40.7200 -21.3300
9.4868741536e-02 -4.5023663562e-01 -2.7662100569e+00
16 13 16
2 1 1147 12.0600 -58.6500 9 1011 -8.6500 -16.3400
-5.3491661944e-02 -4.4863319864e-01 -2.7133813965e+00
210 212 205
2 1 1148 -21.9300 -55.4100 9 1010 -47.1300 -16.9300
-1.3251688318e-01 -3.6143380907e-01 -2.6591340147e+00
17 16 18
2 1 1162 -40.3900 -33.9600 9 1028 -68.3200 2.6400
-1.7244716992e-03 -3.2449749923e-01 -2.6923556378e+00
17 20 23
2 1 1164 -10.1500 -28.0800 9 1042 -35.9800 12.1200
-1.2867784635e-01 -2.6432746169e-01 -2.6305320698e+00
174 112 68
2 1 1184 -39.4900 -11.6900 9 1058 -68.5800 24.3800
4.1581222306e-01 -2.0649942212e-01 -2.6327664233e+00
147 214 118
2 1 1193 81.2700 -0.9400 2 1139 39.8500 -10.1800
9.5740294494e-01 5.0761707345e-02 -3.1877025068e+00
213 214 208
2 1 1212 198.7900 19.9400 2 1133 190.1800 -19.0200
8.3241223551e-01 1.7965500926e-01 -3.1505163170e+00
195 198 192
2 1 1219 173.9800 46.3300 9 1091 172.3900 75.3700
8.9025715929e-01 2.0079348072e-01 -3.1289559100e+00
179 185 178
2 1 1220 185.5400 51.5700 9 1104 183.0000 85.0200
7.6882064854e-01 1.6594439090e-01 -2.9637133325e+00
201 213 209
2 1 1223 162.1300 55.5500 9 1119 149.4700 97.4900
7.4698928455e-01 4.0925912943e-01 -2.9254732174e+00
167 173 160
2 1 1241 157.6500 104.8000 9 888 137.2300 135.8000
-7.0271727606e-01 -3.8322287247e-01 -2.6773147259e+00
200 63 107
2 2 424 -128.6900 -12.3200 9 335 -180.0400 -35.0200
-7.5564246109e-01 -1.8640574691e-01 -2.5890909230e+00
108 176 185
2 2 442 -132.2700 25.6700 9 356 -192.1500 7.5600
9.2022275366e-01 4.8620197517e-01 -3.0549769150e+00
131 107 98
2 2 462 198.0800 67.6800 9 413 176.7200 136.4600
-8.9627481296e-02 -1.2081264200e+00 -2.4642453855e+00
13 13 11
2 2 544 -128.9600 -172.4500 9 287 -110.1900 -159.3400
-6.2407297156e-01 -1.0852001666e+00 -2.5117052206e+00
28 28 30
2 2 781 -185.2700 -124.3700 9 574 -227.0800 -157.8700
9.2490761532e-02 -3.7346378178e-01 -2.7412452209e+00
23 16 21
2 2 1117 -12.7900 -37.9000 9 825 -10.9000 1.5500
