# Bundle file v0.3
11 137
0 0 0
0 0 0
0 0 0
0 0 0
0 0 0
0 0 0
0 0 0
0 0 0
0 0 0
0 0 0
0 0 0
0 0 0
0 0 0
0 0 0
0 0 0
0 0 0
0 0 0
0 0 0
0 0 0
0 0 0
0 0 0
0 0 0
0 0 0
0 0 0
0 0 0
0 0 0
0 0 0
0 0 0
0 0 0
0 0 0
0 0 0
0 0 0
0 0 0
0 0 0
0 0 0
6.6080306000e+02 0.0000000000e+00 0.0000000000e+00
1.0000000000e+00 0.0000000000e+00 0.0000000000e+00
0.0000000000e+00 1.0000000000e+00 0.0000000000e+00
0.0000000000e+00 0.0000000000e+00 1.0000000000e+00
-0.0000000000e+00 -0.0000000000e+00 -0.0000000000e+00
6.6080306000e+02 0.0000000000e+00 0.0000000000e+00
9.9430023913e-01 6.9055291779e-02 -8.1230543166e-02
-9.2577721432e-02 9.3710416121e-01 -3.3654889174e-01
5.2880998101e-02 3.4215078213e-01 9.3815587315e-01
-9.0223743004e-02 -9.9520320601e-01 -3.7818711683e-02
0 0 0
0 0 0
0 0 0
0 0 0
0 0 0
0 0 0
0 0 0
0 0 0
0 0 0
0 0 0
-4.0048234268e-01 -3.5691851601e-01 -2.6764193629e+00
100 179 115
2 7 43 -99.3700 -88.1000 8 55 -72.0800 -96.2300
-1.3473770631e-01 -7.7454844214e-01 -2.7549480148e+00
227 230 74
2 7 94 -32.5700 -185.7800 8 77 -12.0400 -178.4100
-4.1926355508e-01 -4.7074471960e-01 -2.7243981810e+00
31 27 24
2 7 73 -101.4600 -114.1900 8 89 -75.9800 -114.3500
-3.7878173831e-01 -5.2239019021e-01 -2.7638018810e+00
100 164 102
2 7 177 -90.7900 -124.8900 8 237 -64.7900 -121.3500
-4.4319820992e-01 -3.9694880157e-01 -2.6761146396e+00
36 38 33
2 7 134 -109.3800 -98.0200 8 126 -83.2600 -103.8400
-1.6161691995e-01 -3.2128112079e-01 -2.6039219909e+00
207 206 203
2 7 189 -40.6000 -81.5400 8 170 -16.0700 -102.9200
-1.2296093181e-01 -3.1534739567e-01 -2.6185292684e+00
213 217 214
2 7 190 -31.0300 -79.5800 8 239 -5.4600 -100.8300
-1.0216398913e-01 -2.7070659633e-01 -2.6126130558e+00
113 67 40
2 7 136 -26.6300 -68.4600 8 173 1.2200 -92.0700
5.6777550129e-01 2.5402353725e-01 -2.8212205358e+00
211 227 226
2 7 206 133.4500 59.5300 8 195 185.1500 36.0100
-1.1978598486e-01 -4.1992480487e-01 -2.6624091061e+00
207 210 203
2 7 260 -29.3000 -104.2300 8 336 -5.8600 -118.4600
-3.7936987033e-01 -2.7429173160e-01 -2.6648579721e+00
54 78 64
2 7 539 -93.9800 -68.0200 8 510 -67.3500 -79.8000
-6.2812583724e-01 -2.5561454167e-01 -2.6173577910e+00
103 173 181
2 7 274 -158.3800 -64.5500 8 243 -131.6100 -74.7400
-6.3259709677e-01 -2.1684640597e-01 -2.5975402423e+00
101 169 182
2 7 277 -160.7300 -55.1800 8 244 -134.0800 -67.9600
-4.3217029319e-01 -5.6079310340e-01 -2.7533073181e+00
88 154 97
2 7 485 -103.7700 -134.5900 8 707 -78.0200 -129.1300
-1.3505963365e-01 -4.6036926862e-01 -2.6758900684e+00
31 28 28
2 7 354 -33.1400 -113.6900 8 480 -9.7000 -125.0700
-1.1366430021e-02 -4.3300105412e-01 -2.7026453573e+00
27 24 29
2 7 359 -2.5100 -105.8700 8 482 21.1200 -119.0100
-9.1957700710e-02 -4.1765036916e-01 -2.6714450706e+00
25 24 24
2 7 361 -22.6600 -103.3100 8 483 1.5100 -117.5800
-1.2129344790e-01 -3.7141868453e-01 -2.6458444034e+00
209 211 208
2 7 367 -30.4600 -92.7600 8 492 -5.2000 -109.9800
-6.8823922184e-02 -3.6639749845e-01 -2.6597977670e+00
207 208 199
2 7 512 -16.8600 -91.0300 8 744 7.7300 -108.4600
7.8384989362e-01 -2.0329707467e-02 -3.0531708041e+00
203 212 205
2 7 391 169.6500 -4.4000 8 364 215.6300 -13.6600
2.2258140504e+00 -1.2941676141e+00 -5.2495657456e+00
132 122 127
2 7 480 280.4700 -162.8700 8 509 307.1300 -80.8600
-3.8597614549e-01 -9.1224895765e-01 -2.6488133327e+00
32 35 40
2 7 447 -96.2900 -227.5800 8 432 -74.4800 -213.5800
8.7362880673e-02 -5.7700329906e-01 -2.7930573053e+00
56 9 2
2 7 658 20.8600 -136.5100 8 1015 42.3800 -139.9800
4.1754323961e-02 -5.7304864888e-01 -2.7761747214e+00
166 126 127
2 7 659 10.0900 -136.4000 8 1017 31.8200 -140.1900
-6.3880740247e-01 -4.7173781967e-01 -2.7063649848e+00
128 171 174
2 7 495 -155.8700 -115.1900 8 491 -128.3900 -111.3900
-6.3397009995e-02 -4.9623039126e-01 -2.7170373960e+00
209 212 205
2 7 489 -14.9400 -120.6900 8 706 7.4600 -129.2300
4.9603737418e-03 -4.8579908250e-01 -2.7322888215e+00
210 211 208
2 7 493 1.5500 -117.4900 8 713 24.2700 -126.8600
-1.1190094433e-01 -4.4742721299e-01 -2.6791282870e+00
19 19 24
2 7 682 -27.3800 -110.3600 8 1056 -3.8200 -122.4900
-1.1190094433e-01 -4.4742721299e-01 -2.6791282870e+00
19 19 24
2 7 683 -27.3800 -110.3600 8 1057 -3.8200 -122.4900
7.4854475662e-02 -4.2579073343e-01 -2.7292825851e+00
38 21 22
2 7 503 18.2100 -103.0900 8 485 42.4800 -116.3800
2.2407939608e-02 -4.0474884544e-01 -2.7065150394e+00
33 29 32
2 7 504 5.6500 -98.8200 8 731 30.0000 -113.3600
2.2407939608e-02 -4.0474884544e-01 -2.7065150394e+00
33 29 32
2 7 505 5.6500 -98.8200 8 732 30.0000 -113.3600
-1.4080817093e-01 -3.9500411433e-01 -2.6406281220e+00
34 34 36
2 7 506 -35.0900 -98.8500 8 726 -10.8400 -115.2600
-4.3332790113e-01 -3.4562832534e-01 -2.6702039230e+00
54 99 66
2 7 524 -107.3100 -85.5300 8 761 -80.6900 -93.6400
7.5042599683e-03 -3.3666473655e-01 -2.6671726119e+00
244 44 38
2 7 525 1.9200 -83.4100 8 752 27.4800 -102.9800
6.1469071944e-02 -3.1409921383e-01 -2.6722576321e+00
63 7 1
2 7 534 15.3700 -77.6700 8 501 41.3100 -98.7400
1.7562842310e-01 3.1097075719e-01 -2.6922513946e+00
182 211 220
2 7 570 43.2600 76.3300 8 561 87.4800 50.2300
-1.2912992493e-01 -6.0741927359e-01 -2.7451251776e+00
31 21 0
2 7 654 -30.8800 -146.2200 8 1007 -8.9900 -146.8700
-1.2912992493e-01 -6.0741927359e-01 -2.7451251776e+00
31 21 0
2 7 655 -30.8800 -146.2200 8 1008 -8.9900 -146.8700
-6.2651712843e-01 -4.8672790821e-01 -2.7212397088e+00
147 33 69
2 7 670 -151.7500 -118.2200 8 1077 -124.9000 -113.0400
-1.2623207781e-01 -4.4246004351e-01 -2.6743210509e+00
210 209 202
2 7 688 -31.0700 -109.3300 8 1058 -7.2200 -121.6800
4.9430509130e-02 -4.2669516651e-01 -2.7216122966e+00
25 21 25
2 7 698 12.1500 -103.6000 8 1071 36.2300 -116.8700
4.9430509130e-02 -4.2669516651e-01 -2.7216122966e+00
25 21 25
2 7 699 12.1500 -103.6000 8 1072 36.2300 -116.8700
-1.2837014233e-01 -4.0283601663e-01 -2.6498108012e+00
213 215 208
2 7 702 -31.8900 -100.4600 8 1073 -7.6600 -116.1400
5.6969140010e-03 -3.8544031721e-01 -2.6844418731e+00
216 224 217
2 7 707 1.5000 -94.8800 8 734 26.1800 -111.4800
3.6201472136e-02 -3.8061958862e-01 -2.6908444826e+00
223 223 222
2 7 708 9.0000 -93.4700 8 737 33.8000 -110.4200
5.8745481551e-02 -3.7763893506e-01 -2.6971739935e+00
220 225 217
2 7 711 14.5200 -92.5200 8 741 39.4100 -109.5700
-9.2457573071e-03 -3.6069839450e-01 -2.6753954261e+00
238 38 34
2 7 717 -2.0700 -89.0900 8 1089 22.7900 -106.8200
1.5332341674e-02 -3.5854473664e-01 -2.6819805388e+00
237 39 35
2 7 718 4.0000 -88.3400 8 1094 28.9500 -106.1700
-4.2191643653e-01 -2.4408348754e-01 -2.6261114274e+00
68 89 79
2 7 733 -105.9300 -61.4300 8 765 -79.6300 -76.2800
-2.0129829933e-02 -4.5032510585e-01 -2.7008223305e+00
217 218 216
2 7 938 -4.8500 -110.1800 8 1055 18.8400 -122.7100
-3.3379808832e-01 -2.1130898090e-01 -2.6633735888e+00
204 216 208
2 7 1007 -82.7500 -52.4300 8 1142 -55.5100 -66.9100
8.8807499650e-01 1.4929768134e-01 -3.0697817864e+00
62 54 55
2 7 558 191.8200 32.2000 8 554 246.0600 22.4700
-3.7878173831e-01 -5.2239019021e-01 -2.7638018810e+00
100 164 102
2 7 178 -90.7900 -124.8900 8 238 -64.7900 -121.3500
-6.3272591384e-02 -4.1182251143e-01 -2.6763948443e+00
144 144 142
2 7 263 -15.5000 -101.6800 8 337 8.6700 -116.4300
-4.5229507929e-01 -3.3021504659e-01 -2.6509756300e+00
78 158 113
2 7 268 -112.5900 -82.3200 8 348 -86.4000 -91.9900
-1.5799941924e-01 -4.7979660917e-01 -2.6896713925e+00
203 202 195
2 7 259 -38.6600 -117.8800 8 234 -15.1400 -126.8900
8.8807499650e-01 1.4929768134e-01 -3.0697817864e+00
62 54 55
2 7 557 191.8200 32.2000 8 555 246.0600 22.4700
2.0350128172e+00 -9.3686847955e-01 -5.8215647555e+00
128 117 120
2 7 944 230.8400 -106.3600 8 794 271.0000 -11.8500
2.0117545148e+00 -8.1464500630e-01 -6.0154274732e+00
140 130 133
2 7 715 220.8000 -89.5100 8 544 264.6200 8.9700
2.0117545148e+00 -8.1464500630e-01 -6.0154274732e+00
140 130 133
2 7 716 220.8000 -89.5100 8 545 264.6200 8.9700
2.1375541504e+00 -7.1049250291e-01 -6.1318422804e+00
133 122 128
2 7 988 230.5100 -76.5500 8 1210 277.1200 22.8700
1.9924470475e-01 3.3296172997e-01 -2.6880638047e+00
217 247 254
2 7 574 48.9200 81.8500 8 562 94.8200 55.0900
1.9642620858e+00 -1.1272870021e+00 -5.5672955103e+00
80 74 79
2 7 908 233.0700 -133.8100 8 1157 266.8000 -42.9000
1.9652358521e+00 -8.3610471674e-01 -5.9954521699e+00
92 77 80
2 7 968 216.3400 -92.1800 8 1192 259.5100 6.4300
-2.8516338075e-01 -8.2485995026e-01 -2.6951668713e+00
28 79 153
2 7 827 -69.9100 -202.2400 8 938 -48.8800 -192.6200
-2.8516338075e-01 -8.2485995026e-01 -2.6951668713e+00
28 79 153
2 7 828 -69.9100 -202.2400 8 939 -48.8800 -192.6200
2.9381792766e-02 -7.8444533972e-01 -2.7282158483e+00
212 233 126
2 7 852 7.4100 -190.0000 8 949 24.2500 -187.9700
1.9781088804e-01 3.4970913627e-01 -2.6891523214e+00
21 50 52
2 7 1077 48.4600 85.9300 8 821 95.0300 59.5900
-4.1622292796e-01 -2.8857164080e-01 -2.6560222951e+00
62 85 67
2 7 270 -103.4500 -71.8000 8 350 -76.9600 -83.0700
-6.6768881158e-01 -2.1489421182e-01 -2.5829537348e+00
138 147 165
2 7 541 -170.5300 -55.0000 8 517 -144.0600 -68.2400
-1.8875492887e-02 -4.9054721134e-01 -2.7269806349e+00
218 220 218
2 7 668 -4.3400 -118.8700 8 1042 18.5600 -127.9300
-6.1579956658e-01 -5.8918026346e-01 -2.7655118664e+00
113 35 38
2 7 895 -147.0100 -140.7900 8 1041 -119.6800 -128.9900
-6.4456930078e-01 -5.3261050045e-02 -2.5216708858e+00
181 136 130
2 7 34 -167.8900 -14.0400 8 28 -143.6000 -36.7200
8.0225208904e-01 6.1616563390e-01 -2.9510543910e+00
208 217 216
2 7 61 178.9800 137.9100 8 36 256.7200 129.6400
-3.2407909494e-02 -7.8513967192e-01 -2.7529543884e+00
234 237 74
2 7 93 -7.8900 -188.4600 8 120 10.8500 -183.2100
-1.3473770631e-01 -7.7454844214e-01 -2.7549480148e+00
227 230 74
2 7 95 -32.5700 -185.7800 8 78 -12.0400 -178.4100
-1.0216398913e-01 -2.7070659633e-01 -2.6126130558e+00
113 67 40
2 7 135 -26.6300 -68.4600 8 172 1.2200 -92.0700
6.1693035733e-01 -3.6182234332e-01 -3.4394647072e+00
122 123 123
2 7 137 119.3200 -69.4700 8 134 152.3600 -45.9700
-1.6161691995e-01 -3.2128112079e-01 -2.6039219909e+00
207 206 203
2 7 188 -40.6000 -81.5400 8 169 -16.0700 -102.9200
-5.7362745713e-01 -1.9940148918e-01 -2.6218679351e+00
128 158 170
2 7 194 -144.0800 -50.2900 8 245 -117.9300 -62.7200
5.3998547244e-01 -1.8943956839e-02 -3.0359622244e+00
67 116 50
2 7 200 117.5900 -4.1200 8 181 159.6100 -9.5000
-1.5869266815e-01 -8.7862628484e-01 -2.6989404672e+00
87 94 94
2 7 237 -38.3200 -215.1300 8 218 -21.1000 -205.5100
-1.4250708932e-01 1.7832345614e-01 -2.7139813827e+00
64 190 226
2 7 310 -34.2000 43.4100 8 193 -0.2400 25.7600
-4.3064664294e-01 -6.1127573356e-01 -2.7695666763e+00
30 58 39
2 7 348 -102.9000 -145.8400 8 473 -77.1800 -137.3500
-9.3361496957e-02 1.8941994631e-01 -2.7303789169e+00
230 110 152
2 7 406 -22.3000 45.8400 8 268 13.2100 28.6100
-1.5706422070e-01 -9.2178578442e-01 -2.6554424981e+00
24 60 49
2 7 443 -38.7900 -229.3900 8 421 -22.1700 -220.2100
-1.9058550265e-01 -8.3645580452e-01 -2.7536489518e+00
25 70 43
2 7 462 -45.6000 -200.7300 8 449 -25.9200 -189.0400
-2.9408645258e-01 -8.1502935975e-01 -2.7026183382e+00
193 211 214
2 7 464 -71.8600 -199.2800 8 654 -50.6000 -189.4500
1.9462979841e+00 -1.2024138383e+00 -5.4506204240e+00
131 128 132
2 7 483 235.8100 -145.7900 8 525 266.9800 -56.6300
5.1108424184e-01 -5.8268768507e-01 -2.9340601297e+00
37 63 16
2 7 486 115.8900 -131.1900 8 703 136.6200 -133.9900
-4.3332790113e-01 -3.4562832534e-01 -2.6702039230e+00
54 99 66
2 7 523 -107.3100 -85.5300 8 760 -80.6900 -93.6400
-1.3373819225e-01 -2.8932078650e-01 -2.6043674215e+00
114 64 37
2 7 536 -33.8700 -73.4100 8 1109 -8.1400 -96.4000
-1.5935129091e-01 -1.8801833227e-01 -2.7391781303e+00
201 200 180
2 7 543 -38.3200 -45.3600 8 524 -9.7700 -57.8700
-2.0453126891e-03 -6.7443124252e-02 -2.8011525009e+00
41 15 18
2 7 546 -0.0100 -15.9100 8 251 31.6500 -28.3400
2.3409162617e+00 -1.5747107458e-01 -6.9143140021e+00
96 94 99
2 7 547 223.8100 -15.0400 8 387 285.3600 99.0600
5.3748501645e-01 2.4372674871e-01 -2.8450705281e+00
115 128 103
2 7 563 124.8600 56.6100 8 370 176.2200 35.8900
-1.4592800341e-01 2.8234069343e-01 -2.8069940599e+00
215 242 198
2 7 566 -34.5500 66.4700 8 373 3.3000 58.2200
3.7718441905e-01 3.8644309057e-01 -2.7332113920e+00
41 53 63
2 7 577 91.2000 93.4300 8 277 143.9000 67.9400
-1.7583275341e-01 -8.9326342963e-01 -2.6788309247e+00
40 42 44
2 7 614 -43.1900 -220.3500 8 631 -25.3600 -210.8300
1.9270679831e+00 -1.5593684026e+00 -4.9038676798e+00
94 75 73
2 7 620 259.9100 -210.1000 8 708 275.6200 -128.2900
-1.6140561904e-01 -8.3579991163e-01 -2.7445035350e+00
28 61 38
2 7 625 -38.7600 -201.2400 8 651 -19.5400 -190.8900
1.9676039399e+00 -1.4931702653e+00 -4.9940930767e+00
148 132 134
2 7 630 260.6200 -197.5400 8 725 279.0900 -115.3700
2.0239025285e+00 -1.4622567863e+00 -5.0440760970e+00
140 138 144
2 7 633 265.4300 -191.5300 8 739 285.2300 -109.4300
2.1445493239e+00 -1.4480807898e+00 -5.0385041442e+00
81 63 71
2 7 634 281.6300 -189.8700 8 738 301.5300 -109.7400
1.9812165741e+00 -1.4277756217e+00 -5.0976657724e+00
137 130 139
2 7 637 257.0000 -185.0600 8 754 278.5700 -101.6900
1.7905417456e+00 -1.4191880492e+00 -5.1304981770e+00
150 138 144
2 7 639 230.6200 -182.7900 8 758 253.2400 -96.3400
2.0973703483e+00 -1.3767105858e+00 -5.1514185269e+00
128 119 123
2 7 641 269.2800 -176.5700 8 759 292.6700 -94.1900
1.9620610603e+00 -1.2475768473e+00 -5.3805770519e+00
99 89 87
2 7 648 240.9500 -153.2200 8 773 270.2100 -65.3800
2.2641233076e+00 -9.2032160401e-01 -5.8335859196e+00
83 65 62
2 7 694 256.4700 -104.2500 8 539 297.7900 -12.0400
2.2434226297e+00 -8.2182770152e-01 -5.9772662176e+00
86 74 77
2 7 712 247.8900 -90.8700 8 542 292.4300 4.3800
2.2434226297e+00 -8.2182770152e-01 -5.9772662176e+00
86 74 77
2 7 713 247.8900 -90.8700 8 543 292.4300 4.3800
2.1527079734e+00 -7.4241607278e-01 -6.1185296730e+00
86 71 71
2 7 725 232.2300 -80.2100 8 802 278.9400 18.8400
2.1527079734e+00 -7.4241607278e-01 -6.1185296730e+00
86 71 71
2 7 726 232.2300 -80.2100 8 803 278.9400 18.8400
2.2314029436e+00 -3.9856143645e-01 -6.5483881537e+00
110 110 111
2 7 740 224.9800 -40.2400 8 1232 280.8100 66.9800
7.5679007991e-01 -1.1585189026e-01 -3.1419245177e+00
100 101 90
2 7 745 159.5000 -24.3400 8 787 201.0200 -25.7400
5.8547984476e-01 1.7291938063e-01 -2.8382892145e+00
204 224 224
2 7 760 136.3300 40.2600 8 798 185.8900 17.1800
1.7987981710e+00 -1.6056721575e+00 -4.8447392320e+00
96 80 85
2 7 809 245.6000 -218.9800 8 1027 259.6200 -135.8700
-3.7435018070e-01 -8.8717205737e-01 -2.6851842129e+00
34 71 51
2 7 811 -92.0300 -218.3300 8 922 -70.2100 -203.7700
1.7027968366e+00 -1.5533956487e+00 -4.9249131398e+00
99 83 85
2 7 818 228.5500 -208.4200 8 1052 245.5600 -123.2300
1.7939555936e+00 -1.5204365100e+00 -4.9541092963e+00
90 79 81
2 7 823 239.4100 -202.7900 8 1067 257.2900 -118.7800
-2.6746513567e-01 -8.2649194967e-01 -2.6915888484e+00
20 78 160
2 7 826 -65.6400 -202.9100 8 937 -44.9900 -193.8800
2.0642918285e+00 -1.4625924281e+00 -5.0344294352e+00
88 75 79
2 7 842 271.1600 -191.9500 8 1081 290.9700 -110.6100
5.0451785721e-02 -7.8621165769e-01 -2.7274576623e+00
216 238 122
2 7 848 12.5300 -190.4800 8 945 29.0400 -188.9400
2.9381792766e-02 -7.8444533972e-01 -2.7282158483e+00
212 233 126
2 7 851 7.4100 -190.0000 8 948 24.2500 -187.9700
2.2003842792e+00 -1.4441503237e+00 -5.0552605027e+00
81 72 77
2 7 855 288.0400 -188.7200 8 743 308.1400 -108.9600
1.8382020646e+00 -1.0698466380e+00 -5.6545901834e+00
127 113 115
2 7 914 214.5500 -125.0500 8 1168 250.2500 -31.2200
2.2553228813e+00 -1.0583790515e+00 -5.6111923706e+00
85 73 75
2 7 919 265.6000 -124.6400 8 785 302.1000 -36.6300
1.9704342003e+00 -9.9901787247e-01 -5.7333551160e+00
128 119 126
2 7 928 226.9400 -115.1600 8 1175 264.9500 -21.5500
2.1124742257e+00 -9.4855483461e-01 -5.7991942433e+00
80 57 57
2 7 940 240.5800 -108.1000 8 791 280.6200 -14.8700
-7.8564422290e-02 -4.3645643472e-01 -2.6874141646e+00
213 213 213
2 7 942 -19.2500 -107.3200 8 1063 4.7600 -119.9700
2.0325255426e+00 -9.1508582371e-01 -5.8765484586e+00
131 119 122
2 7 954 228.4500 -102.9100 8 795 269.2700 -7.2600
2.3683516235e+00 -4.2722576757e-01 -6.5477757150e+00
113 107 114
2 7 1013 238.8900 -43.1300 8 824 294.9500 62.7300
-2.5728242403e-01 -1.0901687387e-01 -2.7428393269e+00
134 94 119
2 7 1021 -61.7900 -26.2700 8 1163 -32.6500 -37.3300
2.3462974783e+00 -7.0636491499e-02 -7.0450498889e+00
80 76 77
2 7 1032 219.9400 -6.6400 8 840 283.7400 110.2400
2.6669685233e+00 1.4939450366e-01 -7.3100854257e+00
49 42 43
2 7 1039 240.9600 13.4900 8 843 312.1600 133.8600
1.9781088804e-01 3.4970913627e-01 -2.6891523214e+00
21 50 52
2 7 1076 48.4600 85.9300 8 820 95.0300 59.5900
