# Bundle file v0.3
11 137
0 0 0
0 0 0
0 0 0
0 0 0
0 0 0
0 0 0
0 0 0
0 0 0
0 0 0
0 0 0
0 0 0
0 0 0
0 0 0
0 0 0
0 0 0
0 0 0
0 0 0
0 0 0
0 0 0
0 0 0
0 0 0
0 0 0
0 0 0
0 0 0
0 0 0
0 0 0
0 0 0
0 0 0
0 0 0
0 0 0
0 0 0
0 0 0
0 0 0
0 0 0
0 0 0
6.6421890018e+02 -6.9363790120e-02 6.9862550160e-03
9.9912172495e-01 -1.0853247172e-02 -4.0472036830e-02
1.1278050321e-02 9.9988352900e-01 1.0282704804e-02
4.0355722275e-02 -1.0730119429e-02 9.9912775971e-01
-1.2659563674e-01 -1.9364066362e-02 -3.6904128527e-01
6.7386020531e+02 -6.0715625314e-02 -2.4572684195e-02
9.9115311576e-01 5.6623540581e-02 -1.2003864283e-01
-9.6371806012e-02 9.2890301594e-01 -3.5756350763e-01
9.1257745569e-02 3.6596852547e-01 9.2614203135e-01
-2.0125943920e-01 -1.1202397165e+00 -4.7787006278e-01
0 0 0
0 0 0
0 0 0
0 0 0
0 0 0
0 0 0
0 0 0
0 0 0
0 0 0
0 0 0
-4.4337184891e-01 -3.5582710899e-01 -2.6841421057e+00
100 179 115
2 7 43 -99.3700 -88.1000 8 55 -72.0800 -96.2300
-1.4610282296e-01 -8.2840773314e-01 -2.7565921634e+00
227 230 74
2 7 94 -32.5700 -185.7800 8 77 -12.0400 -178.4100
-4.6699593801e-01 -4.8395122979e-01 -2.7295214294e+00
31 27 24
2 7 73 -101.4600 -114.1900 8 89 -75.9800 -114.3500
-4.2216401655e-01 -5.4167923781e-01 -2.7703633533e+00
100 164 102
2 7 177 -90.7900 -124.8900 8 237 -64.7900 -121.3500
-4.9264325054e-01 -4.0109951116e-01 -2.6805077688e+00
36 38 33
2 7 134 -109.3800 -98.0200 8 126 -83.2600 -103.8400
-1.6740667598e-01 -3.1921246780e-01 -2.6184991323e+00
207 206 203
2 7 189 -40.6000 -81.5400 8 170 -16.0700 -102.9200
-1.2364231614e-01 -3.1253428221e-01 -2.6358387892e+00
213 217 214
2 7 190 -31.0300 -79.5800 8 239 -5.4600 -100.8300
-9.9210475595e-02 -2.6200100897e-01 -2.6322868042e+00
113 67 40
2 7 136 -26.6300 -68.4600 8 173 1.2200 -92.0700
6.6433403434e-01 3.3268090713e-01 -2.8943494289e+00
211 227 226
2 7 206 133.4500 59.5300 8 195 185.1500 36.0100
-1.2258320122e-01 -4.3044625248e-01 -2.6777663744e+00
207 210 203
2 7 260 -29.3000 -104.2300 8 336 -5.8600 -118.4600
-4.1827771229e-01 -2.6216663850e-01 -2.6762841017e+00
54 78 64
2 7 539 -93.9800 -68.0200 8 510 -67.3500 -79.8000
-7.0330911400e-01 -2.3956182556e-01 -2.6159549876e+00
103 173 181
2 7 274 -158.3800 -64.5500 8 243 -131.6100 -74.7400
-7.0791241247e-01 -1.9545451643e-01 -2.5960180391e+00
101 169 182
2 7 277 -160.7300 -55.1800 8 244 -134.0800 -67.9600
-4.8313838891e-01 -5.8515632003e-01 -2.7554235000e+00
88 154 97
2 7 485 -103.7700 -134.5900 8 707 -78.0200 -129.1300
-1.4086666105e-01 -4.7581619969e-01 -2.6894780566e+00
31 28 28
2 7 354 -33.1400 -113.6900 8 480 -9.7000 -125.0700
-6.3624885768e-04 -4.4542825189e-01 -2.7240835235e+00
27 24 29
2 7 359 -2.5100 -105.8700 8 482 21.1200 -119.0100
-9.1143306512e-02 -4.2791700586e-01 -2.6885343014e+00
25 24 24
2 7 361 -22.6600 -103.3100 8 483 1.5100 -117.5800
-1.2325271093e-01 -3.7571461185e-01 -2.6623399390e+00
209 211 208
2 7 367 -30.4600 -92.7600 8 492 -5.2000 -109.9800
-6.3814026451e-02 -3.7027061584e-01 -2.6795555127e+00
207 208 199
2 7 512 -16.8600 -91.0300 8 744 7.7300 -108.4600
8.9180895167e-01 1.8600041429e-02 -3.1373955324e+00
203 212 205
2 7 391 169.6500 -4.4000 8 364 215.6300 -13.6600
2.2812518129e+00 -1.3355260505e+00 -5.2892809674e+00
132 122 127
2 7 480 280.4700 -162.8700 8 509 307.1300 -80.8600
-4.2982300178e-01 -9.8619450622e-01 -2.6246608791e+00
32 35 40
2 7 447 -96.2900 -227.5800 8 432 -74.4800 -213.5800
1.0632163881e-01 -6.0684358684e-01 -2.8162989165e+00
56 9 2
2 7 658 20.8600 -136.5100 8 1015 42.3800 -139.9800
5.5313298434e-02 -6.0234880905e-01 -2.7969182945e+00
166 126 127
2 7 659 10.0900 -136.4000 8 1017 31.8200 -140.1900
-7.1848626800e-01 -4.8424925130e-01 -2.7015704479e+00
128 171 174
2 7 495 -155.8700 -115.1900 8 491 -128.3900 -111.3900
-6.1082414490e-02 -5.1609220930e-01 -2.7342180101e+00
209 212 205
2 7 489 -14.9400 -120.6900 8 706 7.4600 -129.2300
1.6208425690e-02 -5.0461315485e-01 -2.7535257773e+00
210 211 208
2 7 493 1.5500 -117.4900 8 713 24.2700 -126.8600
-1.1445555736e-01 -4.6129477499e-01 -2.6944748311e+00
19 19 24
2 7 682 -27.3800 -110.3600 8 1056 -3.8200 -122.4900
-1.1445555736e-01 -4.6129477499e-01 -2.6944748311e+00
19 19 24
2 7 683 -27.3800 -110.3600 8 1057 -3.8200 -122.4900
9.6508194051e-02 -4.3758881567e-01 -2.7559963387e+00
38 21 22
2 7 503 18.2100 -103.0900 8 485 42.4800 -116.3800
3.7968962948e-02 -4.1370211413e-01 -2.7308743488e+00
33 29 32
2 7 504 5.6500 -98.8200 8 731 30.0000 -113.3600
3.7968962948e-02 -4.1370211413e-01 -2.7308743488e+00
33 29 32
2 7 505 5.6500 -98.8200 8 732 30.0000 -113.3600
-1.4556740150e-01 -4.0244580035e-01 -2.6549157129e+00
34 34 36
2 7 506 -35.0900 -98.8500 8 726 -10.8400 -115.2600
-4.8079894129e-01 -3.4286672679e-01 -2.6767908780e+00
54 99 66
2 7 524 -107.3100 -85.5300 8 761 -80.6900 -93.6400
2.3319303154e-02 -3.3718492563e-01 -2.6917850839e+00
244 44 38
2 7 525 1.9200 -83.4100 8 752 27.4800 -102.9800
8.4948682066e-02 -3.1207492151e-01 -2.7003633996e+00
63 7 1
2 7 534 15.3700 -77.6700 8 501 41.3100 -98.7400
2.2217525450e-01 4.0231595578e-01 -2.7427225470e+00
182 211 220
2 7 570 43.2600 76.3300 8 561 87.4800 50.2300
-1.3794983054e-01 -6.4032823044e-01 -2.7557696117e+00
31 21 0
2 7 654 -30.8800 -146.2200 8 1007 -8.9900 -146.8700
-1.3794983054e-01 -6.4032823044e-01 -2.7557696117e+00
31 21 0
2 7 655 -30.8800 -146.2200 8 1008 -8.9900 -146.8700
-7.0473031806e-01 -5.0101293907e-01 -2.7173669715e+00
147 33 69
2 7 670 -151.7500 -118.2200 8 1077 -124.9000 -113.0400
-1.3058053843e-01 -4.5563430540e-01 -2.6890350135e+00
210 209 202
2 7 688 -31.0700 -109.3300 8 1058 -7.2200 -121.6800
6.7882530549e-02 -4.3850487212e-01 -2.7468488591e+00
25 21 25
2 7 698 12.1500 -103.6000 8 1071 36.2300 -116.8700
6.7882530549e-02 -4.3850487212e-01 -2.7468488591e+00
25 21 25
2 7 699 12.1500 -103.6000 8 1072 36.2300 -116.8700
-1.3176390923e-01 -4.1124886290e-01 -2.6648055190e+00
213 215 208
2 7 702 -31.8900 -100.4600 8 1073 -7.6600 -116.1400
2.0042661981e-02 -3.9214063095e-01 -2.7077332795e+00
216 224 217
2 7 707 1.5000 -94.8800 8 734 26.1800 -111.4800
5.4610368446e-02 -3.8687511175e-01 -2.7159522569e+00
223 223 222
2 7 708 9.0000 -93.4700 8 737 33.8000 -110.4200
8.0074772094e-02 -3.8361241412e-01 -2.7236886407e+00
220 225 217
2 7 711 14.5200 -92.5200 8 741 39.4100 -109.5700
3.6180587753e-03 -3.6410631035e-01 -2.6987375587e+00
238 38 34
2 7 717 -2.0700 -89.0900 8 1089 22.7900 -106.8200
3.1408629807e-02 -3.6179393931e-01 -2.7067930638e+00
237 39 35
2 7 718 4.0000 -88.3400 8 1094 28.9500 -106.1700
-4.6588320744e-01 -2.2805250038e-01 -2.6345774151e+00
68 89 79
2 7 733 -105.9300 -61.4300 8 765 -79.6300 -76.2800
-1.0715024322e-02 -4.6499151910e-01 -2.7209248547e+00
217 218 216
2 7 938 -4.8500 -110.1800 8 1055 18.8400 -122.7100
-3.6551339483e-01 -1.9078254505e-01 -2.6789805861e+00
204 216 208
2 7 1007 -82.7500 -52.4300 8 1142 -55.5100 -66.9100
1.0135165792e+00 2.1050692454e-01 -3.1633356870e+00
62 54 55
2 7 558 191.8200 32.2000 8 554 246.0600 22.4700
-4.2216401655e-01 -5.4167923781e-01 -2.7703633533e+00
100 164 102
2 7 178 -90.7900 -124.8900 8 238 -64.7900 -121.3500
-5.8555279941e-02 -4.2149259912e-01 -2.6952094304e+00
144 144 142
2 7 263 -15.5000 -101.6800 8 337 8.6700 -116.4300
-5.0200064057e-01 -3.2558844911e-01 -2.6562794243e+00
78 158 113
2 7 268 -112.5900 -82.3200 8 348 -86.4000 -91.9900
-1.6770186450e-01 -4.9725598304e-01 -2.7022816355e+00
203 202 195
2 7 259 -38.6600 -117.8800 8 234 -15.1400 -126.8900
1.0135165792e+00 2.1050692454e-01 -3.1633356870e+00
62 54 55
2 7 557 191.8200 32.2000 8 555 246.0600 22.4700
2.0081011687e+00 -9.2206529205e-01 -5.7726423689e+00
128 117 120
2 7 944 230.8400 -106.3600 8 794 271.0000 -11.8500
1.9631799407e+00 -7.8620953901e-01 -5.9335430554e+00
140 130 133
2 7 715 220.8000 -89.5100 8 544 264.6200 8.9700
1.9631799407e+00 -7.8620953901e-01 -5.9335430554e+00
140 130 133
2 7 716 220.8000 -89.5100 8 545 264.6200 8.9700
2.0853825939e+00 -6.7685116856e-01 -6.0411625247e+00
133 122 128
2 7 988 230.5100 -76.5500 8 1210 277.1200 22.8700
2.4976270442e-01 4.2741956665e-01 -2.7395165018e+00
217 247 254
2 7 574 48.9200 81.8500 8 562 94.8200 55.0900
1.9584082455e+00 -1.1322103264e+00 -5.5490714396e+00
80 74 79
2 7 908 233.0700 -133.8100 8 1157 266.8000 -42.9000
1.9156459782e+00 -8.0817449772e-01 -5.9129706539e+00
92 77 80
2 7 968 216.3400 -92.1800 8 1192 259.5100 6.4300
-3.1556721093e-01 -8.8622606043e-01 -2.6840188958e+00
28 79 153
2 7 827 -69.9100 -202.2400 8 938 -48.8800 -192.6200
-3.1556721093e-01 -8.8622606043e-01 -2.6840188958e+00
28 79 153
2 7 828 -69.9100 -202.2400 8 939 -48.8800 -192.6200
4.1336702957e-02 -8.4180294190e-01 -2.7330918804e+00
212 233 126
2 7 852 7.4100 -190.0000 8 949 24.2500 -187.9700
2.4828980900e-01 4.4675209971e-01 -2.7406123346e+00
21 50 52
2 7 1077 48.4600 85.9300 8 821 95.0300 59.5900
-4.6041555982e-01 -2.7829276514e-01 -2.6648174310e+00
62 85 67
2 7 270 -103.4500 -71.8000 8 350 -76.9600 -83.0700
-7.4832829194e-01 -1.9318620571e-01 -2.5789866979e+00
138 147 165
2 7 541 -170.5300 -55.0000 8 517 -144.0600 -68.2400
-1.0745779213e-02 -5.0985876556e-01 -2.7467338294e+00
218 220 218
2 7 668 -4.3400 -118.8700 8 1042 18.5600 -127.9300
-6.9388243323e-01 -6.1619843054e-01 -2.7601636267e+00
113 35 38
2 7 895 -147.0100 -140.7900 8 1041 -119.6800 -128.9900
-7.1964434052e-01 -8.3009287059e-03 -2.5198412150e+00
181 136 130
2 7 34 -167.8900 -14.0400 8 28 -143.6000 -36.7200
9.3272762252e-01 7.4768836255e-01 -3.0419089041e+00
208 217 216
2 7 61 178.9800 137.9100 8 36 256.7200 129.6400
-2.9899324306e-02 -8.4122422342e-01 -2.7574416226e+00
234 237 74
2 7 93 -7.8900 -188.4600 8 120 10.8500 -183.2100
-1.4610282296e-01 -8.2840773314e-01 -2.7565921634e+00
227 230 74
2 7 95 -32.5700 -185.7800 8 78 -12.0400 -178.4100
-9.9210475595e-02 -2.6200100897e-01 -2.6322868042e+00
113 67 40
2 7 135 -26.6300 -68.4600 8 172 1.2200 -92.0700
6.7077034399e-01 -3.5567301811e-01 -3.5098259041e+00
122 123 123
2 7 137 119.3200 -69.4700 8 134 152.3600 -45.9700
-1.6740667598e-01 -3.1921246780e-01 -2.6184991323e+00
207 206 203
2 7 188 -40.6000 -81.5400 8 169 -16.0700 -102.9200
-6.4010089130e-01 -1.7556174134e-01 -2.6252185907e+00
128 158 170
2 7 194 -144.0800 -50.2900 8 245 -117.9300 -62.7200
6.1438006829e-01 2.2985522836e-02 -3.1087836644e+00
67 116 50
2 7 200 117.5900 -4.1200 8 181 159.6100 -9.5000
-1.7206420448e-01 -9.4736927978e-01 -2.6891702365e+00
87 94 94
2 7 237 -38.3200 -215.1300 8 218 -21.1000 -205.5100
-1.4435006762e-01 2.5364415901e-01 -2.7498085615e+00
64 190 226
2 7 310 -34.2000 43.4100 8 193 -0.2400 25.7600
-4.8218568345e-01 -6.4183997932e-01 -2.7702780584e+00
30 58 39
2 7 348 -102.9000 -145.8400 8 473 -77.1800 -137.3500
-8.8658535939e-02 2.6581939426e-01 -2.7692106444e+00
230 110 152
2 7 406 -22.3000 45.8400 8 268 13.2100 28.6100
-1.6887890606e-01 -9.9737186306e-01 -2.6390349083e+00
24 60 49
2 7 443 -38.7900 -229.3900 8 421 -22.1700 -220.2100
-2.1002576676e-01 -8.9786074453e-01 -2.7496644815e+00
25 70 43
2 7 462 -45.6000 -200.7300 8 449 -25.9200 -189.0400
-3.2591867478e-01 -8.7486035686e-01 -2.6923693329e+00
193 211 214
2 7 464 -71.8600 -199.2800 8 654 -50.6000 -189.4500
1.9513253923e+00 -1.2173607583e+00 -5.4463359512e+00
131 128 132
2 7 483 235.8100 -145.7900 8 525 266.9800 -56.6300
5.7989626986e-01 -6.1493848333e-01 -2.9802626308e+00
37 63 16
2 7 486 115.8900 -131.1900 8 703 136.6200 -133.9900
-4.8079894129e-01 -3.4286672679e-01 -2.6767908780e+00
54 99 66
2 7 523 -107.3100 -85.5300 8 760 -80.6900 -93.6400
-1.3522050943e-01 -2.8306946061e-01 -2.6215081543e+00
114 64 37
2 7 536 -33.8700 -73.4100 8 1109 -8.1400 -96.4000
-1.6834400685e-01 -1.6476993003e-01 -2.7669649955e+00
201 200 180
2 7 543 -38.3200 -45.3600 8 524 -9.7700 -57.8700
9.7497648053e-03 -2.8378265119e-02 -2.8420421820e+00
41 15 18
2 7 546 -0.0100 -15.9100 8 251 31.6500 -28.3400
2.2199104988e+00 -9.6152852538e-02 -6.6936989519e+00
96 94 99
2 7 547 223.8100 -15.0400 8 387 285.3600 99.0600
6.2774409142e-01 3.2118124333e-01 -2.9175088241e+00
115 128 103
2 7 563 124.8600 56.6100 8 370 176.2200 35.8900
-1.5016331014e-01 3.7319110583e-01 -2.8466551440e+00
215 242 198
2 7 566 -34.5500 66.4700 8 373 3.3000 58.2200
4.5244427150e-01 4.8712512435e-01 -2.7949951624e+00
41 53 63
2 7 577 91.2000 93.4300 8 277 143.9000 67.9400
-1.9092622156e-01 -9.6438742383e-01 -2.6657560916e+00
40 42 44
2 7 614 -43.1900 -220.3500 8 631 -25.3600 -210.8300
1.9898873971e+00 -1.6332947496e+00 -4.9532231436e+00
94 75 73
2 7 620 259.9100 -210.1000 8 708 275.6200 -128.2900
-1.7651867833e-01 -8.9758889239e-01 -2.7408632646e+00
28 61 38
2 7 625 -38.7600 -201.2400 8 651 -19.5400 -190.8900
2.0246516395e+00 -1.5568678540e+00 -5.0389387007e+00
148 132 134
2 7 630 260.6200 -197.5400 8 725 279.0900 -115.3700
2.0813570234e+00 -1.5221664402e+00 -5.0884143153e+00
140 138 144
2 7 633 265.4300 -191.5300 8 739 285.2300 -109.4300
2.2162861736e+00 -1.5115692912e+00 -5.0917496447e+00
81 63 71
2 7 634 281.6300 -189.8700 8 738 301.5300 -109.7400
2.0280536713e+00 -1.4800554337e+00 -5.1343669821e+00
137 130 139
2 7 637 257.0000 -185.0600 8 754 278.5700 -101.6900
1.8151049012e+00 -1.4624321794e+00 -5.1511376521e+00
150 138 144
2 7 639 230.6200 -182.7900 8 758 253.2400 -96.3400
2.1503909893e+00 -1.4257208880e+00 -5.1912828243e+00
128 119 123
2 7 641 269.2800 -176.5700 8 759 292.6700 -94.1900
1.9759213303e+00 -1.2696294322e+00 -5.3858926264e+00
99 89 87
2 7 648 240.9500 -153.2200 8 773 270.2100 -65.3800
2.2542649239e+00 -9.1024879546e-01 -5.8024073667e+00
83 65 62
2 7 694 256.4700 -104.2500 8 539 297.7900 -12.0400
2.2156625826e+00 -8.0079655884e-01 -5.9221276719e+00
86 74 77
2 7 712 247.8900 -90.8700 8 542 292.4300 4.3800
2.2156625826e+00 -8.0079655884e-01 -5.9221276719e+00
86 74 77
2 7 713 247.8900 -90.8700 8 543 292.4300 4.3800
2.1028099868e+00 -7.1077949271e-01 -6.0317198877e+00
86 71 71
2 7 725 232.2300 -80.2100 8 802 278.9400 18.8400
2.1028099868e+00 -7.1077949271e-01 -6.0317198877e+00
86 71 71
2 7 726 232.2300 -80.2100 8 803 278.9400 18.8400
2.1422797896e+00 -3.4620402578e-01 -6.3908283559e+00
110 110 111
2 7 740 224.9800 -40.2400 8 1232 280.8100 66.9800
8.5271545425e-01 -8.7943073282e-02 -3.2239556633e+00
100 101 90
2 7 745 159.5000 -24.3400 8 787 201.0200 -25.7400
6.8228917326e-01 2.3948149240e-01 -2.9116096399e+00
204 224 224
2 7 760 136.3300 40.2600 8 798 185.8900 17.1800
1.8541588494e+00 -1.6830543629e+00 -4.8902372918e+00
96 80 85
2 7 809 245.6000 -218.9800 8 1027 259.6200 -135.8700
-4.1749330965e-01 -9.5668632404e-01 -2.6662949566e+00
34 71 51
2 7 811 -92.0300 -218.3300 8 922 -70.2100 -203.7700
1.7400140514e+00 -1.6175566852e+00 -4.9585182753e+00
99 83 85
2 7 818 228.5500 -208.4200 8 1052 245.5600 -123.2300
1.8372333468e+00 -1.5830028518e+00 -4.9911233889e+00
90 79 81
2 7 823 239.4100 -202.7900 8 1067 257.2900 -118.7800
-2.9527972969e-01 -8.8825706460e-01 -2.6806687882e+00
20 78 160
2 7 826 -65.6400 -202.9100 8 937 -44.9900 -193.8800
2.1274020096e+00 -1.5246798080e+00 -5.0825826842e+00
88 75 79
2 7 842 271.1600 -191.9500 8 1081 290.9700 -110.6100
6.5291196928e-02 -8.4401839311e-01 -2.7328940221e+00
216 238 122
2 7 848 12.5300 -190.4800 8 945 29.0400 -188.9400
4.1336702957e-02 -8.4180294190e-01 -2.7330918804e+00
212 233 126
2 7 851 7.4100 -190.0000 8 948 24.2500 -187.9700
2.2766209988e+00 -1.5082819618e+00 -5.1108610731e+00
81 72 77
2 7 855 288.0400 -188.7200 8 743 308.1400 -108.9600
1.8138704543e+00 -1.0639672965e+00 -5.6147641613e+00
127 113 115
2 7 914 214.5500 -125.0500 8 1168 250.2500 -31.2200
2.2706123248e+00 -1.0657489316e+00 -5.6108586938e+00
85 73 75
2 7 919 265.6000 -124.6400 8 785 302.1000 -36.6300
1.9478882859e+00 -9.8940900090e-01 -5.6923968342e+00
128 119 126
2 7 928 226.9400 -115.1600 8 1175 264.9500 -21.5500
2.0939054438e+00 -9.3730949932e-01 -5.7601529997e+00
80 57 57
2 7 940 240.5800 -108.1000 8 791 280.6200 -14.8700
-7.6655146046e-02 -4.4898885683e-01 -2.7051084437e+00
213 213 213
2 7 942 -19.2500 -107.3200 8 1063 4.7600 -119.9700
1.9995344940e+00 -8.9684377906e-01 -5.8187359309e+00
131 119 122
2 7 954 228.4500 -102.9100 8 795 269.2700 -7.2600
2.2868505022e+00 -3.7790825018e-01 -6.4039001655e+00
113 107 114
2 7 1013 238.8900 -43.1300 8 824 294.9500 62.7300
-2.7941209997e-01 -7.3547096332e-02 -2.7691332162e+00
134 94 119
2 7 1021 -61.7900 -26.2700 8 1163 -32.6500 -37.3300
2.2123904168e+00 -6.9859165089e-03 -6.7971801046e+00
80 76 77
2 7 1032 219.9400 -6.6400 8 840 283.7400 110.2400
2.5224556861e+00 2.1322165500e-01 -7.0452589864e+00
49 42 43
2 7 1039 240.9600 13.4900 8 843 312.1600 133.8600
2.4828980900e-01 4.4675209971e-01 -2.7406123346e+00
21 50 52
2 7 1076 48.4600 85.9300 8 820 95.0300 59.5900
