# Bundle file v0.3
11 607
6.8670123826e+02 -9.7155856110e-02 1.3557657199e-02
9.9192603528e-01 -1.2148516172e-01 3.6388130196e-02
1.0496051533e-01 9.4748506276e-01 3.0208499809e-01
-7.1176054668e-02 -2.9582665757e-01 9.5258624697e-01
1.6066179673e-01 1.0240263565e+00 -8.4984196349e-01
6.8733860480e+02 -8.6587042407e-02 3.7526799533e-03
9.7706125312e-01 6.4591897366e-02 -2.0292657405e-01
-1.2799482912e-02 9.6898164720e-01 2.4680101425e-01
2.1257347176e-01 -2.3854235303e-01 9.4758116534e-01
-5.6953549757e-01 8.5041957891e-01 -6.2703358998e-01
7.1653371495e+02 -4.4477087298e-02 -3.5408966066e-03
8.1072728377e-01 3.2436942021e-01 -4.8734561718e-01
-1.4280214621e-01 9.1689395659e-01 3.7271036934e-01
5.6774009757e-01 -2.3257246529e-01 7.8967159630e-01
-1.3564951288e+00 1.1776185955e+00 -1.7002650500e+00
0 0 0
0 0 0
0 0 0
0 0 0
0 0 0
0 0 0
0 0 0
0 0 0
0 0 0
0 0 0
7.0020155683e+02 -7.0651973253e-02 -4.8300647274e-03
9.1615569501e-01 -2.8620109251e-01 2.8062016525e-01
2.0523275127e-01 9.3632504091e-01 2.8491215414e-01
-3.4429385749e-01 -2.0343144401e-01 9.1655735624e-01
1.1512460978e+00 1.0576747691e+00 -7.2426023843e-01
0 0 0
0 0 0
0 0 0
0 0 0
0 0 0
6.9378852408e+02 -9.7004357945e-02 -7.3885054109e-03
9.9819609898e-01 -1.1067109221e-02 -5.9009042373e-02
1.1487223805e-02 9.9991099961e-01 6.7850236169e-03
5.8928699948e-02 -7.4506341821e-03 9.9823438950e-01
-1.8688310685e-01 -5.6620393771e-02 -7.2111312850e-01
7.0097238173e+02 -8.5042088907e-02 -2.3074205632e-02
9.8858424745e-01 5.6090825090e-02 -1.3983921135e-01
-1.0560788727e-01 9.1992829885e-01 -3.7759621174e-01
1.0746236474e-01 3.8805379049e-01 9.1535025856e-01
-2.5756978522e-01 -1.2172191130e+00 -8.4846364180e-01
6.9137577243e+02 -1.1492768198e-01 -1.6271275455e-02
9.1508929691e-01 3.0790253081e-02 -4.0207404665e-01
2.4054955436e-01 7.5857109738e-01 6.0556238500e-01
3.2364716988e-01 -6.5086238987e-01 6.8675371050e-01
-1.2189266004e+00 1.9262582002e+00 -1.1968286593e+00
6.8515642142e+02 -1.1101744066e-01 9.4053510841e-03
9.6718126528e-01 1.7109896277e-02 -2.5351065371e-01
1.4625240422e-01 7.7838812992e-01 6.1050974887e-01
2.0777544213e-01 -6.2755013398e-01 7.5034005290e-01
-3.8374957643e-01 2.1891627888e+00 -9.4599164465e-01
-4.7503637941e-01 -3.5377578354e-01 -2.6961776671e+00
100 179 115
5 7 43 -99.3700 -88.1000 8 55 -72.0800 -96.2300 0 31 -76.7700 -36.8600 5 22 12.2800 -31.3300 10 22 -40.2600 47.4900
-1.4451288141e-01 -8.5878908689e-01 -2.7527811433e+00
227 230 74
5 7 94 -32.5700 -185.7800 8 77 -12.0400 -178.4100 0 71 5.2500 -134.7100 1 78 -46.0200 -147.5200 5 80 113.5800 -130.0100
-4.9232565282e-01 -4.9824180120e-01 -2.7390096943e+00
31 27 24
4 7 73 -101.4600 -114.1900 8 89 -75.9800 -114.3500 0 76 -75.8800 -68.7100 1 87 -112.8700 -64.7200
-4.4587977638e-01 -5.5467176758e-01 -2.7713743258e+00
100 164 102
6 7 177 -90.7900 -124.8900 8 237 -64.7900 -121.3500 0 150 -65.6200 -80.0600 1 169 -102.0200 -77.7000 2 235 -98.1100 -53.4000 5 118 28.6700 -80.3600
-5.2087893268e-01 -4.0743010368e-01 -2.6873581051e+00
36 38 33
6 7 134 -109.3800 -98.0200 8 126 -83.2600 -103.8400 0 154 -85.1300 -48.0500 1 176 -120.3900 -43.1000 2 240 -107.1300 -21.9300 9 155 -146.3800 -31.8600
-1.6528538494e-01 -3.1867500211e-01 -2.6315286462e+00
207 206 203
5 7 189 -40.6000 -81.5400 8 170 -16.0700 -102.9200 0 160 -11.5000 -18.6900 1 180 -48.1400 -23.6400 2 242 -58.1100 -13.7700
-1.2397303550e-01 -3.1129306611e-01 -2.6493002108e+00
213 217 214
6 7 190 -31.0300 -79.5800 8 239 -5.4600 -100.8300 0 162 -4.6800 -17.6200 1 179 -38.3800 -22.9500 2 241 -50.5000 -14.6200 9 165 -66.8500 13.4900
-1.0049194472e-01 -2.5757376169e-01 -2.6432942457e+00
113 67 40
5 7 136 -26.6300 -68.4600 8 173 1.2200 -92.0700 0 166 -1.2100 -6.4800 1 124 -33.3300 -11.0800 2 173 -44.8100 -5.5500
7.1709986525e-01 3.8162453177e-01 -2.9455095295e+00
211 227 226
4 7 206 133.4500 59.5300 8 195 185.1500 36.0100 0 246 128.9500 102.1200 1 195 153.2000 98.5900
-1.2134948870e-01 -4.3605031746e-01 -2.6903890158e+00
207 210 203
8 7 260 -29.3000 -104.2300 8 336 -5.8600 -118.4600 0 310 -0.8900 -45.0100 1 241 -37.6400 -52.2300 2 308 -53.8800 -39.2700 9 240 -64.4900 -15.7400 5 356 93.4500 -31.0900 10 185 44.0100 47.4100
-4.4669659586e-01 -2.5884145578e-01 -2.6911227989e+00
54 78 64
5 7 539 -93.9800 -68.0200 8 510 -67.3500 -79.8000 0 319 -73.8400 -17.0300 1 488 -102.1300 -12.3800 5 360 14.1700 -10.0700
-7.4706376131e-01 -2.3342279039e-01 -2.6131233383e+00
103 173 181
8 7 274 -158.3800 -64.5500 8 243 -131.6100 -74.7400 0 321 -137.4200 -13.6300 1 349 -167.3500 -2.4400 2 433 -132.5600 16.4400 9 350 -191.0300 -2.7600 5 235 -49.7300 -14.8900 10 306 -105.0700 71.0000
-7.5229912679e-01 -1.8494094704e-01 -2.5944216589e+00
101 169 182
6 7 277 -160.7300 -55.1800 8 244 -134.0800 -67.9600 0 322 -139.9000 -3.0400 1 352 -168.9900 8.5700 5 237 -53.4600 -2.0900 10 197 -106.1200 81.8000
-5.0587207943e-01 -5.9938320735e-01 -2.7521324557e+00
88 154 97
7 7 485 -103.7700 -134.5900 8 707 -78.0200 -129.1300 0 438 -77.6800 -90.1700 1 456 -116.6500 -86.3800 2 606 -110.7300 -57.9900 9 327 -141.5200 -75.6100 10 276 -45.9800 -7.8400
-1.4177222889e-01 -4.8548080726e-01 -2.6995399875e+00
31 28 28
8 7 354 -33.1400 -113.6900 8 480 -9.7000 -125.0700 0 449 -3.9200 -55.8800 1 336 -42.4400 -63.0900 2 405 -58.9500 -47.6900 9 337 -69.0400 -27.3600 5 349 92.3900 -44.3300 10 287 39.3200 35.7200
7.7971991178e-03 -4.5373436494e-01 -2.7382530497e+00
27 24 29
8 7 359 -2.5100 -105.8700 8 482 21.1200 -119.0100 0 451 25.6200 -48.0600 1 338 -7.7400 -58.4700 2 403 -31.1400 -49.6900 9 340 -30.9100 -18.4300 5 351 115.7200 -32.6200 10 290 77.9900 41.7600
-8.9052943406e-02 -4.3449339511e-01 -2.7004470683e+00
25 24 24
8 7 361 -22.6600 -103.3100 8 483 1.5100 -117.5800 0 455 5.5400 -44.3500 1 341 -30.2400 -52.1500 2 406 -48.1200 -40.6000 9 343 -56.3300 -14.9000 5 355 98.8200 -31.3500 10 294 52.5500 47.8500
-1.2449843598e-01 -3.7896449798e-01 -2.6697723231e+00
209 211 208
8 7 367 -30.4600 -92.7600 8 492 -5.2000 -109.9800 0 463 -3.0200 -32.4600 1 343 -38.7500 -38.6200 2 413 -53.0300 -27.8000 9 351 -66.3000 -1.9200 5 358 91.1500 -19.4700 10 297 41.2400 61.5300
-5.9939850193e-02 -3.7242197696e-01 -2.6898073123e+00
207 208 199
6 7 512 -16.8600 -91.0300 8 744 7.7300 -108.4600 0 464 10.2900 -30.8800 1 473 -23.9400 -38.4500 2 634 -41.0300 -30.1300 9 507 -49.7400 0.2600
9.4794498474e-01 4.2636239214e-02 -3.1986397907e+00
203 212 205
6 7 391 169.6500 -4.4000 8 364 215.6300 -13.6600 0 492 167.7200 33.9600 1 356 198.4500 17.8600 9 375 205.0500 54.6700 10 312 283.5000 85.8900
2.2795614796e+00 -1.3383692194e+00 -5.2712041528e+00
132 122 127
3 7 480 280.4700 -162.8700 8 509 307.1300 -80.8600 0 581 284.4000 -189.9300
-4.4928320564e-01 -1.0339854033e+00 -2.6124268849e+00
32 35 40
3 7 447 -96.2900 -227.5800 8 432 -74.4800 -213.5800 0 590 -57.4300 -180.0600
1.2000180399e-01 -6.2511243473e-01 -2.8323251199e+00
56 9 2
5 7 658 20.8600 -136.5100 8 1015 42.3800 -139.9800 0 638 51.0400 -83.8600 1 628 17.9200 -99.9100 9 479 2.8400 -59.7300
6.6498005308e-02 -6.1971672650e-01 -2.8098895071e+00
166 126 127
6 7 659 10.0900 -136.4000 8 1017 31.8200 -140.1900 0 641 41.0000 -82.8700 1 630 5.6600 -97.5300 2 798 -25.8100 -85.6900 9 608 -12.0700 -58.7100
-7.6168940415e-01 -4.9531844051e-01 -2.6949960010e+00
128 171 174
8 7 495 -155.8700 -115.1900 8 491 -128.3900 -111.3900 0 644 -134.3300 -71.8500 1 651 -169.3600 -60.3400 2 1125 -142.0200 -30.0300 9 607 -195.0800 -60.8200 5 530 -39.8900 -82.3200 10 566 -108.1500 11.7300
-5.5625106394e-02 -5.2730984296e-01 -2.7407973943e+00
209 212 205
5 7 489 -14.9400 -120.6900 8 706 7.4600 -129.2300 0 646 15.2100 -64.5700 2 809 -44.8700 -60.8200 10 417 63.1200 25.0500
2.6044269359e-02 -5.1542710488e-01 -2.7646222647e+00
210 211 208
6 7 493 1.5500 -117.4900 8 713 24.2700 -126.8600 0 650 30.8400 -61.2900 1 640 -3.5900 -73.1100 2 808 -29.7700 -62.9300 9 484 -24.8500 -33.1100
-1.1353794230e-01 -4.7066153631e-01 -2.7034329443e+00
19 19 24
8 7 682 -27.3800 -110.3600 8 1056 -3.8200 -122.4900 0 655 1.5000 -52.5200 1 652 -35.9100 -60.0700 2 830 -53.7100 -46.4100 9 632 -61.9800 -23.6500 5 760 96.7400 -40.4700 10 589 46.4100 39.5600
-1.1353794230e-01 -4.7066153631e-01 -2.7034329443e+00
19 19 24
8 7 683 -27.3800 -110.3600 8 1057 -3.8200 -122.4900 0 656 1.5000 -52.5200 1 653 -35.9100 -60.0700 2 831 -53.7100 -46.4100 9 633 -61.9800 -23.6500 5 761 96.7400 -40.4700 10 590 46.4100 39.5600
1.1061369986e-01 -4.4347414883e-01 -2.7704252816e+00
38 21 22
7 7 503 18.2100 -103.0900 8 485 42.4800 -116.3800 0 663 45.2900 -45.3700 1 464 15.8700 -58.2300 2 611 -11.6800 -53.4500 9 496 -4.2600 -15.4600 10 422 104.8800 42.8000
4.8855844154e-02 -4.1814373497e-01 -2.7420384009e+00
33 29 32
7 7 504 5.6500 -98.8200 8 731 30.0000 -113.3600 0 667 32.9200 -40.4700 1 660 1.7500 -51.3500 2 622 -22.3500 -45.1000 9 500 -20.9400 -9.6800 10 425 87.9200 49.5000
4.8764050839e-02 -4.1826301212e-01 -2.7427150793e+00
33 29 32
6 7 505 5.6500 -98.8200 8 732 30.0000 -113.3600 0 668 32.9200 -40.4700 1 661 1.7500 -51.3500 2 623 -22.3500 -45.1000 9 501 -20.9400 -9.6800
-1.4744620815e-01 -4.0842758949e-01 -2.6716641667e+00
34 34 36
7 7 506 -35.0900 -98.8500 8 726 -10.8400 -115.2600 0 670 -6.9300 -38.8100 1 669 -43.8200 -44.8000 2 851 -57.7900 -32.1400 5 775 88.2500 -26.2200 10 430 36.1600 54.1200
-5.0708087201e-01 -3.4263185496e-01 -2.6769316883e+00
54 99 66
6 7 524 -107.3100 -85.5300 8 761 -80.6900 -93.6400 0 674 -83.5400 -33.9700 1 484 -117.0900 -29.2300 2 646 -102.6100 -11.0500 9 494 -142.5500 -17.8400
3.2761090709e-02 -3.3690477535e-01 -2.7097653092e+00
244 44 38
7 7 525 1.9200 -83.4100 8 752 27.4800 -102.9800 0 678 27.8200 -22.6800 1 681 -2.1900 -31.8700 2 638 -22.7300 -27.7000 5 790 114.5300 -5.2500 10 621 81.6900 68.5100
9.9498222440e-02 -3.1149095082e-01 -2.7245777575e+00
63 7 1
5 7 534 15.3700 -77.6700 8 501 41.3100 -98.7400 0 684 40.4200 -17.0300 2 640 -9.1600 -26.3100 9 514 -10.2100 15.4700
2.4561319789e-01 4.5712523660e-01 -2.7810894329e+00
182 211 220
5 7 570 43.2600 76.3300 8 561 87.4800 50.2300 0 713 46.4200 120.3800 1 725 54.3800 124.7800 5 607 94.3400 149.9800
-1.3828029067e-01 -6.5986610563e-01 -2.7591529357e+00
31 21 0
7 7 654 -30.8800 -146.2200 8 1007 -8.9900 -146.8700 0 831 0.7800 -94.4000 1 622 -41.2100 -103.2700 9 474 -64.9900 -70.8800 5 527 100.0200 -85.2100 10 545 44.2000 -7.3500
-1.3812480958e-01 -6.6003870070e-01 -2.7598867344e+00
31 21 0
6 7 655 -30.8800 -146.2200 8 1008 -8.9900 -146.8700 0 832 0.7800 -94.4000 1 623 -41.2100 -103.2700 9 475 -64.9900 -70.8800 5 528 100.0200 -85.2100
-7.4472889815e-01 -5.1021811531e-01 -2.7075988141e+00
147 33 69
4 7 670 -151.7500 -118.2200 8 1077 -124.9000 -113.0400 0 841 -130.0000 -75.2000 1 882 -165.4000 -64.1400
-1.3083537098e-01 -4.6408248511e-01 -2.6959222626e+00
210 209 202
8 7 688 -31.0700 -109.3300 8 1058 -7.2200 -121.6800 0 857 -2.1900 -51.2300 1 892 -39.8800 -58.2900 2 1115 -56.6100 -44.3100 9 638 -66.6500 -22.0800 5 1033 93.3200 -39.6200 10 591 41.8600 41.3600
7.9925487359e-02 -4.4482038826e-01 -2.7609463645e+00
25 21 25
8 7 698 12.1500 -103.6000 8 1071 36.2300 -116.8700 0 867 39.5700 -45.8100 1 655 8.8900 -57.9400 2 818 -17.3700 -51.9900 9 647 -12.2000 -15.8700 5 771 126.2000 -28.4700 10 592 96.6700 42.7200
8.0021036877e-02 -4.4470444911e-01 -2.7607636450e+00
25 21 25
7 7 699 12.1500 -103.6000 8 1072 36.2300 -116.8700 0 868 39.5700 -45.8100 1 656 8.8900 -57.9400 2 819 -17.3700 -51.9900 9 648 -12.2000 -15.8700 10 594 96.6700 42.7200
-1.3265764269e-01 -4.1712065941e-01 -2.6792442882e+00
213 215 208
8 7 702 -31.8900 -100.4600 8 1073 -7.6600 -116.1400 0 871 -3.7100 -40.7100 1 902 -40.4200 -47.2200 2 1119 -55.3800 -34.6600 9 822 -67.9000 -11.1600 5 1053 91.0000 -27.9500 10 606 40.3600 52.3800
2.9313218124e-02 -3.9641065443e-01 -2.7265344676e+00
216 224 217
7 7 707 1.5000 -94.8800 8 734 26.1800 -111.4800 0 875 28.4300 -35.2700 1 667 -2.8400 -45.6400 2 839 -25.2800 -39.3100 9 655 -26.6000 -4.7100 10 609 82.1200 54.9300
6.6236060945e-02 -3.9112645597e-01 -2.7381616510e+00
223 223 222
7 7 708 9.0000 -93.4700 8 737 33.8000 -110.4200 0 876 35.5900 -33.9800 1 904 5.7400 -45.1100 2 1116 -18.1500 -40.1900 9 656 -17.0700 -3.2800 10 611 91.6300 55.2900
9.3364626336e-02 -3.8747709612e-01 -2.7467883040e+00
220 225 217
7 7 711 14.5200 -92.5200 8 741 39.4100 -109.5700 0 878 40.8500 -33.0800 1 905 11.9300 -44.7600 2 837 -12.8900 -41.0800 9 657 -10.0300 -2.2500 10 610 98.5400 55.5700
1.2384795204e-02 -3.6588167680e-01 -2.7122790721e+00
238 38 34
6 7 717 -2.0700 -89.0900 8 1089 22.7900 -106.8200 0 881 24.6100 -29.1000 1 676 -6.7300 -38.4200 2 848 -27.5300 -32.6800 9 659 -31.5200 2.3300
4.1540561554e-02 -3.6304410974e-01 -2.7215564676e+00
237 39 35
6 7 718 4.0000 -88.3400 8 1094 28.9500 -106.1700 0 882 30.2100 -28.4200 1 675 -0.1100 -38.3200 2 847 -21.9200 -33.5500 9 660 -24.0100 3.1400
-4.9328707972e-01 -2.2213304901e-01 -2.6481468422e+00
68 89 79
6 7 733 -105.9300 -61.4300 8 765 -79.6300 -76.2800 0 888 -83.5400 -7.4400 1 690 -113.6000 -2.5400 9 666 -138.9800 7.8100 10 625 -45.6700 77.0600
-4.3057717230e-03 -4.7560519003e-01 -2.7394180963e+00
217 218 216
4 7 938 -4.8500 -110.1800 8 1055 18.8400 -122.7100 0 1130 23.5400 -52.3900 9 812 -33.9800 -23.8200
-3.8434736654e-01 -1.8004269775e-01 -2.6885733020e+00
204 216 208
4 7 1007 -82.7500 -52.4300 8 1142 -55.5100 -66.9100 0 1171 -61.1300 0.1100 1 1197 -87.9400 3.7900
1.0871106355e+00 2.4659587796e-01 -3.2341876695e+00
62 54 55
4 7 558 191.8200 32.2000 8 554 246.0600 22.4700 0 1200 182.2800 66.1900 10 856 303.2600 114.5700
-4.4431043506e-01 -5.5404967619e-01 -2.7684416156e+00
100 164 102
4 7 178 -90.7900 -124.8900 8 238 -64.7900 -121.3500 1 170 -102.0200 -77.7000 2 236 -98.1100 -53.4000
-5.4940131869e-02 -4.3078914534e-01 -2.7090834172e+00
144 144 142
6 7 263 -15.5000 -101.6800 8 337 8.6700 -116.4300 1 240 -22.5500 -51.6500 9 243 -47.7600 -13.1400 5 229 105.1600 -30.4700 10 186 60.7500 48.3700
-5.2908581626e-01 -3.2570811549e-01 -2.6601529341e+00
78 158 113
6 7 268 -112.5900 -82.3200 8 348 -86.4000 -91.9900 1 244 -122.9700 -24.9100 2 315 -106.0200 -6.5900 9 242 -148.1700 -13.7000 10 188 -53.4800 56.4100
-1.7052606527e-01 -5.1050269823e-01 -2.7059093347e+00
203 202 195
5 7 259 -38.6600 -117.8800 8 234 -15.1400 -126.8900 1 335 -48.6900 -68.4800 2 402 -64.7600 -51.6500 5 346 88.5600 -52.6600
1.0823809160e+00 2.4805034028e-01 -3.2300023264e+00
62 54 55
3 7 557 191.8200 32.2000 8 555 246.0600 22.4700 1 512 224.7600 54.2600
1.9625743748e+00 -9.0172540842e-01 -5.6875119325e+00
128 117 120
3 7 944 230.8400 -106.3600 8 794 271.0000 -11.8500 1 780 304.6200 -180.8900
1.9080064286e+00 -7.6419666944e-01 -5.8341957288e+00
140 130 133
3 7 715 220.8000 -89.5100 8 544 264.6200 8.9700 1 801 293.5200 -163.5900
1.9080064286e+00 -7.6419666944e-01 -5.8341957288e+00
140 130 133
3 7 716 220.8000 -89.5100 8 545 264.6200 8.9700 1 803 293.5200 -163.5900
2.0269768026e+00 -6.5580427848e-01 -5.9421218571e+00
133 122 128
3 7 988 230.5100 -76.5500 8 1210 277.1200 22.8700 1 815 305.4000 -151.4000
2.7396170290e-01 4.8500740941e-01 -2.7791289467e+00
217 247 254
3 7 574 48.9200 81.8500 8 562 94.8200 55.0900 1 954 60.1200 130.2600
1.9250217704e+00 -1.1146844624e+00 -5.4761911570e+00
80 74 79
3 7 908 233.0700 -133.8100 8 1157 266.8000 -42.9000 1 1007 306.1600 -208.9500
1.8589040770e+00 -7.8454916692e-01 -5.8076220243e+00
92 77 80
3 7 968 216.3400 -92.1800 8 1192 259.5100 6.4300 1 1062 287.8900 -165.7600
-3.2767471677e-01 -9.2564712189e-01 -2.6805477666e+00
28 79 153
3 7 827 -69.9100 -202.2400 8 938 -48.8800 -192.6200 1 1072 -91.4600 -159.4600
-3.2767471677e-01 -9.2564712189e-01 -2.6805477666e+00
28 79 153
3 7 828 -69.9100 -202.2400 8 939 -48.8800 -192.6200 1 1073 -91.4600 -159.4600
5.2634203589e-02 -8.7730471016e-01 -2.7391245727e+00
212 233 126
3 7 852 7.4100 -190.0000 8 949 24.2500 -187.9700 1 1084 -4.3800 -154.3000
2.7288144023e-01 5.0580591251e-01 -2.7816660156e+00
21 50 52
3 7 1077 48.4600 85.9300 8 821 95.0300 59.5900 1 1271 60.3600 133.9800
-4.8672106578e-01 -2.7484339835e-01 -2.6671850994e+00
62 85 67
4 7 270 -103.4500 -71.8000 8 350 -76.9600 -83.0700 2 426 -97.0800 0.0100 9 349 -137.5800 -3.4500
-7.9575775480e-01 -1.8429479475e-01 -2.5771769996e+00
138 147 165
4 7 541 -170.5300 -55.0000 8 517 -144.0600 -68.2400 2 882 -139.3400 27.4600 9 667 -202.0300 7.7300
-3.7930501136e-03 -5.2095903235e-01 -2.7578890143e+00
218 220 218
3 7 668 -4.3400 -118.8700 8 1042 18.5600 -127.9300 2 1087 -35.2100 -62.3900
-7.3554964837e-01 -6.3571810102e-01 -2.7550788519e+00
113 35 38
3 7 895 -147.0100 -140.7900 8 1041 -119.6800 -128.9900 9 963 -188.9900 -94.3100
-7.6552278560e-01 1.5966281384e-02 -2.5200247426e+00
181 136 130
2 7 34 -167.8900 -14.0400 8 28 -143.6000 -36.7200
1.0028993131e+00 8.2669205952e-01 -3.1203840856e+00
208 217 216
2 7 61 178.9800 137.9100 8 36 256.7200 129.6400
-2.3649984514e-02 -8.7414139750e-01 -2.7593990338e+00
234 237 74
2 7 93 -7.8900 -188.4600 8 120 10.8500 -183.2100
-1.4785001814e-01 -8.6041459685e-01 -2.7563187508e+00
227 230 74
2 7 95 -32.5700 -185.7800 8 78 -12.0400 -178.4100
-9.7357434773e-02 -2.5685476704e-01 -2.6455704234e+00
113 67 40
2 7 135 -26.6300 -68.4600 8 172 1.2200 -92.0700
7.0015717348e-01 -3.5182039182e-01 -3.5499746185e+00
122 123 123
2 7 137 119.3200 -69.4700 8 134 152.3600 -45.9700
-1.7026038468e-01 -3.1822876115e-01 -2.6279645839e+00
207 206 203
2 7 188 -40.6000 -81.5400 8 169 -16.0700 -102.9200
-6.7876278787e-01 -1.6403282863e-01 -2.6272863270e+00
128 158 170
2 7 194 -144.0800 -50.2900 8 245 -117.9300 -62.7200
6.5504856889e-01 4.7732342742e-02 -3.1590842950e+00
67 116 50
2 7 200 117.5900 -4.1200 8 181 159.6100 -9.5000
-1.7438078282e-01 -9.8873574205e-01 -2.6828983457e+00
87 94 94
2 7 237 -38.3200 -215.1300 8 218 -21.1000 -205.5100
-1.4891915077e-01 2.9676597642e-01 -2.7791197107e+00
64 190 226
2 7 310 -34.2000 43.4100 8 193 -0.2400 25.7600
-5.0767216731e-01 -6.6138727587e-01 -2.7680696098e+00
30 58 39
2 7 348 -102.9000 -145.8400 8 473 -77.1800 -137.3500
-8.9436331398e-02 3.0968791170e-01 -2.8008528109e+00
230 110 152
2 7 406 -22.3000 45.8400 8 268 13.2100 28.6100
-1.7018386920e-01 -1.0434012086e+00 -2.6297791069e+00
24 60 49
2 7 443 -38.7900 -229.3900 8 421 -22.1700 -220.2100
-2.1587261349e-01 -9.3453969832e-01 -2.7458177002e+00
25 70 43
2 7 462 -45.6000 -200.7300 8 449 -25.9200 -189.0400
-3.3926339135e-01 -9.1129522432e-01 -2.6849251665e+00
193 211 214
2 7 464 -71.8600 -199.2800 8 654 -50.6000 -189.4500
1.9260435709e+00 -1.2060647691e+00 -5.3899950229e+00
131 128 132
2 7 483 235.8100 -145.7900 8 525 266.9800 -56.6300
6.2178406942e-01 -6.3097528375e-01 -3.0082655309e+00
37 63 16
2 7 486 115.8900 -131.1900 8 703 136.6200 -133.9900
-5.0704127722e-01 -3.4312888464e-01 -2.6800805924e+00
54 99 66
2 7 523 -107.3100 -85.5300 8 760 -80.6900 -93.6400
-1.3582809192e-01 -2.7947318363e-01 -2.6328954140e+00
114 64 37
2 7 536 -33.8700 -73.4100 8 1109 -8.1400 -96.4000
-1.7368997919e-01 -1.5218770453e-01 -2.7853683467e+00
201 200 180
2 7 543 -38.3200 -45.3600 8 524 -9.7700 -57.8700
1.5483552557e-02 -6.3139850213e-03 -2.8705072862e+00
41 15 18
2 7 546 -0.0100 -15.9100 8 251 31.6500 -28.3400
2.1229426550e+00 -7.9684366986e-02 -6.5377568352e+00
96 94 99
2 7 547 223.8100 -15.0400 8 387 285.3600 99.0600
6.7680568095e-01 3.6821369160e-01 -2.9733902882e+00
115 128 103
2 7 563 124.8600 56.6100 8 370 176.2200 35.8900
-1.5679292949e-01 4.2421090191e-01 -2.8812988354e+00
215 242 198
2 7 566 -34.5500 66.4700 8 373 3.3000 58.2200
4.9217841398e-01 5.4846886795e-01 -2.8471787651e+00
41 53 63
2 7 577 91.2000 93.4300 8 277 143.9000 67.9400
-1.9422971303e-01 -1.0074828740e+00 -2.6578641844e+00
40 42 44
2 7 614 -43.1900 -220.3500 8 631 -25.3600 -210.8300
1.9990070014e+00 -1.6448997454e+00 -4.9345823281e+00
94 75 73
2 7 620 259.9100 -210.1000 8 708 275.6200 -128.2900
-1.7995681978e-01 -9.3445304395e-01 -2.7374988214e+00
28 61 38
2 7 625 -38.7600 -201.2400 8 651 -19.5400 -190.8900
2.0287383696e+00 -1.5638982008e+00 -5.0158989255e+00
148 132 134
2 7 630 260.6200 -197.5400 8 725 279.0900 -115.3700
2.0837791414e+00 -1.5274598160e+00 -5.0642623385e+00
140 138 144
2 7 633 265.4300 -191.5300 8 739 285.2300 -109.4300
2.2233249143e+00 -1.5186640327e+00 -5.0738156726e+00
81 63 71
2 7 634 281.6300 -189.8700 8 738 301.5300 -109.7400
2.0254397349e+00 -1.4821634437e+00 -5.1046075516e+00
137 130 139
2 7 637 257.0000 -185.0600 8 754 278.5700 -101.6900
1.8053860742e+00 -1.4609798516e+00 -5.1111484912e+00
150 138 144
2 7 639 230.6200 -182.7900 8 758 253.2400 -96.3400
2.1475767268e+00 -1.4266672720e+00 -5.1630426684e+00
128 119 123
2 7 641 269.2800 -176.5700 8 759 292.6700 -94.1900
1.9549893784e+00 -1.2605672668e+00 -5.3351820404e+00
99 89 87
2 7 648 240.9500 -153.2200 8 773 270.2100 -65.3800
2.2114994787e+00 -8.9286830630e-01 -5.7304096589e+00
83 65 62
2 7 694 256.4700 -104.2500 8 539 297.7900 -12.0400
2.1645914630e+00 -7.8143994542e-01 -5.8383151525e+00
86 74 77
2 7 712 247.8900 -90.8700 8 542 292.4300 4.3800
2.1645914630e+00 -7.8143994542e-01 -5.8383151525e+00
86 74 77
2 7 713 247.8900 -90.8700 8 543 292.4300 4.3800
2.0437266308e+00 -6.8972750247e-01 -5.9329493697e+00
86 71 71
2 7 725 232.2300 -80.2100 8 802 278.9400 18.8400
2.0437266308e+00 -6.8972750247e-01 -5.9329493697e+00
86 71 71
2 7 726 232.2300 -80.2100 8 803 278.9400 18.8400
2.0628355399e+00 -3.2617046058e-01 -6.2624778319e+00
110 110 111
2 7 740 224.9800 -40.2400 8 1232 280.8100 66.9800
9.0508929476e-01 -7.0480130038e-02 -3.2782519835e+00
100 101 90
2 7 745 159.5000 -24.3400 8 787 201.0200 -25.7400
7.3556047592e-01 2.8054966694e-01 -2.9665362874e+00
204 224 224
2 7 760 136.3300 40.2600 8 798 185.8900 17.1800
1.8629198951e+00 -1.6963168987e+00 -4.8699243624e+00
96 80 85
2 7 809 245.6000 -218.9800 8 1027 259.6200 -135.8700
-4.3688191656e-01 -9.9941541948e-01 -2.6538883501e+00
34 71 51
2 7 811 -92.0300 -218.3300 8 922 -70.2100 -203.7700
1.7405108097e+00 -1.6248845311e+00 -4.9289360232e+00
99 83 85
2 7 818 228.5500 -208.4200 8 1052 245.5600 -123.2300
1.8385359624e+00 -1.5897276496e+00 -4.9635407407e+00
90 79 81
2 7 823 239.4100 -202.7900 8 1067 257.2900 -118.7800
-3.0632255648e-01 -9.2584185996e-01 -2.6731388718e+00
20 78 160
2 7 826 -65.6400 -202.9100 8 937 -44.9900 -193.8800
2.1318857841e+00 -1.5309808044e+00 -5.0610768311e+00
88 75 79
2 7 842 271.1600 -191.9500 8 1081 290.9700 -110.6100
7.8606857084e-02 -8.7772815854e-01 -2.7361316360e+00
216 238 122
2 7 848 12.5300 -190.4800 8 945 29.0400 -188.9400
5.2971146858e-02 -8.7532827831e-01 -2.7358665484e+00
212 233 126
2 7 851 7.4100 -190.0000 8 948 24.2500 -187.9700
2.2844836874e+00 -1.5155312734e+00 -5.0941599827e+00
81 72 77
2 7 855 288.0400 -188.7200 8 743 308.1400 -108.9600
1.7763054898e+00 -1.0470384993e+00 -5.5396648766e+00
127 113 115
2 7 914 214.5500 -125.0500 8 1168 250.2500 -31.2200
2.2412306436e+00 -1.0527139824e+00 -5.5558704078e+00
85 73 75
2 7 919 265.6000 -124.6400 8 785 302.1000 -36.6300
1.9075563294e+00 -9.7187285899e-01 -5.6167799433e+00
128 119 126
2 7 928 226.9400 -115.1600 8 1175 264.9500 -21.5500
2.0514207722e+00 -9.1954232841e-01 -5.6849526426e+00
80 57 57
2 7 940 240.5800 -108.1000 8 791 280.6200 -14.8700
-7.3269696985e-02 -4.5514001111e-01 -2.7125403308e+00
213 213 213
3 7 942 -19.2500 -107.3200 8 1063 4.7600 -119.9700 10 596 56.9200 42.5100
1.9521776396e+00 -8.7741624651e-01 -5.7340651234e+00
131 119 122
2 7 954 228.4500 -102.9100 8 795 269.2700 -7.2600
2.2064946093e+00 -3.5768719373e-01 -6.2788950056e+00
113 107 114
2 7 1013 238.8900 -43.1300 8 824 294.9500 62.7300
-2.9296085882e-01 -5.4513458018e-02 -2.7872660024e+00
134 94 119
2 7 1021 -61.7900 -26.2700 8 1163 -32.6500 -37.3300
2.1096396734e+00 7.5818894893e-03 -6.6300368115e+00
80 76 77
2 7 1032 219.9400 -6.6400 8 840 283.7400 110.2400
2.4038984130e+00 2.2210194469e-01 -6.8670848044e+00
49 42 43
2 7 1039 240.9600 13.4900 8 843 312.1600 133.8600
2.7340922999e-01 5.0536609875e-01 -2.7846763853e+00
21 50 52
2 7 1076 48.4600 85.9300 8 820 95.0300 59.5900
-6.7157163667e-02 -7.8188301943e-01 -2.7746767549e+00
221 198 54
2 7 8 -16.6000 -169.8900 1 7 -26.7800 -131.1000
-2.9186665571e-01 -7.2882852725e-01 -2.7150660869e+00
23 23 16
2 7 13 -62.3900 -161.8400 1 11 -77.5000 -115.6600
-5.5697216728e-01 3.0126468486e-01 -2.5976276140e+00
220 225 227
3 7 21 -120.6400 45.2700 0 21 -107.2900 94.6800 1 30 -118.8300 106.1800
-6.9160307807e-01 -5.8907822830e-01 -2.7328932280e+00
183 165 141
3 7 25 -140.3000 -133.3100 1 42 -154.7000 -82.2000 2 57 -134.2500 -48.2300
1.1299112037e+00 5.4608978578e-01 -3.1766002535e+00
21 21 23
2 7 37 201.2200 86.2100 1 51 233.7600 111.8600
-8.0273655683e-02 -5.9754111509e-01 -2.7546260163e+00
17 17 15
7 7 40 -20.0200 -134.2400 0 44 10.2300 -79.7900 1 41 -27.5000 -89.8800 2 53 -49.8100 -73.0900 9 35 -52.0200 -54.8200 5 21 109.3100 -67.0700 10 20 56.8000 7.2900
7.5061271584e-01 2.1638471068e-01 -2.9525683465e+00
201 219 218
2 7 49 140.0100 28.3100 1 49 160.0200 66.2700
-6.7198473466e-01 -7.5218371198e-01 -2.8235394593e+00
71 148 161
2 7 68 -130.9100 -160.9600 0 41 -108.4500 -127.7000
-4.9974355414e-01 -7.0404306467e-01 -2.7893412942e+00
97 164 100
4 7 69 -100.5000 -153.3600 0 74 -73.7100 -112.8500 1 82 -114.2800 -109.7700 5 53 26.4600 -117.2700
-4.9870974360e-01 -7.0321845954e-01 -2.7929429247e+00
97 164 100
6 7 70 -100.5000 -153.3600 0 75 -73.7100 -112.8500 1 83 -114.2800 -109.7700 2 163 -111.0700 -77.7800 9 75 -139.2100 -101.3500 5 54 26.4600 -117.2700
3.0678112775e-01 -6.7399240481e-01 -2.9574553768e+00
116 181 93
2 7 71 57.1400 -141.2500 1 60 61.2200 -114.8100
6.7738430136e-01 -6.6891055780e-01 -2.9884258590e+00
113 183 95
2 7 72 127.5300 -138.4900 1 81 141.1500 -118.0800
-3.7546007984e-01 -2.7232685040e-01 -2.7024072462e+00
15 15 14
2 7 76 -80.5100 -70.8600 1 96 -86.7600 -16.1300
1.1245939796e-01 7.2850886940e-01 -2.8077670762e+00
117 123 122
2 7 83 17.3000 127.9600 0 134 13.7400 160.3500
2.8868931587e-01 -9.0980335068e-01 -2.7664667194e+00
242 252 94
2 7 90 54.3200 -195.4200 1 111 49.7800 -165.0400
3.1900819771e-01 -8.5049660326e-01 -2.7567314219e+00
25 23 18
2 7 96 60.6800 -184.0800 1 77 56.7800 -151.6700
-4.6257293712e-01 -4.0091602835e-01 -2.7149470992e+00
90 175 120
4 7 103 -96.8900 -96.0000 0 78 -72.5400 -46.8000 1 89 -106.2800 -43.0300 2 117 -96.3300 -24.8300
6.3252716504e-01 5.0264541331e-01 -2.9372788823e+00
197 217 209
2 7 118 116.8700 82.7100 1 139 136.1800 121.5900
-8.9431033889e-02 6.8285559108e-01 -2.7897972162e+00
147 143 137
3 7 120 -23.4500 119.2800 0 132 -20.7300 151.1800 1 144 -9.2600 163.3000
-7.4766883472e-01 -9.0707075488e-01 -2.9158940413e+00
114 121 128
2 7 126 -140.4500 -185.4500 0 105 -118.7900 -163.6900
6.7455290809e-01 -7.8473393981e-01 -2.8863234686e+00
14 18 12
2 7 129 129.5200 -164.4800 1 113 139.7900 -142.3400
7.2176710013e-01 -7.7611788856e-03 -3.1161357616e+00
109 179 90
2 7 143 130.9900 -14.0600 1 128 153.3100 12.8800
-7.6562181658e-01 6.6354755089e-01 -2.6319447882e+00
157 151 150
2 7 156 -162.2600 117.3400 0 259 -151.0600 151.2500
-3.0860595781e+00 3.3270692487e+00 -9.2273497098e+00
69 44 43
2 7 159 -186.1000 213.5600 0 337 -236.7700 69.2300
-2.6228697470e-01 -8.9193352103e-01 -2.8047118528e+00
111 112 107
2 7 168 -53.9900 -189.6800 1 315 -68.0400 -153.3000
6.9803466843e-01 -8.8033903412e-01 -2.9161198597e+00
21 17 14
2 7 170 131.9500 -181.9500 1 219 145.9100 -164.0900
-4.6779270517e-01 -7.5363375181e-01 -2.8168025895e+00
30 41 26
6 7 175 -92.3700 -161.5800 0 215 -65.4900 -123.0800 1 229 -107.1600 -121.1600 2 230 -108.7800 -88.1900 9 146 -132.0100 -114.0600 5 150 34.3000 -127.6800
-1.0342137814e-02 -5.0327130626e-01 -2.7465687207e+00
126 127 124
5 7 180 -6.4400 -115.4200 0 153 23.6900 -58.6800 1 171 -12.1600 -69.5100 2 166 -36.2800 -58.4400 9 110 -34.8800 -30.4200
8.1627645951e-02 -4.9080266723e-01 -2.7769039184e+00
217 215 212
3 7 181 12.9300 -112.3200 0 221 40.7100 -55.4500 2 233 -18.4800 -61.1900
-4.3981146328e-01 -2.2584831718e-01 -2.6787695984e+00
150 166 158
3 7 192 -94.1900 -61.8800 0 228 -71.7700 -9.4400 1 246 -100.6400 -5.0800
8.7003224179e-01 -4.5157942393e-02 -3.2600010570e+00
55 41 28
2 7 197 154.0000 -19.9800 1 187 182.1100 -1.8100
9.0362282010e-01 -7.4726031611e-03 -3.2382926669e+00
176 181 174
4 7 198 160.5600 -13.6800 1 247 188.6100 6.6700 2 238 181.6200 -31.4700 9 172 199.7200 38.7100
6.0061895492e-01 1.3005671449e-01 -3.1584741455e+00
81 137 68
2 7 201 107.7100 10.6100 1 191 129.6300 36.8000
-2.8133306967e-01 4.9606470068e-01 -2.7386674358e+00
61 49 40
2 7 208 -61.4800 82.9500 0 250 -53.7400 121.8100
-2.7519123509e-01 5.9179282598e-01 -2.7468578391e+00
198 200 194
4 7 210 -60.4200 101.0600 0 352 -53.9100 137.4400 1 266 -48.1100 148.6800 5 283 -9.3100 166.0700
-2.6717350289e-01 6.4068108551e-01 -2.7468316463e+00
151 150 145
3 7 214 -59.3300 111.9100 0 353 -52.6800 145.3700 1 268 -46.3500 158.0700
-1.3958521373e-01 -1.0551977936e+00 -2.6256163822e+00
184 204 207
2 7 224 -32.7100 -232.0800 1 428 -56.9300 -192.9700
-1.4134569199e-01 -9.6587801784e-01 -2.7058248041e+00
41 48 47
2 7 239 -32.0300 -209.5400 1 218 -50.1200 -171.5200
1.0357550390e+00 -9.2855102616e-01 -2.8736983064e+00
60 32 14
2 7 249 200.3600 -191.8200 1 155 223.5500 -180.0400
-2.1325419583e-01 -8.9623737418e-01 -2.7883452392e+00
34 28 16
2 7 250 -44.1700 -191.0000 1 446 -59.5400 -155.1400
-5.2511669380e-01 -7.7865966485e-01 -2.8010385113e+00
95 154 92
3 7 253 -104.5000 -166.9900 0 213 -77.1100 -129.2900 1 228 -120.3700 -125.6000
-1.6552075644e-01 -5.6544439685e-01 -2.7208374212e+00
207 181 39
6 7 256 -37.1900 -129.5400 0 301 -7.0400 -73.9900 1 326 -47.6800 -81.5400 2 398 -65.6200 -62.0000 9 234 -73.6000 -48.1700 5 342 91.0700 -63.0600
-1.6871836779e-01 -5.0993855296e-01 -2.7003797660e+00
203 202 195
5 7 258 -38.6600 -117.8800 1 334 -48.6900 -68.4800 2 401 -64.7600 -51.6500 9 336 -75.5300 -33.8100 10 285 33.2800 30.3600
-1.7209427414e-01 -3.9408729914e-01 -2.6602318757e+00
205 206 201
5 7 265 -40.4400 -96.2200 0 313 -12.3600 -36.2600 1 242 -49.6500 -41.2100 9 246 -77.9800 -6.0800 5 231 83.2700 -24.1900
-1.4520150518e-01 -3.5497589635e-01 -2.6541120450e+00
128 126 128
6 7 267 -35.2500 -88.3700 0 316 -7.7500 -27.2400 1 345 -43.7400 -32.9400 2 310 -55.7100 -21.9500 9 249 -71.9300 3.5400 5 236 86.5600 -13.6600
5.1150948990e-02 -3.1574613286e-01 -2.7097543873e+00
92 1 0
6 7 269 5.5500 -79.3900 1 243 2.3800 -27.6700 2 309 -18.5700 -24.9000 9 251 -22.4400 13.7800 5 238 116.2600 0.2100 10 194 85.7400 73.8200
-5.8061386242e-01 -2.5721455332e-01 -2.6209253450e+00
73 93 72
5 7 271 -124.5100 -69.5800 0 227 -101.9700 -15.0600 1 245 -134.4200 -8.2200 9 353 -160.2300 0.4600 10 193 -67.8900 72.7300
-4.5247820114e-01 -2.6210842009e-01 -2.6787024485e+00
57 78 65
4 7 272 -96.7600 -69.2900 0 320 -73.8400 -17.0300 1 346 -103.7900 -12.6900 5 361 14.1700 -10.0700
-6.9415117055e-01 5.2533122407e-02 -2.5500438731e+00
181 206 156
3 7 289 -152.3100 -5.9600 0 333 -131.9800 48.4600 1 370 -155.3800 59.9500
-5.3088161418e-01 1.1913399728e-01 -2.6738946944e+00
221 78 134
3 7 294 -119.3500 3.4500 1 372 -106.0500 66.9800 2 460 -75.8000 64.9300
-9.2232235540e-01 2.6843365635e-01 -2.6332896831e+00
113 92 92
2 7 307 -192.5300 37.3300 1 384 -185.7500 95.0000
6.0268494366e-01 6.0853074297e-01 -2.8653207120e+00
91 100 79
2 7 319 112.3500 104.9400 1 545 129.9100 147.2700
1.0606743503e+00 7.8327555711e-01 -3.1125425131e+00
198 201 205
2 7 322 190.8600 130.7100 1 267 219.7800 158.4200
-1.4591506067e-01 -5.2918685528e-01 -2.7104325798e+00
53 12 6
5 7 352 -33.8100 -122.0300 1 460 -43.5500 -72.8500 2 608 -61.4900 -56.2000 9 483 -69.5600 -37.9400 10 418 39.3000 26.0000
-5.0366113099e-02 -4.6510264950e-01 -2.7218781263e+00
27 29 33
6 7 357 -14.2700 -109.0100 0 450 14.0900 -50.7200 1 463 -21.4700 -59.8300 2 404 -42.1300 -48.7200 9 338 -45.8700 -21.6600 5 350 106.7400 -36.7900
-8.9072316170e-02 -4.3439296442e-01 -2.7006271760e+00
25 24 24
7 7 360 -22.6600 -103.3100 0 454 5.5400 -44.3500 1 340 -30.2400 -52.1500 2 407 -48.1200 -40.6000 9 342 -56.3300 -14.9000 5 354 98.8200 -31.3500 10 293 52.5500 47.8500
2.6085870953e-02 -4.3352534446e-01 -2.7354330598e+00
210 213 210
5 7 362 0.9200 -101.6700 0 664 28.8600 -44.2400 1 466 -3.6100 -54.1200 9 344 -26.8000 -12.9500 10 292 82.1200 46.8800
-7.7806366236e-02 -4.0332363716e-01 -2.6934103777e+00
25 26 24
5 7 363 -20.4600 -97.4500 0 458 7.1500 -37.3500 1 342 -27.6400 -45.2600 2 411 -44.9900 -34.8800 9 346 -54.1200 -7.4000
-3.4503385923e-02 -3.9739449155e-01 -2.7055266512e+00
29 29 27
5 7 364 -11.5900 -95.9300 0 461 15.7500 -35.8500 1 470 -17.5600 -44.5600 2 408 -37.0900 -36.1700 9 347 -43.0800 -5.5000
-3.4503385923e-02 -3.9739449155e-01 -2.7055266512e+00
29 29 27
5 7 365 -11.5900 -95.9300 0 462 15.7500 -35.8500 1 471 -17.5600 -44.5600 2 409 -37.0900 -36.1700 9 348 -43.0800 -5.5000
-2.2455376986e-02 -3.4467386145e-01 -2.6945356770e+00
215 214 213
7 7 369 -9.4500 -85.3700 0 467 16.9400 -24.5900 1 478 -14.9700 -32.7200 2 416 -33.2900 -26.5500 9 354 -40.5900 6.8500 5 554 106.0100 -8.4900 10 302 67.8000 67.5600
4.6027158032e-03 -3.3680004545e-01 -2.7020590753e+00
33 25 20
5 7 370 -3.8800 -83.5000 0 469 22.4000 -23.0300 1 482 -8.6000 -31.4800 2 414 -27.7300 -26.4300 9 357 -33.8200 8.6300
4.5609590524e-03 -3.3664630908e-01 -2.7029801495e+00
33 25 20
5 7 371 -3.8800 -83.5000 1 483 -8.6000 -31.4800 2 415 -27.7300 -26.4300 9 358 -33.8200 8.6300 10 305 74.5600 68.4900
-4.0473897054e-01 -1.9444148180e-01 -2.6847618454e+00
58 72 62
2 7 379 -86.9500 -55.3500 1 500 -92.5600 0.9500
9.4679550345e-01 4.3305824429e-02 -3.1992525834e+00
203 212 205
6 7 392 169.6500 -4.4000 0 493 167.7200 33.9600 1 357 198.4500 17.8600 2 311 189.8700 -20.9600 9 376 205.0500 54.6700 10 313 283.5000 85.8900
-1.5350224665e-02 7.4606082482e-02 -2.8845128773e+00
120 201 214
2 7 393 -6.1800 -0.4000 0 500 5.8100 42.1100
9.0342664402e-01 7.2704580628e-02 -3.1858761408e+00
197 207 199
2 7 394 161.9400 0.7800 0 495 160.0800 38.8100
9.3556498192e-01 7.7693637793e-02 -3.1814138320e+00
74 62 46
2 7 395 167.2300 2.0300 0 497 166.1200 40.2400
7.4166587219e-01 3.0550735749e-01 -2.9731093240e+00
102 105 88
3 7 405 137.4600 44.9400 0 706 134.0300 88.2000 5 852 167.9500 119.7200
-8.2873254171e-01 3.5449794890e-01 -2.5883223766e+00
151 140 143
3 7 408 -177.5500 55.5400 0 525 -161.9700 99.5400 5 270 -105.4600 116.6900
2.7507241001e-01 -8.4624946992e-01 -2.7572027061e+00
131 135 124
2 7 473 51.8500 -183.2400 1 447 46.8500 -150.1000
6.8353196929e-01 -8.4762123602e-01 -2.9067510775e+00
127 141 136
2 7 476 130.2900 -175.7700 1 444 141.9800 -156.7500
-7.3667108153e-01 -7.6583921298e-01 -2.7926620325e+00
168 74 97
4 7 479 -144.9300 -164.4400 0 627 -122.2000 -131.4300 1 616 -162.2100 -120.2000 2 1071 -145.1200 -79.2900
-5.2355283766e-01 -6.3063658984e-01 -2.7561820784e+00
96 159 106
6 7 484 -106.1100 -139.8200 0 635 -80.4400 -96.9900 1 635 -120.3900 -92.9100 2 603 -114.5100 -62.7500 9 467 -146.7500 -83.6500 5 525 18.7000 -101.4100
-9.0106539022e-02 -5.1963672664e-01 -2.7263766118e+00
207 210 203
4 7 490 -22.1900 -119.7500 0 649 7.2400 -62.5000 1 462 -30.4400 -72.1700 2 607 -50.9000 -57.1500
1.1180579649e-01 -5.2441939192e-01 -2.7961720258e+00
34 12 12
4 7 492 19.0200 -117.5300 1 331 15.6100 -77.3400 9 334 -2.2700 -35.3100 10 415 108.0800 23.5300
8.7077664037e-02 -5.0777230622e-01 -2.7814992511e+00
213 215 211
7 7 494 13.4800 -115.3000 0 651 42.6000 -59.0400 1 461 10.3400 -72.4000 2 600 -18.0000 -64.8600 9 486 -9.6000 -30.9100 5 537 129.9900 -41.8900 10 284 100.9900 27.6500
1.1370133665e-01 -4.9143669611e-01 -2.7841534804e+00
41 14 9
5 7 496 18.8900 -112.1500 0 652 46.8300 -55.5700 2 602 -12.7500 -63.1700 9 488 -2.3700 -26.4200 10 419 107.1600 31.7300
1.1184842529e-01 -4.7127405948e-01 -2.7813929794e+00
41 12 7
5 7 497 18.6500 -108.4900 0 658 46.2700 -51.0600 1 646 16.2200 -64.5400 2 605 -12.2400 -58.8800 9 491 -3.0000 -22.2400
5.9895058740e-02 -4.5692853817e-01 -2.7600510288e+00
20 22 22
5 7 498 8.3400 -106.4400 0 661 36.0300 -48.5100 2 612 -21.3300 -53.4200 9 492 -17.0300 -19.1300 5 544 123.0400 -31.4200
6.0911923755e-02 -4.5804351799e-01 -2.7581915770e+00
20 22 22
5 7 499 8.3400 -106.4400 0 662 36.0300 -48.5100 1 650 4.5300 -60.6000 2 613 -21.3300 -53.4200 9 493 -17.0300 -19.1300
1.0828686998e+00 -5.3797918001e-01 -3.3573597809e+00
32 27 22
2 7 502 188.5100 -103.7500 1 455 223.5200 -101.1600
-5.4871976344e-02 -4.1078453561e-01 -2.7041075311e+00
198 201 193
7 7 507 -15.5400 -98.5500 0 669 12.0600 -38.9900 1 467 -22.3300 -47.6400 2 628 -41.2600 -37.7800 9 502 -47.9000 -9.0600 5 548 103.6800 -23.9500 10 429 60.4000 52.6200
-1.1758523875e-01 -4.0288522817e-01 -2.6817360913e+00
28 31 33
7 7 509 -28.8800 -97.5700 0 671 -0.8000 -37.6300 1 668 -36.8500 -44.4200 2 632 -52.2200 -32.9600 9 504 -64.2400 -7.7200 5 549 92.6900 -24.4500 10 612 44.3300 55.2000
-1.1253772426e-02 -4.0380668025e-01 -2.7157689027e+00
213 216 210
5 7 510 -6.6900 -97.1000 0 672 20.5200 -37.1500 1 468 -12.0300 -47.1900 2 626 -33.1000 -38.7500 5 780 110.1600 -20.8700
-1.1263885127e-02 -4.0399580412e-01 -2.7181966047e+00
213 216 210
7 7 511 -6.6900 -97.1000 0 673 20.5200 -37.1500 1 469 -12.0300 -47.1900 2 627 -33.1000 -38.7500 9 506 -36.6500 -7.4200 5 781 110.1600 -20.8700 10 428 72.0500 53.1900
1.0855620104e-01 -3.7400090592e-01 -2.7500333296e+00
44 10 6
4 7 513 17.6200 -89.9900 1 671 15.5000 -42.1100 2 625 -9.5800 -39.4000 9 508 -6.1600 0.6900
-9.0738482619e-02 -3.5297430602e-01 -2.6732809285e+00
208 211 209
2 7 516 -23.6300 -87.5300 1 677 -30.7600 -33.3500
-9.0800653944e-02 -3.5418164675e-01 -2.6735458174e+00
208 211 209
7 7 517 -23.6300 -87.5300 0 675 3.4100 -26.6800 1 678 -30.7600 -33.3500 2 855 -45.8400 -24.6900 9 662 -58.0900 4.0800 5 785 95.6100 -13.1000 10 619 49.8000 66.7200
-5.7882845284e-01 -3.4472661339e-01 -2.6441210429e+00
37 48 36
2 7 518 -123.0400 -86.6500 1 684 -134.0900 -27.8400
8.2369039530e-02 -3.5266179085e-01 -2.7312181598e+00
246 43 30
6 7 519 12.0800 -85.5200 0 677 38.0400 -26.2200 1 475 9.3600 -36.4000 2 631 -13.9800 -33.8900 9 509 -13.7700 6.5700 5 789 123.1700 -8.2100
8.2413929555e-02 -3.5069866565e-01 -2.7306779095e+00
246 43 30
3 7 520 12.0800 -85.5200 1 476 9.3600 -36.4000 9 510 -13.7700 6.5700
-3.2751582939e-02 -3.4570134543e-01 -2.6882323328e+00
209 214 209
4 7 522 -11.2000 -85.5700 1 680 -17.3800 -32.6500 2 854 -35.2600 -25.9400 9 665 -43.9600 6.6700
3.2260628665e-02 -3.3655596588e-01 -2.7098328774e+00
244 44 38
5 7 526 1.9200 -83.4100 0 679 27.8200 -22.6800 1 682 -2.1900 -31.8700 2 637 -22.7300 -27.7000 5 791 114.5300 -5.2500
8.0057876090e-02 -3.2793695178e-01 -2.7245245857e+00
243 42 33
4 7 529 11.6100 -81.1300 0 680 36.9200 -20.5800 1 481 8.9500 -31.3500 2 635 -13.4600 -28.6700
8.0018362551e-02 -3.2746856203e-01 -2.7240693501e+00
243 42 33
3 7 530 11.6100 -81.1300 0 681 36.9200 -20.5800 2 636 -13.4600 -28.6700
9.9201786210e-02 -3.1059529009e-01 -2.7261891311e+00
63 7 1
4 7 533 15.3700 -77.6700 0 683 40.4200 -17.0300 2 639 -9.1600 -26.3100 9 513 -10.2100 15.4700
-8.0296622507e-01 -1.2286236383e-01 -2.5524550259e+00
177 122 140
6 7 544 -173.6100 -42.6700 0 691 -152.7300 11.3800 1 698 -180.9200 24.0400 2 1179 -139.0800 39.4100 9 673 -203.5800 20.6300 5 560 -67.4800 12.4900
1.0871699589e+00 2.8671553375e-01 -3.2308026653e+00
55 51 53
3 7 560 192.7300 39.6000 0 922 181.1000 71.3200 10 649 299.3000 120.6100
6.7600882528e-01 4.8414745520e-01 -2.9297172025e+00
216 232 231
2 7 573 125.4200 79.4800 0 712 118.6100 119.1300
-7.9736224133e-01 5.5680624857e-01 -2.6175050666e+00
40 21 17
2 7 579 -169.6500 96.2100 0 720 -156.4800 133.5800
-8.1700657852e-01 5.9298949927e-01 -2.6392783173e+00
98 80 77
2 7 584 -172.2800 102.7700 0 722 -159.8000 137.3500
-1.1090545178e-01 7.1431921427e-01 -2.7576974310e+00
134 133 130
7 7 588 -28.1000 126.9500 0 725 -25.3700 158.9200 1 734 -14.4600 172.2600 2 906 21.7400 143.0800 9 707 -36.3200 147.5600 5 618 14.9500 189.8900 10 682 43.3500 202.9200
-1.1019709650e-01 7.1596429004e-01 -2.7605749929e+00
134 133 130
5 7 589 -28.1000 126.9500 0 726 -25.3700 158.9200 1 733 -14.4600 172.2600 5 619 14.9500 189.8900 10 683 43.3500 202.9200
-1.1836005698e-01 -9.2047128192e-01 -2.7673942723e+00
51 35 3
3 7 631 -26.0100 -196.6000 0 809 11.9700 -148.7000 1 808 -41.3000 -161.9200
2.2009022967e+00 -1.4400679086e+00 -5.1431114068e+00
81 76 77
2 7 640 276.1500 -178.5600 0 753 284.8100 -203.1100
-5.1551476005e-01 -8.1009897577e-01 -2.8144059610e+00
35 66 40
6 7 642 -101.8700 -172.5700 0 818 -74.4400 -135.9500 1 832 -118.1000 -132.7600 2 1053 -118.3800 -95.8800 9 589 -144.3300 -127.8800 5 719 28.4900 -143.2100
-7.1694660509e-01 -7.8665907795e-01 -2.8040075225e+00
146 24 52
2 7 644 -140.5300 -168.0200 1 836 -158.0100 -124.9400
1.5789561147e-01 -7.8713754604e-01 -2.8974177233e+00
193 63 29
2 7 645 28.8500 -165.1500 1 831 26.4700 -136.8000
-7.2354809057e-01 -7.1102721273e-01 -2.7805070559e+00
149 26 54
3 7 647 -143.4400 -154.4500 0 630 -120.6000 -119.1700 5 507 -21.3600 -133.3000
1.6738213436e+00 -1.2250165868e+00 -5.3300423441e+00
96 81 88
2 7 652 208.8100 -149.7600 1 755 275.9900 -223.1800
1.6738213436e+00 -1.2250165868e+00 -5.3300423441e+00
96 81 88
2 7 653 208.8100 -149.7600 1 756 275.9900 -223.1800
-5.3497487448e-01 -6.5366823140e-01 -2.7583656179e+00
111 164 112
4 7 656 -108.1800 -144.2600 1 854 -123.0900 -97.9400 2 1079 -117.1600 -66.3900 9 602 -149.6400 -89.1000
8.4341490841e-02 -6.1589938744e-01 -2.8166994697e+00
163 125 122
6 7 661 13.8400 -135.4900 0 837 43.9500 -82.0900 1 857 10.0000 -97.0900 2 797 -22.1400 -86.0700 9 609 -7.1400 -57.7900 10 557 103.2700 0.7100
-7.4385167211e-01 -5.1084766674e-01 -2.7057730462e+00
147 33 69
4 7 669 -151.7500 -118.2200 0 840 -130.0000 -75.2000 1 883 -165.4000 -64.1400 5 529 -35.3400 -84.7500
-4.5166563169e-02 -5.1088980799e-01 -2.7373727058e+00
28 27 23
7 7 671 -13.0400 -117.1900 0 843 16.1900 -60.5600 1 873 -20.0400 -70.7300 2 1094 -42.6900 -58.2500 9 618 -43.8200 -32.4200 5 1023 109.3700 -47.6000 10 571 65.5800 29.4100
-4.5011275793e-02 -5.1037310293e-01 -2.7371799952e+00
28 27 23
6 7 672 -13.0400 -117.1900 0 844 16.1900 -60.5600 1 643 -20.0600 -70.5300 2 1095 -42.6900 -58.2500 9 619 -43.8200 -32.4200 10 572 65.5800 29.4100
-9.3166942093e-02 -4.8928428587e-01 -2.7167894001e+00
214 212 206
5 7 674 -22.9900 -113.7800 0 850 5.9100 -56.3400 1 878 -30.9600 -64.9300 2 822 -50.6300 -51.1500 9 622 -56.4900 -28.0000
3.9293772084e-02 -4.9157365105e-01 -2.7628254315e+00
30 28 28
4 7 675 4.1100 -112.7000 1 644 -0.4400 -67.9300 2 811 -26.4400 -59.0800 10 575 87.6400 31.7900
3.9293772084e-02 -4.9157365105e-01 -2.7628254315e+00
30 28 28
4 7 676 4.1100 -112.7000 1 645 -0.4400 -67.9300 2 810 -26.4400 -59.0800 10 576 87.6400 31.7900
-6.3604515776e-02 -4.8336811083e-01 -2.7250941293e+00
206 209 205
6 7 677 -16.9300 -112.6400 0 851 11.9000 -54.8400 1 880 -24.2900 -64.1500 9 624 -48.9600 -26.5000 5 1031 105.0800 -41.1100 10 578 60.1700 35.3900
-6.3600430181e-02 -4.8396296101e-01 -2.7245055589e+00
206 209 205
6 7 678 -16.9300 -112.6400 0 852 11.9000 -54.8400 1 881 -24.2900 -64.1500 2 1108 -45.1200 -51.5700 9 625 -48.9600 -26.5000 10 579 60.1700 35.3900
-8.2287680881e-02 -4.7508587020e-01 -2.7159259235e+00
22 21 26
5 7 680 -20.8500 -111.1300 0 653 7.8100 -53.2000 1 648 -28.5800 -61.7100 2 827 -48.1600 -48.9400 9 629 -53.8000 -24.5100
-8.2287680881e-02 -4.7508587020e-01 -2.7159259235e+00
22 21 26
5 7 681 -20.8500 -111.1300 0 654 7.8100 -53.2000 1 649 -28.5800 -61.7100 2 828 -48.1600 -48.9400 9 630 -53.8000 -24.5100
1.8170405344e+00 -9.2823716274e-01 -5.6583354515e+00
128 126 131
2 7 684 215.8400 -109.8400 1 777 286.6800 -183.4600
2.3001511423e-02 -4.7318552167e-01 -2.7501639976e+00
214 215 208
6 7 685 0.7100 -109.7600 0 855 29.1400 -51.8100 1 647 -4.2600 -63.3200 2 817 -28.7800 -54.2300 9 634 -26.7600 -23.1400 10 582 82.7100 36.5200
-1.3071769961e-01 -4.6388893355e-01 -2.6954594810e+00
210 209 202
3 7 687 -31.0700 -109.3300 0 856 -2.1900 -51.2300 9 637 -66.6500 -22.0800
-1.8915998595e-02 -4.6400216927e-01 -2.7334671450e+00
13 17 19
7 7 690 -7.9400 -108.3900 0 858 20.3900 -50.3500 1 889 -13.9000 -60.4300 2 824 -36.3800 -50.1900 9 639 -37.8200 -21.1500 5 767 111.4400 -35.5200 10 798 71.7900 39.3100
-9.9599113528e-02 -4.5896673790e-01 -2.7040507453e+00
214 217 211
6 7 691 -24.6100 -107.9300 0 859 4.0800 -49.8200 1 893 -32.7100 -57.6100 2 833 -50.8300 -44.7700 9 641 -58.7100 -20.5400 5 1037 98.3700 -37.4000
-9.9548026626e-02 -4.5857037085e-01 -2.7037925210e+00
214 217 211
6 7 692 -24.6100 -107.9300 0 860 4.0800 -49.8200 1 894 -32.7100 -57.6100 2 834 -50.8300 -44.7700 9 642 -58.7100 -20.5400 10 597 49.9100 42.2700
-1.1561879890e-02 -4.4763901568e-01 -2.7295231496e+00
218 219 217
7 7 693 -6.6000 -104.8800 0 864 21.6000 -46.8600 1 896 -12.2500 -56.8000 2 1111 -34.4500 -47.4500 9 646 -36.1700 -16.9300 5 1046 112.1800 -31.8700 10 804 72.8400 43.5900
6.0889635658e-02 -4.3816767634e-01 -2.7498428398e+00
216 222 220
5 7 700 7.4200 -102.8100 0 665 35.5000 -44.3300 1 658 4.2100 -56.0100 9 498 -17.1500 -13.9100 10 424 92.0100 44.9800
9.4745971547e-02 -4.3177104270e-01 -2.7617383236e+00
216 218 215
7 7 701 15.0200 -100.8400 0 870 42.1700 -42.9300 1 898 12.3300 -55.2300 2 823 -14.0300 -50.2200 9 651 -8.6300 -12.4300 5 1058 127.9200 -25.3600 10 603 100.2200 45.5700
-1.0208076656e-01 -4.1306719387e-01 -2.6894887291e+00
215 222 216
7 7 704 -25.5800 -99.3900 0 873 2.5000 -39.7700 1 901 -33.2700 -47.0800 2 841 -49.7900 -35.7900 9 653 -60.0000 -10.0900 5 1056 96.0400 -26.0600 10 607 48.2800 52.7300
2.8901775838e-02 -3.9525828516e-01 -2.7279915165e+00
216 224 217
7 7 706 1.5000 -94.8800 0 874 28.4300 -35.2700 1 666 -2.8400 -45.6400 2 838 -25.2800 -39.3100 9 654 -26.6000 -4.7100 5 1060 116.2800 -18.1300 10 608 82.1200 54.9300
-1.0455778235e-01 -3.8537648726e-01 -2.6747633702e+00
216 217 214
4 7 709 -26.1500 -93.6600 0 877 1.8900 -33.5600 5 782 95.1600 -19.7300 10 614 45.8800 59.9300
7.8723048832e-02 -3.7463177850e-01 -2.7395786331e+00
21 20 16
7 7 714 11.4600 -90.3900 0 880 37.8500 -30.7300 1 672 8.7200 -41.8900 2 840 -15.2200 -38.0900 9 658 -14.0700 0.5900 5 786 122.8000 -12.5900 10 613 94.7600 58.8900
-3.3908584122e-02 -3.4560160450e-01 -2.6889945745e+00
209 212 208
4 7 720 -11.9400 -85.7500 1 679 -17.3800 -32.6500 2 853 -35.2600 -25.9400 9 664 -43.9600 6.6700
1.0047202541e-01 -3.4136188996e-01 -2.7357259858e+00
110 0 0
6 7 722 15.7900 -83.3300 0 1160 41.3000 -23.7700 1 913 13.7100 -34.5000 2 849 -10.0700 -32.3500 9 835 -9.2500 8.6700 5 1072 125.3400 -4.9400
1.0047202541e-01 -3.4136188996e-01 -2.7357259858e+00
110 0 0
6 7 723 15.7900 -83.3300 0 1161 41.3000 -23.7700 1 914 13.7100 -34.5000 2 850 -10.0700 -32.3500 9 836 -9.2500 8.6700 5 1073 125.3400 -4.9400
2.8269603116e+00 -7.0711422281e-01 -5.9799275004e+00
56 53 56
2 7 724 311.6200 -80.2500 0 1071 291.5600 -118.9100
7.6596988086e-01 5.8104172329e-02 -3.0516817893e+00
111 121 91
5 7 750 140.8800 -2.4300 0 909 142.8500 42.4000 1 699 162.8000 29.2500 2 870 149.6100 -2.6800 9 535 158.1300 68.1500
7.3572307206e-01 1.0621437450e-01 -3.0166764994e+00
164 181 163
4 7 753 135.8200 6.8800 0 916 137.9200 52.2300 1 701 156.7300 40.8200 10 647 235.8600 115.8700
7.4476601610e-01 1.3605974586e-01 -2.9930618849e+00
190 202 191
4 7 754 138.0600 12.6400 0 1199 139.4700 58.7200 1 938 158.5700 48.0200 5 844 177.0300 90.2200
6.9144293955e-01 4.2969668407e-01 -2.9405725355e+00
169 180 166
5 7 762 128.4300 69.0000 0 938 122.8100 109.7400 1 716 147.9500 108.0000 9 705 127.5100 133.5800 10 664 213.0600 170.1500
-3.8891021364e-02 4.6699807092e-01 -2.7871844861e+00
160 151 142
3 7 766 -13.0200 77.1800 0 942 -6.9000 116.5800 5 859 41.5100 144.0300
-3.8891021364e-02 4.6699807092e-01 -2.7871844861e+00
160 151 142
3 7 767 -13.0200 77.1800 0 943 -6.9000 116.5800 5 860 41.5100 144.0300
2.2488693149e-01 4.6225522346e-01 -2.7833266997e+00
27 34 42
4 7 768 39.1900 77.4800 0 948 42.2800 120.7600 1 950 50.2800 125.2800 5 865 89.9100 150.2400
-7.0795075409e-02 5.0923702605e-01 -2.7658738447e+00
116 112 109
3 7 772 -19.8700 86.1300 0 952 -13.7100 125.0400 5 609 34.5400 152.8600
-7.8443238847e-01 5.0489132608e-01 -2.6075783213e+00
52 28 24
3 7 775 -167.7500 85.9500 0 715 -153.6100 125.6200 5 418 -105.0000 148.2500
-2.8534950064e-01 5.5024554103e-01 -2.7397677946e+00
69 61 54
2 7 780 -62.8800 93.9000 1 1279 -51.5100 142.4900
-2.7947671997e-01 6.3574754173e-01 -2.7494934627e+00
133 130 121
2 7 783 -61.4800 110.5700 1 961 -48.5100 157.1300
-7.7003129769e-01 6.9168035445e-01 -2.6263458336e+00
137 122 125
2 7 784 -163.9500 123.3500 0 961 -151.8500 156.3000
-3.0087649305e-01 -9.9605137633e-01 -2.6698207277e+00
15 16 13
3 7 814 -64.2900 -217.0600 0 1027 -25.3500 -168.0200 1 1056 -88.3500 -176.1900
-3.5296284674e-01 -9.3439793019e-01 -2.6741910511e+00
159 184 221
2 7 821 -74.7700 -204.3700 1 1069 -98.0200 -161.0500
1.3364656103e-01 -9.0293733523e-01 -2.7335563416e+00
190 205 90
3 7 836 23.5200 -195.6200 0 1060 64.9100 -137.4600 1 1068 13.2500 -161.3100
1.1674184406e-01 -8.9990043698e-01 -2.7329287647e+00
197 215 102
3 7 837 20.1600 -195.0100 0 1061 61.2900 -137.2500 1 1070 9.4100 -160.3700
-4.2765559607e-01 -7.2066352198e-01 -2.8272324962e+00
93 136 91
5 7 884 -84.8700 -155.0200 0 1079 -57.8600 -115.5300 1 843 -97.8200 -114.7500 9 767 -121.2800 -106.5000 10 538 -23.4600 -40.6700
-5.1865962708e-01 -6.4566632111e-01 -2.7637874431e+00
19 61 23
4 7 893 -104.9900 -143.0700 0 1085 -78.9600 -100.1900 1 1124 -119.0700 -96.1800 10 769 -49.3800 -19.3900
-6.0825203924e-02 -6.3692623212e-01 -2.7751338683e+00
174 121 115
6 7 894 -15.1900 -141.0500 0 1098 15.9000 -88.1300 1 847 -23.5300 -99.2700 2 1067 -49.3500 -81.9500 9 776 -45.3900 -64.2200 10 553 64.7600 -2.4900
-3.6799487587e-02 -6.3241697712e-01 -2.7812760001e+00
188 149 148
5 7 896 -10.4400 -140.0100 0 1104 20.6600 -86.7600 1 850 -17.9700 -98.7100 2 1064 -44.8600 -82.3300 9 777 -39.2000 -62.8800
-1.4672907050e-02 -6.2896969719e-01 -2.7865732345e+00
170 133 129
4 7 897 -6.0000 -139.1800 0 1105 24.9600 -85.7600 1 849 -12.9800 -98.3000 9 779 -33.4300 -61.6500
-5.0450387330e-01 -6.2335723980e-01 -2.7609446568e+00
16 57 22
6 7 900 -102.4600 -138.5900 0 1087 -76.6100 -95.2100 1 862 -116.1000 -91.7000 2 1089 -110.9500 -62.3900 9 772 -141.9500 -82.0400 10 773 -45.5900 -13.8100
4.4082818277e-02 -6.2068385771e-01 -2.8042398544e+00
183 141 145
4 7 904 5.6900 -136.9200 0 1109 36.4800 -83.3900 1 855 0.5700 -97.3800 9 785 -17.8700 -59.2600
1.0542994758e-01 -6.1190783894e-01 -2.8244222986e+00
183 141 139
7 7 907 18.0500 -134.6100 0 838 48.2000 -81.0900 1 858 14.7700 -96.6700 2 1058 -17.9400 -86.7800 9 610 -1.3700 -56.9400 5 1013 136.2100 -64.1400 10 558 108.7600 1.0700
-1.0689060756e-01 -5.0132363157e-01 -2.7163558140e+00
17 15 13
3 7 925 -25.8800 -116.3600 1 875 -34.4000 -67.3900 9 808 -59.6300 -30.9700
-1.0774959777e-01 -5.0177626390e-01 -2.7166387637e+00
17 15 13
4 7 926 -25.8800 -116.3600 0 848 3.1200 -59.4000 1 876 -34.4000 -67.3900 5 1026 98.7100 -47.2700
9.9760745578e-02 -5.0682421983e-01 -2.7888712057e+00
218 222 216
6 7 930 16.4600 -115.0300 0 1124 44.7300 -58.8200 1 872 13.4300 -72.5600 2 1082 -15.5700 -65.4700 9 807 -5.3900 -30.8200 10 791 103.9400 26.9600
-7.4681609619e-01 -4.8960676991e-01 -2.6966326023e+00
22 100 120
2 7 931 -152.8900 -114.1300 1 1145 -166.3000 -59.4400
1.7093255160e+00 -9.4766682074e-01 -5.6057003589e+00
92 77 79
2 7 933 205.5100 -112.9600 1 1044 273.9300 -185.3700
-3.0381174532e-02 -4.7871270518e-01 -2.7342380075e+00
218 220 216
6 7 934 -10.1500 -111.2300 0 853 18.5100 -53.5200 1 884 -16.5700 -63.5600 2 1107 -38.9400 -52.3700 9 627 -40.4300 -24.9300 10 580 68.8900 36.0000
-4.9553191222e-03 -4.7450018185e-01 -2.7411969658e+00
217 218 216
4 7 937 -4.8500 -110.1800 0 1129 23.5400 -52.3900 2 1103 -34.0500 -52.9700 9 811 -33.9800 -23.8200
-7.3319138695e-02 -4.5646510946e-01 -2.7115691345e+00
213 213 213
6 7 941 -19.2500 -107.3200 0 1131 9.2200 -49.1500 1 895 -26.6100 -57.5700 2 1114 -46.0700 -45.8600 9 816 -52.0100 -19.8000 10 595 56.9200 42.5100
9.8233140334e-02 -4.5903518306e-01 -2.7725573986e+00
218 222 217
3 7 946 15.8800 -106.1200 0 1133 43.3800 -48.6400 9 817 -7.0200 -19.2200
9.8567541729e-02 -4.5929549164e-01 -2.7721260874e+00
218 222 217
6 7 947 15.8800 -106.1200 0 1134 43.3800 -48.6400 1 1140 13.2500 -61.6900 2 1099 -14.4000 -55.8700 9 818 -7.0200 -19.2200 10 1033 102.2700 38.6800
-3.3401607787e-02 -4.5194604007e-01 -2.7231568643e+00
219 215 217
5 7 948 -11.0300 -106.1100 0 1135 17.2500 -47.9800 1 897 -17.3600 -57.3000 9 819 -41.7800 -18.2500 10 803 67.2100 42.9500
4.2851620825e-02 -4.5343642750e-01 -2.7507652074e+00
19 15 18
5 7 949 4.6700 -105.6500 0 862 32.3000 -47.7500 1 890 0.3500 -59.1600 2 820 -24.7700 -51.5500 9 644 -21.5900 -18.1400
4.2900528868e-02 -4.5342973888e-01 -2.7505159222e+00
19 15 18
6 7 950 4.6700 -105.6500 0 863 32.3000 -47.7500 1 891 0.3500 -59.1600 2 821 -24.7700 -51.5500 9 645 -21.5900 -18.1400 10 801 87.3900 41.1600
1.6677936813e-03 -4.3683032931e-01 -2.7312082226e+00
13 15 11
3 7 955 -4.0500 -102.4900 0 1138 23.9700 -44.3200 5 1052 114.1000 -29.0900
1.3202071916e-03 -4.3555998827e-01 -2.7343509372e+00
13 15 11
2 7 956 -4.0500 -102.4900 0 1137 23.9700 -44.3200
2.3384204303e-02 -3.5433138131e-01 -2.7122784108e+00
91 2 0
5 7 972 0.0300 -86.7800 0 1153 26.4700 -26.6000 1 1160 -4.1900 -35.9400 2 1124 -25.0200 -30.7800 9 828 -28.8700 5.0400
-2.5190529667e-03 -3.5419460737e-01 -2.7043764930e+00
60 17 11
5 7 973 -5.2800 -86.7700 1 912 -10.1500 -35.2900 2 1126 -29.8900 -29.3900 9 827 -35.3000 4.6400 5 1067 109.8700 -10.3400
-1.5254239516e-01 -3.4548543040e-01 -2.6511382157e+00
17 17 16
7 7 974 -36.7400 -86.7100 0 1158 -9.4700 -25.2600 1 916 -45.1900 -30.3400 2 1131 -56.6600 -19.6400 9 830 -73.7700 5.4300 5 1066 84.7100 -11.8200 10 822 33.6500 69.0000
-1.5241808840e-01 -3.4538962857e-01 -2.6498965191e+00
17 17 16
6 7 975 -36.7400 -86.7100 0 1157 -9.4700 -25.2600 1 917 -45.1900 -30.3400 2 1132 -56.6600 -19.6400 9 831 -73.7700 5.4300 5 1065 84.7100 -11.8200
5.1988731251e-02 -3.4946827771e-01 -2.7210901942e+00
80 1 0
6 7 976 5.9500 -85.5400 0 1156 32.2000 -25.4400 1 911 2.5000 -35.4100 2 1122 -19.3000 -31.5400 9 833 -21.7600 6.3800 10 1052 86.6000 65.2100
-1.3408073589e-02 -3.2900849005e-01 -2.6884887965e+00
222 220 215
2 7 979 -7.8300 -82.3000 1 1163 -12.8400 -29.1700
4.7458565213e-01 -3.1518268802e-01 -2.6238812998e+00
100 173 76
2 7 982 92.9300 -80.3100 1 1175 94.9800 -25.3400
1.9496218804e+00 -6.8203481780e-01 -5.9115258679e+00
133 121 125
2 7 983 223.1100 -79.7500 1 1085 296.5300 -154.1000
5.1143557575e-02 -3.1590419108e-01 -2.7099957802e+00
81 2 0
2 7 985 5.6300 -79.0300 1 918 2.1600 -27.6900
-7.5127248733e-01 -3.0461382062e-01 -2.6332056014e+00
82 166 185
3 7 986 -158.2100 -78.7700 0 1151 -136.7800 -29.3600 5 1044 -46.9000 -32.9700
2.0281440025e+00 -6.5545049420e-01 -5.9399050296e+00
133 122 128
2 7 987 230.5100 -76.5500 1 814 305.4000 -151.4000
1.9561430638e+00 -6.5272700468e-01 -5.9400188608e+00
81 61 63
2 7 989 222.9200 -76.3800 1 1087 296.6200 -150.7000
2.0103063968e+00 -5.5275986604e-01 -6.0376388128e+00
132 119 125
2 7 998 225.9400 -64.9000 1 828 300.4000 -139.6600
-7.6311327466e-01 -2.0960370909e-01 -2.5908583827e+00
72 166 196
2 7 1001 -163.2500 -60.2000 0 1166 -142.0700 -7.9700
-3.8436392399e-01 -1.8018460662e-01 -2.6879261711e+00
204 216 208
3 7 1008 -82.7500 -52.4300 0 1172 -61.1300 0.1100 1 1198 -87.9400 3.7900
8.8311603260e-01 -2.5267846916e-02 -3.2655937457e+00
52 49 34
2 7 1024 155.9100 -16.5200 1 924 184.8200 1.7000
4.9461588498e-01 2.5644433541e-02 -3.1586236931e+00
39 87 4
2 7 1031 88.7500 -8.4400 1 929 108.4100 17.4300
1.0108975359e+00 5.0542936780e-02 -3.2143813783e+00
219 224 220
6 7 1033 180.6300 -2.8600 0 906 177.4400 35.1400 1 930 211.0000 18.2900 2 857 202.8800 -22.7100 9 689 219.5700 57.2700 10 627 296.3400 86.9600
8.6371071771e-01 1.4692627320e-01 -3.1470081149e+00
75 70 62
4 7 1040 155.4500 14.3300 0 915 153.0000 52.2900 9 691 181.5400 73.5000 10 644 261.2600 106.0000
1.0546583467e+00 2.4598452833e-01 -3.2025470346e+00
214 211 214
2 7 1047 188.1600 32.2200 1 939 219.0800 55.3400
6.5229290453e-01 3.7643399148e-01 -2.9810127438e+00
135 152 133
2 7 1058 120.1400 58.0000 1 1236 139.9900 94.6300
6.7555065889e-01 4.1692705204e-01 -2.9450434658e+00
217 232 226
3 7 1061 125.4200 66.3000 1 1242 144.7300 105.1900 10 1102 210.1200 167.2500
6.6208291764e-01 4.2800431810e-01 -2.9450930058e+00
158 175 158
5 7 1064 122.7600 68.5800 0 937 117.5200 108.8000 1 945 142.0800 107.0000 2 1192 143.6300 72.1400 10 866 206.9900 168.0500
-8.6118767514e-01 4.5810513925e-01 -2.6571302252e+00
81 68 68
2 7 1069 -179.5800 74.9700 0 1213 -166.8400 111.4000
-7.6475307394e-01 5.1051005254e-01 -2.5973101016e+00
131 114 108
3 7 1078 -164.5500 87.6600 0 1227 -150.1500 127.9300 5 866 -100.3500 151.1000
6.4552984682e-01 5.8719349642e-01 -2.8392019045e+00
122 139 121
6 7 1089 121.2500 101.8800 0 1234 113.1500 142.8200 1 959 138.4700 145.9800 9 896 109.7200 166.8100 5 872 147.5300 176.1200 10 880 196.8700 204.1500
6.5741129600e-01 5.9420471674e-01 -2.8281622997e+00
190 208 195
2 7 1090 124.0200 103.4900 1 1283 140.9900 148.2600
1.1888499556e-01 -6.2597018395e-01 -2.8365522978e+00
77 25 9
4 8 1016 42.3800 -139.9800 0 639 51.0400 -83.8600 1 629 17.9200 -99.9100 5 753 138.2500 -67.3200
-3.3333922887e-03 -5.2106753684e-01 -2.7568054591e+00
219 220 222
5 8 1043 18.5600 -127.9300 0 1123 24.8700 -62.8300 1 871 -10.3100 -73.8300 2 1088 -35.2100 -62.3900 10 568 77.1300 25.6800
-1.8155931444e-01 -4.7958636739e-01 -2.7151115431e+00
169 124 98
4 0 18 -13.2800 -56.6200 1 21 -48.3300 -61.9400 2 37 -60.2100 -47.8300 9 22 -78.6400 -29.9800
-3.7471695130e-01 3.8278928659e-01 -2.7478768644e+00
233 238 241
3 0 22 -69.0800 99.3100 1 31 -70.7400 110.5200 2 45 -34.0400 95.9500
-3.7626171629e-01 3.8742262101e-01 -2.7588618751e+00
233 238 241
2 0 23 -69.0800 99.3100 1 32 -70.7400 110.5200
5.6933492151e-02 -9.3463002288e-01 -2.7518652516e+00
77 59 18
2 0 28 49.2400 -146.7000 1 18 -3.6100 -167.5900
4.4428322041e-01 2.9890035545e-01 -2.8044345508e+00
97 4 0
2 0 63 86.8500 95.8700 1 50 95.2500 92.3100
-1.2910213911e-01 4.6126305385e-01 -2.8134706213e+00
106 92 79
2 0 64 -23.4900 111.6100 1 75 -19.0200 121.1000
-4.8800988886e-01 -5.0222706345e-01 -2.7249492459e+00
44 41 41
2 0 77 -75.8800 -68.7100 1 88 -112.8700 -64.7200
-6.3905305160e-01 -2.1861571166e-01 -2.6227571953e+00
18 18 16
2 0 82 -114.4300 -9.7600 1 126 -144.9200 0.6700
-1.2366721550e-01 5.7914096469e-01 -2.7985939955e+00
178 183 179
2 0 93 -24.9900 133.0000 1 104 -16.8900 143.5300
-4.8659283456e-01 -1.0523149409e+00 -2.5981673486e+00
29 37 37
2 0 101 -65.9300 -185.2400 1 109 -135.5600 -185.8300
-2.2043509044e-01 5.3532903463e-01 -2.7586862885e+00
186 191 181
4 0 128 -41.9000 126.7700 1 142 -37.1300 137.6000 5 103 4.2500 155.6600 10 135 21.2300 178.3700
-4.6615319780e-01 -6.2993316893e-01 -2.7795799870e+00
41 35 34
4 0 149 -67.7000 -96.3300 1 166 -106.3300 -93.6400 9 150 -132.2800 -84.1500 10 119 -36.0600 -16.4700
-5.3148149502e-01 -2.8754974599e-01 -2.6375247865e+00
77 90 72
3 0 159 -90.1800 -21.2800 1 181 -123.8300 -15.3100 5 125 1.5000 -17.7700
-1.6704599868e-01 -2.6696550937e-01 -2.6275399897e+00
181 111 66
2 0 164 -14.3300 -8.5600 1 182 -48.2400 -12.0500
-1.6704599868e-01 -2.6696550937e-01 -2.6275399897e+00
181 111 66
2 0 165 -14.3300 -8.5600 1 183 -48.2400 -12.0500
-1.7314629299e-01 3.9380420776e-01 -2.8744542617e+00
235 243 247
2 0 182 -30.3900 94.9400 1 136 -25.5800 103.2400
-1.2521581607e-02 -8.7870156293e-01 -2.7185291874e+00
231 233 77
2 0 210 33.5600 -135.7300 1 161 -19.8300 -153.4900
-4.1479765181e-01 -5.7389783408e-01 -2.7857113629e+00
29 21 18
3 0 219 -57.9300 -84.2100 1 325 -95.5200 -82.7500 5 339 35.3100 -82.7000
-6.7072633818e-01 -1.6696605983e-01 -2.6188897434e+00
108 170 188
2 0 229 -122.1900 0.8800 1 248 -150.1000 10.8700
2.7859325334e-01 1.5147429094e-01 -2.8398165481e+00
28 54 17
2 0 240 59.8500 63.7000 1 254 60.0700 61.4500
-1.1631032502e-02 -1.0253929442e+00 -2.6443154510e+00
181 136 67
2 0 283 39.4900 -166.4000 1 212 -26.0900 -188.0200
-1.1631032502e-02 -1.0253929442e+00 -2.6443154510e+00
181 136 67
2 0 284 39.4900 -166.4000 1 213 -26.0900 -188.0200
1.0668372945e+00 -5.7535117475e-01 -3.4310193088e+00
109 103 95
2 0 299 196.6900 -75.0500 1 232 218.9700 -110.0300
-4.5288498450e-01 -1.9442775957e-01 -2.6571672340e+00
89 99 88
3 0 323 -75.3900 -2.1400 1 350 -104.1700 2.7100 2 431 -87.8700 12.9700
-4.4018541003e-01 -1.0119150490e-01 -2.7247345946e+00
180 178 189
2 0 327 -73.5600 12.0000 1 358 -94.8500 17.8300
-6.9298027703e-01 5.0526667833e-02 -2.5457997880e+00
189 209 173
2 0 332 -131.9800 48.4600 1 369 -155.3800 59.9500
-5.2830040229e-01 3.8921429642e-01 -3.0257904560e+00
93 184 215
2 0 339 -93.7500 76.7400 1 377 -82.6300 89.6800
3.0290793619e-01 2.3360815527e-01 -2.8466749799e+00
92 0 0
3 0 340 61.6900 78.0300 1 256 66.1900 76.6400 2 255 65.7800 54.0000
-6.4289586967e-01 2.2844928260e-01 -2.5968818535e+00
228 233 237
4 0 342 -122.6300 80.5800 1 528 -136.7700 91.0200 2 1200 -92.4900 86.1700 5 134 -55.4100 95.9500
-1.9772691281e-01 3.7272708594e-01 -2.9398114509e+00
230 132 164
2 0 345 -34.4700 86.1900 1 383 -27.4300 94.1200
5.3533731856e-01 -1.1337700660e+00 -2.6529541636e+00
145 148 138
3 0 401 161.5200 -175.3200 1 285 103.1700 -224.2500 2 353 0.6100 -205.0400
2.1519855097e-01 -1.0737684394e+00 -2.6275387011e+00
45 49 48
2 0 404 91.4200 -170.9400 1 421 25.3000 -203.6400
5.8959485354e-01 -1.1068627835e+00 -2.6863060138e+00
148 153 142
3 0 408 169.8200 -167.3500 1 208 117.1400 -217.9800 2 201 15.6600 -204.7600
-6.7488643961e-02 -1.0220479442e+00 -2.6477282880e+00
46 51 54
2 0 409 27.0900 -167.3800 1 300 -38.5800 -186.1100
1.2092364540e-01 -9.9713410355e-01 -2.6811962675e+00
42 51 52
2 0 417 66.6300 -157.2800 1 302 6.6400 -183.1600
-3.0631916570e-02 -9.5457641882e-01 -2.7294114010e+00
102 123 109
2 0 421 31.9200 -153.3900 1 439 -24.6000 -170.3000
-5.1477650998e-01 -5.7458327729e-01 -2.7449725480e+00
45 40 40
3 0 439 -79.9000 -84.8000 1 327 -118.1600 -80.1800 5 338 17.6300 -87.8700
-6.7386827675e-01 -3.6607368983e-01 -2.6887161985e+00
201 188 151
4 0 456 -117.8500 -43.2700 1 479 -149.5200 -33.7300 2 869 -123.7600 -10.7400 9 485 -173.6900 -32.4100
-6.9203696364e-01 -2.1986699215e-01 -2.6354022168e+00
208 110 131
4 0 472 -125.2000 -11.0100 1 498 -154.1200 -1.1700 2 655 -122.5000 15.8800 5 362 -39.2900 -9.8300
-5.3580223797e-01 -1.0631401311e-01 -2.6727594838e+00
182 86 114
3 0 482 -93.7900 12.3700 1 504 -117.6900 19.9700 2 660 -91.5100 28.0000
-3.8180734033e-01 -8.7709330571e-02 -2.7465356480e+00
179 195 207
2 0 484 -61.7800 14.2800 1 359 -81.5700 19.3200
-4.1324579054e-01 -7.2837858515e-02 -2.7266567260e+00
186 87 118
2 0 485 -68.5900 17.7400 1 361 -88.8300 23.4900
-4.6367163035e-01 4.0935035679e-01 -3.0623364267e+00
223 122 156
2 0 517 -82.0100 78.6900 1 378 -68.8300 90.6900
-7.0291984336e-01 3.3033068172e-01 -2.5757966297e+00
157 165 158
2 0 524 -136.5900 98.8900 1 719 -147.5800 112.6100
-1.8028592793e-01 5.6688745468e-01 -2.8072909947e+00
192 201 196
3 0 531 -34.9600 129.2900 1 542 -27.9600 140.6800 2 488 8.6500 116.0600
2.4024754158e-01 6.5108734934e-01 -2.8134900460e+00
158 167 162
2 0 536 39.9800 148.0400 1 200 55.8300 158.7800
2.0398614157e-01 6.4609545969e-01 -2.7326384313e+00
150 155 145
2 0 538 34.5300 155.4900 1 390 46.4600 164.1500
-5.0834562895e-01 -1.1488543608e+00 -2.5178789985e+00
91 116 111
2 0 566 -69.9000 -208.1200 1 575 -150.1300 -209.0800
6.7171947219e-01 -8.9077580143e-01 -2.9082026885e+00
147 152 142
3 0 628 166.2000 -126.0500 1 601 139.1400 -166.2700 5 743 242.7000 -93.6500
-5.0648620697e-01 -6.6660495390e-01 -2.7742936615e+00
46 66 42
5 0 633 -75.8400 -104.6400 1 627 -116.2200 -101.3300 2 803 -112.4600 -70.3100 5 523 23.2900 -108.9300 10 402 -45.6900 -24.5100
-1.7416484876e-01 -1.5060367937e-01 -2.7907828504e+00
203 201 179
2 0 688 -19.0000 4.0800 1 692 -38.4300 3.6700
4.4658434549e-01 2.6821828018e-01 -2.8862798152e+00
120 18 18
2 0 705 86.0500 83.4000 1 519 96.6300 80.9000
3.0244363536e-01 -1.1835949966e+00 -2.5257501688e+00
151 171 168
2 0 763 118.9400 -192.2800 1 746 41.2300 -234.9900
-1.1740637542e-01 -9.2155418398e-01 -2.7589807045e+00
43 33 9
2 0 810 11.9700 -148.7000 1 809 -41.3000 -161.9200
2.2775158053e-02 -8.7587303430e-01 -2.7419672576e+00
39 42 6
3 0 819 40.4400 -134.6000 1 610 -10.7200 -153.5200 2 774 -56.1100 -127.7400
2.5444877775e-02 -6.2463923289e-01 -2.7985367202e+00
183 135 133
3 0 834 32.8600 -84.4800 1 851 -3.8100 -97.9400 9 783 -22.8300 -60.2600
2.7436692255e-02 -6.2507337881e-01 -2.7806801337e+00
183 135 133
3 0 835 32.8600 -84.4800 1 852 -3.8100 -97.9400 5 751 127.4300 -68.5500
-1.3245400338e-01 -4.1647905877e-01 -2.6790600292e+00
218 219 217
3 0 872 -3.7100 -40.7100 1 903 -40.4200 -47.2200 2 1120 -55.3800 -34.6600
-4.7682837428e-01 -2.1951372015e-01 -2.3391312131e+00
155 195 197
2 0 899 -85.0500 12.6600 1 696 -136.3200 16.7500
-6.6334764187e-01 3.5853359427e-01 -2.5568292871e+00
230 230 234
2 0 936 -129.3800 106.3700 1 1254 -140.8700 120.0600
-6.9935727366e-01 -8.0699330241e-01 -2.8146425639e+00
195 76 113
2 0 1058 -113.1000 -139.6100 1 834 -153.9900 -129.6800
7.8349500030e-02 -8.7919071158e-01 -2.7385913082e+00
218 234 126
2 0 1064 52.3600 -133.9300 1 811 1.3800 -155.0600
-4.4989646465e-01 -7.3045917333e-01 -2.8187267642e+00
95 130 88
4 0 1074 -62.4300 -118.0700 1 841 -103.0100 -116.3700 9 597 -127.2300 -108.4200 10 537 -29.6200 -42.1700
1.0323499370e+00 -7.6838770368e-01 -2.7648216099e+00
109 144 63
2 0 1094 239.6100 -87.8200 1 1098 226.6300 -140.4700
8.0285765444e-04 -5.9640401468e-01 -2.9000529261e+00
25 19 16
3 0 1110 26.8600 -82.7300 1 860 -6.1800 -95.1900 2 1063 -23.8300 -83.0700
-2.9337713182e-03 -5.2172812610e-01 -2.7556769843e+00
221 222 219
3 0 1122 24.8700 -62.8300 1 870 -10.3100 -73.8300 9 616 -32.5200 -34.7900
1.5343274939e-02 -4.0708775951e-01 -2.7264900718e+00
17 17 18
4 0 1141 25.7700 -37.5200 1 1152 -5.9500 -48.3500 9 1018 -29.9800 -7.4200 10 1042 78.9700 52.5800
1.5427360978e-02 -4.0694814377e-01 -2.7266982958e+00
17 17 18
3 0 1142 25.7700 -37.5200 1 1153 -5.9500 -48.3500 10 1043 78.9700 52.5800
-1.4539429017e-01 -3.9107870975e-01 -2.6661783526e+00
211 214 214
5 0 1144 -6.9700 -35.1800 1 1156 -43.9400 -41.0800 2 1127 -56.0200 -28.9100 9 1020 -72.0000 -5.1300 5 1059 88.2900 -22.4300
-3.7829042930e-02 -3.7549181253e-01 -2.6980486406e+00
223 216 214
4 0 1147 14.5200 -31.3600 1 907 -18.4300 -39.6400 2 1123 -37.0800 -31.7200 9 1026 -44.0100 -0.2900
2.3540853321e-02 -3.5437486034e-01 -2.7128871616e+00
117 6 2
2 0 1154 26.4700 -26.6000 1 1161 -4.1900 -35.9400
9.8759041726e-01 7.2918933389e-02 -3.1960686455e+00
211 209 201
2 0 1187 173.7500 39.5000 1 932 206.4600 23.6300
9.4869038017e-01 7.8891387407e-02 -3.1506055834e+00
204 208 199
2 0 1189 169.2300 42.6100 1 1215 199.2600 27.3500
-4.6459146188e-01 -4.0185358012e-01 -2.7183834295e+00
90 175 120
2 7 104 -96.8900 -96.0000 2 118 -96.3300 -24.8300
-9.5189438073e-02 -5.1749920497e-01 -2.7294808211e+00
200 201 196
2 7 130 -23.1800 -119.2900 2 167 -51.1300 -56.6700
-5.5667565455e-01 1.1503848213e-01 -2.6906079433e+00
221 78 134
2 7 295 -119.3500 3.4500 2 459 -75.8000 64.9300
3.4732512862e-01 -3.8410387406e-02 -3.1209618574e+00
104 154 75
3 7 386 62.4400 -20.4200 9 361 76.1000 19.5000 10 298 158.3400 65.0600
-5.0608430595e-01 -6.6580935615e-01 -2.7733937001e+00
28 57 33
2 7 482 -102.1000 -146.4500 9 465 -142.4700 -92.1500
-5.4662426365e-02 -4.1139909379e-01 -2.7038813900e+00
198 201 193
3 7 508 -15.5400 -98.5500 2 629 -41.2600 -37.7800 9 503 -47.9000 -9.0600
4.8645475491e-02 -4.7152656116e-01 -2.7572674819e+00
214 218 212
2 7 686 5.8900 -109.0800 2 815 -24.1500 -55.3800
9.0991131736e-01 9.2631182160e-03 -3.2168858477e+00
199 203 197
2 7 747 162.0500 -10.5200 2 852 182.5600 -27.3200
6.2069309184e-03 -6.2705248077e-01 -2.7929843358e+00
187 146 145
2 7 898 -1.7700 -138.5600 2 1060 -36.9100 -83.7000
-1.5128540575e-01 -3.7800000741e-01 -2.6612099628e+00
19 18 17
3 7 965 -36.2500 -92.9700 9 1022 -72.9800 -2.3700 10 814 34.6000 62.3500
-1.5196218870e-01 -3.7817898794e-01 -2.6628696502e+00
19 18 17
2 7 966 -36.2500 -92.9700 9 1023 -72.9800 -2.3700
9.5676299477e-02 -2.9624678550e-01 -2.7208569199e+00
247 39 33
2 7 990 14.6600 -74.8000 9 1051 -11.3300 18.7000
-6.8296520937e-01 -2.9615712253e-01 -2.6626166509e+00
183 87 112
2 8 351 -115.9800 -82.8500 9 495 -175.8200 -16.8700
8.0228740922e-02 -3.4507243217e-01 -2.7360786486e+00
243 42 33
2 8 498 37.2800 -102.5500 9 511 -13.7700 6.5700
-6.9530892851e-01 -6.4486482323e-02 -2.5883381537e+00
140 171 175
2 8 1153 -123.5500 -47.5500 9 1064 -177.3700 30.9900
-1.4902266592e-01 -6.9390556510e-01 -2.7423935233e+00
211 185 39
2 0 147 -1.0500 -101.4700 9 152 -70.1900 -75.8700
-1.2424149835e-01 -3.1011039851e-01 -2.6514939344e+00
217 221 216
3 0 161 -4.6800 -17.6200 9 164 -66.8500 13.4900 10 123 40.5300 76.8100
-4.8772305167e-01 3.3052044122e-01 -2.7928668211e+00
235 237 242
2 0 245 -89.0100 84.2800 2 260 -47.6300 86.1400
-1.7146743120e-01 -3.9505744833e-01 -2.6612086299e+00
210 210 205
3 0 314 -12.3600 -36.2600 9 245 -77.9800 -6.0800 10 189 29.8800 57.7600
-5.7391191467e-01 -3.1680807735e-01 -2.6464228559e+00
87 111 87
2 0 315 -98.7500 -28.7500 9 499 -158.3200 -12.5600
-6.6151876168e-01 -4.9543661125e-01 -2.7322106936e+00
116 178 177
2 0 445 -112.2800 -71.3500 2 630 -125.4500 -34.9200
-7.8331016515e-02 -4.0116856773e-01 -2.6948767875e+00
29 29 27
3 0 457 7.1500 -37.3500 2 410 -44.9900 -34.8800 5 357 99.1300 -22.8200
-2.6468898756e-01 3.0713615054e-01 -2.7952061480e+00
95 200 226
2 0 521 -46.0600 84.6400 2 467 -18.9400 78.9900
1.3456221753e-01 -1.3108784421e+00 -2.4916996356e+00
57 23 11
2 0 550 86.7400 -227.6000 9 428 -45.9600 -185.8200
-9.0995892651e-02 -3.5354876389e-01 -2.6738182795e+00
213 214 213
3 0 676 3.4100 -26.6800 2 856 -45.8400 -24.6900 9 663 -58.0900 4.0800
-4.1525696498e-01 -7.5334488720e-01 -2.8426949221e+00
120 147 131
2 0 822 -54.4300 -122.4900 9 595 -117.8500 -114.7600
-7.2645725624e-01 -6.8516520026e-01 -2.7676533622e+00
148 30 57
3 0 824 -121.8800 -113.2700 2 1084 -141.5600 -65.5300 5 513 -23.1400 -126.9800
-1.0882752430e-01 -5.0264473511e-01 -2.7138014058e+00
16 18 13
3 0 847 3.1200 -59.4000 2 1105 -53.9500 -52.9000 5 1025 98.7100 -47.2700
8.0339557359e-02 -4.6354563275e-01 -2.7665475769e+00
218 219 219
3 0 861 40.2300 -49.5600 2 814 -17.7500 -55.6800 9 640 -12.0500 -20.3800
-4.5647848676e-01 4.2057851485e-03 -2.6823437770e+00
170 199 207
2 0 905 -79.3000 34.5200 9 852 -120.4900 42.1600
4.2122112618e-01 1.0768318781e+00 -2.8369797377e+00
59 28 24
2 0 963 60.0400 214.1600 2 340 129.3800 189.4300
-6.1028989014e-02 -6.3727711404e-01 -2.7748800425e+00
162 120 121
2 0 1097 15.9000 -88.1300 2 1066 -49.3500 -81.9500
5.2428544183e-02 -3.5074800476e-01 -2.7189596950e+00
92 7 1
2 0 1155 32.2000 -25.4400 9 832 -21.7600 6.3800
-5.6737552129e-01 -4.8588480433e-01 -2.7224850491e+00
33 35 29
3 1 22 -129.1800 -60.6800 2 58 -111.9800 -37.1200 9 21 -155.3500 -52.3700
4.3669954077e-01 4.6851337903e-01 -2.8401043056e+00
135 210 113
2 1 33 95.1200 123.2700 2 21 100.2400 90.7200
2.1944035985e-01 -1.0109298904e+00 -2.6831449974e+00
21 62 39
2 1 154 29.3100 -188.7400 2 210 -40.8200 -160.6800
8.2789286949e-02 -4.0628165489e-01 -2.7507210899e+00
75 78 77
2 1 175 9.5500 -49.1600 9 158 -12.3000 -6.8700
-5.4541514866e-01 -3.3093277472e-01 -2.6616656794e+00
79 149 108
2 1 178 -125.3000 -25.7500 9 157 -151.7200 -15.7000
6.7167418937e-01 5.2303270179e-01 -2.9044714046e+00
120 123 104
3 1 197 144.1600 129.1600 2 331 148.2300 90.4200 9 192 119.4200 150.1900
2.5066839071e-01 7.0867394929e-01 -2.6880608869e+00
220 231 230
2 1 204 55.3400 180.7500 2 193 71.8600 146.7100
5.4728841737e-01 -1.1020101074e+00 -2.6658450157e+00
41 26 17
2 1 209 106.5700 -216.6100 2 204 6.5400 -199.0900
-4.7365788808e-01 -7.9753041586e-01 -2.8221401675e+00
69 150 100
2 1 225 -108.8100 -130.4500 2 298 -111.2000 -95.8700
-4.1606491767e-01 -7.8092678186e-01 -2.8400980859e+00
76 155 103
2 1 226 -95.6200 -127.8000 2 226 -100.7700 -96.2500
-2.5209452642e-01 3.9163584827e-01 -2.7789636841e+00
168 169 154
2 1 260 -45.5800 110.4700 2 262 -13.8600 92.7000
-2.5209452642e-01 3.9163584827e-01 -2.7789636841e+00
168 169 154
2 1 261 -45.5800 110.4700 2 263 -13.8600 92.7000
6.7406364168e-01 5.2002471081e-01 -2.9056930852e+00
117 121 103
2 1 264 144.6800 128.1700 2 332 148.2300 90.4200
-6.3087604529e-01 -1.1416979285e+00 -2.5237137103e+00
77 106 88
2 1 289 -176.0000 -205.1600 2 382 -189.8100 -135.3100
1.1077696933e-01 -5.2730140270e-01 -2.7958781216e+00
22 19 19
2 1 330 15.6100 -77.3400 9 333 -2.2700 -35.3100
-6.6406220512e-01 -4.9783884012e-01 -2.7391233947e+00
107 170 168
3 1 337 -146.4300 -63.0900 9 331 -171.1700 -62.2700 10 280 -82.2300 7.7100
5.2731678237e-01 1.5164612992e-01 -3.1860340594e+00
18 35 13
2 1 367 115.5700 39.0200 2 320 121.8900 9.9700
-5.1205561251e-01 9.8035964446e-02 -2.6199649175e+00
197 214 166
2 1 371 -112.4700 64.5200 9 379 -134.4800 62.0400
-5.7045079762e-01 1.8888077453e-01 -2.5771680834e+00
212 100 138
2 1 376 -125.0100 85.6700 9 387 -146.7400 77.8800
6.4044419229e-01 3.6620979677e-01 -2.9939012085e+00
161 184 160
2 1 380 137.6700 91.7500 9 405 121.7100 113.9700
2.3090024522e-01 -1.1151854257e+00 -2.5684204294e+00
60 79 96
2 1 416 26.1600 -214.8300 2 538 -59.9300 -179.0500
-3.1727650134e-01 -9.9519240834e-01 -2.6619886162e+00
61 91 78
2 1 438 -92.4400 -175.6600 2 576 -121.7400 -129.8000
9.1630183596e-01 -8.8614727290e-02 -3.2768716327e+00
116 114 101
2 1 490 191.2600 -10.8500 9 363 206.6000 21.0200
9.1603230750e-01 -9.0245928033e-02 -3.2704688257e+00
116 114 101
2 1 491 191.2600 -10.8500 2 615 181.4900 -48.6800
9.4694333230e-01 -2.3652195881e-02 -3.2444243846e+00
205 211 204
2 1 501 197.7100 2.8600 9 369 209.5800 37.7600
7.0061399778e-01 4.7616868277e-01 -2.9104926469e+00
161 169 158
2 1 534 150.0700 118.9800 2 893 151.0600 82.8400
-4.6500194165e-02 -6.5066957914e-01 -2.7788589259e+00
18 18 16
2 1 626 -20.5000 -102.4600 2 799 -47.6700 -85.1000
8.2496361596e-02 -5.0796410374e-01 -2.7819055737e+00
214 216 213
3 1 641 9.6900 -72.4000 9 621 -10.3100 -31.0800 10 569 99.3300 27.1500
6.9759394355e-03 -6.2722186045e-01 -2.7920098262e+00
186 150 152
2 1 853 -8.0600 -98.1600 2 1061 -36.9100 -83.7000
-4.8399973560e-03 -4.7450075369e-01 -2.7419321669e+00
215 219 216
3 1 886 -10.6400 -63.1200 2 1104 -34.0500 -52.9700 10 583 75.5000 36.5900
6.0213827638e-02 -9.7487852690e-01 -2.6797817980e+00
33 69 55
2 1 1053 -7.0000 -177.0300 2 1007 -63.8900 -145.4200
-4.2371937019e-01 -7.3818257957e-01 -2.8332891845e+00
40 64 46
2 1 1115 -96.8200 -118.5400 9 763 -120.2600 -110.7400
-1.2447457256e-01 -6.4360552696e-01 -2.7584632282e+00
144 117 113
3 1 1121 -38.0600 -99.6400 9 775 -62.0000 -66.6800 10 777 47.8200 -3.7200
1.2045085379e-01 -6.1077890494e-01 -2.8315047077e+00
49 7 0
3 1 1122 18.1000 -96.5500 9 787 2.8500 -57.0500 10 785 112.9800 0.8500
-1.0276751003e-01 -5.1363032966e-01 -2.7210942382e+00
213 216 211
3 1 1132 -33.3700 -70.2200 9 992 -58.6200 -33.9800 10 1030 50.4100 28.8500
-1.0281507149e-01 -5.1362074455e-01 -2.7213229535e+00
213 216 211
2 1 1133 -33.3700 -70.2200 9 993 -58.6200 -33.9800
9.9606068362e-02 -4.8298583791e-01 -2.7800199037e+00
214 217 217
2 1 1136 13.3200 -67.0300 9 1004 -6.2100 -24.9500
-7.7030402329e-02 -4.9859231681e-01 -2.7225822465e+00
9 13 17
3 1 1137 -27.6000 -67.1200 9 998 -52.4300 -30.0900 10 1031 56.8700 32.7500
-2.9555548287e-02 -4.6490663455e-01 -2.7281697176e+00
10 13 20
2 1 1144 -16.4500 -60.3100 9 1007 -40.7200 -21.3300
9.3748272953e-02 -4.4694973578e-01 -2.7665042194e+00
16 13 16
2 1 1147 12.0600 -58.6500 9 1011 -8.6500 -16.3400
-5.3182304891e-02 -4.4552993960e-01 -2.7145608923e+00
210 212 205
3 1 1148 -21.9300 -55.4100 9 1010 -47.1300 -16.9300 10 1037 61.8700 44.6600
-1.3166504420e-01 -3.5918011663e-01 -2.6610169936e+00
17 16 18
2 1 1162 -40.3900 -33.9600 9 1028 -68.3200 2.6400
-2.5556148638e-03 -3.2218260121e-01 -2.6957290121e+00
17 20 23
3 1 1164 -10.1500 -28.0800 9 1042 -35.9800 12.1200 10 1056 72.1500 71.9100
-1.2813983023e-01 -2.6288261829e-01 -2.6330726895e+00
174 112 68
2 1 1184 -39.4900 -11.6900 9 1058 -68.5800 24.3800
4.1127897809e-01 -2.0467184879e-01 -2.6343985888e+00
147 214 118
2 1 1193 81.2700 -0.9400 2 1139 39.8500 -10.1800
9.4872565435e-01 5.1333324338e-02 -3.1871023898e+00
213 214 208
2 1 1212 198.7900 19.9400 2 1133 190.1800 -19.0200
8.2404602304e-01 1.7909260925e-01 -3.1498973472e+00
195 198 192
2 1 1219 173.9800 46.3300 9 1091 172.3900 75.3700
8.8167287168e-01 2.0024053935e-01 -3.1284689007e+00
179 185 178
2 1 1220 185.5400 51.5700 9 1104 183.0000 85.0200
7.6073840274e-01 1.6524505115e-01 -2.9640754482e+00
201 213 209
2 1 1223 162.1300 55.5500 9 1119 149.4700 97.4900
7.3883801091e-01 4.0703239595e-01 -2.9269029772e+00
167 173 160
2 1 1241 157.6500 104.8000 9 888 137.2300 135.8000
-6.9785008996e-01 -3.8199556238e-01 -2.6790829027e+00
200 63 107
2 2 424 -128.6900 -12.3200 9 335 -180.0400 -35.0200
-7.5116126636e-01 -1.8647234147e-01 -2.5921707664e+00
108 176 185
2 2 442 -132.2700 25.6700 9 356 -192.1500 7.5600
9.1163094966e-01 4.8347782366e-01 -3.0551311392e+00
131 107 98
2 2 462 198.0800 67.6800 9 413 176.7200 136.4600
-8.8094766336e-02 -1.1985283310e+00 -2.4653527947e+00
13 13 11
2 2 544 -128.9600 -172.4500 9 287 -110.1900 -159.3400
-6.2285973816e-01 -1.0786561259e+00 -2.5147773605e+00
28 28 30
2 2 781 -185.2700 -124.3700 9 574 -227.0800 -157.8700
9.1031092299e-02 -3.7060405789e-01 -2.7423950033e+00
23 16 21
2 2 1117 -12.7900 -37.9000 9 825 -10.9000 1.5500
-8.8857681520e-01 3.4306225292e+00 -9.3351557526e+00
92 58 57
2 7 221 -37.8900 223.6300 5 136 -234.2000 102.5700
-7.5494105072e-01 3.9016279134e-02 -2.5296834428e+00
183 202 153
2 7 287 -166.3000 -8.4800 5 255 -65.1300 54.3100
7.1714750368e-01 -8.5611239944e-01 -2.8529284494e+00
78 118 43
2 7 345 138.4500 -180.1700 10 178 284.4800 -31.9900
-1.0547305467e-01 -2.6609798354e-03 -2.8633016976e+00
71 195 229
2 7 388 -24.1000 -14.9400 5 570 53.5700 45.6000
1.1319396467e-01 -5.2079208777e-01 -2.7969986605e+00
34 12 12
2 7 491 19.0200 -117.5300 10 414 108.0800 23.5300
-3.4553916462e-02 -3.4607307448e-01 -2.6874489204e+00
209 212 208
2 7 721 -11.9400 -85.7500 10 620 64.0900 68.0600
4.5228276489e-01 7.1593857654e-01 -2.7872758474e+00
139 142 130
2 7 785 83.3000 128.3700 5 877 112.5500 198.9200
2.7470783818e-01 -8.3107305916e-01 -2.8224358879e+00
20 19 17
2 0 73 89.1300 -120.4400 5 55 182.4400 -101.3600
-5.5214403762e-01 -3.3304294015e-01 -2.6552193352e+00
88 135 99
3 0 115 -93.4100 -32.1000 5 124 -0.6700 -29.1200 10 85 -60.9200 54.1300
2.9470054694e-01 -9.0737110280e-01 -2.7697621518e+00
240 249 105
2 0 143 97.4000 -135.2900 5 83 197.4700 -113.6100
-4.4123875347e-01 4.8677444819e-01 -2.7263084292e+00
178 177 169
2 0 184 -83.6000 119.4200 5 139 -34.6300 141.2100
3.6201976042e-01 -1.0002552199e+00 -2.7016492968e+00
7 13 12
2 0 205 117.3200 -151.8400 5 116 224.5400 -127.3900
-5.2078839880e-01 -4.0268407292e-01 -2.6911030292e+00
59 56 52
2 0 222 -85.2600 -47.8400 5 156 8.1700 -45.6900
-3.1337134905e-01 6.0804963298e-01 -2.7231537065e+00
192 195 190
2 0 256 -61.3100 141.5300 5 183 -15.9500 169.3200
3.4797418795e-01 -1.3269821252e+00 -2.5634406274e+00
18 14 13
2 0 372 132.8800 -224.6300 5 455 266.2200 -198.9100
7.7446245535e-03 -4.5493412748e-01 -2.7369162927e+00
34 28 25
2 0 452 25.6200 -48.0600 5 352 115.7200 -32.6200
-9.3577561825e-02 2.0221179571e-01 -2.8011132910e+00
200 232 198
2 0 515 -11.2600 69.2100 5 590 46.9400 90.9100
-6.3451842458e-01 2.2023455323e-01 -2.6581763784e+00
97 176 204
2 0 516 -119.0300 73.6000 5 841 -55.9400 87.5600
-8.5903288610e-01 2.6651307523e-01 -2.6177110788e+00
133 132 123
2 0 518 -166.1700 80.0700 5 265 -108.1900 93.4400
8.7562275154e-02 7.8283305480e-01 -2.7925436902e+00
140 140 134
2 0 541 9.2500 170.3300 5 431 44.8400 202.3000
-6.7240411404e-01 2.2210753157e-01 -2.6062787759e+00
64 52 38
2 0 704 -128.0900 78.1100 5 589 -62.0100 90.8700
-6.9953963109e-01 3.4489517788e-01 -2.6103807639e+00
159 167 159
2 0 708 -135.0200 98.2300 5 409 -76.0500 117.1300
-2.6438776803e-01 4.6204159723e-01 -2.7659486450e+00
76 69 61
2 0 710 -49.0600 113.7400 10 457 14.0500 166.0800
-2.8508578573e-01 5.4796702195e-01 -2.7461153269e+00
78 66 54
2 0 717 -54.7200 129.2300 5 610 -8.0200 156.8000
-7.5690603888e-01 -9.9974011463e-01 -2.9937232476e+00
64 64 66
2 0 770 -116.8400 -183.7400 10 473 -93.8300 -132.0900
-4.3735234137e-01 -9.9673255453e-01 -2.6712697597e+00
42 85 66
2 0 791 -55.4600 -172.1400 5 685 70.7000 -179.1900
-4.1510242350e-01 -7.5274708338e-01 -2.8452101920e+00
120 147 131
2 0 821 -54.4300 -122.4900 5 731 43.2400 -124.9100
-1.1491056512e-02 -4.4836489552e-01 -2.7306790226e+00
224 224 221
2 0 865 21.6000 -46.8600 5 1047 112.1800 -31.8700
-7.6683236642e-01 -1.8086026952e-01 -2.5851059378e+00
124 171 191
3 0 891 -143.2500 -1.8200 5 797 -56.6000 -1.6900 10 830 -109.9900 83.5600
9.1464527737e-01 1.1215481615e-01 -3.1505695221e+00
190 196 181
2 0 912 162.4300 47.4600 10 641 273.7100 102.3700
7.7654903102e-01 2.6050449793e-01 -2.9514351325e+00
215 234 234
2 0 926 142.5400 83.0000 5 849 178.0600 114.9600
7.7654903102e-01 2.6050449793e-01 -2.9514351325e+00
215 234 234
2 0 927 142.5400 83.0000 5 850 178.0600 114.9600
6.5969363807e-01 3.2681515335e-01 -3.0091087634e+00
94 110 74
2 0 928 117.7600 87.4200 10 655 210.9200 144.9500
2.5516799624e-01 4.3512375058e-01 -2.7742390825e+00
93 133 76
2 0 945 48.8800 117.3100 5 606 97.5600 147.3800
2.7215221380e-01 4.8028058497e-01 -2.7703225960e+00
219 244 252
2 0 953 50.8700 125.5000 5 868 97.9500 156.2700
-7.8685121934e-01 -9.4230294329e-01 -2.9420557654e+00
74 70 73
2 0 1023 -125.5400 -172.1200 5 659 -29.5500 -194.1400
-7.5055191758e-01 -9.2281011889e-01 -2.9375337402e+00
121 123 124
2 0 1029 -118.6000 -167.4400 5 919 -22.6500 -186.8700
-2.3207177252e-02 -6.5857410126e-01 -2.7960466787e+00
212 195 79
2 0 1090 23.9500 -92.3900 5 1004 118.5000 -79.9800
9.8896144975e-02 -4.8213905866e-01 -2.7833610444e+00
218 222 219
2 0 1126 44.0300 -53.7200 5 1039 130.2100 -36.1400
-8.7293635034e-01 2.5134736092e-01 -2.6238853441e+00
80 58 50
2 0 1201 -168.6000 76.7000 5 843 -110.7300 88.7600
7.1240682669e-01 3.3513779252e-01 -2.9648203533e+00
147 151 137
2 0 1208 128.3900 92.8600 5 1126 162.3400 124.8700
-3.1641644522e-01 5.3907201740e-01 -2.7510926191e+00
141 140 135
2 0 1225 -60.4400 126.9200 5 1133 -13.9600 153.5600
2.6833367822e-01 5.0025862071e-01 -2.7743758027e+00
37 65 61
2 0 1230 49.5500 128.7400 5 1136 95.6800 159.0200
1.0457301653e+00 6.1236107181e-01 -3.0210577334e+00
26 22 36
2 0 1232 172.9900 136.9400 5 1140 189.3600 171.5200
-7.9029201294e-01 5.0434515295e-01 -2.5988436194e+00
67 43 36
2 1 388 -157.7400 142.8200 10 669 -96.5700 176.7300
-6.7222861385e-01 -8.0216678551e-01 -2.8296275784e+00
113 162 176
2 1 614 -147.3500 -128.9200 5 712 -6.9100 -152.3500
1.0374063762e-01 -1.6801375123e-01 -2.7367461330e+00
32 30 18
2 1 691 16.6300 2.7800 5 372 113.8100 30.2500
-1.1555663065e-01 -6.6065111547e-01 -2.7633123875e+00
17 16 8
2 1 845 -36.3500 -103.5900 10 544 50.5700 -7.5700
-4.3346101226e-02 -3.6258349460e-01 -2.6864488743e+00
18 20 19
2 1 910 -19.9900 -35.9100 5 1064 104.2000 -13.0100
1.2054866000e-01 -6.1091508366e-01 -2.8302922860e+00
49 7 0
2 1 1123 18.1000 -96.5500 10 786 112.9800 0.8500
-9.0312805272e-02 -7.7096313848e-01 -2.7994960080e+00
220 193 41
2 9 6 -52.1500 -97.1800 10 6 59.8500 -35.9600
-1.2602070686e-01 5.8968592493e-01 -2.8014447531e+00
179 181 176
2 9 122 -36.9400 125.9700 10 98 42.4000 181.0200
-1.6870878979e-01 -1.3480701865e+00 -2.4420323881e+00
149 146 143
2 9 134 -143.6500 -204.1800 10 102 17.0400 -130.4000
9.3625887421e-02 -1.3139275456e+00 -2.4916758342e+00
176 175 164
2 9 135 -58.1900 -188.4700 10 103 109.1400 -117.8300
7.1699385814e-01 3.9389802010e-01 -2.9534848896e+00
210 227 222
2 9 187 134.4100 128.2000 10 218 219.7300 164.8200
-9.4239415424e-02 6.7836391116e-01 -2.7750361641e+00
147 139 131
2 9 190 -32.4100 141.9000 10 138 46.9100 197.1600
1.3829701417e-01 5.7666650819e-01 -2.7127997312e+00
201 213 212
2 9 194 3.2800 152.8800 10 140 91.4000 204.6700
3.6784525495e-01 -1.3351389229e+00 -2.5583545790e+00
130 132 128
2 9 201 36.6800 -190.7800 10 153 206.9300 -123.9200
3.6784525495e-01 -1.3351389229e+00 -2.5583545790e+00
130 132 128
2 9 202 36.6800 -190.7800 10 154 206.9300 -123.9200
-5.2500750890e-01 -7.7889001104e-01 -2.8026059239e+00
97 159 98
2 9 221 -146.8000 -120.0300 10 115 -49.8200 -52.6000
5.5613505123e-01 3.2114665854e-01 -2.9651894664e+00
158 217 123
2 9 261 103.6000 107.5700 10 209 189.1400 146.8400
-6.6636609886e-02 -1.3985203050e+00 -2.4403130162e+00
99 95 93
2 9 272 -117.3500 -215.3100 10 235 52.2300 -142.4400
-2.3552339202e-01 -1.3787259757e+00 -2.4312679381e+00
36 26 24
2 9 273 -165.6200 -215.0600 10 236 -6.5500 -140.6000
-2.6692559552e-01 -1.3777926338e+00 -2.4236415111e+00
34 22 22
2 9 274 -175.5400 -214.9000 10 237 -17.7900 -140.3300
-2.4621272765e-01 -1.3604956202e+00 -2.4234096292e+00
153 148 143
2 9 276 -169.0000 -208.7000 10 238 -10.6900 -134.1600
-2.9834338896e-01 -1.2277658916e+00 -2.5008840972e+00
120 120 115
2 9 278 -161.4500 -181.8800 10 245 -19.1400 -109.0800
-1.3883472639e-01 -1.2346028592e+00 -2.5117433092e+00
131 133 128
2 9 280 -118.1200 -178.8000 10 359 31.9300 -106.3200
6.1062165814e-01 -1.2468219383e+00 -2.6250065572e+00
150 140 134
2 9 285 122.7100 -158.8700 10 247 284.2300 -98.5000
4.9854164105e-01 -1.2400182982e+00 -2.5950848853e+00
178 186 173
2 9 286 82.7500 -159.0300 10 248 246.1600 -96.1900
6.3457228319e-01 -1.2207096930e+00 -2.6295237082e+00
183 191 183
2 9 298 130.4300 -150.4200 10 366 290.1600 -90.4300
-6.9029119683e-01 -2.2257247404e-01 -2.6329985482e+00
205 101 125
2 9 352 -177.7500 -0.5100 10 434 -90.4900 71.6200
3.4746358860e-01 -3.7546680116e-02 -3.1218013534e+00
110 161 80
2 9 362 76.1000 19.5000 10 299 158.3400 65.0600
3.7822009540e-01 -2.9626034145e-02 -3.1241782581e+00
24 52 7
2 9 365 82.5400 21.8600 10 301 164.6900 67.2200
9.5894310387e-01 6.3119199920e-04 -3.2306340217e+00
122 110 93
2 9 370 210.7000 44.3000 10 307 288.0900 75.5300
9.5894310387e-01 6.3119199920e-04 -3.2306340217e+00
122 110 93
2 9 371 210.7000 44.3000 10 308 288.0900 75.5300
9.5374051935e-01 9.3606698760e-02 -3.1539601239e+00
191 199 193
2 9 381 202.8900 69.5700 10 317 282.9800 100.4500
6.8190075965e-01 3.6112237177e-01 -2.9711660895e+00
130 139 116
2 9 407 128.9200 119.1000 10 330 213.8400 156.3200
-2.5628448446e-01 5.6068060496e-01 -2.7374658426e+00
195 202 197
2 9 408 -65.5000 123.4200 10 339 14.3600 183.0000
-2.5952769473e-01 6.2377774228e-01 -2.7334089691e+00
151 144 144
2 9 410 -65.1900 131.3200 10 340 13.5500 191.2100
-2.3155866746e-01 -1.1763552684e+00 -2.4905851062e+00
10 11 10
2 9 434 -143.5800 -163.1000 10 362 1.1800 -90.6600
4.7457237718e-01 -1.2452705160e+00 -2.5851120244e+00
186 192 180
2 9 436 73.9800 -160.6600 10 483 238.4000 -96.9300
6.6138552426e-01 -1.2205503363e+00 -2.6329225088e+00
187 194 184
2 9 446 139.5900 -149.0100 10 365 299.1200 -90.0500
6.5630570568e-02 -8.8961035960e-01 -2.7416274746e+00
47 46 16
2 9 460 -23.2800 -109.4900 10 398 100.9900 -46.8300
9.8693350883e-01 8.9285968765e-02 -3.1859697712e+00
94 68 51
2 9 533 211.6000 66.1200 10 440 289.9100 96.1200
9.8693350883e-01 8.9285968765e-02 -3.1859697712e+00
94 68 51
2 9 534 211.6000 66.1200 10 441 289.9100 96.1200
2.6338910466e-01 3.6614096793e-01 -2.7596526449e+00
60 81 37
2 9 546 30.3700 126.3600 10 337 122.4500 175.9100
9.1933563923e-02 -9.0898751549e-01 -2.7315817555e+00
29 27 14
2 9 762 -18.1600 -111.0200 10 981 108.4600 -49.1100
7.6784786626e-02 -4.6308807731e-01 -2.7638321310e+00
226 228 229
2 9 814 -12.9100 -19.9800 10 796 96.5400 38.3800
7.6784786626e-02 -4.6308807731e-01 -2.7638321310e+00
226 228 229
2 9 815 -12.9100 -19.9800 10 797 96.5400 38.3800
9.4944636180e-01 8.1707234162e-02 -3.1563895763e+00
208 213 202
2 9 861 202.4900 67.1600 10 846 282.6600 98.2000
9.8689760902e-01 9.3848298929e-02 -3.1645152324e+00
199 202 197
2 9 864 210.5300 69.9600 10 849 289.9200 100.0300
1.6627348348e-01 5.8117436618e-01 -2.7444256652e+00
99 91 71
2 9 892 11.0300 150.3800 10 879 97.9700 201.0400
6.3866439378e-01 6.0627079814e-01 -2.8230150124e+00
139 143 127
2 9 897 106.9600 170.8500 10 1118 194.6500 209.2000
-8.1926894466e-02 -8.9426873481e-01 -2.7478806740e+00
155 127 2
2 9 950 -58.9500 -118.7500 10 970 60.6100 -54.4800
-2.6194746971e-02 -4.3225121465e-01 -2.7184061947e+00
29 30 29
2 9 1013 -40.4100 -13.4100 10 1038 68.5700 47.6100
-2.6194746971e-02 -4.3225121465e-01 -2.7184061947e+00
29 30 29
2 9 1014 -40.4100 -13.4100 10 1039 68.5700 47.6100
1.8389735963e-02 -3.1645212440e-01 -2.7048792909e+00
65 26 18
2 9 1044 -30.2800 13.0400 10 1057 77.4900 72.2500
3.7897512568e-01 -6.1751794306e-02 -3.1388903988e+00
58 103 27
2 9 1048 84.0300 14.8200 10 1048 166.0300 60.1400
7.5197576814e-01 1.5681081362e-01 -2.9830901234e+00
154 162 151
2 9 1112 148.8900 92.6300 10 1093 237.3200 129.3000
