# Bundle file v0.3
11 631
6.8458150610e+02 -9.2868493344e-02 1.1613540173e-02
9.9187742625e-01 -1.2167982186e-01 3.7056608646e-02
1.0496140768e-01 9.4754083757e-01 3.0190969515e-01
-7.1848967919e-02 -2.9556789758e-01 9.5261605263e-01
1.6236485553e-01 1.0240328975e+00 -8.2961699418e-01
6.8493708601e+02 -8.2453988891e-02 9.2039428737e-04
9.7730529089e-01 6.4295668603e-02 -2.0184260054e-01
-1.2826713588e-02 9.6903877288e-01 2.4657520571e-01
2.1144702366e-01 -2.3839027592e-01 9.4787142194e-01
-5.6618455560e-01 8.5037881491e-01 -6.0599634693e-01
7.0933444482e+02 -4.2448082933e-02 -4.0611728645e-03
8.1231529545e-01 3.2338204135e-01 -4.8535339301e-01
-1.4301730259e-01 9.1723906360e-01 3.7177755628e-01
5.6541127680e-01 -2.3258666240e-01 7.9133654821e-01
-1.3504364474e+00 1.1756357026e+00 -1.6465005946e+00
7.1281877736e+02 -3.0518516076e-02 3.2586222327e-03
5.4325553570e-01 4.5077733776e-01 -7.0828893447e-01
-2.7111025756e-01 8.9262903619e-01 3.6015639936e-01
7.9458961180e-01 -3.6325622159e-03 6.0713602538e-01
-1.9971948736e+00 1.2776734646e+00 -1.7891367017e+00
0 0 0
0 0 0
0 0 0
0 0 0
0 0 0
6.9937341712e+02 -6.7753951489e-02 -4.2347487489e-03
9.1604490205e-01 -2.8657387717e-01 2.8060140831e-01
2.0534501394e-01 9.3607909764e-01 2.8563849216e-01
-3.4452164325e-01 -2.0403758448e-01 9.1633700212e-01
1.1496908524e+00 1.0599092940e+00 -7.1130562178e-01
0 0 0
0 0 0
0 0 0
0 0 0
0 0 0
6.9205940373e+02 -9.5364494790e-02 -6.5586956898e-03
9.9824325298e-01 -1.1338087316e-02 -5.8153724294e-02
1.1784715766e-02 9.9990359628e-01 7.3429298849e-03
5.8064863279e-02 -8.0153553262e-03 9.9828063476e-01
-1.8421701220e-01 -5.3512601114e-02 -7.0194102881e-01
6.9979245995e+02 -8.3230088137e-02 -2.4047332048e-02
9.8874910398e-01 5.5891866062e-02 -1.3874908539e-01
-1.0485736305e-01 9.2049088992e-01 -3.7643253711e-01
1.0667775214e-01 3.8674619699e-01 9.1599521631e-01
-2.5460323121e-01 -1.2117895829e+00 -8.3051940448e-01
6.9024122736e+02 -1.1396597801e-01 -1.6917257874e-02
9.1556005469e-01 3.0233748656e-02 -4.0104327284e-01
2.4015479213e-01 7.5877567169e-01 6.0546276176e-01
3.2260728768e-01 -6.5064998309e-01 6.8744391584e-01
-1.2154307700e+00 1.9259970107e+00 -1.1814548685e+00
6.8390132429e+02 -1.1025101169e-01 7.9385351001e-03
9.6740845742e-01 1.6792811425e-02 -2.5266356682e-01
1.4586948162e-01 7.7865365436e-01 6.1026271465e-01
2.0698543631e-01 -6.2722921491e-01 7.5082657193e-01
-3.8212555874e-01 2.1876963047e+00 -9.3072144288e-01
-4.7383692572e-01 -3.5384417651e-01 -2.6962269487e+00
100 179 115
5 7 43 -99.3700 -88.1000 8 55 -72.0800 -96.2300 0 31 -76.7700 -36.8600 5 22 12.2800 -31.3300 10 22 -40.2600 47.4900
-1.4451928849e-01 -8.5716730634e-01 -2.7527990921e+00
227 230 74
5 7 94 -32.5700 -185.7800 8 77 -12.0400 -178.4100 0 71 5.2500 -134.7100 1 78 -46.0200 -147.5200 5 80 113.5800 -130.0100
-4.9109356687e-01 -4.9779400952e-01 -2.7390600030e+00
31 27 24
4 7 73 -101.4600 -114.1900 8 89 -75.9800 -114.3500 0 76 -75.8800 -68.7100 1 87 -112.8700 -64.7200
-4.4479506154e-01 -5.5406170002e-01 -2.7713737452e+00
100 164 102
6 7 177 -90.7900 -124.8900 8 237 -64.7900 -121.3500 0 150 -65.6200 -80.0600 1 169 -102.0200 -77.7000 2 235 -98.1100 -53.4000 5 118 28.6700 -80.3600
-5.1954610708e-01 -4.0728245574e-01 -2.6875636450e+00
36 38 33
6 7 134 -109.3800 -98.0200 8 126 -83.2600 -103.8400 0 154 -85.1300 -48.0500 1 176 -120.3900 -43.1000 2 240 -107.1300 -21.9300 9 155 -146.3800 -31.8600
-1.6509693582e-01 -3.1893064866e-01 -2.6313567518e+00
207 206 203
5 7 189 -40.6000 -81.5400 8 170 -16.0700 -102.9200 0 160 -11.5000 -18.6900 1 180 -48.1400 -23.6400 2 242 -58.1100 -13.7700
-1.2391603744e-01 -3.1159642985e-01 -2.6491352005e+00
213 217 214
6 7 190 -31.0300 -79.5800 8 239 -5.4600 -100.8300 0 162 -4.6800 -17.6200 1 179 -38.3800 -22.9500 2 241 -50.5000 -14.6200 9 165 -66.8500 13.4900
-1.0022397755e-01 -2.5825925447e-01 -2.6386840635e+00
113 67 40
6 7 136 -26.6300 -68.4600 8 173 1.2200 -92.0700 0 166 -1.2100 -6.4800 1 124 -33.3300 -11.0800 2 173 -44.8100 -5.5500 3 173 -62.2300 25.7800
7.1493179881e-01 3.7880256067e-01 -2.9433416660e+00
211 227 226
4 7 206 133.4500 59.5300 8 195 185.1500 36.0100 0 246 128.9500 102.1200 1 195 153.2000 98.5900
-1.2148193185e-01 -4.3523697958e-01 -2.6904506557e+00
207 210 203
9 7 260 -29.3000 -104.2300 8 336 -5.8600 -118.4600 0 310 -0.8900 -45.0100 1 241 -37.6400 -52.2300 2 308 -53.8800 -39.2700 9 240 -64.4900 -15.7400 5 356 93.4500 -31.0900 10 185 44.0100 47.4100 3 435 -71.3400 -8.5600
-4.4556863267e-01 -2.5923699262e-01 -2.6910642579e+00
54 78 64
5 7 539 -93.9800 -68.0200 8 510 -67.3500 -79.8000 0 319 -73.8400 -17.0300 1 488 -102.1300 -12.3800 5 360 14.1700 -10.0700
-7.4492824522e-01 -2.3382405722e-01 -2.6136853074e+00
103 173 181
8 7 274 -158.3800 -64.5500 8 243 -131.6100 -74.7400 0 321 -137.4200 -13.6300 1 349 -167.3500 -2.4400 2 433 -132.5600 16.4400 9 350 -191.0300 -2.7600 5 235 -49.7300 -14.8900 10 306 -105.0700 71.0000
-7.5013804919e-01 -1.8554256068e-01 -2.5949318493e+00
101 169 182
6 7 277 -160.7300 -55.1800 8 244 -134.0800 -67.9600 0 322 -139.9000 -3.0400 1 352 -168.9900 8.5700 5 237 -53.4600 -2.0900 10 197 -106.1200 81.8000
-5.0459915042e-01 -5.9858844087e-01 -2.7521321474e+00
88 154 97
7 7 485 -103.7700 -134.5900 8 707 -78.0200 -129.1300 0 438 -77.6800 -90.1700 1 456 -116.6500 -86.3800 2 606 -110.7300 -57.9900 9 327 -141.5200 -75.6100 10 276 -45.9800 -7.8400
-1.4168186387e-01 -4.8511007742e-01 -2.6997563686e+00
31 28 28
9 7 354 -33.1400 -113.6900 8 480 -9.7000 -125.0700 0 449 -3.9200 -55.8800 1 336 -42.4400 -63.0900 2 405 -58.9500 -47.6900 9 337 -69.0400 -27.3600 5 349 92.3900 -44.3300 10 287 39.3200 35.7200 3 599 -76.4100 -18.1100
7.4094211604e-03 -4.5378117135e-01 -2.7375602339e+00
27 24 29
9 7 359 -2.5100 -105.8700 8 482 21.1200 -119.0100 0 451 25.6200 -48.0600 1 338 -7.7400 -58.4700 2 403 -31.1400 -49.6900 9 340 -30.9100 -18.4300 5 351 115.7200 -32.6200 10 290 77.9900 41.7600 3 430 -53.7200 -24.0600
-8.9194166761e-02 -4.3420700989e-01 -2.7001792825e+00
25 24 24
9 7 361 -22.6600 -103.3100 8 483 1.5100 -117.5800 0 455 5.5400 -44.3500 1 341 -30.2400 -52.1500 2 406 -48.1200 -40.6000 9 343 -56.3300 -14.9000 5 355 98.8200 -31.3500 10 294 52.5500 47.8500 3 605 -66.9600 -11.5900
-1.2446925542e-01 -3.7919799329e-01 -2.6694036290e+00
209 211 208
9 7 367 -30.4600 -92.7600 8 492 -5.2000 -109.9800 0 463 -3.0200 -32.4600 1 343 -38.7500 -38.6200 2 413 -53.0300 -27.8000 9 351 -66.3000 -1.9200 5 358 91.1500 -19.4700 10 297 41.2400 61.5300 3 438 -70.2600 2.2100
-5.9999484082e-02 -3.7293409110e-01 -2.6889146412e+00
207 208 199
7 7 512 -16.8600 -91.0300 8 744 7.7300 -108.4600 0 464 10.2900 -30.8800 1 473 -23.9400 -38.4500 2 634 -41.0300 -30.1300 9 507 -49.7400 0.2600 3 612 -60.5700 -1.7900
9.4538087833e-01 4.1001078284e-02 -3.1962311934e+00
203 212 205
6 7 391 169.6500 -4.4000 8 364 215.6300 -13.6600 0 492 167.7200 33.9600 1 356 198.4500 17.8600 9 375 205.0500 54.6700 10 312 283.5000 85.8900
2.2785261909e+00 -1.3375882216e+00 -5.2703258153e+00
132 122 127
3 7 480 280.4700 -162.8700 8 509 307.1300 -80.8600 0 581 284.4000 -189.9300
-4.4830133017e-01 -1.0314846081e+00 -2.6129723788e+00
32 35 40
3 7 447 -96.2900 -227.5800 8 432 -74.4800 -213.5800 0 590 -57.4300 -180.0600
1.1930712145e-01 -6.2440270908e-01 -2.8314903034e+00
56 9 2
5 7 658 20.8600 -136.5100 8 1015 42.3800 -139.9800 0 638 51.0400 -83.8600 1 628 17.9200 -99.9100 9 479 2.8400 -59.7300
6.5944124231e-02 -6.1902453705e-01 -2.8091083203e+00
166 126 127
6 7 659 10.0900 -136.4000 8 1017 31.8200 -140.1900 0 641 41.0000 -82.8700 1 630 5.6600 -97.5300 2 798 -25.8100 -85.6900 9 608 -12.0700 -58.7100
-7.5954607442e-01 -4.9480819147e-01 -2.6953677949e+00
128 171 174
8 7 495 -155.8700 -115.1900 8 491 -128.3900 -111.3900 0 644 -134.3300 -71.8500 1 651 -169.3600 -60.3400 2 1125 -142.0200 -30.0300 9 607 -195.0800 -60.8200 5 530 -39.8900 -82.3200 10 566 -108.1500 11.7300
-5.5809312437e-02 -5.2688994952e-01 -2.7403252439e+00
209 212 205
5 7 489 -14.9400 -120.6900 8 706 7.4600 -129.2300 0 646 15.2100 -64.5700 2 809 -44.8700 -60.8200 10 417 63.1200 25.0500
2.5700517890e-02 -5.1537544665e-01 -2.7641311620e+00
210 211 208
7 7 493 1.5500 -117.4900 8 713 24.2700 -126.8600 0 650 30.8400 -61.2900 1 640 -3.5900 -73.1100 2 808 -29.7700 -62.9300 9 484 -24.8500 -33.1100 3 788 -53.3600 -38.6000
-1.1353326372e-01 -4.7057786528e-01 -2.7031171714e+00
19 19 24
9 7 682 -27.3800 -110.3600 8 1056 -3.8200 -122.4900 0 655 1.5000 -52.5200 1 652 -35.9100 -60.0700 2 830 -53.7100 -46.4100 9 632 -61.9800 -23.6500 5 760 96.7400 -40.4700 10 589 46.4100 39.5600 3 817 -72.2600 -17.4700
-1.1353326372e-01 -4.7057786528e-01 -2.7031171714e+00
19 19 24
9 7 683 -27.3800 -110.3600 8 1057 -3.8200 -122.4900 0 656 1.5000 -52.5200 1 653 -35.9100 -60.0700 2 831 -53.7100 -46.4100 9 633 -61.9800 -23.6500 5 761 96.7400 -40.4700 10 590 46.4100 39.5600 3 818 -72.2600 -17.4700
1.0994638828e-01 -4.4340043484e-01 -2.7697068440e+00
38 21 22
7 7 503 18.2100 -103.0900 8 485 42.4800 -116.3800 0 663 45.2900 -45.3700 1 464 15.8700 -58.2300 2 611 -11.6800 -53.4500 9 496 -4.2600 -15.4600 10 422 104.8800 42.8000
4.8498707351e-02 -4.1865949396e-01 -2.7412713497e+00
33 29 32
8 7 504 5.6500 -98.8200 8 731 30.0000 -113.3600 0 667 32.9200 -40.4700 1 660 1.7500 -51.3500 2 622 -22.3500 -45.1000 9 500 -20.9400 -9.6800 10 425 87.9200 49.5000 3 811 -45.6700 -20.7300
4.8405736992e-02 -4.1880873092e-01 -2.7418590012e+00
33 29 32
7 7 505 5.6500 -98.8200 8 732 30.0000 -113.3600 0 668 32.9200 -40.4700 1 661 1.7500 -51.3500 2 623 -22.3500 -45.1000 9 501 -20.9400 -9.6800 3 810 -45.6700 -20.7300
-1.4736539949e-01 -4.0797803020e-01 -2.6720990338e+00
34 34 36
8 7 506 -35.0900 -98.8500 8 726 -10.8400 -115.2600 0 670 -6.9300 -38.8100 1 669 -43.8200 -44.8000 2 851 -57.7900 -32.1400 5 775 88.2500 -26.2200 10 430 36.1600 54.1200 3 834 -74.1000 -1.4500
-5.0577973249e-01 -3.4270716720e-01 -2.6771449308e+00
54 99 66
6 7 524 -107.3100 -85.5300 8 761 -80.6900 -93.6400 0 674 -83.5400 -33.9700 1 484 -117.0900 -29.2300 2 646 -102.6100 -11.0500 9 494 -142.5500 -17.8400
3.2220265803e-02 -3.3690021482e-01 -2.7091081455e+00
244 44 38
8 7 525 1.9200 -83.4100 8 752 27.4800 -102.9800 0 678 27.8200 -22.6800 1 681 -2.1900 -31.8700 2 638 -22.7300 -27.7000 5 790 114.5300 -5.2500 10 621 81.6900 68.5100 3 837 -44.4900 -1.1400
9.8876828474e-02 -3.1187499745e-01 -2.7239719601e+00
63 7 1
5 7 534 15.3700 -77.6700 8 501 41.3100 -98.7400 0 684 40.4200 -17.0300 2 640 -9.1600 -26.3100 9 514 -10.2100 15.4700
2.4475186574e-01 4.5415020289e-01 -2.7799335520e+00
182 211 220
5 7 570 43.2600 76.3300 8 561 87.4800 50.2300 0 713 46.4200 120.3800 1 725 54.3800 124.7800 5 607 94.3400 149.9800
-1.3825183129e-01 -6.5892859140e-01 -2.7588167026e+00
31 21 0
7 7 654 -30.8800 -146.2200 8 1007 -8.9900 -146.8700 0 831 0.7800 -94.4000 1 622 -41.2100 -103.2700 9 474 -64.9900 -70.8800 5 527 100.0200 -85.2100 10 545 44.2000 -7.3500
-1.3810383942e-01 -6.5911164287e-01 -2.7595872578e+00
31 21 0
6 7 655 -30.8800 -146.2200 8 1008 -8.9900 -146.8700 0 832 0.7800 -94.4000 1 623 -41.2100 -103.2700 9 475 -64.9900 -70.8800 5 528 100.0200 -85.2100
-7.4266210495e-01 -5.0962990842e-01 -2.7079760667e+00
147 33 69
4 7 670 -151.7500 -118.2200 8 1077 -124.9000 -113.0400 0 841 -130.0000 -75.2000 1 882 -165.4000 -64.1400
-1.3080899987e-01 -4.6384997218e-01 -2.6957148979e+00
210 209 202
8 7 688 -31.0700 -109.3300 8 1058 -7.2200 -121.6800 0 857 -2.1900 -51.2300 1 892 -39.8800 -58.2900 2 1115 -56.6100 -44.3100 9 638 -66.6500 -22.0800 5 1033 93.3200 -39.6200 10 591 41.8600 41.3600
7.9310228165e-02 -4.4482392623e-01 -2.7602327917e+00
25 21 25
9 7 698 12.1500 -103.6000 8 1071 36.2300 -116.8700 0 867 39.5700 -45.8100 1 655 8.8900 -57.9400 2 818 -17.3700 -51.9900 9 647 -12.2000 -15.8700 5 771 126.2000 -28.4700 10 592 96.6700 42.7200 3 800 -41.9300 -28.4000
7.9471424568e-02 -4.4476275662e-01 -2.7599646286e+00
25 21 25
8 7 699 12.1500 -103.6000 8 1072 36.2300 -116.8700 0 868 39.5700 -45.8100 1 656 8.8900 -57.9400 2 819 -17.3700 -51.9900 9 648 -12.2000 -15.8700 10 594 96.6700 42.7200 3 801 -41.9300 -28.4000
-1.3261952778e-01 -4.1705302560e-01 -2.6790811273e+00
213 215 208
8 7 702 -31.8900 -100.4600 8 1073 -7.6600 -116.1400 0 871 -3.7100 -40.7100 1 902 -40.4200 -47.2200 2 1119 -55.3800 -34.6600 9 822 -67.9000 -11.1600 5 1053 91.0000 -27.9500 10 606 40.3600 52.3800
2.8807781507e-02 -3.9608206307e-01 -2.7262550716e+00
216 224 217
8 7 707 1.5000 -94.8800 8 734 26.1800 -111.4800 0 875 28.4300 -35.2700 1 667 -2.8400 -45.6400 2 839 -25.2800 -39.3100 9 655 -26.6000 -4.7100 10 609 82.1200 54.9300 3 1128 -47.5900 -13.2700
6.5616080961e-02 -3.9073800906e-01 -2.7379646139e+00
223 223 222
8 7 708 9.0000 -93.4700 8 737 33.8000 -110.4200 0 876 35.5900 -33.9800 1 904 5.7400 -45.1100 2 1116 -18.1500 -40.1900 9 656 -17.0700 -3.2800 10 611 91.6300 55.2900 3 1124 -41.3900 -15.3000
9.2682000841e-02 -3.8715983816e-01 -2.7465433869e+00
220 225 217
8 7 711 14.5200 -92.5200 8 741 39.4100 -109.5700 0 878 40.8500 -33.0800 1 905 11.9300 -44.7600 2 837 -12.8900 -41.0800 9 657 -10.0300 -2.2500 10 610 98.5400 55.5700 3 1122 -36.8800 -16.9700
1.2076936712e-02 -3.6634075304e-01 -2.7112659227e+00
238 38 34
7 7 717 -2.0700 -89.0900 8 1089 22.7900 -106.8200 0 881 24.6100 -29.1000 1 676 -6.7300 -38.4200 2 848 -27.5300 -32.6800 9 659 -31.5200 2.3300 3 828 -49.2400 -6.2200
4.1113384278e-02 -3.6336769066e-01 -2.7206218744e+00
237 39 35
7 7 718 4.0000 -88.3400 8 1094 28.9500 -106.1700 0 882 30.2100 -28.4200 1 675 -0.1100 -38.3200 2 847 -21.9200 -33.5500 9 660 -24.0100 3.1400 3 827 -44.4400 -7.9200
-4.9201804979e-01 -2.2265251763e-01 -2.6483690133e+00
68 89 79
6 7 733 -105.9300 -61.4300 8 765 -79.6300 -76.2800 0 888 -83.5400 -7.4400 1 690 -113.6000 -2.5400 9 666 -138.9800 7.8100 10 625 -45.6700 77.0600
-4.6343759058e-03 -4.7538323152e-01 -2.7389176544e+00
217 218 216
4 7 938 -4.8500 -110.1800 8 1055 18.8400 -122.7100 0 1130 23.5400 -52.3900 9 812 -33.9800 -23.8200
-3.8338628334e-01 -1.8072030935e-01 -2.6883551199e+00
204 216 208
4 7 1007 -82.7500 -52.4300 8 1142 -55.5100 -66.9100 0 1171 -61.1300 0.1100 1 1197 -87.9400 3.7900
1.0842323505e+00 2.4427575011e-01 -3.2315300555e+00
62 54 55
4 7 558 191.8200 32.2000 8 554 246.0600 22.4700 0 1200 182.2800 66.1900 10 856 303.2600 114.5700
-4.4326670708e-01 -5.5347939766e-01 -2.7685284978e+00
100 164 102
4 7 178 -90.7900 -124.8900 8 238 -64.7900 -121.3500 1 170 -102.0200 -77.7000 2 236 -98.1100 -53.4000
-5.5148816933e-02 -4.3069634911e-01 -2.7087868593e+00
144 144 142
6 7 263 -15.5000 -101.6800 8 337 8.6700 -116.4300 1 240 -22.5500 -51.6500 9 243 -47.7600 -13.1400 5 229 105.1600 -30.4700 10 186 60.7500 48.3700
-5.2770612777e-01 -3.2584957090e-01 -2.6604223897e+00
78 158 113
6 7 268 -112.5900 -82.3200 8 348 -86.4000 -91.9900 1 244 -122.9700 -24.9100 2 315 -106.0200 -6.5900 9 242 -148.1700 -13.7000 10 188 -53.4800 56.4100
-1.7039687137e-01 -5.1011453610e-01 -2.7057764551e+00
203 202 195
5 7 259 -38.6600 -117.8800 8 234 -15.1400 -126.8900 1 335 -48.6900 -68.4800 2 402 -64.7600 -51.6500 5 346 88.5600 -52.6600
1.0794626986e+00 2.4575633760e-01 -3.2270456793e+00
62 54 55
3 7 557 191.8200 32.2000 8 555 246.0600 22.4700 1 512 224.7600 54.2600
1.9638049956e+00 -9.0204384529e-01 -5.6893719760e+00
128 117 120
3 7 944 230.8400 -106.3600 8 794 271.0000 -11.8500 1 780 304.6200 -180.8900
1.9098946591e+00 -7.6471391607e-01 -5.8369737455e+00
140 130 133
3 7 715 220.8000 -89.5100 8 544 264.6200 8.9700 1 801 293.5200 -163.5900
1.9098946591e+00 -7.6471391607e-01 -5.8369737455e+00
140 130 133
3 7 716 220.8000 -89.5100 8 545 264.6200 8.9700 1 803 293.5200 -163.5900
2.0291199474e+00 -6.5638616705e-01 -5.9450197498e+00
133 122 128
3 7 988 230.5100 -76.5500 8 1210 277.1200 22.8700 1 815 305.4000 -151.4000
2.7311729362e-01 4.8186070910e-01 -2.7775251133e+00
217 247 254
3 7 574 48.9200 81.8500 8 562 94.8200 55.0900 1 954 60.1200 130.2600
1.9254450720e+00 -1.1146270927e+00 -5.4771455073e+00
80 74 79
3 7 908 233.0700 -133.8100 8 1157 266.8000 -42.9000 1 1007 306.1600 -208.9500
1.8607604273e+00 -7.8505609560e-01 -5.8104337386e+00
92 77 80
3 7 968 216.3400 -92.1800 8 1192 259.5100 6.4300 1 1062 287.8900 -165.7600
-3.2712928667e-01 -9.2370758538e-01 -2.6808710045e+00
28 79 153
3 7 827 -69.9100 -202.2400 8 938 -48.8800 -192.6200 1 1072 -91.4600 -159.4600
-3.2712928667e-01 -9.2370758538e-01 -2.6808710045e+00
28 79 153
3 7 828 -69.9100 -202.2400 8 939 -48.8800 -192.6200 1 1073 -91.4600 -159.4600
5.1972625092e-02 -8.7566828315e-01 -2.7388856835e+00
212 233 126
3 7 852 7.4100 -190.0000 8 949 24.2500 -187.9700 1 1084 -4.3800 -154.3000
2.7204961851e-01 5.0258842384e-01 -2.7800496716e+00
21 50 52
3 7 1077 48.4600 85.9300 8 821 95.0300 59.5900 1 1271 60.3600 133.9800
-4.8544799629e-01 -2.7518388839e-01 -2.6674021066e+00
62 85 67
4 7 270 -103.4500 -71.8000 8 350 -76.9600 -83.0700 2 426 -97.0800 0.0100 9 349 -137.5800 -3.4500
-7.9346726043e-01 -1.8486184515e-01 -2.5779090799e+00
138 147 165
4 7 541 -170.5300 -55.0000 8 517 -144.0600 -68.2400 2 882 -139.3400 27.4600 9 667 -202.0300 7.7300
-4.1429777136e-03 -5.2056767775e-01 -2.7573047087e+00
218 220 218
3 7 668 -4.3400 -118.8700 8 1042 18.5600 -127.9300 2 1087 -35.2100 -62.3900
-7.3356206521e-01 -6.3468336954e-01 -2.7553443941e+00
113 35 38
3 7 895 -147.0100 -140.7900 8 1041 -119.6800 -128.9900 9 963 -188.9900 -94.3100
-7.6318487886e-01 1.4705071214e-02 -2.5202047607e+00
181 136 130
2 7 34 -167.8900 -14.0400 8 28 -143.6000 -36.7200
9.9994532850e-01 8.2247288333e-01 -3.1162985496e+00
208 217 216
2 7 61 178.9800 137.9100 8 36 256.7200 129.6400
-2.4054174399e-02 -8.7264291231e-01 -2.7594385697e+00
234 237 74
2 7 93 -7.8900 -188.4600 8 120 10.8500 -183.2100
-1.4785406146e-01 -8.5893213098e-01 -2.7564864763e+00
227 230 74
2 7 95 -32.5700 -185.7800 8 78 -12.0400 -178.4100
-9.7374716843e-02 -2.5732416905e-01 -2.6450157548e+00
113 67 40
2 7 135 -26.6300 -68.4600 8 172 1.2200 -92.0700
6.9879681258e-01 -3.5211706540e-01 -3.5478695918e+00
122 123 123
2 7 137 119.3200 -69.4700 8 134 152.3600 -45.9700
-1.7006808907e-01 -3.1847644049e-01 -2.6276167336e+00
207 206 203
2 7 188 -40.6000 -81.5400 8 169 -16.0700 -102.9200
-6.7680260013e-01 -1.6465463878e-01 -2.6273638690e+00
128 158 170
2 7 194 -144.0800 -50.2900 8 245 -117.9300 -62.7200
6.5328058420e-01 4.6264487852e-02 -3.1565518835e+00
67 116 50
2 7 200 117.5900 -4.1200 8 181 159.6100 -9.5000
-1.7439432918e-01 -9.8677951027e-01 -2.6833880820e+00
87 94 94
2 7 237 -38.3200 -215.1300 8 218 -21.1000 -205.5100
-1.4846574916e-01 2.9450324794e-01 -2.7777497967e+00
64 190 226
2 7 310 -34.2000 43.4100 8 193 -0.2400 25.7600
-5.0645744345e-01 -6.6044928006e-01 -2.7683725086e+00
30 58 39
2 7 348 -102.9000 -145.8400 8 473 -77.1800 -137.3500
-8.9156897924e-02 3.0737993876e-01 -2.7993582013e+00
230 110 152
2 7 406 -22.3000 45.8400 8 268 13.2100 28.6100
-1.7026351461e-01 -1.0412133339e+00 -2.6304192000e+00
24 60 49
2 7 443 -38.7900 -229.3900 8 421 -22.1700 -220.2100
-2.1569458514e-01 -9.3279940729e-01 -2.7461864320e+00
25 70 43
2 7 462 -45.6000 -200.7300 8 449 -25.9200 -189.0400
-3.3870934418e-01 -9.0955575770e-01 -2.6854924879e+00
193 211 214
2 7 464 -71.8600 -199.2800 8 654 -50.6000 -189.4500
1.9264607044e+00 -1.2060909343e+00 -5.3913569333e+00
131 128 132
2 7 483 235.8100 -145.7900 8 525 266.9800 -56.6300
6.1970299319e-01 -6.3044622318e-01 -3.0069205949e+00
37 63 16
2 7 486 115.8900 -131.1900 8 703 136.6200 -133.9900
-5.0571847218e-01 -3.4319599987e-01 -2.6800809510e+00
54 99 66
2 7 523 -107.3100 -85.5300 8 760 -80.6900 -93.6400
-1.3573365317e-01 -2.7985965310e-01 -2.6324446828e+00
114 64 37
2 7 536 -33.8700 -73.4100 8 1109 -8.1400 -96.4000
-1.7332142084e-01 -1.5295465893e-01 -2.7845596505e+00
201 200 180
2 7 543 -38.3200 -45.3600 8 524 -9.7700 -57.8700
1.5368267155e-02 -7.5717161388e-03 -2.8691684023e+00
41 15 18
2 7 546 -0.0100 -15.9100 8 251 31.6500 -28.3400
2.1262639641e+00 -7.9854666404e-02 -6.5405729697e+00
96 94 99
2 7 547 223.8100 -15.0400 8 387 285.3600 99.0600
6.7473714954e-01 3.6558617485e-01 -2.9706025081e+00
115 128 103
2 7 563 124.8600 56.6100 8 370 176.2200 35.8900
-1.5619377113e-01 4.2161364299e-01 -2.8796191345e+00
215 242 198
2 7 566 -34.5500 66.4700 8 373 3.3000 58.2200
4.9061084306e-01 5.4516333369e-01 -2.8446109561e+00
41 53 63
2 7 577 91.2000 93.4300 8 277 143.9000 67.9400
-1.9419950348e-01 -1.0054365891e+00 -2.6584373742e+00
40 42 44
2 7 614 -43.1900 -220.3500 8 631 -25.3600 -210.8300
1.9977450489e+00 -1.6439696026e+00 -4.9348253745e+00
94 75 73
2 7 620 259.9100 -210.1000 8 708 275.6200 -128.2900
-1.7989834538e-01 -9.3271460059e-01 -2.7378366834e+00
28 61 38
2 7 625 -38.7600 -201.2400 8 651 -19.5400 -190.8900
2.0277157687e+00 -1.5631764333e+00 -5.0162456073e+00
148 132 134
2 7 630 260.6200 -197.5400 8 725 279.0900 -115.3700
2.0828164470e+00 -1.5268195950e+00 -5.0645963830e+00
140 138 144
2 7 633 265.4300 -191.5300 8 739 285.2300 -109.4300
2.2220898481e+00 -1.5179660631e+00 -5.0738220888e+00
81 63 71
2 7 634 281.6300 -189.8700 8 738 301.5300 -109.7400
2.0247433467e+00 -1.4816544665e+00 -5.1051582436e+00
137 130 139
2 7 637 257.0000 -185.0600 8 754 278.5700 -101.6900
1.8051109783e+00 -1.4605898849e+00 -5.1121909307e+00
150 138 144
2 7 639 230.6200 -182.7900 8 758 253.2400 -96.3400
2.1468459381e+00 -1.4262274973e+00 -5.1634234742e+00
128 119 123
2 7 641 269.2800 -176.5700 8 759 292.6700 -94.1900
1.9551908373e+00 -1.2605099351e+00 -5.3363722732e+00
99 89 87
2 7 648 240.9500 -153.2200 8 773 270.2100 -65.3800
2.2125632282e+00 -8.9316418892e-01 -5.7317976466e+00
83 65 62
2 7 694 256.4700 -104.2500 8 539 297.7900 -12.0400
2.1660414961e+00 -7.8179369156e-01 -5.8399964983e+00
86 74 77
2 7 712 247.8900 -90.8700 8 542 292.4300 4.3800
2.1660414961e+00 -7.8179369156e-01 -5.8399964983e+00
86 74 77
2 7 713 247.8900 -90.8700 8 543 292.4300 4.3800
2.0455858899e+00 -6.9010656150e-01 -5.9350919122e+00
86 71 71
2 7 725 232.2300 -80.2100 8 802 278.9400 18.8400
2.0455858899e+00 -6.9010656150e-01 -5.9350919122e+00
86 71 71
2 7 726 232.2300 -80.2100 8 803 278.9400 18.8400
2.0655209675e+00 -3.2648579694e-01 -6.2649682269e+00
110 110 111
2 7 740 224.9800 -40.2400 8 1232 280.8100 66.9800
9.0270213402e-01 -7.1618285292e-02 -3.2754840400e+00
100 101 90
2 7 745 159.5000 -24.3400 8 787 201.0200 -25.7400
7.3325810727e-01 2.7818913962e-01 -2.9638022877e+00
204 224 224
2 7 760 136.3300 40.2600 8 798 185.8900 17.1800
1.8617152977e+00 -1.6952935487e+00 -4.8703332348e+00
96 80 85
2 7 809 245.6000 -218.9800 8 1027 259.6200 -135.8700
-4.3605084737e-01 -9.9733099795e-01 -2.6547356293e+00
34 71 51
2 7 811 -92.0300 -218.3300 8 922 -70.2100 -203.7700
1.7397553285e+00 -1.6241096031e+00 -4.9297268987e+00
99 83 85
2 7 818 228.5500 -208.4200 8 1052 245.5600 -123.2300
1.8377150858e+00 -1.5889964984e+00 -4.9641824666e+00
90 79 81
2 7 823 239.4100 -202.7900 8 1067 257.2900 -118.7800
-3.0588626927e-01 -9.2405386720e-01 -2.6737053779e+00
20 78 160
2 7 826 -65.6400 -202.9100 8 937 -44.9900 -193.8800
2.1308075642e+00 -1.5303047075e+00 -5.0612856805e+00
88 75 79
2 7 842 271.1600 -191.9500 8 1081 290.9700 -110.6100
7.7849627145e-02 -8.7622289818e-01 -2.7360941847e+00
216 238 122
2 7 848 12.5300 -190.4800 8 945 29.0400 -188.9400
5.2298271603e-02 -8.7382615867e-01 -2.7358555757e+00
212 233 126
2 7 851 7.4100 -190.0000 8 948 24.2500 -187.9700
2.2831809721e+00 -1.5148298321e+00 -5.0940787218e+00
81 72 77
2 7 855 288.0400 -188.7200 8 743 308.1400 -108.9600
1.7773552673e+00 -1.0472501453e+00 -5.5416195815e+00
127 113 115
2 7 914 214.5500 -125.0500 8 1168 250.2500 -31.2200
2.2416896051e+00 -1.0528593371e+00 -5.5568296350e+00
85 73 75
2 7 919 265.6000 -124.6400 8 785 302.1000 -36.6300
1.9086722514e+00 -9.7212825287e-01 -5.6185867144e+00
128 119 126
2 7 928 226.9400 -115.1600 8 1175 264.9500 -21.5500
2.0525596597e+00 -9.1982767640e-01 -5.6865915012e+00
80 57 57
2 7 940 240.5800 -108.1000 8 791 280.6200 -14.8700
-7.3394826813e-02 -4.5498047327e-01 -2.7121732140e+00
213 213 213
3 7 942 -19.2500 -107.3200 8 1063 4.7600 -119.9700 10 596 56.9200 42.5100
1.9535794733e+00 -8.7773714624e-01 -5.7360427875e+00
131 119 122
2 7 954 228.4500 -102.9100 8 795 269.2700 -7.2600
2.2091225596e+00 -3.5803419950e-01 -6.2812328697e+00
113 107 114
2 7 1013 238.8900 -43.1300 8 824 294.9500 62.7300
-2.9217190259e-01 -5.5561213856e-02 -2.7864758447e+00
134 94 119
2 7 1021 -61.7900 -26.2700 8 1163 -32.6500 -37.3300
2.1131875360e+00 7.4898956272e-03 -6.6330189955e+00
80 76 77
2 7 1032 219.9400 -6.6400 8 840 283.7400 110.2400
2.4077990407e+00 2.2212354264e-01 -6.8696520198e+00
49 42 43
2 7 1039 240.9600 13.4900 8 843 312.1600 133.8600
2.7251753288e-01 5.0223463700e-01 -2.7825450498e+00
21 50 52
2 7 1076 48.4600 85.9300 8 820 95.0300 59.5900
-6.7344176184e-02 -7.8059542967e-01 -2.7743021820e+00
221 198 54
2 7 8 -16.6000 -169.8900 1 7 -26.7800 -131.1000
-2.9133504916e-01 -7.2764413331e-01 -2.7150042204e+00
23 23 16
2 7 13 -62.3900 -161.8400 1 11 -77.5000 -115.6600
-5.5540852051e-01 2.9908440805e-01 -2.5980206534e+00
220 225 227
3 7 21 -120.6400 45.2700 0 21 -107.2900 94.6800 1 30 -118.8300 106.1800
-6.8977638560e-01 -5.8831822261e-01 -2.7332883927e+00
183 165 141
3 7 25 -140.3000 -133.3100 1 42 -154.7000 -82.2000 2 57 -134.2500 -48.2300
1.1269266673e+00 5.4306714588e-01 -3.1744659409e+00
21 21 23
2 7 37 201.2200 86.2100 1 51 233.7600 111.8600
-8.0426977863e-02 -5.9685853126e-01 -2.7542094663e+00
17 17 15
7 7 40 -20.0200 -134.2400 0 44 10.2300 -79.7900 1 41 -27.5000 -89.8800 2 53 -49.8100 -73.0900 9 35 -52.0200 -54.8200 5 21 109.3100 -67.0700 10 20 56.8000 7.2900
7.4836639332e-01 2.1427821606e-01 -2.9509315241e+00
201 219 218
2 7 49 140.0100 28.3100 1 49 160.0200 66.2700
-6.7013315216e-01 -7.5080188509e-01 -2.8234739012e+00
71 148 161
2 7 68 -130.9100 -160.9600 0 41 -108.4500 -127.7000
-4.9849662494e-01 -7.0288705510e-01 -2.7893027561e+00
97 164 100
4 7 69 -100.5000 -153.3600 0 74 -73.7100 -112.8500 1 82 -114.2800 -109.7700 5 53 26.4600 -117.2700
-4.9746681475e-01 -7.0209820674e-01 -2.7928044210e+00
97 164 100
6 7 70 -100.5000 -153.3600 0 75 -73.7100 -112.8500 1 83 -114.2800 -109.7700 2 163 -111.0700 -77.7800 9 75 -139.2100 -101.3500 5 54 26.4600 -117.2700
3.0561399369e-01 -6.7323042237e-01 -2.9564630432e+00
116 181 93
2 7 71 57.1400 -141.2500 1 60 61.2200 -114.8100
6.7504880190e-01 -6.6818969423e-01 -2.9867428254e+00
113 183 95
2 7 72 127.5300 -138.4900 1 81 141.1500 -118.0800
-3.7455789136e-01 -2.7267622644e-01 -2.7023393460e+00
15 15 14
2 7 76 -80.5100 -70.8600 1 96 -86.7600 -16.1300
1.1210972238e-01 7.2497645862e-01 -2.8070765180e+00
117 123 122
2 7 83 17.3000 127.9600 0 134 13.7400 160.3500
2.8727766621e-01 -9.0805537412e-01 -2.7655520040e+00
242 252 94
2 7 90 54.3200 -195.4200 1 111 49.7800 -165.0400
3.1750445888e-01 -8.4897379964e-01 -2.7558066789e+00
25 23 18
2 7 96 60.6800 -184.0800 1 77 56.7800 -151.6700
-4.6144966915e-01 -4.0078695314e-01 -2.7151534957e+00
90 175 120
4 7 103 -96.8900 -96.0000 0 78 -72.5400 -46.8000 1 89 -106.2800 -43.0300 2 117 -96.3300 -24.8300
6.3073321891e-01 4.9972754879e-01 -2.9358707728e+00
197 217 209
2 7 118 116.8700 82.7100 1 139 136.1800 121.5900
-8.9165530973e-02 6.7956183934e-01 -2.7894312488e+00
147 143 137
3 7 120 -23.4500 119.2800 0 132 -20.7300 151.1800 1 144 -9.2600 163.3000
-7.4552838053e-01 -9.0513183077e-01 -2.9156338703e+00
114 121 128
2 7 126 -140.4500 -185.4500 0 105 -118.7900 -163.6900
6.7198324504e-01 -7.8353170109e-01 -2.8846263597e+00
14 18 12
2 7 129 129.5200 -164.4800 1 113 139.7900 -142.3400
7.1982544491e-01 -9.0925607907e-03 -3.1144179814e+00
109 179 90
2 7 143 130.9900 -14.0600 1 128 153.3100 12.8800
-7.6330723827e-01 6.6026108797e-01 -2.6325545433e+00
157 151 150
2 7 156 -162.2600 117.3400 0 259 -151.0600 151.2500
-3.0948661599e+00 3.3451846449e+00 -9.2702473109e+00
69 44 43
2 7 159 -186.1000 213.5600 0 337 -236.7700 69.2300
-2.6185614700e-01 -8.9022702276e-01 -2.8045220019e+00
111 112 107
2 7 168 -53.9900 -189.6800 1 315 -68.0400 -153.3000
6.9536229399e-01 -8.7878081445e-01 -2.9142553881e+00
21 17 14
2 7 170 131.9500 -181.9500 1 219 145.9100 -164.0900
-4.6665785261e-01 -7.5235088022e-01 -2.8165766098e+00
30 41 26
6 7 175 -92.3700 -161.5800 0 215 -65.4900 -123.0800 1 229 -107.1600 -121.1600 2 230 -108.7800 -88.1900 9 146 -132.0100 -114.0600 5 150 34.3000 -127.6800
-1.0505739315e-02 -5.0334122321e-01 -2.7456252200e+00
126 127 124
6 7 180 -6.4400 -115.4200 0 153 23.6900 -58.6800 1 171 -12.1600 -69.5100 2 166 -36.2800 -58.4400 9 110 -34.8800 -30.4200 3 166 -58.7900 -32.7100
8.1055507037e-02 -4.9050293139e-01 -2.7738846358e+00
217 215 212
4 7 181 12.9300 -112.3200 0 221 40.7100 -55.4500 2 233 -18.4800 -61.1900 3 230 -43.9800 -37.7000
-4.3871730260e-01 -2.2631927666e-01 -2.6788194731e+00
150 166 158
3 7 192 -94.1900 -61.8800 0 228 -71.7700 -9.4400 1 246 -100.6400 -5.0800
8.6787431719e-01 -4.6367850524e-02 -3.2580390925e+00
55 41 28
2 7 197 154.0000 -19.9800 1 187 182.1100 -1.8100
9.0125940797e-01 -8.9520773681e-03 -3.2359439971e+00
176 181 174
4 7 198 160.5600 -13.6800 1 247 188.6100 6.6700 2 238 181.6200 -31.4700 9 172 199.7200 38.7100
5.9916590296e-01 1.2840822430e-01 -3.1568844828e+00
81 137 68
2 7 201 107.7100 10.6100 1 191 129.6300 36.8000
-2.8058134730e-01 4.9327096967e-01 -2.7383662743e+00
61 49 40
2 7 208 -61.4800 82.9500 0 250 -53.7400 121.8100
-2.7435119106e-01 5.8867667515e-01 -2.7464308116e+00
198 200 194
4 7 210 -60.4200 101.0600 0 352 -53.9100 137.4400 1 266 -48.1100 148.6800 5 283 -9.3100 166.0700
-2.6640961088e-01 6.3751812206e-01 -2.7467128679e+00
151 150 145
3 7 214 -59.3300 111.9100 0 353 -52.6800 145.3700 1 268 -46.3500 158.0700
-1.3963075653e-01 -1.0526728933e+00 -2.6254085705e+00
184 204 207
2 7 224 -32.7100 -232.0800 1 428 -56.9300 -192.9700
-1.4135007146e-01 -9.6381700075e-01 -2.7055663618e+00
41 48 47
2 7 239 -32.0300 -209.5400 1 218 -50.1200 -171.5200
1.0314854706e+00 -9.2663121528e-01 -2.8708753147e+00
60 32 14
2 7 249 200.3600 -191.8200 1 155 223.5500 -180.0400
-2.1298215327e-01 -8.9450973916e-01 -2.7880966371e+00
34 28 16
2 7 250 -44.1700 -191.0000 1 446 -59.5400 -155.1400
-5.2377244811e-01 -7.7725809231e-01 -2.8009622860e+00
95 154 92
3 7 253 -104.5000 -166.9900 0 213 -77.1100 -129.2900 1 228 -120.3700 -125.6000
-1.6541111454e-01 -5.6485095992e-01 -2.7206197162e+00
207 181 39
6 7 256 -37.1900 -129.5400 0 301 -7.0400 -73.9900 1 326 -47.6800 -81.5400 2 398 -65.6200 -62.0000 9 234 -73.6000 -48.1700 5 342 91.0700 -63.0600
-1.6854854661e-01 -5.0954562817e-01 -2.7001431959e+00
203 202 195
5 7 258 -38.6600 -117.8800 1 334 -48.6900 -68.4800 2 401 -64.7600 -51.6500 9 336 -75.5300 -33.8100 10 285 33.2800 30.3600
-1.7185623964e-01 -3.9426104231e-01 -2.6605243896e+00
205 206 201
6 7 265 -40.4400 -96.2200 0 313 -12.3600 -36.2600 1 242 -49.6500 -41.2100 9 246 -77.9800 -6.0800 5 231 83.2700 -24.1900 3 439 -77.2500 2.5300
-1.4512632876e-01 -3.5508988606e-01 -2.6540854440e+00
128 126 128
6 7 267 -35.2500 -88.3700 0 316 -7.7500 -27.2400 1 345 -43.7400 -32.9400 2 310 -55.7100 -21.9500 9 249 -71.9300 3.5400 5 236 86.5600 -13.6600
5.0617882692e-02 -3.1603182480e-01 -2.7094188973e+00
92 1 0
6 7 269 5.5500 -79.3900 1 243 2.3800 -27.6700 2 309 -18.5700 -24.9000 9 251 -22.4400 13.7800 5 238 116.2600 0.2100 10 194 85.7400 73.8200
-5.7910441510e-01 -2.5752814018e-01 -2.6214065207e+00
73 93 72
5 7 271 -124.5100 -69.5800 0 227 -101.9700 -15.0600 1 245 -134.4200 -8.2200 9 353 -160.2300 0.4600 10 193 -67.8900 72.7300
-4.5133885338e-01 -2.6247762649e-01 -2.6787377250e+00
57 78 65
4 7 272 -96.7600 -69.2900 0 320 -73.8400 -17.0300 1 346 -103.7900 -12.6900 5 361 14.1700 -10.0700
-6.9216792214e-01 5.1176574155e-02 -2.5506639012e+00
181 206 156
3 7 289 -152.3100 -5.9600 0 333 -131.9800 48.4600 1 370 -155.3800 59.9500
-5.2952320188e-01 1.1775683105e-01 -2.6746228885e+00
221 78 134
3 7 294 -119.3500 3.4500 1 372 -106.0500 66.9800 2 460 -75.8000 64.9300
-9.1957746702e-01 2.6647827607e-01 -2.6341137140e+00
113 92 92
2 7 307 -192.5300 37.3300 1 384 -185.7500 95.0000
6.0090078107e-01 6.0523578211e-01 -2.8641170367e+00
91 100 79
2 7 319 112.3500 104.9400 1 545 129.9100 147.2700
1.0578724236e+00 7.7957961024e-01 -3.1107596636e+00
198 201 205
2 7 322 190.8600 130.7100 1 267 219.7800 158.4200
-1.4581789799e-01 -5.2873854502e-01 -2.7101345793e+00
53 12 6
5 7 352 -33.8100 -122.0300 1 460 -43.5500 -72.8500 2 608 -61.4900 -56.2000 9 483 -69.5600 -37.9400 10 418 39.3000 26.0000
-5.0605921309e-02 -4.6487276731e-01 -2.7215770045e+00
27 29 33
6 7 357 -14.2700 -109.0100 0 450 14.0900 -50.7200 1 463 -21.4700 -59.8300 2 404 -42.1300 -48.7200 9 338 -45.8700 -21.6600 5 350 106.7400 -36.7900
-8.9234035015e-02 -4.3409265706e-01 -2.7003719909e+00
25 24 24
8 7 360 -22.6600 -103.3100 0 454 5.5400 -44.3500 1 340 -30.2400 -52.1500 2 407 -48.1200 -40.6000 9 342 -56.3300 -14.9000 5 354 98.8200 -31.3500 10 293 52.5500 47.8500 3 606 -66.9600 -11.5900
2.5670414997e-02 -4.3344383558e-01 -2.7349396948e+00
210 213 210
5 7 362 0.9200 -101.6700 0 664 28.8600 -44.2400 1 466 -3.6100 -54.1200 9 344 -26.8000 -12.9500 10 292 82.1200 46.8800
-7.7910546087e-02 -4.0330315158e-01 -2.6931341917e+00
25 26 24
5 7 363 -20.4600 -97.4500 0 458 7.1500 -37.3500 1 342 -27.6400 -45.2600 2 411 -44.9900 -34.8800 9 346 -54.1200 -7.4000
-3.4736117147e-02 -3.9741003006e-01 -2.7051667579e+00
29 29 27
5 7 364 -11.5900 -95.9300 0 461 15.7500 -35.8500 1 470 -17.5600 -44.5600 2 408 -37.0900 -36.1700 9 347 -43.0800 -5.5000
-3.4970528703e-02 -3.9672971599e-01 -2.7056589413e+00
29 29 27
6 7 365 -11.5900 -95.9300 0 462 15.7500 -35.8500 1 471 -17.5600 -44.5600 2 409 -37.0900 -36.1700 9 348 -43.0800 -5.5000 3 610 -57.2600 -8.0200
-2.2788628232e-02 -3.4491824148e-01 -2.6939455976e+00
215 214 213
8 7 369 -9.4500 -85.3700 0 467 16.9400 -24.5900 1 478 -14.9700 -32.7200 2 416 -33.2900 -26.5500 9 354 -40.5900 6.8500 5 554 106.0100 -8.4900 10 302 67.8000 67.5600 3 616 -53.3500 1.3000
4.2579680111e-03 -3.3702263859e-01 -2.7016890071e+00
33 25 20
5 7 370 -3.8800 -83.5000 0 469 22.4000 -23.0300 1 482 -8.6000 -31.4800 2 414 -27.7300 -26.4300 9 357 -33.8200 8.6300
4.2072506354e-03 -3.3687144065e-01 -2.7026317718e+00
33 25 20
5 7 371 -3.8800 -83.5000 1 483 -8.6000 -31.4800 2 415 -27.7300 -26.4300 9 358 -33.8200 8.6300 10 305 74.5600 68.4900
-4.0372411902e-01 -1.9504130608e-01 -2.6847286928e+00
58 72 62
2 7 379 -86.9500 -55.3500 1 500 -92.5600 0.9500
9.4422286121e-01 4.1638410459e-02 -3.1968676319e+00
203 212 205
6 7 392 169.6500 -4.4000 0 493 167.7200 33.9600 1 357 198.4500 17.8600 2 311 189.8700 -20.9600 9 376 205.0500 54.6700 10 313 283.5000 85.8900
-1.5404879121e-02 7.3115922015e-02 -2.8836410891e+00
120 201 214
2 7 393 -6.1800 -0.4000 0 500 5.8100 42.1100
9.0106277434e-01 7.1090017629e-02 -3.1838598307e+00
197 207 199
2 7 394 161.9400 0.7800 0 495 160.0800 38.8100
9.3309478228e-01 7.6052390825e-02 -3.1793698199e+00
74 62 46
2 7 395 167.2300 2.0300 0 497 166.1200 40.2400
7.3957414890e-01 3.0333738769e-01 -2.9721189722e+00
102 105 88
3 7 405 137.4600 44.9400 0 706 134.0300 88.2000 5 852 167.9500 119.7200
-8.2613352860e-01 3.5206984849e-01 -2.5886180056e+00
151 140 143
3 7 408 -177.5500 55.5400 0 525 -161.9700 99.5400 5 270 -105.4600 116.6900
2.7372295624e-01 -8.4474352477e-01 -2.7563521753e+00
131 135 124
2 7 473 51.8500 -183.2400 1 447 46.8500 -150.1000
6.8092139412e-01 -8.4618824487e-01 -2.9049617821e+00
127 141 136
2 7 476 130.2900 -175.7700 1 444 141.9800 -156.7500
-7.3460541979e-01 -7.6447140166e-01 -2.7927558454e+00
168 74 97
4 7 479 -144.9300 -164.4400 0 627 -122.2000 -131.4300 1 616 -162.2100 -120.2000 2 1071 -145.1200 -79.2900
-5.2222466284e-01 -6.2974978480e-01 -2.7561735549e+00
96 159 106
6 7 484 -106.1100 -139.8200 0 635 -80.4400 -96.9900 1 635 -120.3900 -92.9100 2 603 -114.5100 -62.7500 9 467 -146.7500 -83.6500 5 525 18.7000 -101.4100
-9.0166596616e-02 -5.1923960300e-01 -2.7259385197e+00
207 210 203
4 7 490 -22.1900 -119.7500 0 649 7.2400 -62.5000 1 462 -30.4400 -72.1700 2 607 -50.9000 -57.1500
1.1113419690e-01 -5.2406244293e-01 -2.7953931623e+00
34 12 12
4 7 492 19.0200 -117.5300 1 331 15.6100 -77.3400 9 334 -2.2700 -35.3100 10 415 108.0800 23.5300
8.6417498189e-02 -5.0743095062e-01 -2.7808872252e+00
213 215 211
7 7 494 13.4800 -115.3000 0 651 42.6000 -59.0400 1 461 10.3400 -72.4000 2 600 -18.0000 -64.8600 9 486 -9.6000 -30.9100 5 537 129.9900 -41.8900 10 284 100.9900 27.6500
1.1299141753e-01 -4.9088024749e-01 -2.7841541940e+00
41 14 9
6 7 496 18.8900 -112.1500 0 652 46.8300 -55.5700 2 602 -12.7500 -63.1700 9 488 -2.3700 -26.4200 10 419 107.1600 31.7300 3 585 -38.7200 -40.8300
1.1118582174e-01 -4.7111526833e-01 -2.7806096609e+00
41 12 7
5 7 497 18.6500 -108.4900 0 658 46.2700 -51.0600 1 646 16.2200 -64.5400 2 605 -12.2400 -58.8800 9 491 -3.0000 -22.2400
5.9296092510e-02 -4.5684019968e-01 -2.7593958968e+00
20 22 22
6 7 498 8.3400 -106.4400 0 661 36.0300 -48.5100 2 612 -21.3300 -53.4200 9 492 -17.0300 -19.1300 5 544 123.0400 -31.4200 3 594 -45.2200 -29.2500
6.0314333604e-02 -4.5765190577e-01 -2.7580667369e+00
20 22 22
6 7 499 8.3400 -106.4400 0 662 36.0300 -48.5100 1 650 4.5300 -60.6000 2 613 -21.3300 -53.4200 9 493 -17.0300 -19.1300 3 596 -45.2200 -29.2500
1.0798969913e+00 -5.3781592359e-01 -3.3547612310e+00
32 27 22
2 7 502 188.5100 -103.7500 1 455 223.5200 -101.1600
-5.5081366631e-02 -4.1073252160e-01 -2.7038510553e+00
198 201 193
7 7 507 -15.5400 -98.5500 0 669 12.0600 -38.9900 1 467 -22.3300 -47.6400 2 628 -41.2600 -37.7800 9 502 -47.9000 -9.0600 5 548 103.6800 -23.9500 10 429 60.4000 52.6200
-1.1760082677e-01 -4.0269280990e-01 -2.6819432700e+00
28 31 33
8 7 509 -28.8800 -97.5700 0 671 -0.8000 -37.6300 1 668 -36.8500 -44.4200 2 632 -52.2200 -32.9600 9 504 -64.2400 -7.7200 5 549 92.6900 -24.4500 10 612 44.3300 55.2000 3 831 -69.5000 -3.2000
-1.1610031693e-02 -4.0379407119e-01 -2.7154904724e+00
213 216 210
5 7 510 -6.6900 -97.1000 0 672 20.5200 -37.1500 1 468 -12.0300 -47.1900 2 626 -33.1000 -38.7500 5 780 110.1600 -20.8700
-1.1802816519e-02 -4.0375425325e-01 -2.7170273275e+00
213 216 210
8 7 511 -6.6900 -97.1000 0 673 20.5200 -37.1500 1 469 -12.0300 -47.1900 2 627 -33.1000 -38.7500 9 506 -36.6500 -7.4200 5 781 110.1600 -20.8700 10 428 72.0500 53.1900 3 824 -54.2900 -11.1800
1.0790252392e-01 -3.7414776406e-01 -2.7493921238e+00
44 10 6
4 7 513 17.6200 -89.9900 1 671 15.5000 -42.1100 2 625 -9.5800 -39.4000 9 508 -6.1600 0.6900
-9.0783893488e-02 -3.5312983860e-01 -2.6729775853e+00
208 211 209
2 7 516 -23.6300 -87.5300 1 677 -30.7600 -33.3500
-9.0891964526e-02 -3.5430849865e-01 -2.6734185376e+00
208 211 209
7 7 517 -23.6300 -87.5300 0 675 3.4100 -26.6800 1 678 -30.7600 -33.3500 2 855 -45.8400 -24.6900 9 662 -58.0900 4.0800 5 785 95.6100 -13.1000 10 619 49.8000 66.7200
-5.7728228842e-01 -3.4477740622e-01 -2.6443996758e+00
37 48 36
2 7 518 -123.0400 -86.6500 1 684 -134.0900 -27.8400
8.1833610715e-02 -3.5308805758e-01 -2.7310075064e+00
246 43 30
7 7 519 12.0800 -85.5200 0 677 38.0400 -26.2200 1 475 9.3600 -36.4000 2 631 -13.9800 -33.8900 9 509 -13.7700 6.5700 5 789 123.1700 -8.2100 3 607 -37.4300 -9.5100
8.1841532104e-02 -3.5090315454e-01 -2.7301715649e+00
246 43 30
3 7 520 12.0800 -85.5200 1 476 9.3600 -36.4000 9 510 -13.7700 6.5700
-3.2992140264e-02 -3.4588414060e-01 -2.6879437188e+00
209 214 209
4 7 522 -11.2000 -85.5700 1 680 -17.3800 -32.6500 2 854 -35.2600 -25.9400 9 665 -43.9600 6.6700
3.1703132315e-02 -3.3652363470e-01 -2.7091364117e+00
244 44 38
6 7 526 1.9200 -83.4100 0 679 27.8200 -22.6800 1 682 -2.1900 -31.8700 2 637 -22.7300 -27.7000 5 791 114.5300 -5.2500 3 836 -44.4900 -1.1400
7.9500839140e-02 -3.2822169844e-01 -2.7239124978e+00
243 42 33
4 7 529 11.6100 -81.1300 0 680 36.9200 -20.5800 1 481 8.9500 -31.3500 2 635 -13.4600 -28.6700
7.9442676189e-02 -3.2775985833e-01 -2.7234501859e+00
243 42 33
3 7 530 11.6100 -81.1300 0 681 36.9200 -20.5800 2 636 -13.4600 -28.6700
9.8571838539e-02 -3.1094721835e-01 -2.7256423789e+00
63 7 1
4 7 533 15.3700 -77.6700 0 683 40.4200 -17.0300 2 639 -9.1600 -26.3100 9 513 -10.2100 15.4700
-8.0059818380e-01 -1.2358837991e-01 -2.5532935611e+00
177 122 140
6 7 544 -173.6100 -42.6700 0 691 -152.7300 11.3800 1 698 -180.9200 24.0400 2 1179 -139.0800 39.4100 9 673 -203.5800 20.6300 5 560 -67.4800 12.4900
1.0843821061e+00 2.8445455331e-01 -3.2284416292e+00
55 51 53
3 7 560 192.7300 39.6000 0 922 181.1000 71.3200 10 649 299.3000 120.6100
6.7402978182e-01 4.8125418482e-01 -2.9282698497e+00
216 232 231
2 7 573 125.4200 79.4800 0 712 118.6100 119.1300
-7.9495122928e-01 5.5384050322e-01 -2.6181076984e+00
40 21 17
2 7 579 -169.6500 96.2100 0 720 -156.4800 133.5800
-8.1452792525e-01 5.8993976178e-01 -2.6398800402e+00
98 80 77
2 7 584 -172.2800 102.7700 0 722 -159.8000 137.3500
-1.1044642523e-01 7.1115942136e-01 -2.7577996583e+00
134 133 130
7 7 588 -28.1000 126.9500 0 725 -25.3700 158.9200 1 734 -14.4600 172.2600 2 906 21.7400 143.0800 9 707 -36.3200 147.5600 5 618 14.9500 189.8900 10 682 43.3500 202.9200
-1.0981910862e-01 7.1251884233e-01 -2.7602771175e+00
134 133 130
5 7 589 -28.1000 126.9500 0 726 -25.3700 158.9200 1 733 -14.4600 172.2600 5 619 14.9500 189.8900 10 683 43.3500 202.9200
-1.1838699064e-01 -9.1864564515e-01 -2.7669788510e+00
51 35 3
3 7 631 -26.0100 -196.6000 0 809 11.9700 -148.7000 1 808 -41.3000 -161.9200
2.1989057675e+00 -1.4387847974e+00 -5.1405017030e+00
81 76 77
2 7 640 276.1500 -178.5600 0 753 284.8100 -203.1100
-5.1422745991e-01 -8.0860241753e-01 -2.8142055768e+00
35 66 40
6 7 642 -101.8700 -172.5700 0 818 -74.4400 -135.9500 1 832 -118.1000 -132.7600 2 1053 -118.3800 -95.8800 9 589 -144.3300 -127.8800 5 719 28.4900 -143.2100
-7.1502794610e-01 -7.8519207825e-01 -2.8042872532e+00
146 24 52
2 7 644 -140.5300 -168.0200 1 836 -158.0100 -124.9400
1.5708550300e-01 -7.8594456156e-01 -2.8966520060e+00
193 63 29
2 7 645 28.8500 -165.1500 1 831 26.4700 -136.8000
-7.2152144425e-01 -7.0974477895e-01 -2.7805700081e+00
149 26 54
3 7 647 -143.4400 -154.4500 0 630 -120.6000 -119.1700 5 507 -21.3600 -133.3000
1.6738936802e+00 -1.2247215270e+00 -5.3301456052e+00
96 81 88
2 7 652 208.8100 -149.7600 1 755 275.9900 -223.1800
1.6738936802e+00 -1.2247215270e+00 -5.3301456052e+00
96 81 88
2 7 653 208.8100 -149.7600 1 756 275.9900 -223.1800
-5.3358407290e-01 -6.5273382445e-01 -2.7583147894e+00
111 164 112
4 7 656 -108.1800 -144.2600 1 854 -123.0900 -97.9400 2 1079 -117.1600 -66.3900 9 602 -149.6400 -89.1000
8.3748525405e-02 -6.1526488316e-01 -2.8157879767e+00
163 125 122
6 7 661 13.8400 -135.4900 0 837 43.9500 -82.0900 1 857 10.0000 -97.0900 2 797 -22.1400 -86.0700 9 609 -7.1400 -57.7900 10 557 103.2700 0.7100
-7.4173951149e-01 -5.1028415899e-01 -2.7060233164e+00
147 33 69
4 7 669 -151.7500 -118.2200 0 840 -130.0000 -75.2000 1 883 -165.4000 -64.1400 5 529 -35.3400 -84.7500
-4.5360264413e-02 -5.1056090185e-01 -2.7372938167e+00
28 27 23
8 7 671 -13.0400 -117.1900 0 843 16.1900 -60.5600 1 873 -20.0400 -70.7300 2 1094 -42.6900 -58.2500 9 618 -43.8200 -32.4200 5 1023 109.3700 -47.6000 10 571 65.5800 29.4100 3 1105 -63.9300 -31.2600
-4.5148565646e-02 -5.1016303023e-01 -2.7369952873e+00
28 27 23
7 7 672 -13.0400 -117.1900 0 844 16.1900 -60.5600 1 643 -20.0600 -70.5300 2 1095 -42.6900 -58.2500 9 619 -43.8200 -32.4200 10 572 65.5800 29.4100 3 1106 -63.9300 -31.2600
-9.3224554430e-02 -4.8898463861e-01 -2.7164272545e+00
214 212 206
5 7 674 -22.9900 -113.7800 0 850 5.9100 -56.3400 1 878 -30.9600 -64.9300 2 822 -50.6300 -51.1500 9 622 -56.4900 -28.0000
3.8834777036e-02 -4.9131837356e-01 -2.7621767195e+00
30 28 28
4 7 675 4.1100 -112.7000 1 644 -0.4400 -67.9300 2 811 -26.4400 -59.0800 10 575 87.6400 31.7900
3.8834777036e-02 -4.9131837356e-01 -2.7621767195e+00
30 28 28
4 7 676 4.1100 -112.7000 1 645 -0.4400 -67.9300 2 810 -26.4400 -59.0800 10 576 87.6400 31.7900
-6.3790853056e-02 -4.8306629683e-01 -2.7247931201e+00
206 209 205
6 7 677 -16.9300 -112.6400 0 851 11.9000 -54.8400 1 880 -24.2900 -64.1500 9 624 -48.9600 -26.5000 5 1031 105.0800 -41.1100 10 578 60.1700 35.3900
-6.3750404789e-02 -4.8369178287e-01 -2.7240982266e+00
206 209 205
6 7 678 -16.9300 -112.6400 0 852 11.9000 -54.8400 1 881 -24.2900 -64.1500 2 1108 -45.1200 -51.5700 9 625 -48.9600 -26.5000 10 579 60.1700 35.3900
-8.2417581519e-02 -4.7471232976e-01 -2.7154625900e+00
22 21 26
6 7 680 -20.8500 -111.1300 0 653 7.8100 -53.2000 1 648 -28.5800 -61.7100 2 827 -48.1600 -48.9400 9 629 -53.8000 -24.5100 3 812 -67.7000 -20.5400
-8.2417581519e-02 -4.7471232976e-01 -2.7154625900e+00
22 21 26
6 7 681 -20.8500 -111.1300 0 654 7.8100 -53.2000 1 649 -28.5800 -61.7100 2 828 -48.1600 -48.9400 9 630 -53.8000 -24.5100 3 813 -67.7000 -20.5400
1.8184084540e+00 -9.2858654783e-01 -5.6607438887e+00
128 126 131
2 7 684 215.8400 -109.8400 1 777 286.6800 -183.4600
2.2593241131e-02 -4.7298382914e-01 -2.7495891078e+00
214 215 208
6 7 685 0.7100 -109.7600 0 855 29.1400 -51.8100 1 647 -4.2600 -63.3200 2 817 -28.7800 -54.2300 9 634 -26.7600 -23.1400 10 582 82.7100 36.5200
-1.3066688876e-01 -4.6366242992e-01 -2.6952150990e+00
210 209 202
3 7 687 -31.0700 -109.3300 0 856 -2.1900 -51.2300 9 637 -66.6500 -22.0800
-1.9269391491e-02 -4.6380066085e-01 -2.7328751208e+00
13 17 19
8 7 690 -7.9400 -108.3900 0 858 20.3900 -50.3500 1 889 -13.9000 -60.4300 2 824 -36.3800 -50.1900 9 639 -37.8200 -21.1500 5 767 111.4400 -35.5200 10 798 71.7900 39.3100 3 1113 -57.9400 -23.6500
-9.9683937432e-02 -4.5874516902e-01 -2.7038407617e+00
214 217 211
6 7 691 -24.6100 -107.9300 0 859 4.0800 -49.8200 1 893 -32.7100 -57.6100 2 833 -50.8300 -44.7700 9 641 -58.7100 -20.5400 5 1037 98.3700 -37.4000
-9.9590744336e-02 -4.5836593906e-01 -2.7034959125e+00
214 217 211
6 7 692 -24.6100 -107.9300 0 860 4.0800 -49.8200 1 894 -32.7100 -57.6100 2 834 -50.8300 -44.7700 9 642 -58.7100 -20.5400 10 597 49.9100 42.2700
-1.1834587900e-02 -4.4769478172e-01 -2.7291945806e+00
218 219 217
8 7 693 -6.6000 -104.8800 0 864 21.6000 -46.8600 1 896 -12.2500 -56.8000 2 1111 -34.4500 -47.4500 9 646 -36.1700 -16.9300 5 1046 112.1800 -31.8700 10 804 72.8400 43.5900 3 1116 -56.2100 -21.3300
6.0372915187e-02 -4.3808220575e-01 -2.7492737622e+00
216 222 220
5 7 700 7.4200 -102.8100 0 665 35.5000 -44.3300 1 658 4.2100 -56.0100 9 498 -17.1500 -13.9100 10 424 92.0100 44.9800
9.4074642296e-02 -4.3168364764e-01 -2.7611918476e+00
216 218 215
7 7 701 15.0200 -100.8400 0 870 42.1700 -42.9300 1 898 12.3300 -55.2300 2 823 -14.0300 -50.2200 9 651 -8.6300 -12.4300 5 1058 127.9200 -25.3600 10 603 100.2200 45.5700
-1.0216393910e-01 -4.1286315160e-01 -2.6894727256e+00
215 222 216
8 7 704 -25.5800 -99.3900 0 873 2.5000 -39.7700 1 901 -33.2700 -47.0800 2 841 -49.7900 -35.7900 9 653 -60.0000 -10.0900 5 1056 96.0400 -26.0600 10 607 48.2800 52.7300 3 1137 -67.8700 -6.3700
2.8370134569e-02 -3.9516738240e-01 -2.7273958188e+00
216 224 217
8 7 706 1.5000 -94.8800 0 874 28.4300 -35.2700 1 666 -2.8400 -45.6400 2 838 -25.2800 -39.3100 9 654 -26.6000 -4.7100 5 1060 116.2800 -18.1300 10 608 82.1200 54.9300 3 1127 -47.5900 -13.2700
-1.0461799445e-01 -3.8541520516e-01 -2.6746458244e+00
216 217 214
4 7 709 -26.1500 -93.6600 0 877 1.8900 -33.5600 5 782 95.1600 -19.7300 10 614 45.8800 59.9300
7.8150370620e-02 -3.7465840020e-01 -2.7394643269e+00
21 20 16
8 7 714 11.4600 -90.3900 0 880 37.8500 -30.7300 1 672 8.7200 -41.8900 2 840 -15.2200 -38.0900 9 658 -14.0700 0.5900 5 786 122.8000 -12.5900 10 613 94.7600 58.8900 3 821 -38.4200 -13.6900
-3.4144417075e-02 -3.4578472615e-01 -2.6887052235e+00
209 212 208
4 7 720 -11.9400 -85.7500 1 679 -17.3800 -32.6500 2 853 -35.2600 -25.9400 9 664 -43.9600 6.6700
9.9789891265e-02 -3.4157403528e-01 -2.7352787420e+00
110 0 0
6 7 722 15.7900 -83.3300 0 1160 41.3000 -23.7700 1 913 13.7100 -34.5000 2 849 -10.0700 -32.3500 9 835 -9.2500 8.6700 5 1072 125.3400 -4.9400
9.9789891265e-02 -3.4157403528e-01 -2.7352787420e+00
110 0 0
6 7 723 15.7900 -83.3300 0 1161 41.3000 -23.7700 1 914 13.7100 -34.5000 2 850 -10.0700 -32.3500 9 836 -9.2500 8.6700 5 1073 125.3400 -4.9400
2.8283982999e+00 -7.0760978063e-01 -5.9811517715e+00
56 53 56
2 7 724 311.6200 -80.2500 0 1071 291.5600 -118.9100
7.6375740678e-01 5.6422446821e-02 -3.0497876529e+00
111 121 91
5 7 750 140.8800 -2.4300 0 909 142.8500 42.4000 1 699 162.8000 29.2500 2 870 149.6100 -2.6800 9 535 158.1300 68.1500
7.3359804164e-01 1.0449340375e-01 -3.0150392277e+00
164 181 163
4 7 753 135.8200 6.8800 0 916 137.9200 52.2300 1 701 156.7300 40.8200 10 647 235.8600 115.8700
7.4263212209e-01 1.3440990014e-01 -2.9920465242e+00
190 202 191
4 7 754 138.0600 12.6400 0 1199 139.4700 58.7200 1 938 158.5700 48.0200 5 844 177.0300 90.2200
6.8949193626e-01 4.2703985312e-01 -2.9392939456e+00
169 180 166
5 7 762 128.4300 69.0000 0 938 122.8100 109.7400 1 716 147.9500 108.0000 9 705 127.5100 133.5800 10 664 213.0600 170.1500
-3.8858076098e-02 4.6424917874e-01 -2.7864691603e+00
160 151 142
3 7 766 -13.0200 77.1800 0 942 -6.9000 116.5800 5 859 41.5100 144.0300
-3.8858076098e-02 4.6424917874e-01 -2.7864691603e+00
160 151 142
3 7 767 -13.0200 77.1800 0 943 -6.9000 116.5800 5 860 41.5100 144.0300
2.2413761935e-01 4.5952384470e-01 -2.7826755359e+00
27 34 42
4 7 768 39.1900 77.4800 0 948 42.2800 120.7600 1 950 50.2800 125.2800 5 865 89.9100 150.2400
-7.0665362105e-02 5.0633665555e-01 -2.7652151009e+00
116 112 109
3 7 772 -19.8700 86.1300 0 952 -13.7100 125.0400 5 609 34.5400 152.8600
-7.8194391166e-01 5.0194908220e-01 -2.6077453718e+00
52 28 24
3 7 775 -167.7500 85.9500 0 715 -153.6100 125.6200 5 418 -105.0000 148.2500
-2.8450932170e-01 5.4730901584e-01 -2.7395552221e+00
69 61 54
2 7 780 -62.8800 93.9000 1 1279 -51.5100 142.4900
-2.7863582753e-01 6.3256808630e-01 -2.7493077292e+00
133 130 121
2 7 783 -61.4800 110.5700 1 961 -48.5100 157.1300
-7.6769778303e-01 6.8830278264e-01 -2.6270014980e+00
137 122 125
2 7 784 -163.9500 123.3500 0 961 -151.8500 156.3000
-3.0033541508e-01 -9.9379505057e-01 -2.6697711157e+00
15 16 13
3 7 814 -64.2900 -217.0600 0 1027 -25.3500 -168.0200 1 1056 -88.3500 -176.1900
-3.5224402726e-01 -9.3238317005e-01 -2.6742202334e+00
159 184 221
2 7 821 -74.7700 -204.3700 1 1069 -98.0200 -161.0500
1.3274611992e-01 -9.0119818480e-01 -2.7329304348e+00
190 205 90
3 7 836 23.5200 -195.6200 0 1060 64.9100 -137.4600 1 1068 13.2500 -161.3100
1.1589991552e-01 -8.9817049991e-01 -2.7323240346e+00
197 215 102
3 7 837 20.1600 -195.0100 0 1061 61.2900 -137.2500 1 1070 9.4100 -160.3700
-4.2659506131e-01 -7.1951288513e-01 -2.8268264059e+00
93 136 91
5 7 884 -84.8700 -155.0200 0 1079 -57.8600 -115.5300 1 843 -97.8200 -114.7500 9 767 -121.2800 -106.5000 10 538 -23.4600 -40.6700
-5.1732541113e-01 -6.4471645180e-01 -2.7636897463e+00
19 61 23
4 7 893 -104.9900 -143.0700 0 1085 -78.9600 -100.1900 1 1124 -119.0700 -96.1800 10 769 -49.3800 -19.3900
-6.0967845323e-02 -6.3621861009e-01 -2.7742488866e+00
174 121 115
7 7 894 -15.1900 -141.0500 0 1098 15.9000 -88.1300 1 847 -23.5300 -99.2700 2 1067 -49.3500 -81.9500 9 776 -45.3900 -64.2200 10 553 64.7600 -2.4900 3 1089 -71.3600 -55.1800
-3.7025147645e-02 -6.3167962781e-01 -2.7805984258e+00
188 149 148
5 7 896 -10.4400 -140.0100 0 1104 20.6600 -86.7600 1 850 -17.9700 -98.7100 2 1064 -44.8600 -82.3300 9 777 -39.2000 -62.8800
-1.4962009866e-02 -6.2823713418e-01 -2.7859040681e+00
170 133 129
4 7 897 -6.0000 -139.1800 0 1105 24.9600 -85.7600 1 849 -12.9800 -98.3000 9 779 -33.4300 -61.6500
-5.0321092989e-01 -6.2251588248e-01 -2.7608471357e+00
16 57 22
6 7 900 -102.4600 -138.5900 0 1087 -76.6100 -95.2100 1 862 -116.1000 -91.7000 2 1089 -110.9500 -62.3900 9 772 -141.9500 -82.0400 10 773 -45.5900 -13.8100
4.3621128233e-02 -6.1999965169e-01 -2.8034649985e+00
183 141 145
4 7 904 5.6900 -136.9200 0 1109 36.4800 -83.3900 1 855 0.5700 -97.3800 9 785 -17.8700 -59.2600
1.0472216029e-01 -6.1147028106e-01 -2.8232675548e+00
183 141 139
8 7 907 18.0500 -134.6100 0 838 48.2000 -81.0900 1 858 14.7700 -96.6700 2 1058 -17.9400 -86.7800 9 610 -1.3700 -56.9400 5 1013 136.2100 -64.1400 10 558 108.7600 1.0700 3 1082 -45.2500 -65.4900
-1.0690598229e-01 -5.0098103832e-01 -2.7160230539e+00
17 15 13
3 7 925 -25.8800 -116.3600 1 875 -34.4000 -67.3900 9 808 -59.6300 -30.9700
-1.0779977947e-01 -5.0141106023e-01 -2.7165551993e+00
17 15 13
4 7 926 -25.8800 -116.3600 0 848 3.1200 -59.4000 1 876 -34.4000 -67.3900 5 1026 98.7100 -47.2700
9.9195326353e-02 -5.0689506290e-01 -2.7874137086e+00
218 222 216
7 7 930 16.4600 -115.0300 0 1124 44.7300 -58.8200 1 872 13.4300 -72.5600 2 1082 -15.5700 -65.4700 9 807 -5.3900 -30.8200 10 791 103.9400 26.9600 3 1096 -41.5800 -43.1700
-7.4474393620e-01 -4.8911607787e-01 -2.6970538718e+00
22 100 120
2 7 931 -152.8900 -114.1300 1 1145 -166.3000 -59.4400
1.7106815667e+00 -9.4800730917e-01 -5.6082901149e+00
92 77 79
2 7 933 205.5100 -112.9600 1 1044 273.9300 -185.3700
-3.0630308019e-02 -4.7847163888e-01 -2.7337679029e+00
218 220 216
6 7 934 -10.1500 -111.2300 0 853 18.5100 -53.5200 1 884 -16.5700 -63.5600 2 1107 -38.9400 -52.3700 9 627 -40.4300 -24.9300 10 580 68.8900 36.0000
-5.2866333742e-03 -4.7428484988e-01 -2.7406662940e+00
217 218 216
4 7 937 -4.8500 -110.1800 0 1129 23.5400 -52.3900 2 1103 -34.0500 -52.9700 9 811 -33.9800 -23.8200
-7.3440520299e-02 -4.5627808945e-01 -2.7112209718e+00
213 213 213
6 7 941 -19.2500 -107.3200 0 1131 9.2200 -49.1500 1 895 -26.6100 -57.5700 2 1114 -46.0700 -45.8600 9 816 -52.0100 -19.8000 10 595 56.9200 42.5100
9.7606252293e-02 -4.5889976051e-01 -2.7718687305e+00
218 222 217
3 7 946 15.8800 -106.1200 0 1133 43.3800 -48.6400 9 817 -7.0200 -19.2200
9.7935875701e-02 -4.5916891445e-01 -2.7714065987e+00
218 222 217
6 7 947 15.8800 -106.1200 0 1134 43.3800 -48.6400 1 1140 13.2500 -61.6900 2 1099 -14.4000 -55.8700 9 818 -7.0200 -19.2200 10 1033 102.2700 38.6800
-3.3639760850e-02 -4.5178619936e-01 -2.7227501603e+00
219 215 217
5 7 948 -11.0300 -106.1100 0 1135 17.2500 -47.9800 1 897 -17.3600 -57.3000 9 819 -41.7800 -18.2500 10 803 67.2100 42.9500
4.2462868552e-02 -4.5351744353e-01 -2.7493779286e+00
19 15 18
6 7 949 4.6700 -105.6500 0 862 32.3000 -47.7500 1 890 0.3500 -59.1600 2 820 -24.7700 -51.5500 9 644 -21.5900 -18.1400 3 802 -48.3100 -26.7900
4.2467868153e-02 -4.5351456485e-01 -2.7493580564e+00
19 15 18
7 7 950 4.6700 -105.6500 0 863 32.3000 -47.7500 1 891 0.3500 -59.1600 2 821 -24.7700 -51.5500 9 645 -21.5900 -18.1400 10 801 87.3900 41.1600 3 803 -48.3100 -26.7900
1.3004322509e-03 -4.3670995218e-01 -2.7310561551e+00
13 15 11
3 7 955 -4.0500 -102.4900 0 1138 23.9700 -44.3200 5 1052 114.1000 -29.0900
9.7907447735e-04 -4.3547142896e-01 -2.7338120355e+00
13 15 11
2 7 956 -4.0500 -102.4900 0 1137 23.9700 -44.3200
2.2982493507e-02 -3.5450612733e-01 -2.7118482136e+00
91 2 0
5 7 972 0.0300 -86.7800 0 1153 26.4700 -26.6000 1 1160 -4.1900 -35.9400 2 1124 -25.0200 -30.7800 9 828 -28.8700 5.0400
-2.9016364422e-03 -3.5434232527e-01 -2.7041118172e+00
60 17 11
5 7 973 -5.2800 -86.7700 1 912 -10.1500 -35.2900 2 1126 -29.8900 -29.3900 9 827 -35.3000 4.6400 5 1067 109.8700 -10.3400
-1.5243896850e-01 -3.4562808738e-01 -2.6511258200e+00
17 17 16
7 7 974 -36.7400 -86.7100 0 1158 -9.4700 -25.2600 1 916 -45.1900 -30.3400 2 1131 -56.6600 -19.6400 9 830 -73.7700 5.4300 5 1066 84.7100 -11.8200 10 822 33.6500 69.0000
-1.5231800100e-01 -3.4553330194e-01 -2.6498905837e+00
17 17 16
6 7 975 -36.7400 -86.7100 0 1157 -9.4700 -25.2600 1 917 -45.1900 -30.3400 2 1132 -56.6600 -19.6400 9 831 -73.7700 5.4300 5 1065 84.7100 -11.8200
5.1532697524e-02 -3.4952547911e-01 -2.7216402956e+00
80 1 0
7 7 976 5.9500 -85.5400 0 1156 32.2000 -25.4400 1 911 2.5000 -35.4100 2 1122 -19.3000 -31.5400 9 833 -21.7600 6.3800 10 1052 86.6000 65.2100 3 1136 -41.4300 -6.3700
-1.3687275736e-02 -3.2926318959e-01 -2.6880768499e+00
222 220 215
2 7 979 -7.8300 -82.3000 1 1163 -12.8400 -29.1700
4.7258996406e-01 -3.1559997205e-01 -2.6229811385e+00
100 173 76
2 7 982 92.9300 -80.3100 1 1175 94.9800 -25.3400
1.9520372218e+00 -6.8261233164e-01 -5.9157133344e+00
133 121 125
2 7 983 223.1100 -79.7500 1 1085 296.5300 -154.1000
5.0676172522e-02 -3.1621734304e-01 -2.7094811371e+00
81 2 0
2 7 985 5.6300 -79.0300 1 918 2.1600 -27.6900
-7.4911883919e-01 -3.0477778376e-01 -2.6335432328e+00
82 166 185
3 7 986 -158.2100 -78.7700 0 1151 -136.7800 -29.3600 5 1044 -46.9000 -32.9700
2.0305727646e+00 -6.5602538921e-01 -5.9439297267e+00
133 122 128
2 7 987 230.5100 -76.5500 1 814 305.4000 -151.4000
1.9586942503e+00 -6.5331821575e-01 -5.9444556616e+00
81 61 63
2 7 989 222.9200 -76.3800 1 1087 296.6200 -150.7000
2.0132817485e+00 -5.5336890071e-01 -6.0427786033e+00
132 119 125
2 7 998 225.9400 -64.9000 1 828 300.4000 -139.6600
-7.6091546812e-01 -2.1005527869e-01 -2.5912926575e+00
72 166 196
2 7 1001 -163.2500 -60.2000 0 1166 -142.0700 -7.9700
-3.8343681205e-01 -1.8081892792e-01 -2.6878955750e+00
204 216 208
3 7 1008 -82.7500 -52.4300 0 1172 -61.1300 0.1100 1 1198 -87.9400 3.7900
8.8093591951e-01 -2.6534208103e-02 -3.2636070121e+00
52 49 34
2 7 1024 155.9100 -16.5200 1 924 184.8200 1.7000
4.9343175518e-01 2.4316050995e-02 -3.1571869733e+00
39 87 4
2 7 1031 88.7500 -8.4400 1 929 108.4100 17.4300
1.0081304624e+00 4.8817083788e-02 -3.2118635843e+00
219 224 220
6 7 1033 180.6300 -2.8600 0 906 177.4400 35.1400 1 930 211.0000 18.2900 2 857 202.8800 -22.7100 9 689 219.5700 57.2700 10 627 296.3400 86.9600
8.6139105581e-01 1.4508231689e-01 -3.1449633535e+00
75 70 62
4 7 1040 155.4500 14.3300 0 915 153.0000 52.2900 9 691 181.5400 73.5000 10 644 261.2600 106.0000
1.0518829278e+00 2.4385903968e-01 -3.2003523259e+00
214 211 214
2 7 1047 188.1600 32.2200 1 939 219.0800 55.3400
6.5047119790e-01 3.7392075006e-01 -2.9794875892e+00
135 152 133
2 7 1058 120.1400 58.0000 1 1236 139.9900 94.6300
6.7363041828e-01 4.1428628927e-01 -2.9437247220e+00
217 232 226
3 7 1061 125.4200 66.3000 1 1242 144.7300 105.1900 10 1102 210.1200 167.2500
6.6022444502e-01 4.2534874628e-01 -2.9438571644e+00
158 175 158
5 7 1064 122.7600 68.5800 0 937 117.5200 108.8000 1 945 142.0800 107.0000 2 1192 143.6300 72.1400 10 866 206.9900 168.0500
-8.5857881107e-01 4.5550487547e-01 -2.6576584265e+00
81 68 68
2 7 1069 -179.5800 74.9700 0 1213 -166.8400 111.4000
-7.6233512836e-01 5.0753566851e-01 -2.5974940293e+00
131 114 108
3 7 1078 -164.5500 87.6600 0 1227 -150.1500 127.9300 5 866 -100.3500 151.1000
6.4361839562e-01 5.8406720284e-01 -2.8383424043e+00
122 139 121
6 7 1089 121.2500 101.8800 0 1234 113.1500 142.8200 1 959 138.4700 145.9800 9 896 109.7200 166.8100 5 872 147.5300 176.1200 10 880 196.8700 204.1500
6.5538007295e-01 5.9088303568e-01 -2.8269755849e+00
190 208 195
2 7 1090 124.0200 103.4900 1 1283 140.9900 148.2600
1.1816866598e-01 -6.2524092159e-01 -2.8361079127e+00
77 25 9
4 8 1016 42.3800 -139.9800 0 639 51.0400 -83.8600 1 629 17.9200 -99.9100 5 753 138.2500 -67.3200
-3.6639694569e-03 -5.2069014374e-01 -2.7562367815e+00
219 220 222
5 8 1043 18.5600 -127.9300 0 1123 24.8700 -62.8300 1 871 -10.3100 -73.8300 2 1088 -35.2100 -62.3900 10 568 77.1300 25.6800
-1.8131739491e-01 -4.7929807171e-01 -2.7148489434e+00
169 124 98
4 0 18 -13.2800 -56.6200 1 21 -48.3300 -61.9400 2 37 -60.2100 -47.8300 9 22 -78.6400 -29.9800
-3.7385637184e-01 3.8106247572e-01 -2.7489075267e+00
233 238 241
3 0 22 -69.0800 99.3100 1 31 -70.7400 110.5200 2 45 -34.0400 95.9500
-3.7526781575e-01 3.8521615459e-01 -2.7590133678e+00
233 238 241
2 0 23 -69.0800 99.3100 1 32 -70.7400 110.5200
5.6314653706e-02 -9.3277085606e-01 -2.7512852867e+00
77 59 18
2 0 28 49.2400 -146.7000 1 18 -3.6100 -167.5900
4.4286069003e-01 2.9668352308e-01 -2.8036261603e+00
97 4 0
2 0 63 86.8500 95.8700 1 50 95.2500 92.3100
-1.2878091247e-01 4.5884565251e-01 -2.8133360700e+00
106 92 79
2 0 64 -23.4900 111.6100 1 75 -19.0200 121.1000
-4.8679695880e-01 -5.0176112671e-01 -2.7250159513e+00
44 41 41
2 0 77 -75.8800 -68.7100 1 88 -112.8700 -64.7200
-6.3734375625e-01 -2.1900255795e-01 -2.6232823848e+00
18 18 16
2 0 82 -114.4300 -9.7600 1 126 -144.9200 0.6700
-1.2334592310e-01 5.7637681369e-01 -2.7985325865e+00
178 183 179
2 0 93 -24.9900 133.0000 1 104 -16.8900 143.5300
-4.8541008596e-01 -1.0496737308e+00 -2.5986049395e+00
29 37 37
2 0 101 -65.9300 -185.2400 1 109 -135.5600 -185.8300
-2.1975084794e-01 5.3250380856e-01 -2.7584920436e+00
186 191 181
4 0 128 -41.9000 126.7700 1 142 -37.1300 137.6000 5 103 4.2500 155.6600 10 135 21.2300 178.3700
-4.6497545476e-01 -6.2908323563e-01 -2.7793574418e+00
41 35 34
4 0 149 -67.7000 -96.3300 1 166 -106.3300 -93.6400 9 150 -132.2800 -84.1500 10 119 -36.0600 -16.4700
-5.3009056426e-01 -2.8782445378e-01 -2.6377355240e+00
77 90 72
3 0 159 -90.1800 -21.2800 1 181 -123.8300 -15.3100 5 125 1.5000 -17.7700
-1.6687815890e-01 -2.6732814623e-01 -2.6275679943e+00
181 111 66
2 0 164 -14.3300 -8.5600 1 182 -48.2400 -12.0500
-1.6687815890e-01 -2.6732814623e-01 -2.6275679943e+00
181 111 66
2 0 165 -14.3300 -8.5600 1 183 -48.2400 -12.0500
-1.7267837250e-01 3.9163972142e-01 -2.8742386657e+00
235 243 247
2 0 182 -30.3900 94.9400 1 136 -25.5800 103.2400
-1.2917912581e-02 -8.7702188253e-01 -2.7181027404e+00
231 233 77
2 0 210 33.5600 -135.7300 1 161 -19.8300 -153.4900
-4.1381560473e-01 -5.7321422197e-01 -2.7855994813e+00
29 21 18
3 0 219 -57.9300 -84.2100 1 325 -95.5200 -82.7500 5 339 35.3100 -82.7000
-6.6890485213e-01 -1.6751120338e-01 -2.6194647059e+00
108 170 188
2 0 229 -122.1900 0.8800 1 248 -150.1000 10.8700
2.7769493173e-01 1.4978918660e-01 -2.8391084588e+00
28 54 17
2 0 240 59.8500 63.7000 1 254 60.0700 61.4500
-1.2128284824e-02 -1.0230542198e+00 -2.6440760560e+00
181 136 67
2 0 283 39.4900 -166.4000 1 212 -26.0900 -188.0200
-1.2128284824e-02 -1.0230542198e+00 -2.6440760560e+00
181 136 67
2 0 284 39.4900 -166.4000 1 213 -26.0900 -188.0200
1.0640518032e+00 -5.7517013404e-01 -3.4282765533e+00
109 103 95
2 0 299 196.6900 -75.0500 1 232 218.9700 -110.0300
-4.5183528449e-01 -1.9484181654e-01 -2.6577360867e+00
89 99 88
3 0 323 -75.3900 -2.1400 1 350 -104.1700 2.7100 2 431 -87.8700 12.9700
-4.3909294491e-01 -1.0199234575e-01 -2.7248437531e+00
180 178 189
2 0 327 -73.5600 12.0000 1 358 -94.8500 17.8300
-6.9106027320e-01 4.9281258086e-02 -2.5466561661e+00
189 209 173
2 0 332 -131.9800 48.4600 1 369 -155.3800 59.9500
-5.2680644048e-01 3.8722771207e-01 -3.0256054553e+00
93 184 215
2 0 339 -93.7500 76.7400 1 377 -82.6300 89.6800
3.0197691334e-01 2.3174603885e-01 -2.8461844573e+00
92 0 0
3 0 340 61.6900 78.0300 1 256 66.1900 76.6400 2 255 65.7800 54.0000
-6.4093554831e-01 2.2668618409e-01 -2.5975644598e+00
228 233 237
4 0 342 -122.6300 80.5800 1 528 -136.7700 91.0200 2 1200 -92.4900 86.1700 5 134 -55.4100 95.9500
-1.9715844576e-01 3.7067952470e-01 -2.9395170915e+00
230 132 164
2 0 345 -34.4700 86.1900 1 383 -27.4300 94.1200
5.3247807038e-01 -1.1307430853e+00 -2.6501975690e+00
145 148 138
3 0 401 161.5200 -175.3200 1 285 103.1700 -224.2500 2 353 0.6100 -205.0400
2.1383952701e-01 -1.0712241596e+00 -2.6271033700e+00
45 49 48
2 0 404 91.4200 -170.9400 1 421 25.3000 -203.6400
5.8654590446e-01 -1.1040104494e+00 -2.6832978054e+00
148 153 142
3 0 408 169.8200 -167.3500 1 208 117.1400 -217.9800 2 201 15.6600 -204.7600
-6.7783966338e-02 -1.0197167183e+00 -2.6475433251e+00
46 51 54
2 0 409 27.0900 -167.3800 1 300 -38.5800 -186.1100
1.1999512451e-01 -9.9496573374e-01 -2.6807189197e+00
42 51 52
2 0 417 66.6300 -157.2800 1 302 6.6400 -183.1600
-3.0977609556e-02 -9.5260449446e-01 -2.7289829472e+00
102 123 109
2 0 421 31.9200 -153.3900 1 439 -24.6000 -170.3000
-5.1347139419e-01 -5.7386946563e-01 -2.7450156433e+00
45 40 40
3 0 439 -79.9000 -84.8000 1 327 -118.1600 -80.1800 5 338 17.6300 -87.8700
-6.7206313599e-01 -3.6597028314e-01 -2.6891697239e+00
201 188 151
4 0 456 -117.8500 -43.2700 1 479 -149.5200 -33.7300 2 869 -123.7600 -10.7400 9 485 -173.6900 -32.4100
-6.9004840343e-01 -2.2026692632e-01 -2.6359019593e+00
208 110 131
4 0 472 -125.2000 -11.0100 1 498 -154.1200 -1.1700 2 655 -122.5000 15.8800 5 362 -39.2900 -9.8300
-5.3449598153e-01 -1.0693510346e-01 -2.6734776203e+00
182 86 114
3 0 482 -93.7900 12.3700 1 504 -117.6900 19.9700 2 660 -91.5100 28.0000
-3.8088579268e-01 -8.8560645321e-02 -2.7465495889e+00
179 195 207
2 0 484 -61.7800 14.2800 1 359 -81.5700 19.3200
-4.1223255031e-01 -7.3728537716e-02 -2.7267459161e+00
186 87 118
2 0 485 -68.5900 17.7400 1 361 -88.8300 23.4900
-4.6234219458e-01 4.0734487491e-01 -3.0620843273e+00
223 122 156
2 0 517 -82.0100 78.6900 1 378 -68.8300 90.6900
-7.0091321146e-01 3.2819912211e-01 -2.5766516273e+00
157 165 158
2 0 524 -136.5900 98.8900 1 719 -147.5800 112.6100
-1.7988859771e-01 5.6480039564e-01 -2.8082958748e+00
192 201 196
3 0 531 -34.9600 129.2900 1 542 -27.9600 140.6800 2 488 8.6500 116.0600
2.3954043522e-01 6.4796339598e-01 -2.8130329017e+00
158 167 162
2 0 536 39.9800 148.0400 1 200 55.8300 158.7800
2.0329404335e-01 6.4290196005e-01 -2.7323689005e+00
150 155 145
2 0 538 34.5300 155.4900 1 390 46.4600 164.1500
-5.0709801812e-01 -1.1456843997e+00 -2.5186441757e+00
91 116 111
2 0 566 -69.9000 -208.1200 1 575 -150.1300 -209.0800
6.6928003720e-01 -8.8907618065e-01 -2.9082012367e+00
147 152 142
3 0 628 166.2000 -126.0500 1 601 139.1400 -166.2700 5 743 242.7000 -93.6500
-5.0520837705e-01 -6.6560173415e-01 -2.7742040231e+00
46 66 42
5 0 633 -75.8400 -104.6400 1 627 -116.2200 -101.3300 2 803 -112.4600 -70.3100 5 523 23.2900 -108.9300 10 402 -45.6900 -24.5100
-1.7385282761e-01 -1.5131600478e-01 -2.7905053750e+00
203 201 179
2 0 688 -19.0000 4.0800 1 692 -38.4300 3.6700
4.4526723896e-01 2.6615475221e-01 -2.8853365189e+00
120 18 18
2 0 705 86.0500 83.4000 1 519 96.6300 80.9000
3.0057530235e-01 -1.1804295604e+00 -2.5255221387e+00
151 171 168
2 0 763 118.9400 -192.2800 1 746 41.2300 -234.9900
-1.1742903345e-01 -9.1972082440e-01 -2.7585634436e+00
43 33 9
2 0 810 11.9700 -148.7000 1 809 -41.3000 -161.9200
2.2294526020e-02 -8.7424479153e-01 -2.7408306890e+00
39 42 6
3 0 819 40.4400 -134.6000 1 610 -10.7200 -153.5200 2 774 -56.1100 -127.7400
2.5052608241e-02 -6.2396120169e-01 -2.7977495391e+00
183 135 133
3 0 834 32.8600 -84.4800 1 851 -3.8100 -97.9400 9 783 -22.8300 -60.2600
3.1024260501e-02 -6.2185405650e-01 -2.8024097088e+00
183 135 133
4 0 835 32.8600 -84.4800 1 852 -3.8100 -97.9400 5 751 127.4300 -68.5500 3 1084 -55.3400 -61.2800
-1.3238773074e-01 -4.1638013729e-01 -2.6788674542e+00
218 219 217
3 0 872 -3.7100 -40.7100 1 903 -40.4200 -47.2200 2 1120 -55.3800 -34.6600
-4.7573944037e-01 -2.1990976846e-01 -2.3403647211e+00
155 195 197
2 0 899 -85.0500 12.6600 1 696 -136.3200 16.7500
-6.6147079858e-01 3.5629646534e-01 -2.5577112043e+00
230 230 234
2 0 936 -129.3800 106.3700 1 1254 -140.8700 120.0600
-6.9737892867e-01 -8.0544114089e-01 -2.8145838646e+00
195 76 113
2 0 1058 -113.1000 -139.6100 1 834 -153.9900 -129.6800
7.7662863290e-02 -8.7753953559e-01 -2.7380233668e+00
218 234 126
2 0 1064 52.3600 -133.9300 1 811 1.3800 -155.0600
-4.4880131116e-01 -7.2920820417e-01 -2.8184200240e+00
95 130 88
5 0 1074 -62.4300 -118.0700 1 841 -103.0100 -116.3700 9 597 -127.2300 -108.4200 10 537 -29.6200 -42.1700 3 1094 -105.9600 -49.2300
1.0280583216e+00 -7.6715597124e-01 -2.7630908895e+00
109 144 63
2 0 1094 239.6100 -87.8200 1 1098 226.6300 -140.4700
5.9150483180e-04 -5.9589270068e-01 -2.8991393196e+00
25 19 16
3 0 1110 26.8600 -82.7300 1 860 -6.1800 -95.1900 2 1063 -23.8300 -83.0700
-3.2476488515e-03 -5.2136140654e-01 -2.7551049872e+00
221 222 219
3 0 1122 24.8700 -62.8300 1 870 -10.3100 -73.8300 9 616 -32.5200 -34.7900
1.4963170523e-02 -4.0707594224e-01 -2.7260600314e+00
17 17 18
4 0 1141 25.7700 -37.5200 1 1152 -5.9500 -48.3500 9 1018 -29.9800 -7.4200 10 1042 78.9700 52.5800
1.5050445418e-02 -4.0693060937e-01 -2.7262795968e+00
17 17 18
3 0 1142 25.7700 -37.5200 1 1153 -5.9500 -48.3500 10 1043 78.9700 52.5800
-1.4532821497e-01 -3.9105855800e-01 -2.6661309008e+00
211 214 214
5 0 1144 -6.9700 -35.1800 1 1156 -43.9400 -41.0800 2 1127 -56.0200 -28.9100 9 1020 -72.0000 -5.1300 5 1059 88.2900 -22.4300
-3.7921126586e-02 -3.7585935146e-01 -2.6971241583e+00
223 216 214
5 0 1147 14.5200 -31.3600 1 907 -18.4300 -39.6400 2 1123 -37.0800 -31.7200 9 1026 -44.0100 -0.2900 3 1139 -57.2100 -3.9300
2.3153848862e-02 -3.5451977197e-01 -2.7125163138e+00
117 6 2
2 0 1154 26.4700 -26.6000 1 1161 -4.1900 -35.9400
9.8496440172e-01 7.1254094411e-02 -3.1938330160e+00
211 209 201
2 0 1187 173.7500 39.5000 1 932 206.4600 23.6300
9.4611123647e-01 7.7213294120e-02 -3.1484921243e+00
204 208 199
2 0 1189 169.2300 42.6100 1 1215 199.2600 27.3500
-4.6346923927e-01 -4.0175599299e-01 -2.7186668661e+00
90 175 120
2 7 104 -96.8900 -96.0000 2 118 -96.3300 -24.8300
-9.5250134710e-02 -5.1710399907e-01 -2.7290463903e+00
200 201 196
2 7 130 -23.1800 -119.2900 2 167 -51.1300 -56.6700
-5.5515982749e-01 1.1366912049e-01 -2.6913155790e+00
221 78 134
2 7 295 -119.3500 3.4500 2 459 -75.8000 64.9300
3.4643096850e-01 -3.9563962760e-02 -3.1194062744e+00
104 154 75
3 7 386 62.4400 -20.4200 9 361 76.1000 19.5000 10 298 158.3400 65.0600
-5.0481666306e-01 -6.6478729411e-01 -2.7732700561e+00
28 57 33
2 7 482 -102.1000 -146.4500 9 465 -142.4700 -92.1500
-5.5275765114e-02 -4.1038934918e-01 -2.7033531995e+00
198 201 193
4 7 508 -15.5400 -98.5500 2 629 -41.2600 -37.7800 9 503 -47.9000 -9.0600 3 826 -61.0800 -9.1000
4.8143286329e-02 -4.7132975742e-01 -2.7565519575e+00
214 218 212
2 7 686 5.8900 -109.0800 2 815 -24.1500 -55.3800
9.0744359704e-01 7.6986085054e-03 -3.2148720482e+00
199 203 197
2 7 747 162.0500 -10.5200 2 852 182.5600 -27.3200
5.8183871709e-03 -6.2632988192e-01 -2.7921830116e+00
187 146 145
2 7 898 -1.7700 -138.5600 2 1060 -36.9100 -83.7000
-1.5116744156e-01 -3.7807374131e-01 -2.6611060288e+00
19 18 17
3 7 965 -36.2500 -92.9700 9 1022 -72.9800 -2.3700 10 814 34.6000 62.3500
-1.5183915731e-01 -3.7825196924e-01 -2.6627623598e+00
19 18 17
2 7 966 -36.2500 -92.9700 9 1023 -72.9800 -2.3700
9.5062468111e-02 -2.9665503799e-01 -2.7203748728e+00
247 39 33
2 7 990 14.6600 -74.8000 9 1051 -11.3300 18.7000
-6.8107252551e-01 -2.9641972672e-01 -2.6630035452e+00
183 87 112
2 8 351 -115.9800 -82.8500 9 495 -175.8200 -16.8700
7.9690272784e-02 -3.4538579449e-01 -2.7354767288e+00
243 42 33
2 8 498 37.2800 -102.5500 9 511 -13.7700 6.5700
-6.9332012515e-01 -6.5657526709e-02 -2.5888866303e+00
140 171 175
2 8 1153 -123.5500 -47.5500 9 1064 -177.3700 30.9900
-1.4892736627e-01 -6.9292212816e-01 -2.7419136676e+00
211 185 39
2 0 147 -1.0500 -101.4700 9 152 -70.1900 -75.8700
-1.2421591843e-01 -3.1033803822e-01 -2.6514847194e+00
217 221 216
3 0 161 -4.6800 -17.6200 9 164 -66.8500 13.4900 10 123 40.5300 76.8100
-4.8644827168e-01 3.2909084999e-01 -2.7939806384e+00
235 237 242
2 0 245 -89.0100 84.2800 2 260 -47.6300 86.1400
-1.7130069926e-01 -3.9500884392e-01 -2.6611716178e+00
210 210 205
3 0 314 -12.3600 -36.2600 9 245 -77.9800 -6.0800 10 189 29.8800 57.7600
-5.7245369424e-01 -3.1686775641e-01 -2.6468839947e+00
87 111 87
2 0 315 -98.7500 -28.7500 9 499 -158.3200 -12.5600
-6.5973742062e-01 -4.9495122896e-01 -2.7325423447e+00
116 178 177
2 0 445 -112.2800 -71.3500 2 630 -125.4500 -34.9200
-7.8496892689e-02 -4.0113982133e-01 -2.6947096329e+00
29 29 27
3 0 457 7.1500 -37.3500 2 410 -44.9900 -34.8800 5 357 99.1300 -22.8200
-2.6400929687e-01 3.0562195151e-01 -2.7960097397e+00
95 200 226
2 0 521 -46.0600 84.6400 2 467 -18.9400 78.9900
1.3314730831e-01 -1.3072817067e+00 -2.4917254028e+00
57 23 11
2 0 550 86.7400 -227.6000 9 428 -45.9600 -185.8200
-9.1136950967e-02 -3.5351816465e-01 -2.6736822623e+00
213 214 213
4 0 676 3.4100 -26.6800 2 856 -45.8400 -24.6900 9 663 -58.0900 4.0800 3 845 -63.9000 4.9600
-4.1424574138e-01 -7.5210669570e-01 -2.8422007452e+00
120 147 131
2 0 822 -54.4300 -122.4900 9 595 -117.8500 -114.7600
-7.2441725606e-01 -6.8404995136e-01 -2.7677647545e+00
148 30 57
3 0 824 -121.8800 -113.2700 2 1084 -141.5600 -65.5300 5 513 -23.1400 -126.9800
-1.0873020550e-01 -5.0225348889e-01 -2.7144488840e+00
16 18 13
4 0 847 3.1200 -59.4000 2 1105 -53.9500 -52.9000 5 1025 98.7100 -47.2700 3 1111 -72.7600 -24.1500
7.9763738151e-02 -4.6342193788e-01 -2.7658167208e+00
218 219 219
3 0 861 40.2300 -49.5600 2 814 -17.7500 -55.6800 9 640 -12.0500 -20.3800
-4.5534898724e-01 3.1669491637e-03 -2.6827595510e+00
170 199 207
2 0 905 -79.3000 34.5200 9 852 -120.4900 42.1600
4.2032049500e-01 1.0732576476e+00 -2.8375741120e+00
59 28 24
2 0 963 60.0400 214.1600 2 340 129.3800 189.4300
-6.1187429759e-02 -6.3654634857e-01 -2.7741520270e+00
162 120 121
2 0 1097 15.9000 -88.1300 2 1066 -49.3500 -81.9500
5.2028350492e-02 -3.4985539826e-01 -2.7215123264e+00
92 7 1
3 0 1155 32.2000 -25.4400 9 832 -21.7600 6.3800 3 1135 -41.4300 -6.3700
-5.6585112003e-01 -4.8550449473e-01 -2.7225974309e+00
33 35 29
3 1 22 -129.1800 -60.6800 2 58 -111.9800 -37.1200 9 21 -155.3500 -52.3700
4.3534046736e-01 4.6603659235e-01 -2.8398405924e+00
135 210 113
2 1 33 95.1200 123.2700 2 21 100.2400 90.7200
2.1843529145e-01 -1.0085583791e+00 -2.6807429202e+00
21 62 39
2 1 154 29.3100 -188.7400 2 210 -40.8200 -160.6800
8.2225029143e-02 -4.0629925280e-01 -2.7501445375e+00
75 78 77
2 1 175 9.5500 -49.1600 9 158 -12.3000 -6.8700
-5.4403207994e-01 -3.3100339118e-01 -2.6620228573e+00
79 149 108
2 1 178 -125.3000 -25.7500 9 157 -151.7200 -15.7000
6.6979323834e-01 5.2004593061e-01 -2.9033208683e+00
120 123 104
3 1 197 144.1600 129.1600 2 331 148.2300 90.4200 9 192 119.4200 150.1900
2.4964129421e-01 7.0576999285e-01 -2.6888293366e+00
220 231 230
2 1 204 55.3400 180.7500 2 193 71.8600 146.7100
5.4480845648e-01 -1.0989854505e+00 -2.6619639691e+00
41 26 17
2 1 209 106.5700 -216.6100 2 204 6.5400 -199.0900
-4.7242836418e-01 -7.9624491558e-01 -2.8218339775e+00
69 150 100
2 1 225 -108.8100 -130.4500 2 298 -111.2000 -95.8700
-4.1502994462e-01 -7.7972451397e-01 -2.8397310795e+00
76 155 103
2 1 226 -95.6200 -127.8000 2 226 -100.7700 -96.2500
-2.5192457523e-01 3.9016371399e-01 -2.7804634934e+00
168 169 154
2 1 260 -45.5800 110.4700 2 262 -13.8600 92.7000
-2.5192457523e-01 3.9016371399e-01 -2.7804634934e+00
168 169 154
2 1 261 -45.5800 110.4700 2 263 -13.8600 92.7000
6.7208203710e-01 5.1714659163e-01 -2.9047780025e+00
117 121 103
2 1 264 144.6800 128.1700 2 332 148.2300 90.4200
-6.2858915646e-01 -1.1384885967e+00 -2.5233941129e+00
77 106 88
2 1 289 -176.0000 -205.1600 2 382 -189.8100 -135.3100
1.1014014473e-01 -5.2696342539e-01 -2.7950565389e+00
22 19 19
2 1 330 15.6100 -77.3400 9 333 -2.2700 -35.3100
-6.6223924490e-01 -4.9737726129e-01 -2.7392525579e+00
107 170 168
3 1 337 -146.4300 -63.0900 9 331 -171.1700 -62.2700 10 280 -82.2300 7.7100
5.2614172096e-01 1.5019969506e-01 -3.1854216283e+00
18 35 13
2 1 367 115.5700 39.0200 2 320 121.8900 9.9700
-5.1076434545e-01 9.6664555537e-02 -2.6205997461e+00
197 214 166
2 1 371 -112.4700 64.5200 9 379 -134.4800 62.0400
-5.6895887935e-01 1.8721814635e-01 -2.5779888281e+00
212 100 138
2 1 376 -125.0100 85.6700 9 387 -146.7400 77.8800
6.3872149530e-01 3.6385272023e-01 -2.9925969046e+00
161 184 160
2 1 380 137.6700 91.7500 9 405 121.7100 113.9700
2.2976413503e-01 -1.1120561745e+00 -2.5659247864e+00
60 79 96
2 1 416 26.1600 -214.8300 2 538 -59.9300 -179.0500
-3.1639324164e-01 -9.9292690025e-01 -2.6611959237e+00
61 91 78
2 1 438 -92.4400 -175.6600 2 576 -121.7400 -129.8000
9.1391401364e-01 -8.9855747672e-02 -3.2742575843e+00
116 114 101
2 1 490 191.2600 -10.8500 9 363 206.6000 21.0200
9.1370787501e-01 -9.1636346675e-02 -3.2678839881e+00
116 114 101
2 1 491 191.2600 -10.8500 2 615 181.4900 -48.6800
9.4443901920e-01 -2.5062905591e-02 -3.2419265654e+00
205 211 204
2 1 501 197.7100 2.8600 9 369 209.5800 37.7600
6.9854722136e-01 4.7331261715e-01 -2.9093440079e+00
161 169 158
2 1 534 150.0700 118.9800 2 893 151.0600 82.8400
-4.7041139824e-02 -6.4965489059e-01 -2.7790499326e+00
18 18 16
3 1 626 -20.5000 -102.4600 2 799 -47.6700 -85.1000 3 775 -70.4100 -58.8700
8.1917828436e-02 -5.0766035636e-01 -2.7811933189e+00
214 216 213
3 1 641 9.6900 -72.4000 9 621 -10.3100 -31.0800 10 569 99.3300 27.1500
6.7543864925e-03 -6.2656636736e-01 -2.7909260474e+00
186 150 152
2 1 853 -8.0600 -98.1600 2 1061 -36.9100 -83.7000
-5.1624620185e-03 -4.7428843545e-01 -2.7413965407e+00
215 219 216
3 1 886 -10.6400 -63.1200 2 1104 -34.0500 -52.9700 10 583 75.5000 36.5900
5.9803227796e-02 -9.7270530993e-01 -2.6779771785e+00
33 69 55
2 1 1053 -7.0000 -177.0300 2 1007 -63.8900 -145.4200
-4.2260844922e-01 -7.3704524969e-01 -2.8327570466e+00
40 64 46
2 1 1115 -96.8200 -118.5400 9 763 -120.2600 -110.7400
-1.2442291556e-01 -6.4280533805e-01 -2.7579366675e+00
144 117 113
3 1 1121 -38.0600 -99.6400 9 775 -62.0000 -66.6800 10 777 47.8200 -3.7200
1.1976725726e-01 -6.1016913642e-01 -2.8305409512e+00
49 7 0
3 1 1122 18.1000 -96.5500 9 787 2.8500 -57.0500 10 785 112.9800 0.8500
-1.0279527666e-01 -5.1324825618e-01 -2.7207363845e+00
213 216 211
3 1 1132 -33.3700 -70.2200 9 992 -58.6200 -33.9800 10 1030 50.4100 28.8500
-1.0283298668e-01 -5.1324424973e-01 -2.7209569953e+00
213 216 211
2 1 1133 -33.3700 -70.2200 9 993 -58.6200 -33.9800
9.9000015123e-02 -4.8277958769e-01 -2.7792868690e+00
214 217 217
2 1 1136 13.3200 -67.0300 9 1004 -6.2100 -24.9500
-7.7138423181e-02 -4.9826513115e-01 -2.7222040684e+00
9 13 17
3 1 1137 -27.6000 -67.1200 9 998 -52.4300 -30.0900 10 1031 56.8700 32.7500
-2.9794882373e-02 -4.6470611236e-01 -2.7277380511e+00
10 13 20
2 1 1144 -16.4500 -60.3100 9 1007 -40.7200 -21.3300
9.3155614740e-02 -4.4684961318e-01 -2.7658421364e+00
16 13 16
2 1 1147 12.0600 -58.6500 9 1011 -8.6500 -16.3400
-5.3364997096e-02 -4.4537352813e-01 -2.7142173356e+00
210 212 205
3 1 1148 -21.9300 -55.4100 9 1010 -47.1300 -16.9300 10 1037 61.8700 44.6600
-1.3162176984e-01 -3.5926071428e-01 -2.6609574561e+00
17 16 18
2 1 1162 -40.3900 -33.9600 9 1028 -68.3200 2.6400
-2.8932503974e-03 -3.2241343614e-01 -2.6954709518e+00
17 20 23
3 1 1164 -10.1500 -28.0800 9 1042 -35.9800 12.1200 10 1056 72.1500 71.9100
-1.2811725987e-01 -2.6325235330e-01 -2.6331485180e+00
174 112 68
2 1 1184 -39.4900 -11.6900 9 1058 -68.5800 24.3800
4.0968241615e-01 -2.0568453297e-01 -2.6327207472e+00
147 214 118
2 1 1193 81.2700 -0.9400 2 1139 39.8500 -10.1800
9.4616286177e-01 4.9475323698e-02 -3.1844707902e+00
213 214 208
2 1 1212 198.7900 19.9400 2 1133 190.1800 -19.0200
8.2190238696e-01 1.7718624740e-01 -3.1479117015e+00
195 198 192
2 1 1219 173.9800 46.3300 9 1091 172.3900 75.3700
8.7931616458e-01 1.9825718323e-01 -3.1264945618e+00
179 185 178
2 1 1220 185.5400 51.5700 9 1104 183.0000 85.0200
7.5849334500e-01 1.6337829870e-01 -2.9626079777e+00
201 213 209
2 1 1223 162.1300 55.5500 9 1119 149.4700 97.4900
7.3671324797e-01 4.0447631854e-01 -2.9256650629e+00
167 173 160
2 1 1241 157.6500 104.8000 9 888 137.2300 135.8000
-6.9595353253e-01 -3.8185795329e-01 -2.6795601899e+00
200 63 107
2 2 424 -128.6900 -12.3200 9 335 -180.0400 -35.0200
-7.4931472160e-01 -1.8670389237e-01 -2.5932290911e+00
108 176 185
2 2 442 -132.2700 25.6700 9 356 -192.1500 7.5600
9.0928273959e-01 4.8024988661e-01 -3.0530740551e+00
131 107 98
2 2 462 198.0800 67.6800 9 413 176.7200 136.4600
-8.9445901549e-02 -1.1948647637e+00 -2.4664309450e+00
13 13 11
2 2 544 -128.9600 -172.4500 9 287 -110.1900 -159.3400
-6.2163018815e-01 -1.0758531573e+00 -2.5155902257e+00
28 28 30
2 2 781 -185.2700 -124.3700 9 574 -227.0800 -157.8700
9.0411416842e-02 -3.7076182970e-01 -2.7417992265e+00
23 16 21
2 2 1117 -12.7900 -37.9000 9 825 -10.9000 1.5500
-8.8307408760e-01 3.4362718233e+00 -9.3386295774e+00
92 58 57
2 7 221 -37.8900 223.6300 5 136 -234.2000 102.5700
-7.5301791523e-01 3.5828716368e-02 -2.5274365645e+00
183 202 153
3 7 287 -166.3000 -8.4800 5 255 -65.1300 54.3100 3 652 -109.2900 108.9200
7.1426600442e-01 -8.5465912629e-01 -2.8513618039e+00
78 118 43
2 7 345 138.4500 -180.1700 10 178 284.4800 -31.9900
-1.0530095758e-01 -3.8579407031e-03 -2.8625721211e+00
71 195 229
2 7 388 -24.1000 -14.9400 5 570 53.5700 45.6000
1.1250074865e-01 -5.2043926487e-01 -2.7962202856e+00
34 12 12
2 7 491 19.0200 -117.5300 10 414 108.0800 23.5300
-3.4800494045e-02 -3.4629214368e-01 -2.6871638721e+00
209 212 208
2 7 721 -11.9400 -85.7500 10 620 64.0900 68.0600
4.5090399034e-01 7.1235800771e-01 -2.7866460385e+00
139 142 130
2 7 785 83.3000 128.3700 5 877 112.5500 198.9200
2.7378590673e-01 -8.2951128924e-01 -2.8231729624e+00
20 19 17
2 0 73 89.1300 -120.4400 5 55 182.4400 -101.3600
-5.5069162679e-01 -3.3316685608e-01 -2.6554562091e+00
88 135 99
3 0 115 -93.4100 -32.1000 5 124 -0.6700 -29.1200 10 85 -60.9200 54.1300
2.9363599394e-01 -9.0553481488e-01 -2.7706887867e+00
240 249 105
2 0 143 97.4000 -135.2900 5 83 197.4700 -113.6100
-4.3999130489e-01 4.8383240033e-01 -2.7256738470e+00
178 177 169
2 0 184 -83.6000 119.4200 5 139 -34.6300 141.2100
3.6068270535e-01 -9.9806040722e-01 -2.7029468616e+00
7 13 12
2 0 205 117.3200 -151.8400 5 116 224.5400 -127.3900
-5.1947651869e-01 -4.0258856400e-01 -2.6910679539e+00
59 56 52
2 0 222 -85.2600 -47.8400 5 156 8.1700 -45.6900
-3.1252889000e-01 6.0465938316e-01 -2.7224225237e+00
192 195 190
2 0 256 -61.3100 141.5300 5 183 -15.9500 169.3200
3.4646720030e-01 -1.3234143114e+00 -2.5657027060e+00
18 14 13
2 0 372 132.8800 -224.6300 5 455 266.2200 -198.9100
7.4509180963e-03 -4.5467157219e-01 -2.7370292855e+00
34 28 25
2 0 452 25.6200 -48.0600 5 352 115.7200 -32.6200
-9.3451318904e-02 2.0032721533e-01 -2.8004352578e+00
200 232 198
2 0 515 -11.2600 69.2100 5 590 46.9400 90.9100
-6.3268877908e-01 2.1818067719e-01 -2.6579387294e+00
97 176 204
2 0 516 -119.0300 73.6000 5 841 -55.9400 87.5600
-8.5635973412e-01 2.6431819672e-01 -2.6177894277e+00
133 132 123
2 0 518 -166.1700 80.0700 5 265 -108.1900 93.4400
8.7222702578e-02 7.7897309298e-01 -2.7916269966e+00
140 140 134
2 0 541 9.2500 170.3300 5 431 44.8400 202.3000
-6.7043976083e-01 2.2003000431e-01 -2.6062635572e+00
64 52 38
2 0 704 -128.0900 78.1100 5 589 -62.0100 90.8700
-6.9744333065e-01 3.4236785271e-01 -2.6102802414e+00
159 167 159
2 0 708 -135.0200 98.2300 5 409 -76.0500 117.1300
-2.6366809438e-01 4.5967878331e-01 -2.7660995895e+00
76 69 61
2 0 710 -49.0600 113.7400 10 457 14.0500 166.0800
-2.8434437723e-01 5.4481039008e-01 -2.7453211795e+00
78 66 54
2 0 717 -54.7200 129.2300 5 610 -8.0200 156.8000
-7.5471321042e-01 -9.9754710257e-01 -2.9930967466e+00
64 64 66
2 0 770 -116.8400 -183.7400 10 473 -93.8300 -132.0900
-4.3636335972e-01 -9.9443549159e-01 -2.6719339214e+00
42 85 66
2 0 791 -55.4600 -172.1400 5 685 70.7000 -179.1900
-4.1408932753e-01 -7.5139228688e-01 -2.8452035744e+00
120 147 131
2 0 821 -54.4300 -122.4900 5 731 43.2400 -124.9100
-1.1735677719e-02 -4.4812700344e-01 -2.7307842848e+00
224 224 221
2 0 865 21.6000 -46.8600 5 1047 112.1800 -31.8700
-7.6461882208e-01 -1.8148195068e-01 -2.5856800697e+00
124 171 191
3 0 891 -143.2500 -1.8200 5 797 -56.6000 -1.6900 10 830 -109.9900 83.5600
9.1212576564e-01 1.1030755896e-01 -3.1483469922e+00
190 196 181
2 0 912 162.4300 47.4600 10 641 273.7100 102.3700
7.7462870265e-01 2.5876519554e-01 -2.9511151471e+00
215 234 234
2 0 926 142.5400 83.0000 5 849 178.0600 114.9600
7.7462870265e-01 2.5876519554e-01 -2.9511151471e+00
215 234 234
2 0 927 142.5400 83.0000 5 850 178.0600 114.9600
6.5790592149e-01 3.2453414155e-01 -3.0076967568e+00
94 110 74
2 0 928 117.7600 87.4200 10 655 210.9200 144.9500
2.5429345882e-01 4.3248601877e-01 -2.7736256298e+00
93 133 76
2 0 945 48.8800 117.3100 5 606 97.5600 147.3800
2.7122661241e-01 4.7748675086e-01 -2.7696974175e+00
219 244 252
2 0 953 50.8700 125.5000 5 868 97.9500 156.2700
-7.8453946668e-01 -9.4010438171e-01 -2.9420236830e+00
74 70 73
2 0 1023 -125.5400 -172.1200 5 659 -29.5500 -194.1400
-7.4837495764e-01 -9.2070442722e-01 -2.9374680632e+00
121 123 124
2 0 1029 -118.6000 -167.4400 5 919 -22.6500 -186.8700
-2.3378795106e-02 -6.5760671071e-01 -2.7962580388e+00
212 195 79
2 0 1090 23.9500 -92.3900 5 1004 118.5000 -79.9800
9.8395898723e-02 -4.8176844112e-01 -2.7834829080e+00
218 222 219
2 0 1126 44.0300 -53.7200 5 1039 130.2100 -36.1400
-8.7021477227e-01 2.4921804992e-01 -2.6239718037e+00
80 58 50
2 0 1201 -168.6000 76.7000 5 843 -110.7300 88.7600
7.1064922798e-01 3.3316158071e-01 -2.9643289376e+00
147 151 137
2 0 1208 128.3900 92.8600 5 1126 162.3400 124.8700
-3.1557111366e-01 5.3595281281e-01 -2.7502961085e+00
141 140 135
2 0 1225 -60.4400 126.9200 5 1133 -13.9600 153.5600
2.6742901637e-01 4.9740624467e-01 -2.7737385030e+00
37 65 61
2 0 1230 49.5500 128.7400 5 1136 95.6800 159.0200
1.0432231180e+00 6.0965414568e-01 -3.0205365818e+00
26 22 36
2 0 1232 172.9900 136.9400 5 1140 189.3600 171.5200
-7.8794689613e-01 5.0161402192e-01 -2.5996796171e+00
67 43 36
2 1 388 -157.7400 142.8200 10 669 -96.5700 176.7300
-6.7037805796e-01 -8.0059659403e-01 -2.8296214303e+00
113 162 176
2 1 614 -147.3500 -128.9200 5 712 -6.9100 -152.3500
1.0313291361e-01 -1.6873148987e-01 -2.7365210837e+00
32 30 18
2 1 691 16.6300 2.7800 5 372 113.8100 30.2500
-1.1552937326e-01 -6.5978655459e-01 -2.7627669833e+00
17 16 8
2 1 845 -36.3500 -103.5900 10 544 50.5700 -7.5700
-4.3601889041e-02 -3.6268176681e-01 -2.6864299429e+00
18 20 19
2 1 910 -19.9900 -35.9100 5 1064 104.2000 -13.0100
1.1986993197e-01 -6.1029132170e-01 -2.8293540418e+00
49 7 0
2 1 1123 18.1000 -96.5500 10 786 112.9800 0.8500
-9.0393202150e-02 -7.6974391791e-01 -2.7987510090e+00
220 193 41
2 9 6 -52.1500 -97.1800 10 6 59.8500 -35.9600
-1.2560542276e-01 5.8697289151e-01 -2.8014535996e+00
179 181 176
2 9 122 -36.9400 125.9700 10 98 42.4000 181.0200
-1.6899317979e-01 -1.3444097513e+00 -2.4423386661e+00
149 146 143
2 9 134 -143.6500 -204.1800 10 102 17.0400 -130.4000
9.2371508316e-02 -1.3104629901e+00 -2.4916109744e+00
176 175 164
2 9 135 -58.1900 -188.4700 10 103 109.1400 -117.8300
7.1500512959e-01 3.9148589539e-01 -2.9522620169e+00
210 227 222
2 9 187 134.4100 128.2000 10 218 219.7300 164.8200
-9.3912811265e-02 6.7541763697e-01 -2.7751271194e+00
147 139 131
2 9 190 -32.4100 141.9000 10 138 46.9100 197.1600
1.3784283281e-01 5.7390246973e-01 -2.7128208678e+00
201 213 212
2 9 194 3.2800 152.8800 10 140 91.4000 204.6700
3.6557972631e-01 -1.3316210493e+00 -2.5578828758e+00
130 132 128
2 9 201 36.6800 -190.7800 10 153 206.9300 -123.9200
3.6557972631e-01 -1.3316210493e+00 -2.5578828758e+00
130 132 128
2 9 202 36.6800 -190.7800 10 154 206.9300 -123.9200
-5.2363091894e-01 -7.7754084487e-01 -2.8022771460e+00
97 159 98
2 9 221 -146.8000 -120.0300 10 115 -49.8200 -52.6000
5.5460790897e-01 3.1898538878e-01 -2.9640564459e+00
158 217 123
2 9 261 103.6000 107.5700 10 209 189.1400 146.8400
-6.7338002645e-02 -1.3946558318e+00 -2.4405243366e+00
99 95 93
2 9 272 -117.3500 -215.3100 10 235 52.2300 -142.4400
-2.3556552529e-01 -1.3749179371e+00 -2.4316644713e+00
36 26 24
2 9 273 -165.6200 -215.0600 10 236 -6.5500 -140.6000
-2.6685272362e-01 -1.3739773209e+00 -2.4240967584e+00
34 22 22
2 9 274 -175.5400 -214.9000 10 237 -17.7900 -140.3300
-2.4621599027e-01 -1.3567570637e+00 -2.4238516908e+00
153 148 143
2 9 276 -169.0000 -208.7000 10 238 -10.6900 -134.1600
-2.9805647982e-01 -1.2246208889e+00 -2.5011383707e+00
120 120 115
2 9 278 -161.4500 -181.8800 10 245 -19.1400 -109.0800
-1.3914005376e-01 -1.2314655316e+00 -2.5118067547e+00
131 133 128
2 9 280 -118.1200 -178.8000 10 359 31.9300 -106.3200
6.0756057640e-01 -1.2436930452e+00 -2.6241977840e+00
150 140 134
2 9 285 122.7100 -158.8700 10 247 284.2300 -98.5000
4.9586823204e-01 -1.2368987095e+00 -2.5944546016e+00
178 186 173
2 9 286 82.7500 -159.0300 10 248 246.1600 -96.1900
6.3144314864e-01 -1.2176864309e+00 -2.6286948997e+00
183 191 183
2 9 298 130.4300 -150.4200 10 366 290.1600 -90.4300
-6.8846588029e-01 -2.2290291100e-01 -2.6336365771e+00
205 101 125
2 9 352 -177.7500 -0.5100 10 434 -90.4900 71.6200
3.4658886966e-01 -3.8760139553e-02 -3.1201829315e+00
110 161 80
2 9 362 76.1000 19.5000 10 299 158.3400 65.0600
3.7725792973e-01 -3.0867478348e-02 -3.1225314481e+00
24 52 7
2 9 365 82.5400 21.8600 10 301 164.6900 67.2200
9.5634603982e-01 -8.4068060678e-04 -3.2281904730e+00
122 110 93
2 9 370 210.7000 44.3000 10 307 288.0900 75.5300
9.5634603982e-01 -8.4068060678e-04 -3.2281904730e+00
122 110 93
2 9 371 210.7000 44.3000 10 308 288.0900 75.5300
9.5111249271e-01 9.1900190892e-02 -3.1517915744e+00
191 199 193
2 9 381 202.8900 69.5700 10 317 282.9800 100.4500
6.8002343228e-01 3.5881184332e-01 -2.9699153537e+00
130 139 116
2 9 407 128.9200 119.1000 10 330 213.8400 156.3200
-2.5555907953e-01 5.5805813519e-01 -2.7377450902e+00
195 202 197
2 9 408 -65.5000 123.4200 10 339 14.3600 183.0000
-2.5878057776e-01 6.2099904007e-01 -2.7337301555e+00
151 144 144
2 9 410 -65.1900 131.3200 10 340 13.5500 191.2100
-2.3151820318e-01 -1.1734241383e+00 -2.4908309673e+00
10 11 10
2 9 434 -143.5800 -163.1000 10 362 1.1800 -90.6600
4.7197466842e-01 -1.2421248040e+00 -2.5845280669e+00
186 192 180
2 9 436 73.9800 -160.6600 10 483 238.4000 -96.9300
6.5816100154e-01 -1.2175300871e+00 -2.6320638101e+00
187 194 184
2 9 446 139.5900 -149.0100 10 365 299.1200 -90.0500
6.4904057033e-02 -8.8795403610e-01 -2.7408857782e+00
47 46 16
2 9 460 -23.2800 -109.4900 10 398 100.9900 -46.8300
9.8424491662e-01 8.7563038132e-02 -3.1836661557e+00
94 68 51
2 9 533 211.6000 66.1200 10 440 289.9100 96.1200
9.8424491662e-01 8.7563038132e-02 -3.1836661557e+00
94 68 51
2 9 534 211.6000 66.1200 10 441 289.9100 96.1200
2.6252253837e-01 3.6389934514e-01 -2.7593411292e+00
60 81 37
2 9 546 30.3700 126.3600 10 337 122.4500 175.9100
9.1093726425e-02 -9.0725397085e-01 -2.7308481552e+00
29 27 14
2 9 762 -18.1600 -111.0200 10 981 108.4600 -49.1100
7.6197033553e-02 -4.6290085924e-01 -2.7632261373e+00
226 228 229
2 9 814 -12.9100 -19.9800 10 796 96.5400 38.3800
7.6197033553e-02 -4.6290085924e-01 -2.7632261373e+00
226 228 229
2 9 815 -12.9100 -19.9800 10 797 96.5400 38.3800
9.4682719404e-01 8.0036197631e-02 -3.1542134854e+00
208 213 202
2 9 861 202.4900 67.1600 10 846 282.6600 98.2000
9.8418065579e-01 9.2118631759e-02 -3.1622743442e+00
199 202 197
2 9 864 210.5300 69.9600 10 849 289.9200 100.0300
1.6577299218e-01 5.7839632418e-01 -2.7443360753e+00
99 91 71
2 9 892 11.0300 150.3800 10 879 97.9700 201.0400
6.3686057209e-01 6.0331390488e-01 -2.8223124770e+00
139 143 127
2 9 897 106.9600 170.8500 10 1118 194.6500 209.2000
-8.2121556324e-02 -8.9258914360e-01 -2.7472294021e+00
155 127 2
2 9 950 -58.9500 -118.7500 10 970 60.6100 -54.4800
-2.6469582507e-02 -4.3214239034e-01 -2.7180342254e+00
29 30 29
2 9 1013 -40.4100 -13.4100 10 1038 68.5700 47.6100
-2.6469582507e-02 -4.3214239034e-01 -2.7180342254e+00
29 30 29
2 9 1014 -40.4100 -13.4100 10 1039 68.5700 47.6100
1.7986970018e-02 -3.1670541139e-01 -2.7045786069e+00
65 26 18
2 9 1044 -30.2800 13.0400 10 1057 77.4900 72.2500
3.7801299040e-01 -6.2907571724e-02 -3.1371834745e+00
58 103 27
2 9 1048 84.0300 14.8200 10 1048 166.0300 60.1400
7.4977515252e-01 1.5504575568e-01 -2.9816507784e+00
154 162 151
2 9 1112 148.8900 92.6300 10 1093 237.3200 129.3000
-4.0934375028e-01 -1.1347185313e-01 -2.6096040997e+00
186 87 118
2 0 486 -68.5900 17.7400 3 637 -81.3200 67.2400
-1.4756728979e-01 -4.0632554464e-01 -2.6733982731e+00
32 32 37
2 1 670 -43.8200 -44.8000 3 835 -74.1000 -1.4500
-7.9577244500e-01 7.9156787634e-02 -2.5312080974e+00
186 160 144
2 2 70 -127.6300 71.8400 3 56 -108.1100 117.8300
9.7434168401e-01 5.7054303055e-01 -3.1107897066e+00
127 91 79
2 2 259 217.3000 76.8800 3 138 242.5000 98.5200
1.9090301592e-01 6.6135680621e-01 -2.6954517050e+00
211 222 221
2 2 269 60.4500 139.5200 3 195 68.1300 183.3600
-4.5120205535e-02 -1.3337018944e+00 -2.4489448909e+00
121 117 114
2 2 276 -134.6000 -203.8200 3 376 -190.7800 -167.7400
5.1498979397e-01 -1.1526526767e+00 -2.6153107120e+00
151 158 145
2 2 351 -7.9000 -207.8000 3 365 -92.2600 -199.5800
1.2009403117e-01 -6.2563625892e-01 -2.8292379420e+00
50 13 7
2 2 590 -15.8400 -90.1700 3 575 -43.9000 -69.4800
1.2009403117e-01 -6.2563625892e-01 -2.8292379420e+00
50 13 7
2 2 591 -15.8400 -90.1700 3 576 -43.9000 -69.4800
4.8401695338e-01 1.6219311145e-01 -3.1646091743e+00
194 228 85
2 2 653 114.1900 14.4300 3 621 124.2500 32.2600
4.8401695338e-01 1.6219311145e-01 -3.1646091743e+00
194 228 85
2 2 654 114.1900 14.4300 3 622 124.2500 32.2600
1.0636787665e+00 7.8473169707e-01 -3.1784620480e+00
190 189 193
2 2 674 246.7800 105.4200 3 253 291.9800 134.5000
-2.0422372939e-02 -4.6363618939e-01 -2.7329836222e+00
14 17 21
2 2 825 -36.3800 -50.1900 3 1114 -57.9400 -23.6500
9.7627344659e-01 9.1434264013e-02 -3.1998732026e+00
105 73 64
2 2 866 198.5700 -13.0600 3 602 202.2700 -14.2900
-8.2821623510e-01 1.2576097768e-01 -2.4712753234e+00
205 125 142
2 2 896 -135.2300 84.9400 3 1199 -115.3300 130.3400
4.9853645502e-01 5.1687969940e-01 -2.8654503261e+00
218 241 239
2 2 898 115.5200 97.0200 3 659 121.7200 129.6300
1.0536932126e-01 -6.1233122296e-01 -2.8222829298e+00
188 147 143
2 2 1057 -17.9400 -86.7800 3 1081 -45.2500 -65.4900
-1.1163200396e-02 -4.4862167445e-01 -2.7291621525e+00
222 224 219
2 2 1112 -34.4500 -47.4500 3 1117 -56.2100 -21.3300
-7.4207639144e-01 -1.6529176531e-01 -2.5972060040e+00
154 166 177
2 2 1173 -129.4500 28.6500 3 1175 -114.3600 71.1800
2.5499879191e-01 6.8787966980e-01 -2.7155493702e+00
196 212 204
2 2 1229 73.7500 141.3100 3 906 82.3200 185.4200
-3.6411026020e-02 -3.9336286221e-01 -2.7059633711e+00
39 34 31
2 5 551 105.8200 -19.8500 3 609 -57.2600 -8.0200
3.7232138447e-03 -3.3750650273e-01 -2.7001645719e+00
47 17 19
2 5 555 110.2600 -6.0900 3 615 -48.8200 0.7700
-1.4880073541e-01 -3.6679541646e-01 -2.6576262551e+00
38 31 26
2 5 783 86.1500 -16.7300 3 847 -73.1600 6.5600
5.4101609406e-02 -3.3249993765e-01 -2.7151706084e+00
89 1 0
2 5 794 117.9800 -3.3700 3 832 -40.9100 -2.5900
