# Bundle file v0.3
11 419
6.9079009512e+02 -7.2600236992e-02 -4.1602608843e-04
9.9155034903e-01 -1.2398733344e-01 3.8145071648e-02
1.0673509289e-01 9.4689519365e-01 3.0331025731e-01
-7.3726015012e-02 -2.9667597373e-01 9.5212805931e-01
1.6418150149e-01 1.0277612306e+00 -8.9764723598e-01
6.8906305618e+02 -6.7109239570e-02 -7.9373431633e-03
9.7736376705e-01 6.2808389938e-02 -2.0202765408e-01
-1.1040097585e-02 9.6875665742e-01 2.4776734035e-01
2.1127750260e-01 -2.3992841610e-01 9.4752106680e-01
-5.6804969250e-01 8.5361085933e-01 -6.6104955438e-01
0 0 0
0 0 0
0 0 0
0 0 0
0 0 0
0 0 0
0 0 0
0 0 0
0 0 0
0 0 0
0 0 0
0 0 0
0 0 0
0 0 0
0 0 0
0 0 0
0 0 0
0 0 0
0 0 0
0 0 0
0 0 0
0 0 0
0 0 0
0 0 0
0 0 0
7.0077247558e+02 -8.5094089877e-02 8.6345319356e-04
9.9827165528e-01 -1.2788951268e-02 -5.7359785459e-02
1.3176804769e-02 9.9989277283e-01 6.3886355164e-03
5.7271930983e-02 -7.1334124465e-03 9.9833313095e-01
-1.8360356327e-01 -5.8043327641e-02 -7.8078366755e-01
7.0584145697e+02 -6.8219507962e-02 -2.5204258622e-02
9.8895824360e-01 5.4339135830e-02 -1.3787258878e-01
-1.0320935030e-01 9.2017679492e-01 -3.7765393696e-01
1.0634576827e-01 3.8771371450e-01 9.1562473381e-01
-2.5233536486e-01 -1.2171535234e+00 -8.9481282529e-01
0 0 0
0 0 0
0 0 0
0 0 0
0 0 0
0 0 0
0 0 0
0 0 0
0 0 0
0 0 0
-4.7298794971e-01 -3.5863269682e-01 -2.6890699763e+00
100 179 115
3 7 43 -99.3700 -88.1000 8 55 -72.0800 -96.2300 0 31 -76.7700 -36.8600
-1.4544283419e-01 -8.6238278834e-01 -2.7502856953e+00
227 230 74
4 7 94 -32.5700 -185.7800 8 77 -12.0400 -178.4100 0 71 5.2500 -134.7100 1 78 -46.0200 -147.5200
-4.9503581827e-01 -5.0038364284e-01 -2.7379545390e+00
31 27 24
4 7 73 -101.4600 -114.1900 8 89 -75.9800 -114.3500 0 76 -75.8800 -68.7100 1 87 -112.8700 -64.7200
-4.4747261951e-01 -5.5669770253e-01 -2.7704718177e+00
100 164 102
4 7 177 -90.7900 -124.8900 8 237 -64.7900 -121.3500 0 150 -65.6200 -80.0600 1 169 -102.0200 -77.7000
-5.2322501261e-01 -4.0860784433e-01 -2.6839412704e+00
36 38 33
4 7 134 -109.3800 -98.0200 8 126 -83.2600 -103.8400 0 154 -85.1300 -48.0500 1 176 -120.3900 -43.1000
-1.6601181817e-01 -3.2054459991e-01 -2.6254165722e+00
207 206 203
4 7 189 -40.6000 -81.5400 8 170 -16.0700 -102.9200 0 160 -11.5000 -18.6900 1 180 -48.1400 -23.6400
-1.2421055179e-01 -3.1319633942e-01 -2.6460378714e+00
213 217 214
4 7 190 -31.0300 -79.5800 8 239 -5.4600 -100.8300 0 162 -4.6800 -17.6200 1 179 -38.3800 -22.9500
-1.0017137651e-01 -2.5898463744e-01 -2.6432790581e+00
113 67 40
4 7 136 -26.6300 -68.4600 8 173 1.2200 -92.0700 0 166 -1.2100 -6.4800 1 124 -33.3300 -11.0800
7.2329416172e-01 3.8210608482e-01 -2.9430875817e+00
211 227 226
4 7 206 133.4500 59.5300 8 195 185.1500 36.0100 0 246 128.9500 102.1200 1 195 153.2000 98.5900
-1.2206304996e-01 -4.3991620572e-01 -2.6862303740e+00
207 210 203
4 7 260 -29.3000 -104.2300 8 336 -5.8600 -118.4600 0 310 -0.8900 -45.0100 1 241 -37.6400 -52.2300
-4.4849849764e-01 -2.5979658482e-01 -2.6884751679e+00
54 78 64
4 7 539 -93.9800 -68.0200 8 510 -67.3500 -79.8000 0 319 -73.8400 -17.0300 1 488 -102.1300 -12.3800
-7.5033595127e-01 -2.3288772080e-01 -2.6118059538e+00
103 173 181
4 7 274 -158.3800 -64.5500 8 243 -131.6100 -74.7400 0 321 -137.4200 -13.6300 1 349 -167.3500 -2.4400
-7.5569493883e-01 -1.8518643887e-01 -2.5918376669e+00
101 169 182
4 7 277 -160.7300 -55.1800 8 244 -134.0800 -67.9600 0 322 -139.9000 -3.0400 1 352 -168.9900 8.5700
-5.1065652286e-01 -6.0275414990e-01 -2.7517349180e+00
88 154 97
4 7 485 -103.7700 -134.5900 8 707 -78.0200 -129.1300 0 438 -77.6800 -90.1700 1 456 -116.6500 -86.3800
-1.4247722047e-01 -4.8869393490e-01 -2.6965907406e+00
31 28 28
4 7 354 -33.1400 -113.6900 8 480 -9.7000 -125.0700 0 449 -3.9200 -55.8800 1 336 -42.4400 -63.0900
8.1318281274e-03 -4.5655489103e-01 -2.7376304309e+00
27 24 29
4 7 359 -2.5100 -105.8700 8 482 21.1200 -119.0100 0 451 25.6200 -48.0600 1 338 -7.7400 -58.4700
-8.9299156628e-02 -4.3703421024e-01 -2.6976486071e+00
25 24 24
4 7 361 -22.6600 -103.3100 8 483 1.5100 -117.5800 0 455 5.5400 -44.3500 1 341 -30.2400 -52.1500
-1.2464008532e-01 -3.8071462927e-01 -2.6696579304e+00
209 211 208
4 7 367 -30.4600 -92.7600 8 492 -5.2000 -109.9800 0 463 -3.0200 -32.4600 1 343 -38.7500 -38.6200
-5.9991214471e-02 -3.7483265228e-01 -2.6882391819e+00
207 208 199
4 7 512 -16.8600 -91.0300 8 744 7.7300 -108.4600 0 464 10.2900 -30.8800 1 473 -23.9400 -38.4500
9.5543884506e-01 4.1039538271e-02 -3.1957997241e+00
203 212 205
4 7 391 169.6500 -4.4000 8 364 215.6300 -13.6600 0 492 167.7200 33.9600 1 356 198.4500 17.8600
2.2699384693e+00 -1.3350896500e+00 -5.2555737106e+00
132 122 127
3 7 480 280.4700 -162.8700 8 509 307.1300 -80.8600 0 581 284.4000 -189.9300
-4.5303355334e-01 -1.0392850040e+00 -2.6135224540e+00
32 35 40
3 7 447 -96.2900 -227.5800 8 432 -74.4800 -213.5800 0 590 -57.4300 -180.0600
1.2053132770e-01 -6.2987664904e-01 -2.8333286762e+00
56 9 2
4 7 658 20.8600 -136.5100 8 1015 42.3800 -139.9800 0 638 51.0400 -83.8600 1 628 17.9200 -99.9100
6.7128521621e-02 -6.2373749879e-01 -2.8088190721e+00
166 126 127
4 7 659 10.0900 -136.4000 8 1017 31.8200 -140.1900 0 641 41.0000 -82.8700 1 630 5.6600 -97.5300
-7.6553482787e-01 -4.9576278205e-01 -2.6948431114e+00
128 171 174
4 7 495 -155.8700 -115.1900 8 491 -128.3900 -111.3900 0 644 -134.3300 -71.8500 1 651 -169.3600 -60.3400
-5.5590172795e-02 -5.3118579593e-01 -2.7415617782e+00
209 212 205
3 7 489 -14.9400 -120.6900 8 706 7.4600 -129.2300 0 646 15.2100 -64.5700
2.6306442457e-02 -5.1914898682e-01 -2.7647560613e+00
210 211 208
4 7 493 1.5500 -117.4900 8 713 24.2700 -126.8600 0 650 30.8400 -61.2900 1 640 -3.5900 -73.1100
-1.1424692495e-01 -4.7327302674e-01 -2.7029689207e+00
19 19 24
4 7 682 -27.3800 -110.3600 8 1056 -3.8200 -122.4900 0 655 1.5000 -52.5200 1 652 -35.9100 -60.0700
-1.1424692495e-01 -4.7327302674e-01 -2.7029689207e+00
19 19 24
4 7 683 -27.3800 -110.3600 8 1057 -3.8200 -122.4900 0 656 1.5000 -52.5200 1 653 -35.9100 -60.0700
1.1153956520e-01 -4.4696108949e-01 -2.7708677662e+00
38 21 22
4 7 503 18.2100 -103.0900 8 485 42.4800 -116.3800 0 663 45.2900 -45.3700 1 464 15.8700 -58.2300
4.9513713311e-02 -4.2147403046e-01 -2.7437741095e+00
33 29 32
4 7 504 5.6500 -98.8200 8 731 30.0000 -113.3600 0 667 32.9200 -40.4700 1 660 1.7500 -51.3500
4.9513713311e-02 -4.2147403046e-01 -2.7437741095e+00
33 29 32
4 7 505 5.6500 -98.8200 8 732 30.0000 -113.3600 0 668 32.9200 -40.4700 1 661 1.7500 -51.3500
-1.4750827160e-01 -4.1079783703e-01 -2.6649560989e+00
34 34 36
4 7 506 -35.0900 -98.8500 8 726 -10.8400 -115.2600 0 670 -6.9300 -38.8100 1 669 -43.8200 -44.8000
-5.0948741807e-01 -3.4353597919e-01 -2.6753852628e+00
54 99 66
4 7 524 -107.3100 -85.5300 8 761 -80.6900 -93.6400 0 674 -83.5400 -33.9700 1 484 -117.0900 -29.2300
3.3773277472e-02 -3.3926055632e-01 -2.7050539825e+00
244 44 38
4 7 525 1.9200 -83.4100 8 752 27.4800 -102.9800 0 678 27.8200 -22.6800 1 681 -2.1900 -31.8700
1.0047154640e-01 -3.1376588727e-01 -2.7191946400e+00
63 7 1
3 7 534 15.3700 -77.6700 8 501 41.3100 -98.7400 0 684 40.4200 -17.0300
2.4906471333e-01 4.5990983793e-01 -2.7792880174e+00
182 211 220
4 7 570 43.2600 76.3300 8 561 87.4800 50.2300 0 713 46.4200 120.3800 1 725 54.3800 124.7800
-1.3984729269e-01 -6.6448127622e-01 -2.7610417346e+00
31 21 0
4 7 654 -30.8800 -146.2200 8 1007 -8.9900 -146.8700 0 831 0.7800 -94.4000 1 622 -41.2100 -103.2700
-1.3984729269e-01 -6.6448127622e-01 -2.7610417346e+00
31 21 0
4 7 655 -30.8800 -146.2200 8 1008 -8.9900 -146.8700 0 832 0.7800 -94.4000 1 623 -41.2100 -103.2700
-7.4874718787e-01 -5.1172003245e-01 -2.7068534052e+00
147 33 69
4 7 670 -151.7500 -118.2200 8 1077 -124.9000 -113.0400 0 841 -130.0000 -75.2000 1 882 -165.4000 -64.1400
-1.3153374668e-01 -4.6672815262e-01 -2.6960347214e+00
210 209 202
4 7 688 -31.0700 -109.3300 8 1058 -7.2200 -121.6800 0 857 -2.1900 -51.2300 1 892 -39.8800 -58.2900
8.1104840348e-02 -4.4812617017e-01 -2.7607765418e+00
25 21 25
4 7 698 12.1500 -103.6000 8 1071 36.2300 -116.8700 0 867 39.5700 -45.8100 1 655 8.8900 -57.9400
8.1104840348e-02 -4.4812617017e-01 -2.7607765418e+00
25 21 25
4 7 699 12.1500 -103.6000 8 1072 36.2300 -116.8700 0 868 39.5700 -45.8100 1 656 8.8900 -57.9400
-1.3280586578e-01 -4.1977042901e-01 -2.6740448199e+00
213 215 208
4 7 702 -31.8900 -100.4600 8 1073 -7.6600 -116.1400 0 871 -3.7100 -40.7100 1 902 -40.4200 -47.2200
3.0207489715e-02 -3.9902243164e-01 -2.7221743547e+00
216 224 217
4 7 707 1.5000 -94.8800 8 734 26.1800 -111.4800 0 875 28.4300 -35.2700 1 667 -2.8400 -45.6400
6.7426150101e-02 -3.9375012400e-01 -2.7326799268e+00
223 223 222
4 7 708 9.0000 -93.4700 8 737 33.8000 -110.4200 0 876 35.5900 -33.9800 1 904 5.7400 -45.1100
9.4723557724e-02 -3.9003589574e-01 -2.7407199416e+00
220 225 217
4 7 711 14.5200 -92.5200 8 741 39.4100 -109.5700 0 878 40.8500 -33.0800 1 905 11.9300 -44.7600
1.3119728767e-02 -3.6835141912e-01 -2.7111024379e+00
238 38 34
4 7 717 -2.0700 -89.0900 8 1089 22.7900 -106.8200 0 881 24.6100 -29.1000 1 676 -6.7300 -38.4200
4.2437715206e-02 -3.6569185207e-01 -2.7197706561e+00
237 39 35
4 7 718 4.0000 -88.3400 8 1094 28.9500 -106.1700 0 882 30.2100 -28.4200 1 675 -0.1100 -38.3200
-4.9466569699e-01 -2.2218640291e-01 -2.6415252156e+00
68 89 79
4 7 733 -105.9300 -61.4300 8 765 -79.6300 -76.2800 0 888 -83.5400 -7.4400 1 690 -113.6000 -2.5400
-3.7453376009e-03 -4.7788060584e-01 -2.7345677049e+00
217 218 216
3 7 938 -4.8500 -110.1800 8 1055 18.8400 -122.7100 0 1130 23.5400 -52.3900
-3.8585478303e-01 -1.8053752385e-01 -2.6861492211e+00
204 216 208
4 7 1007 -82.7500 -52.4300 8 1142 -55.5100 -66.9100 0 1171 -61.1300 0.1100 1 1197 -87.9400 3.7900
1.0893851379e+00 2.4603192273e-01 -3.2283593527e+00
62 54 55
3 7 558 191.8200 32.2000 8 554 246.0600 22.4700 0 1200 182.2800 66.1900
-4.4673833738e-01 -5.5660351718e-01 -2.7695825445e+00
100 164 102
3 7 178 -90.7900 -124.8900 8 238 -64.7900 -121.3500 1 170 -102.0200 -77.7000
-5.4920294801e-02 -4.3135005182e-01 -2.7074391676e+00
144 144 142
3 7 263 -15.5000 -101.6800 8 337 8.6700 -116.4300 1 240 -22.5500 -51.6500
-5.3369042307e-01 -3.2691161359e-01 -2.6583808264e+00
78 158 113
3 7 268 -112.5900 -82.3200 8 348 -86.4000 -91.9900 1 244 -122.9700 -24.9100
-1.7265857047e-01 -5.1222179015e-01 -2.7098799931e+00
203 202 195
3 7 259 -38.6600 -117.8800 8 234 -15.1400 -126.8900 1 335 -48.6900 -68.4800
1.0891569107e+00 2.4689645843e-01 -3.2281840848e+00
62 54 55
3 7 557 191.8200 32.2000 8 555 246.0600 22.4700 1 512 224.7600 54.2600
1.9592409503e+00 -9.0188438516e-01 -5.6748609658e+00
128 117 120
3 7 944 230.8400 -106.3600 8 794 271.0000 -11.8500 1 780 304.6200 -180.8900
1.9056138410e+00 -7.6483799566e-01 -5.8214621466e+00
140 130 133
3 7 715 220.8000 -89.5100 8 544 264.6200 8.9700 1 801 293.5200 -163.5900
1.9056138410e+00 -7.6483799566e-01 -5.8214621466e+00
140 130 133
3 7 716 220.8000 -89.5100 8 545 264.6200 8.9700 1 803 293.5200 -163.5900
2.0235482159e+00 -6.5674433734e-01 -5.9274846070e+00
133 122 128
3 7 988 230.5100 -76.5500 8 1210 277.1200 22.8700 1 815 305.4000 -151.4000
2.7795448786e-01 4.8732236043e-01 -2.7760815016e+00
217 247 254
3 7 574 48.9200 81.8500 8 562 94.8200 55.0900 1 954 60.1200 130.2600
1.9212843848e+00 -1.1141273320e+00 -5.4644687484e+00
80 74 79
3 7 908 233.0700 -133.8100 8 1157 266.8000 -42.9000 1 1007 306.1600 -208.9500
1.8569552868e+00 -7.8516962539e-01 -5.7955436471e+00
92 77 80
3 7 968 216.3400 -92.1800 8 1192 259.5100 6.4300 1 1062 287.8900 -165.7600
-3.3044295654e-01 -9.3066367982e-01 -2.6807915712e+00
28 79 153
3 7 827 -69.9100 -202.2400 8 938 -48.8800 -192.6200 1 1072 -91.4600 -159.4600
-3.3044295654e-01 -9.3066367982e-01 -2.6807915712e+00
28 79 153
3 7 828 -69.9100 -202.2400 8 939 -48.8800 -192.6200 1 1073 -91.4600 -159.4600
5.2296452372e-02 -8.8301172381e-01 -2.7392374253e+00
212 233 126
3 7 852 7.4100 -190.0000 8 949 24.2500 -187.9700 1 1084 -4.3800 -154.3000
2.7690070557e-01 5.0824010138e-01 -2.7786596521e+00
21 50 52
3 7 1077 48.4600 85.9300 8 821 95.0300 59.5900 1 1271 60.3600 133.9800
-4.8773605226e-01 -2.7508371528e-01 -2.6683019919e+00
62 85 67
2 7 270 -103.4500 -71.8000 8 350 -76.9600 -83.0700
-7.9920466811e-01 -1.8298165716e-01 -2.5746797859e+00
138 147 165
2 7 541 -170.5300 -55.0000 8 517 -144.0600 -68.2400
-3.5076778857e-03 -5.2458804738e-01 -2.7572008784e+00
218 220 218
2 7 668 -4.3400 -118.8700 8 1042 18.5600 -127.9300
-7.3798517746e-01 -6.3679840363e-01 -2.7541334461e+00
113 35 38
2 7 895 -147.0100 -140.7900 8 1041 -119.6800 -128.9900
-7.6919017823e-01 1.7301178901e-02 -2.5174757504e+00
181 136 130
2 7 34 -167.8900 -14.0400 8 28 -143.6000 -36.7200
1.0097159024e+00 8.2784039607e-01 -3.1176169384e+00
208 217 216
2 7 61 178.9800 137.9100 8 36 256.7200 129.6400
-2.4326167801e-02 -8.7967889868e-01 -2.7597708774e+00
234 237 74
2 7 93 -7.8900 -188.4600 8 120 10.8500 -183.2100
-1.4919516641e-01 -8.6561396085e-01 -2.7567778545e+00
227 230 74
2 7 95 -32.5700 -185.7800 8 78 -12.0400 -178.4100
-9.7366872188e-02 -2.5856418998e-01 -2.6428604623e+00
113 67 40
2 7 135 -26.6300 -68.4600 8 172 1.2200 -92.0700
7.0477494571e-01 -3.5472018836e-01 -3.5505353871e+00
122 123 123
2 7 137 119.3200 -69.4700 8 134 152.3600 -45.9700
-1.7089454454e-01 -3.2022254615e-01 -2.6254830073e+00
207 206 203
2 7 188 -40.6000 -81.5400 8 169 -16.0700 -102.9200
-6.8203217536e-01 -1.6398812760e-01 -2.6255930934e+00
128 158 170
2 7 194 -144.0800 -50.2900 8 245 -117.9300 -62.7200
6.6026182831e-01 4.6603626909e-02 -3.1577558669e+00
67 116 50
2 7 200 117.5900 -4.1200 8 181 159.6100 -9.5000
-1.7632914063e-01 -9.9477975283e-01 -2.6839656394e+00
87 94 94
2 7 237 -38.3200 -215.1300 8 218 -21.1000 -205.5100
-1.4795726271e-01 2.9866915238e-01 -2.7769599378e+00
64 190 226
2 7 310 -34.2000 43.4100 8 193 -0.2400 25.7600
-5.1052436684e-01 -6.6456256126e-01 -2.7682908098e+00
30 58 39
2 7 348 -102.9000 -145.8400 8 473 -77.1800 -137.3500
-8.8039137121e-02 3.1155147815e-01 -2.7987509720e+00
230 110 152
2 7 406 -22.3000 45.8400 8 268 13.2100 28.6100
-1.7236667976e-01 -1.0499453285e+00 -2.6311467824e+00
24 60 49
2 7 443 -38.7900 -229.3900 8 421 -22.1700 -220.2100
-2.1776691962e-01 -9.3998376309e-01 -2.7467184412e+00
25 70 43
2 7 462 -45.6000 -200.7300 8 449 -25.9200 -189.0400
-3.4194587441e-01 -9.1648768323e-01 -2.6857962166e+00
193 211 214
2 7 464 -71.8600 -199.2800 8 654 -50.6000 -189.4500
1.9223342513e+00 -1.2052128465e+00 -5.3787613022e+00
131 128 132
2 7 483 235.8100 -145.7900 8 525 266.9800 -56.6300
6.2521697625e-01 -6.3559319653e-01 -3.0075704354e+00
37 63 16
2 7 486 115.8900 -131.1900 8 703 136.6200 -133.9900
-5.0959045619e-01 -3.4454894652e-01 -2.6787594274e+00
54 99 66
2 7 523 -107.3100 -85.5300 8 760 -80.6900 -93.6400
-1.3615420607e-01 -2.8126840810e-01 -2.6302457363e+00
114 64 37
2 7 536 -33.8700 -73.4100 8 1109 -8.1400 -96.4000
-1.7368403225e-01 -1.5302413159e-01 -2.7834856960e+00
201 200 180
2 7 543 -38.3200 -45.3600 8 524 -9.7700 -57.8700
1.7069949678e-02 -6.5852932200e-03 -2.8686674057e+00
41 15 18
2 7 546 -0.0100 -15.9100 8 251 31.6500 -28.3400
2.1185370671e+00 -8.3719897777e-02 -6.5186310578e+00
96 94 99
2 7 547 223.8100 -15.0400 8 387 285.3600 99.0600
6.8260099444e-01 3.6878479813e-01 -2.9707728074e+00
115 128 103
2 7 563 124.8600 56.6100 8 370 176.2200 35.8900
-1.5548092716e-01 4.2677711769e-01 -2.8801865985e+00
215 242 198
2 7 566 -34.5500 66.4700 8 373 3.3000 58.2200
4.9741531411e-01 5.5053586370e-01 -2.8442859444e+00
41 53 63
2 7 577 91.2000 93.4300 8 277 143.9000 67.9400
-1.9639376845e-01 -1.0136690843e+00 -2.6590538899e+00
40 42 44
2 7 614 -43.1900 -220.3500 8 631 -25.3600 -210.8300
1.9916160101e+00 -1.6406602905e+00 -4.9216141606e+00
94 75 73
2 7 620 259.9100 -210.1000 8 708 275.6200 -128.2900
-1.8167926475e-01 -9.4001706586e-01 -2.7383420415e+00
28 61 38
2 7 625 -38.7600 -201.2400 8 651 -19.5400 -190.8900
2.0216474698e+00 -1.5602917940e+00 -5.0030021827e+00
148 132 134
2 7 630 260.6200 -197.5400 8 725 279.0900 -115.3700
2.0762491650e+00 -1.5239026872e+00 -5.0508841225e+00
140 138 144
2 7 633 265.4300 -191.5300 8 739 285.2300 -109.4300
2.2138502033e+00 -1.5144890628e+00 -5.0589952562e+00
81 63 71
2 7 634 281.6300 -189.8700 8 738 301.5300 -109.7400
2.0190033742e+00 -1.4792486674e+00 -5.0919658578e+00
137 130 139
2 7 637 257.0000 -185.0600 8 754 278.5700 -101.6900
1.8015277945e+00 -1.4590452807e+00 -5.1006292571e+00
150 138 144
2 7 639 230.6200 -182.7900 8 758 253.2400 -96.3400
2.1399314382e+00 -1.4236791859e+00 -5.1493132166e+00
128 119 123
2 7 641 269.2800 -176.5700 8 759 292.6700 -94.1900
1.9507107194e+00 -1.2593564441e+00 -5.3236308462e+00
99 89 87
2 7 648 240.9500 -153.2200 8 773 270.2100 -65.3800
2.2055972738e+00 -8.9298209214e-01 -5.7157776078e+00
83 65 62
2 7 694 256.4700 -104.2500 8 539 297.7900 -12.0400
2.1595891532e+00 -7.8216187671e-01 -5.8239371658e+00
86 74 77
2 7 712 247.8900 -90.8700 8 542 292.4300 4.3800
2.1595891532e+00 -7.8216187671e-01 -5.8239371658e+00
86 74 77
2 7 713 247.8900 -90.8700 8 543 292.4300 4.3800
2.0403525881e+00 -6.9095663408e-01 -5.9196722746e+00
86 71 71
2 7 725 232.2300 -80.2100 8 802 278.9400 18.8400
2.0403525881e+00 -6.9095663408e-01 -5.9196722746e+00
86 71 71
2 7 726 232.2300 -80.2100 8 803 278.9400 18.8400
2.0595330185e+00 -3.2894688738e-01 -6.2470614671e+00
110 110 111
2 7 740 224.9800 -40.2400 8 1232 280.8100 66.9800
9.1077055698e-01 -7.2586036264e-02 -3.2770103287e+00
100 101 90
2 7 745 159.5000 -24.3400 8 787 201.0200 -25.7400
7.4141322993e-01 2.8055829817e-01 -2.9637112481e+00
204 224 224
2 7 760 136.3300 40.2600 8 798 185.8900 17.1800
1.8567524286e+00 -1.6922835802e+00 -4.8580580810e+00
96 80 85
2 7 809 245.6000 -218.9800 8 1027 259.6200 -135.8700
-4.4031291617e-01 -1.0048402977e+00 -2.6553466538e+00
34 71 51
2 7 811 -92.0300 -218.3300 8 922 -70.2100 -203.7700
1.7361901509e+00 -1.6220363396e+00 -4.9184670825e+00
99 83 85
2 7 818 228.5500 -208.4200 8 1052 245.5600 -123.2300
1.8334820449e+00 -1.5867762370e+00 -4.9524115398e+00
90 79 81
2 7 823 239.4100 -202.7900 8 1067 257.2900 -118.7800
-3.0889248916e-01 -9.3124427472e-01 -2.6740254396e+00
20 78 160
2 7 826 -65.6400 -202.9100 8 937 -44.9900 -193.8800
2.1236510530e+00 -1.5271432967e+00 -5.0471565437e+00
88 75 79
2 7 842 271.1600 -191.9500 8 1081 290.9700 -110.6100
7.8448337771e-02 -8.8356416851e-01 -2.7363689217e+00
216 238 122
2 7 848 12.5300 -190.4800 8 945 29.0400 -188.9400
5.2673384430e-02 -8.8110218038e-01 -2.7361167786e+00
212 233 126
2 7 851 7.4100 -190.0000 8 948 24.2500 -187.9700
2.2740612797e+00 -1.5110362015e+00 -5.0785588984e+00
81 72 77
2 7 855 288.0400 -188.7200 8 743 308.1400 -108.9600
1.7746863869e+00 -1.0471963026e+00 -5.5299978760e+00
127 113 115
2 7 914 214.5500 -125.0500 8 1168 250.2500 -31.2200
2.2343679622e+00 -1.0519116966e+00 -5.5412466795e+00
85 73 75
2 7 919 265.6000 -124.6400 8 785 302.1000 -36.6300
1.9049776973e+00 -9.7214393255e-01 -5.6058428209e+00
128 119 126
2 7 928 226.9400 -115.1600 8 1175 264.9500 -21.5500
2.0474479632e+00 -9.1980464995e-01 -5.6723366085e+00
80 57 57
2 7 940 240.5800 -108.1000 8 791 280.6200 -14.8700
-7.3918783472e-02 -4.5950092686e-01 -2.7142401159e+00
213 213 213
2 7 942 -19.2500 -107.3200 8 1063 4.7600 -119.9700
1.9494055828e+00 -8.7798739518e-01 -5.7224311156e+00
131 119 122
2 7 954 228.4500 -102.9100 8 795 269.2700 -7.2600
2.2012753153e+00 -3.6035860711e-01 -6.2613050123e+00
113 107 114
2 7 1013 238.8900 -43.1300 8 824 294.9500 62.7300
-2.9348909274e-01 -5.4527558770e-02 -2.7855280965e+00
134 94 119
2 7 1021 -61.7900 -26.2700 8 1163 -32.6500 -37.3300
2.1052041305e+00 3.0803534096e-03 -6.6098730977e+00
80 76 77
2 7 1032 219.9400 -6.6400 8 840 283.7400 110.2400
2.3940650451e+00 2.1552906146e-01 -6.8376769352e+00
49 42 43
2 7 1039 240.9600 13.4900 8 843 312.1600 133.8600
2.7735716366e-01 5.0775164156e-01 -2.7818052805e+00
21 50 52
2 7 1076 48.4600 85.9300 8 820 95.0300 59.5900
-6.7862572237e-02 -7.8672823855e-01 -2.7741764524e+00
221 198 54
2 7 8 -16.6000 -169.8900 1 7 -26.7800 -131.1000
-2.9388876074e-01 -7.3289455406e-01 -2.7139214476e+00
23 23 16
2 7 13 -62.3900 -161.8400 1 11 -77.5000 -115.6600
-5.5839079331e-01 3.0385426341e-01 -2.5942100615e+00
220 225 227
3 7 21 -120.6400 45.2700 0 21 -107.2900 94.6800 1 30 -118.8300 106.1800
-6.9511380095e-01 -5.9333180217e-01 -2.7289941659e+00
183 165 141
2 7 25 -140.3000 -133.3100 1 42 -154.7000 -82.2000
1.1373206987e+00 5.4616509525e-01 -3.1750408596e+00
21 21 23
2 7 37 201.2200 86.2100 1 51 233.7600 111.8600
-8.2687899017e-02 -6.0093007099e-01 -2.7620321153e+00
17 17 15
3 7 40 -20.0200 -134.2400 0 44 10.2300 -79.7900 1 41 -27.5000 -89.8800
7.5686506889e-01 2.1617522669e-01 -2.9506570270e+00
201 219 218
2 7 49 140.0100 28.3100 1 49 160.0200 66.2700
-6.7577222796e-01 -7.5495161853e-01 -2.8239352212e+00
71 148 161
2 7 68 -130.9100 -160.9600 0 41 -108.4500 -127.7000
-5.0353936343e-01 -7.0765311191e-01 -2.7915126808e+00
97 164 100
3 7 69 -100.5000 -153.3600 0 74 -73.7100 -112.8500 1 82 -114.2800 -109.7700
-5.0353936343e-01 -7.0765311191e-01 -2.7915126808e+00
97 164 100
3 7 70 -100.5000 -153.3600 0 75 -73.7100 -112.8500 1 83 -114.2800 -109.7700
3.0887548918e-01 -6.7868065462e-01 -2.9578352811e+00
116 181 93
2 7 71 57.1400 -141.2500 1 60 61.2200 -114.8100
6.8155490963e-01 -6.7396805685e-01 -2.9888551123e+00
113 183 95
2 7 72 127.5300 -138.4900 1 81 141.1500 -118.0800
-3.7704738018e-01 -2.7349204849e-01 -2.6998765083e+00
15 15 14
2 7 76 -80.5100 -70.8600 1 96 -86.7600 -16.1300
1.1608882723e-01 7.3212795514e-01 -2.8054416897e+00
117 123 122
2 7 83 17.3000 127.9600 0 134 13.7400 160.3500
2.8990568255e-01 -9.1602776281e-01 -2.7664776425e+00
242 252 94
2 7 90 54.3200 -195.4200 1 111 49.7800 -165.0400
3.2056838859e-01 -8.5649697748e-01 -2.7565109375e+00
25 23 18
2 7 96 60.6800 -184.0800 1 77 56.7800 -151.6700
-4.6487146868e-01 -4.0168676906e-01 -2.7131564232e+00
90 175 120
3 7 103 -96.8900 -96.0000 0 78 -72.5400 -46.8000 1 89 -106.2800 -43.0300
6.3852121146e-01 5.0414252127e-01 -2.9349695954e+00
197 217 209
2 7 118 116.8700 82.7100 1 139 136.1800 121.5900
-8.6990733101e-02 6.8649843219e-01 -2.7867047241e+00
147 143 137
3 7 120 -23.4500 119.2800 0 132 -20.7300 151.1800 1 144 -9.2600 163.3000
-7.5157672632e-01 -9.0992787026e-01 -2.9171139737e+00
114 121 128
2 7 126 -140.4500 -185.4500 0 105 -118.7900 -163.6900
6.7836372224e-01 -7.9053075555e-01 -2.8865176002e+00
14 18 12
2 7 129 129.5200 -164.4800 1 113 139.7900 -142.3400
7.2757612630e-01 -9.1573372203e-03 -3.1151292023e+00
109 179 90
2 7 143 130.9900 -14.0600 1 128 153.3100 12.8800
-7.6666839421e-01 6.6798155515e-01 -2.6296275714e+00
157 151 150
2 7 156 -162.2600 117.3400 0 259 -151.0600 151.2500
-2.9962635438e+00 3.2523987716e+00 -9.0591682117e+00
69 44 43
2 7 159 -186.1000 213.5600 0 337 -236.7700 69.2300
-2.6427321334e-01 -8.9672959925e-01 -2.8045678873e+00
111 112 107
2 7 168 -53.9900 -189.6800 1 315 -68.0400 -153.3000
7.0163888790e-01 -8.8651393761e-01 -2.9166703633e+00
21 17 14
2 7 170 131.9500 -181.9500 1 219 145.9100 -164.0900
-4.6978164313e-01 -7.5704350496e-01 -2.8167770777e+00
30 41 26
3 7 175 -92.3700 -161.5800 0 215 -65.4900 -123.0800 1 229 -107.1600 -121.1600
-9.9446623754e-03 -5.0640926433e-01 -2.7436354536e+00
126 127 124
3 7 180 -6.4400 -115.4200 0 153 23.6900 -58.6800 1 171 -12.1600 -69.5100
8.2694908336e-02 -4.9422966986e-01 -2.7762362971e+00
217 215 212
2 7 181 12.9300 -112.3200 0 221 40.7100 -55.4500
-4.4177879893e-01 -2.2657677697e-01 -2.6761980133e+00
150 166 158
3 7 192 -94.1900 -61.8800 0 228 -71.7700 -9.4400 1 246 -100.6400 -5.0800
8.7630568807e-01 -4.6990372998e-02 -3.2595316170e+00
55 41 28
2 7 197 154.0000 -19.9800 1 187 182.1100 -1.8100
9.0742666637e-01 -1.1063647101e-02 -3.2220831701e+00
176 181 174
2 7 198 160.5600 -13.6800 1 247 188.6100 6.6700
6.0608863176e-01 1.2956543884e-01 -3.1570345697e+00
81 137 68
2 7 201 107.7100 10.6100 1 191 129.6300 36.8000
-2.8046935056e-01 4.9910611179e-01 -2.7354233974e+00
61 49 40
2 7 208 -61.4800 82.9500 0 250 -53.7400 121.8100
-2.7282162190e-01 5.9176007326e-01 -2.7408693383e+00
198 200 194
3 7 210 -60.4200 101.0600 0 352 -53.9100 137.4400 1 266 -48.1100 148.6800
-2.6584101054e-01 6.4441979224e-01 -2.7436601387e+00
151 150 145
3 7 214 -59.3300 111.9100 0 353 -52.6800 145.3700 1 268 -46.3500 158.0700
-1.4148751633e-01 -1.0613458247e+00 -2.6250042563e+00
184 204 207
2 7 224 -32.7100 -232.0800 1 428 -56.9300 -192.9700
-1.4297059277e-01 -9.7152577306e-01 -2.7054300851e+00
41 48 47
2 7 239 -32.0300 -209.5400 1 218 -50.1200 -171.5200
1.0402345103e+00 -9.3490362522e-01 -2.8736989356e+00
60 32 14
2 7 249 200.3600 -191.8200 1 155 223.5500 -180.0400
-2.1499944773e-01 -9.0121851102e-01 -2.7880962326e+00
34 28 16
2 7 250 -44.1700 -191.0000 1 446 -59.5400 -155.1400
-5.2838591589e-01 -7.8212764286e-01 -2.8007909124e+00
95 154 92
3 7 253 -104.5000 -166.9900 0 213 -77.1100 -129.2900 1 228 -120.3700 -125.6000
-1.6605839357e-01 -5.7099928456e-01 -2.7167070814e+00
207 181 39
3 7 256 -37.1900 -129.5400 0 301 -7.0400 -73.9900 1 326 -47.6800 -81.5400
-1.7289866651e-01 -5.1217534175e-01 -2.7108899392e+00
203 202 195
2 7 258 -38.6600 -117.8800 1 334 -48.6900 -68.4800
-1.7297526459e-01 -3.9646373271e-01 -2.6586589067e+00
205 206 201
3 7 265 -40.4400 -96.2200 0 313 -12.3600 -36.2600 1 242 -49.6500 -41.2100
-1.4622542325e-01 -3.5756713249e-01 -2.6520920942e+00
128 126 128
3 7 267 -35.2500 -88.3700 0 316 -7.7500 -27.2400 1 345 -43.7400 -32.9400
5.2907897475e-02 -3.1913252180e-01 -2.7048223845e+00
92 1 0
2 7 269 5.5500 -79.3900 1 243 2.3800 -27.6700
-5.8291143075e-01 -2.5817968803e-01 -2.6149755401e+00
73 93 72
3 7 271 -124.5100 -69.5800 0 227 -101.9700 -15.0600 1 245 -134.4200 -8.2200
-4.5518800831e-01 -2.6315045837e-01 -2.6785098573e+00
57 78 65
3 7 272 -96.7600 -69.2900 0 320 -73.8400 -17.0300 1 346 -103.7900 -12.6900
-6.9709172543e-01 5.3990161899e-02 -2.5469728124e+00
181 206 156
3 7 289 -152.3100 -5.9600 0 333 -131.9800 48.4600 1 370 -155.3800 59.9500
-5.3311273158e-01 1.1620384713e-01 -2.6682650692e+00
221 78 134
2 7 294 -119.3500 3.4500 1 372 -106.0500 66.9800
-9.2542039716e-01 2.7141054954e-01 -2.6310695931e+00
113 92 92
2 7 307 -192.5300 37.3300 1 384 -185.7500 95.0000
6.0860659219e-01 6.1075698703e-01 -2.8630498171e+00
91 100 79
2 7 319 112.3500 104.9400 1 545 129.9100 147.2700
1.0680448452e+00 7.8443775711e-01 -3.1110599969e+00
198 201 205
2 7 322 190.8600 130.7100 1 267 219.7800 158.4200
-1.4751491995e-01 -5.3210861284e-01 -2.7092461409e+00
53 12 6
2 7 352 -33.8100 -122.0300 1 460 -43.5500 -72.8500
-5.0306359452e-02 -4.6824094684e-01 -2.7174609178e+00
27 29 33
3 7 357 -14.2700 -109.0100 0 450 14.0900 -50.7200 1 463 -21.4700 -59.8300
-8.9383632446e-02 -4.3693664834e-01 -2.6982758667e+00
25 24 24
3 7 360 -22.6600 -103.3100 0 454 5.5400 -44.3500 1 340 -30.2400 -52.1500
2.6123470855e-02 -4.3635136825e-01 -2.7426119317e+00
210 213 210
3 7 362 0.9200 -101.6700 0 664 28.8600 -44.2400 1 466 -3.6100 -54.1200
-7.7449777296e-02 -4.0623254780e-01 -2.6890410839e+00
25 26 24
3 7 363 -20.4600 -97.4500 0 458 7.1500 -37.3500 1 342 -27.6400 -45.2600
-3.3936251180e-02 -4.0014748600e-01 -2.7011965574e+00
29 29 27
3 7 364 -11.5900 -95.9300 0 461 15.7500 -35.8500 1 470 -17.5600 -44.5600
-3.3936251180e-02 -4.0014748600e-01 -2.7011965574e+00
29 29 27
3 7 365 -11.5900 -95.9300 0 462 15.7500 -35.8500 1 471 -17.5600 -44.5600
-2.2254971214e-02 -3.4707010188e-01 -2.6904406240e+00
215 214 213
3 7 369 -9.4500 -85.3700 0 467 16.9400 -24.5900 1 478 -14.9700 -32.7200
5.3868001727e-03 -3.3930140073e-01 -2.6987172518e+00
33 25 20
3 7 370 -3.8800 -83.5000 0 469 22.4000 -23.0300 1 482 -8.6000 -31.4800
5.2942181157e-03 -3.3895500394e-01 -2.6977988204e+00
33 25 20
2 7 371 -3.8800 -83.5000 1 483 -8.6000 -31.4800
-4.0636366520e-01 -1.9506648943e-01 -2.6819933551e+00
58 72 62
2 7 379 -86.9500 -55.3500 1 500 -92.5600 0.9500
9.5477098526e-01 4.1859632818e-02 -3.1995028707e+00
203 212 205
3 7 392 169.6500 -4.4000 0 493 167.7200 33.9600 1 357 198.4500 17.8600
-1.3633565985e-02 7.4809427162e-02 -2.8816143863e+00
120 201 214
2 7 393 -6.1800 -0.4000 0 500 5.8100 42.1100
9.0984825193e-01 7.1197367533e-02 -3.1845206126e+00
197 207 199
2 7 394 161.9400 0.7800 0 495 160.0800 38.8100
9.4209987132e-01 7.6156076313e-02 -3.1800995593e+00
74 62 46
2 7 395 167.2300 2.0300 0 497 166.1200 40.2400
7.4773675841e-01 3.0578467547e-01 -2.9702410062e+00
102 105 88
2 7 405 137.4600 44.9400 0 706 134.0300 88.2000
-8.3115181674e-01 3.5755758458e-01 -2.5856188786e+00
151 140 143
2 7 408 -177.5500 55.5400 0 525 -161.9700 99.5400
2.7636640497e-01 -8.5215944486e-01 -2.7569642929e+00
131 135 124
2 7 473 51.8500 -183.2400 1 447 46.8500 -150.1000
6.8718100542e-01 -8.5366944762e-01 -2.9071883655e+00
127 141 136
2 7 476 130.2900 -175.7700 1 444 141.9800 -156.7500
-7.4117710367e-01 -7.6856310961e-01 -2.7941767072e+00
168 74 97
3 7 479 -144.9300 -164.4400 0 627 -122.2000 -131.4300 1 616 -162.2100 -120.2000
-5.2687860446e-01 -6.3262998914e-01 -2.7580480575e+00
96 159 106
3 7 484 -106.1100 -139.8200 0 635 -80.4400 -96.9900 1 635 -120.3900 -92.9100
-9.0403782163e-02 -5.2314360830e-01 -2.7233108696e+00
207 210 203
3 7 490 -22.1900 -119.7500 0 649 7.2400 -62.5000 1 462 -30.4400 -72.1700
1.1040644235e-01 -5.2818264206e-01 -2.8094744832e+00
34 12 12
2 7 492 19.0200 -117.5300 1 331 15.6100 -77.3400
8.7652968250e-02 -5.1125783736e-01 -2.7809635120e+00
213 215 211
3 7 494 13.4800 -115.3000 0 651 42.6000 -59.0400 1 461 10.3400 -72.4000
1.1339417204e-01 -4.9557933087e-01 -2.7873313994e+00
41 14 9
2 7 496 18.8900 -112.1500 0 652 46.8300 -55.5700
1.1299953470e-01 -4.7493984015e-01 -2.7777214986e+00
41 12 7
3 7 497 18.6500 -108.4900 0 658 46.2700 -51.0600 1 646 16.2200 -64.5400
6.1425658574e-02 -4.6141357654e-01 -2.7549266908e+00
20 22 22
2 7 498 8.3400 -106.4400 0 661 36.0300 -48.5100
6.1759556858e-02 -4.6136651707e-01 -2.7566451563e+00
20 22 22
3 7 499 8.3400 -106.4400 0 662 36.0300 -48.5100 1 650 4.5300 -60.6000
1.0884935518e+00 -5.4219421961e-01 -3.3581611503e+00
32 27 22
2 7 502 188.5100 -103.7500 1 455 223.5200 -101.1600
-5.4293312547e-02 -4.1399380411e-01 -2.7009954137e+00
198 201 193
3 7 507 -15.5400 -98.5500 0 669 12.0600 -38.9900 1 467 -22.3300 -47.6400
-1.1748216408e-01 -4.0564072056e-01 -2.6772972223e+00
28 31 33
3 7 509 -28.8800 -97.5700 0 671 -0.8000 -37.6300 1 668 -36.8500 -44.4200
-1.0428845966e-02 -4.0786225746e-01 -2.7133211619e+00
213 216 210
3 7 510 -6.6900 -97.1000 0 672 20.5200 -37.1500 1 468 -12.0300 -47.1900
-1.0428845966e-02 -4.0786225746e-01 -2.7133211619e+00
213 216 210
3 7 511 -6.6900 -97.1000 0 673 20.5200 -37.1500 1 469 -12.0300 -47.1900
1.1049278491e-01 -3.7708461365e-01 -2.7428644769e+00
44 10 6
2 7 513 17.6200 -89.9900 1 671 15.5000 -42.1100
-9.0823888586e-02 -3.5527356921e-01 -2.6708598067e+00
208 211 209
2 7 516 -23.6300 -87.5300 1 677 -30.7600 -33.3500
-9.0782940075e-02 -3.5532178125e-01 -2.6708649430e+00
208 211 209
3 7 517 -23.6300 -87.5300 0 675 3.4100 -26.6800 1 678 -30.7600 -33.3500
-5.8179023428e-01 -3.4590245814e-01 -2.6416677378e+00
37 48 36
2 7 518 -123.0400 -86.6500 1 684 -134.0900 -27.8400
8.3205971377e-02 -3.5399405551e-01 -2.7332768951e+00
246 43 30
3 7 519 12.0800 -85.5200 0 677 38.0400 -26.2200 1 475 9.3600 -36.4000
8.3042455745e-02 -3.5330874766e-01 -2.7311962410e+00
246 43 30
2 7 520 12.0800 -85.5200 1 476 9.3600 -36.4000
-3.1022550968e-02 -3.4782443404e-01 -2.6832674372e+00
209 214 209
2 7 522 -11.2000 -85.5700 1 680 -17.3800 -32.6500
3.3475135242e-02 -3.3920946961e-01 -2.7053264648e+00
244 44 38
3 7 526 1.9200 -83.4100 0 679 27.8200 -22.6800 1 682 -2.1900 -31.8700
8.1299183657e-02 -3.3049404593e-01 -2.7227651127e+00
243 42 33
3 7 529 11.6100 -81.1300 0 680 36.9200 -20.5800 1 481 8.9500 -31.3500
8.1133128967e-02 -3.3006781450e-01 -2.7204839120e+00
243 42 33
2 7 530 11.6100 -81.1300 0 681 36.9200 -20.5800
1.0057321814e-01 -3.1333473966e-01 -2.7221237667e+00
63 7 1
2 7 533 15.3700 -77.6700 0 683 40.4200 -17.0300
-8.0548012187e-01 -1.2186258998e-01 -2.5484231082e+00
177 122 140
3 7 544 -173.6100 -42.6700 0 691 -152.7300 11.3800 1 698 -180.9200 24.0400
1.1023304475e+00 2.8982225028e-01 -3.2547459897e+00
55 51 53
2 7 560 192.7300 39.6000 0 922 181.1000 71.3200
6.8231003512e-01 4.8539355148e-01 -2.9280909419e+00
216 232 231
2 7 573 125.4200 79.4800 0 712 118.6100 119.1300
-7.9889774465e-01 5.6081582543e-01 -2.6149261772e+00
40 21 17
2 7 579 -169.6500 96.2100 0 720 -156.4800 133.5800
-8.1839539790e-01 5.9712693873e-01 -2.6368672447e+00
98 80 77
2 7 584 -172.2800 102.7700 0 722 -159.8000 137.3500
-1.0858898924e-01 7.2055520135e-01 -2.7562067510e+00
134 133 130
3 7 588 -28.1000 126.9500 0 725 -25.3700 158.9200 1 734 -14.4600 172.2600
-1.0858898924e-01 7.2055520135e-01 -2.7562067510e+00
134 133 130
3 7 589 -28.1000 126.9500 0 726 -25.3700 158.9200 1 733 -14.4600 172.2600
-1.1967003187e-01 -9.2584575577e-01 -2.7671713139e+00
51 35 3
3 7 631 -26.0100 -196.6000 0 809 11.9700 -148.7000 1 808 -41.3000 -161.9200
2.1918075874e+00 -1.4364417992e+00 -5.1295858916e+00
81 76 77
2 7 640 276.1500 -178.5600 0 753 284.8100 -203.1100
-5.1869026862e-01 -8.1401948574e-01 -2.8139274591e+00
35 66 40
3 7 642 -101.8700 -172.5700 0 818 -74.4400 -135.9500 1 832 -118.1000 -132.7600
-7.2065321619e-01 -7.8946028509e-01 -2.8032231486e+00
146 24 52
2 7 644 -140.5300 -168.0200 1 836 -158.0100 -124.9400
1.5873776541e-01 -7.9227879212e-01 -2.8977467200e+00
193 63 29
2 7 645 28.8500 -165.1500 1 831 26.4700 -136.8000
-7.2775664657e-01 -7.1290018899e-01 -2.7808622245e+00
149 26 54
2 7 647 -143.4400 -154.4500 0 630 -120.6000 -119.1700
1.6716336019e+00 -1.2246239449e+00 -5.3203088698e+00
96 81 88
2 7 652 208.8100 -149.7600 1 755 275.9900 -223.1800
1.6716336019e+00 -1.2246239449e+00 -5.3203088698e+00
96 81 88
2 7 653 208.8100 -149.7600 1 756 275.9900 -223.1800
-5.3926154324e-01 -6.5636129352e-01 -2.7620620116e+00
111 164 112
2 7 656 -108.1800 -144.2600 1 854 -123.0900 -97.9400
8.4886006839e-02 -6.2013959176e-01 -2.8194041247e+00
163 125 122
3 7 661 13.8400 -135.4900 0 837 43.9500 -82.0900 1 857 10.0000 -97.0900
-7.4682306960e-01 -5.1247237237e-01 -2.7015967279e+00
147 33 69
3 7 669 -151.7500 -118.2200 0 840 -130.0000 -75.2000 1 883 -165.4000 -64.1400
-4.5514481927e-02 -5.1355826044e-01 -2.7396649358e+00
28 27 23
3 7 671 -13.0400 -117.1900 0 843 16.1900 -60.5600 1 873 -20.0400 -70.7300
-4.5500224266e-02 -5.1327114662e-01 -2.7389272941e+00
28 27 23
3 7 672 -13.0400 -117.1900 0 844 16.1900 -60.5600 1 643 -20.0600 -70.5300
-9.3540940568e-02 -4.9214859355e-01 -2.7175342017e+00
214 212 206
3 7 674 -22.9900 -113.7800 0 850 5.9100 -56.3400 1 878 -30.9600 -64.9300
3.9483345091e-02 -4.9469247056e-01 -2.7647826076e+00
30 28 28
2 7 675 4.1100 -112.7000 1 644 -0.4400 -67.9300
3.9483345091e-02 -4.9469247056e-01 -2.7647826076e+00
30 28 28
2 7 676 4.1100 -112.7000 1 645 -0.4400 -67.9300
-6.3472175665e-02 -4.8711608784e-01 -2.7214512167e+00
206 209 205
3 7 677 -16.9300 -112.6400 0 851 11.9000 -54.8400 1 880 -24.2900 -64.1500
-6.3472175665e-02 -4.8711608784e-01 -2.7214512167e+00
206 209 205
3 7 678 -16.9300 -112.6400 0 852 11.9000 -54.8400 1 881 -24.2900 -64.1500
-8.2519724719e-02 -4.7813841970e-01 -2.7140053956e+00
22 21 26
3 7 680 -20.8500 -111.1300 0 653 7.8100 -53.2000 1 648 -28.5800 -61.7100
-8.2519724719e-02 -4.7813841970e-01 -2.7140053956e+00
22 21 26
3 7 681 -20.8500 -111.1300 0 654 7.8100 -53.2000 1 649 -28.5800 -61.7100
1.8146669543e+00 -9.2846027810e-01 -5.6458981100e+00
128 126 131
2 7 684 215.8400 -109.8400 1 777 286.6800 -183.4600
2.4080487393e-02 -4.7659746754e-01 -2.7452457075e+00
214 215 208
3 7 685 0.7100 -109.7600 0 855 29.1400 -51.8100 1 647 -4.2600 -63.3200
-1.3126730527e-01 -4.6679598857e-01 -2.6957481186e+00
210 209 202
2 7 687 -31.0700 -109.3300 0 856 -2.1900 -51.2300
-1.8645249384e-02 -4.6727024845e-01 -2.7313916860e+00
13 17 19
3 7 690 -7.9400 -108.3900 0 858 20.3900 -50.3500 1 889 -13.9000 -60.4300
-9.9963463068e-02 -4.6133302658e-01 -2.7037230638e+00
214 217 211
3 7 691 -24.6100 -107.9300 0 859 4.0800 -49.8200 1 893 -32.7100 -57.6100
-9.9963463068e-02 -4.6133302658e-01 -2.7037230638e+00
214 217 211
3 7 692 -24.6100 -107.9300 0 860 4.0800 -49.8200 1 894 -32.7100 -57.6100
-1.1377653168e-02 -4.5028788543e-01 -2.7307564175e+00
218 219 217
3 7 693 -6.6000 -104.8800 0 864 21.6000 -46.8600 1 896 -12.2500 -56.8000
5.9923057455e-02 -4.4184255076e-01 -2.7480786338e+00
216 222 220
3 7 700 7.4200 -102.8100 0 665 35.5000 -44.3300 1 658 4.2100 -56.0100
9.5842319499e-02 -4.3467213683e-01 -2.7627888942e+00
216 218 215
3 7 701 15.0200 -100.8400 0 870 42.1700 -42.9300 1 898 12.3300 -55.2300
-1.0222297276e-01 -4.1583679244e-01 -2.6862310473e+00
215 222 216
3 7 704 -25.5800 -99.3900 0 873 2.5000 -39.7700 1 901 -33.2700 -47.0800
2.9954921215e-02 -3.9866755635e-01 -2.7243326753e+00
216 224 217
3 7 706 1.5000 -94.8800 0 874 28.4300 -35.2700 1 666 -2.8400 -45.6400
-1.0299684702e-01 -3.8668321750e-01 -2.6762860581e+00
216 217 214
2 7 709 -26.1500 -93.6600 0 877 1.8900 -33.5600
8.0125962217e-02 -3.7798526222e-01 -2.7357674223e+00
21 20 16
3 7 714 11.4600 -90.3900 0 880 37.8500 -30.7300 1 672 8.7200 -41.8900
-3.3159161693e-02 -3.4804589451e-01 -2.6858461953e+00
209 212 208
2 7 720 -11.9400 -85.7500 1 679 -17.3800 -32.6500
1.0181346171e-01 -3.4335093017e-01 -2.7369748227e+00
110 0 0
3 7 722 15.7900 -83.3300 0 1160 41.3000 -23.7700 1 913 13.7100 -34.5000
1.0181346171e-01 -3.4335093017e-01 -2.7369748227e+00
110 0 0
3 7 723 15.7900 -83.3300 0 1161 41.3000 -23.7700 1 914 13.7100 -34.5000
2.8106682658e+00 -7.0699156251e-01 -5.9521008990e+00
56 53 56
2 7 724 311.6200 -80.2500 0 1071 291.5600 -118.9100
7.7182810266e-01 5.5760595815e-02 -3.0479202363e+00
111 121 91
3 7 750 140.8800 -2.4300 0 909 142.8500 42.4000 1 699 162.8000 29.2500
7.4190184098e-01 1.0482484636e-01 -3.0122754956e+00
164 181 163
3 7 753 135.8200 6.8800 0 916 137.9200 52.2300 1 701 156.7300 40.8200
7.5087871943e-01 1.3467569537e-01 -2.9901684284e+00
190 202 191
3 7 754 138.0600 12.6400 0 1199 139.4700 58.7200 1 938 158.5700 48.0200
6.9778421433e-01 4.3040601576e-01 -2.9371892392e+00
169 180 166
3 7 762 128.4300 69.0000 0 938 122.8100 109.7400 1 716 147.9500 108.0000
-3.6745049259e-02 4.6980487221e-01 -2.7864092926e+00
160 151 142
2 7 766 -13.0200 77.1800 0 942 -6.9000 116.5800
-3.6745049259e-02 4.6980487221e-01 -2.7864092926e+00
160 151 142
2 7 767 -13.0200 77.1800 0 943 -6.9000 116.5800
2.2848863376e-01 4.6531854502e-01 -2.7819188902e+00
27 34 42
3 7 768 39.1900 77.4800 0 948 42.2800 120.7600 1 950 50.2800 125.2800
-6.9110081049e-02 5.1346470890e-01 -2.7661274093e+00
116 112 109
2 7 772 -19.8700 86.1300 0 952 -13.7100 125.0400
-7.8567109120e-01 5.0794952365e-01 -2.6037845756e+00
52 28 24
2 7 775 -167.7500 85.9500 0 715 -153.6100 125.6200
-2.8455251350e-01 5.5379466205e-01 -2.7366763922e+00
69 61 54
2 7 780 -62.8800 93.9000 1 1279 -51.5100 142.4900
-2.7844780267e-01 6.3969908786e-01 -2.7465135556e+00
133 130 121
2 7 783 -61.4800 110.5700 1 961 -48.5100 157.1300
-7.7103416947e-01 6.9626812727e-01 -2.6242036003e+00
137 122 125
2 7 784 -163.9500 123.3500 0 961 -151.8500 156.3000
-3.0364812419e-01 -1.0014535746e+00 -2.6696792739e+00
15 16 13
3 7 814 -64.2900 -217.0600 0 1027 -25.3500 -168.0200 1 1056 -88.3500 -176.1900
-3.5572210454e-01 -9.3930557716e-01 -2.6733832175e+00
159 184 221
2 7 821 -74.7700 -204.3700 1 1069 -98.0200 -161.0500
1.3392127980e-01 -9.0884713514e-01 -2.7329492397e+00
190 205 90
3 7 836 23.5200 -195.6200 0 1060 64.9100 -137.4600 1 1068 13.2500 -161.3100
1.1691571088e-01 -9.0576677214e-01 -2.7323171956e+00
197 215 102
3 7 837 20.1600 -195.0100 0 1061 61.2900 -137.2500 1 1070 9.4100 -160.3700
-4.3013805497e-01 -7.2407815732e-01 -2.8253234287e+00
93 136 91
3 7 884 -84.8700 -155.0200 0 1079 -57.8600 -115.5300 1 843 -97.8200 -114.7500
-5.2087431448e-01 -6.4844030921e-01 -2.7602059980e+00
19 61 23
3 7 893 -104.9900 -143.0700 0 1085 -78.9600 -100.1900 1 1124 -119.0700 -96.1800
-6.1283863669e-02 -6.4088273005e-01 -2.7754067375e+00
174 121 115
3 7 894 -15.1900 -141.0500 0 1098 15.9000 -88.1300 1 847 -23.5300 -99.2700
-3.6959553019e-02 -6.3644981388e-01 -2.7805609130e+00
188 149 148
3 7 896 -10.4400 -140.0100 0 1104 20.6600 -86.7600 1 850 -17.9700 -98.7100
-1.4831097336e-02 -6.3314095640e-01 -2.7856690249e+00
170 133 129
3 7 897 -6.0000 -139.1800 0 1105 24.9600 -85.7600 1 849 -12.9800 -98.3000
-5.0776016438e-01 -6.2604250026e-01 -2.7603329462e+00
16 57 22
3 7 900 -102.4600 -138.5900 0 1087 -76.6100 -95.2100 1 862 -116.1000 -91.7000
4.4458498173e-02 -6.2485173258e-01 -2.8027292358e+00
183 141 145
3 7 904 5.6900 -136.9200 0 1109 36.4800 -83.3900 1 855 0.5700 -97.3800
1.0658944092e-01 -6.1677357520e-01 -2.8232866184e+00
183 141 139
3 7 907 18.0500 -134.6100 0 838 48.2000 -81.0900 1 858 14.7700 -96.6700
-1.0801418512e-01 -5.0477996698e-01 -2.7152322115e+00
17 15 13
2 7 925 -25.8800 -116.3600 1 875 -34.4000 -67.3900
-1.0861564549e-01 -5.0483050158e-01 -2.7173861410e+00
17 15 13
3 7 926 -25.8800 -116.3600 0 848 3.1200 -59.4000 1 876 -34.4000 -67.3900
1.0077614443e-01 -5.1044986057e-01 -2.7883231427e+00
218 222 216
3 7 930 16.4600 -115.0300 0 1124 44.7300 -58.8200 1 872 13.4300 -72.5600
-7.5054387274e-01 -4.9108825269e-01 -2.6947763059e+00
22 100 120
2 7 931 -152.8900 -114.1300 1 1145 -166.3000 -59.4400
1.7079408766e+00 -9.4803141068e-01 -5.5948873632e+00
92 77 79
2 7 933 205.5100 -112.9600 1 1044 273.9300 -185.3700
-2.9999740531e-02 -4.8180675631e-01 -2.7317023972e+00
218 220 216
3 7 934 -10.1500 -111.2300 0 853 18.5100 -53.5200 1 884 -16.5700 -63.5600
-4.1271511300e-03 -4.7751065722e-01 -2.7376775182e+00
217 218 216
2 7 937 -4.8500 -110.1800 0 1129 23.5400 -52.3900
-7.3851341354e-02 -4.5916088622e-01 -2.7118639848e+00
213 213 213
3 7 941 -19.2500 -107.3200 0 1131 9.2200 -49.1500 1 895 -26.6100 -57.5700
9.9155297993e-02 -4.6244159668e-01 -2.7710208624e+00
218 222 217
2 7 946 15.8800 -106.1200 0 1133 43.3800 -48.6400
9.9482536782e-02 -4.6247636514e-01 -2.7728108330e+00
218 222 217
3 7 947 15.8800 -106.1200 0 1134 43.3800 -48.6400 1 1140 13.2500 -61.6900
-3.3461413921e-02 -4.5494842382e-01 -2.7233783836e+00
219 215 217
3 7 948 -11.0300 -106.1100 0 1135 17.2500 -47.9800 1 897 -17.3600 -57.3000
4.3344486026e-02 -4.5649532309e-01 -2.7506687731e+00
19 15 18
3 7 949 4.6700 -105.6500 0 862 32.3000 -47.7500 1 890 0.3500 -59.1600
4.3344486026e-02 -4.5649532309e-01 -2.7506687731e+00
19 15 18
3 7 950 4.6700 -105.6500 0 863 32.3000 -47.7500 1 891 0.3500 -59.1600
1.8141310364e-03 -4.3852158902e-01 -2.7322267615e+00
13 15 11
2 7 955 -4.0500 -102.4900 0 1138 23.9700 -44.3200
1.8141310364e-03 -4.3852158902e-01 -2.7322267615e+00
13 15 11
2 7 956 -4.0500 -102.4900 0 1137 23.9700 -44.3200
2.4188655734e-02 -3.5687182823e-01 -2.7105416267e+00
91 2 0
3 7 972 0.0300 -86.7800 0 1153 26.4700 -26.6000 1 1160 -4.1900 -35.9400
-2.1199604573e-03 -3.5573505257e-01 -2.7032648996e+00
60 17 11
2 7 973 -5.2800 -86.7700 1 912 -10.1500 -35.2900
-1.5289810918e-01 -3.4791644956e-01 -2.6465487086e+00
17 17 16
3 7 974 -36.7400 -86.7100 0 1158 -9.4700 -25.2600 1 916 -45.1900 -30.3400
-1.5289810918e-01 -3.4791644956e-01 -2.6465487086e+00
17 17 16
3 7 975 -36.7400 -86.7100 0 1157 -9.4700 -25.2600 1 917 -45.1900 -30.3400
5.3543700194e-02 -3.5202488347e-01 -2.7185288184e+00
80 1 0
3 7 976 5.9500 -85.5400 0 1156 32.2000 -25.4400 1 911 2.5000 -35.4100
-1.2902521199e-02 -3.3128746954e-01 -2.6861184478e+00
222 220 215
2 7 979 -7.8300 -82.3000 1 1163 -12.8400 -29.1700
4.7840162686e-01 -3.1827524973e-01 -2.6213281713e+00
100 173 76
2 7 982 92.9300 -80.3100 1 1175 94.9800 -25.3400
1.9465681055e+00 -6.8291049071e-01 -5.8959487667e+00
133 121 125
2 7 983 223.1100 -79.7500 1 1085 296.5300 -154.1000
5.2146115920e-02 -3.1820111742e-01 -2.7077272582e+00
81 2 0
2 7 985 5.6300 -79.0300 1 918 2.1600 -27.6900
-7.5453758947e-01 -3.0479549248e-01 -2.6286959249e+00
82 166 185
2 7 986 -158.2100 -78.7700 0 1151 -136.7800 -29.3600
2.0242706864e+00 -6.5638271301e-01 -5.9231491602e+00
133 122 128
2 7 987 230.5100 -76.5500 1 814 305.4000 -151.4000
1.9530812247e+00 -6.5370064119e-01 -5.9241232807e+00
81 61 63
2 7 989 222.9200 -76.3800 1 1087 296.6200 -150.7000
2.0068394074e+00 -5.5407821463e-01 -6.0202361698e+00
132 119 125
2 7 998 225.9400 -64.9000 1 828 300.4000 -139.6600
-7.6691907203e-01 -2.0955247058e-01 -2.5882681979e+00
72 166 196
2 7 1001 -163.2500 -60.2000 0 1166 -142.0700 -7.9700
-3.8586749820e-01 -1.8074820100e-01 -2.6851973623e+00
204 216 208
3 7 1008 -82.7500 -52.4300 0 1172 -61.1300 0.1100 1 1198 -87.9400 3.7900
8.8945719200e-01 -2.7031023737e-02 -3.2650586765e+00
52 49 34
2 7 1024 155.9100 -16.5200 1 924 184.8200 1.7000
4.9941209704e-01 2.4805499622e-02 -3.1574219838e+00
39 87 4
2 7 1031 88.7500 -8.4400 1 929 108.4100 17.4300
1.0193415533e+00 4.9110790753e-02 -3.2157585624e+00
219 224 220
3 7 1033 180.6300 -2.8600 0 906 177.4400 35.1400 1 930 211.0000 18.2900
8.7017092112e-01 1.4589243616e-01 -3.1467590054e+00
75 70 62
2 7 1040 155.4500 14.3300 0 915 153.0000 52.2900
1.0617924473e+00 2.4510932013e-01 -3.2013215038e+00
214 211 214
2 7 1047 188.1600 32.2200 1 939 219.0800 55.3400
6.5826953010e-01 3.7721179770e-01 -2.9788307185e+00
135 152 133
2 7 1058 120.1400 58.0000 1 1236 139.9900 94.6300
6.8176709913e-01 4.1693883746e-01 -2.9387929827e+00
217 232 226
2 7 1061 125.4200 66.3000 1 1242 144.7300 105.1900
6.6881289404e-01 4.2942895589e-01 -2.9438876842e+00
158 175 158
3 7 1064 122.7600 68.5800 0 937 117.5200 108.8000 1 945 142.0800 107.0000
-8.6304994257e-01 4.6164451003e-01 -2.6544906386e+00
81 68 68
2 7 1069 -179.5800 74.9700 0 1213 -166.8400 111.4000
-7.6678480462e-01 5.1475738652e-01 -2.5956612583e+00
131 114 108
2 7 1078 -164.5500 87.6600 0 1227 -150.1500 127.9300
6.5132103330e-01 5.8989060181e-01 -2.8379150967e+00
122 139 121
3 7 1089 121.2500 101.8800 0 1234 113.1500 142.8200 1 959 138.4700 145.9800
6.6357362977e-01 5.9633945335e-01 -2.8260021450e+00
190 208 195
2 7 1090 124.0200 103.4900 1 1283 140.9900 148.2600
1.2048706668e-01 -6.3023398845e-01 -2.8329296243e+00
77 25 9
3 8 1016 42.3800 -139.9800 0 639 51.0400 -83.8600 1 629 17.9200 -99.9100
-3.3307366526e-03 -5.2487848828e-01 -2.7575436329e+00
219 220 222
3 8 1043 18.5600 -127.9300 0 1123 24.8700 -62.8300 1 871 -10.3100 -73.8300
-1.8450435212e-01 -4.7662106297e-01 -2.7448249601e+00
169 124 98
2 0 18 -13.2800 -56.6200 1 21 -48.3300 -61.9400
-3.7589336761e-01 3.8986526578e-01 -2.7551966797e+00
233 238 241
2 0 22 -69.0800 99.3100 1 31 -70.7400 110.5200
-3.7589336761e-01 3.8986526578e-01 -2.7551966797e+00
233 238 241
2 0 23 -69.0800 99.3100 1 32 -70.7400 110.5200
5.6641807087e-02 -9.4054649677e-01 -2.7510950969e+00
77 59 18
2 0 28 49.2400 -146.7000 1 18 -3.6100 -167.5900
4.4924009428e-01 2.9975085218e-01 -2.8016610968e+00
97 4 0
2 0 63 86.8500 95.8700 1 50 95.2500 92.3100
-1.2710941394e-01 4.6370604756e-01 -2.8098676014e+00
106 92 79
2 0 64 -23.4900 111.6100 1 75 -19.0200 121.1000
-4.9088360967e-01 -5.0444650671e-01 -2.7235348874e+00
44 41 41
2 0 77 -75.8800 -68.7100 1 88 -112.8700 -64.7200
-6.4233249687e-01 -2.1875316003e-01 -2.6205718255e+00
18 18 16
2 0 82 -114.4300 -9.7600 1 126 -144.9200 0.6700
-1.2137052203e-01 5.8201251923e-01 -2.7948120638e+00
178 183 179
2 0 93 -24.9900 133.0000 1 104 -16.8900 143.5300
-4.9087301958e-01 -1.0574344731e+00 -2.5985114357e+00
29 37 37
2 0 101 -65.9300 -185.2400 1 109 -135.5600 -185.8300
-2.1704259704e-01 5.3995619637e-01 -2.7681783480e+00
186 191 181
2 0 128 -41.9000 126.7700 1 142 -37.1300 137.6000
-4.6702469708e-01 -6.3172787834e-01 -2.7824844024e+00
41 35 34
2 0 149 -67.7000 -96.3300 1 166 -106.3300 -93.6400
-5.3273228105e-01 -2.8883434536e-01 -2.6299778836e+00
77 90 72
2 0 159 -90.1800 -21.2800 1 181 -123.8300 -15.3100
-1.6747220193e-01 -2.6854588671e-01 -2.6246404972e+00
181 111 66
2 0 164 -14.3300 -8.5600 1 182 -48.2400 -12.0500
-1.6747220193e-01 -2.6854588671e-01 -2.6246404972e+00
181 111 66
2 0 165 -14.3300 -8.5600 1 183 -48.2400 -12.0500
-1.7146443027e-01 3.9599960161e-01 -2.8711238756e+00
235 243 247
2 0 182 -30.3900 94.9400 1 136 -25.5800 103.2400
-1.3171524812e-02 -8.8428929082e-01 -2.7175181277e+00
231 233 77
2 0 210 33.5600 -135.7300 1 161 -19.8300 -153.4900
-4.1417986279e-01 -5.7992312934e-01 -2.7714337320e+00
29 21 18
2 0 219 -57.9300 -84.2100 1 325 -95.5200 -82.7500
-6.7401942484e-01 -1.6672682268e-01 -2.6166190356e+00
108 170 188
2 0 229 -122.1900 0.8800 1 248 -150.1000 10.8700
2.8238802175e-01 1.5177202313e-01 -2.8370842548e+00
28 54 17
2 0 240 59.8500 63.7000 1 254 60.0700 61.4500
-1.2750820068e-02 -1.0317772386e+00 -2.6435172665e+00
181 136 67
2 0 283 39.4900 -166.4000 1 212 -26.0900 -188.0200
-1.2750820068e-02 -1.0317772386e+00 -2.6435172665e+00
181 136 67
2 0 284 39.4900 -166.4000 1 213 -26.0900 -188.0200
1.0722954468e+00 -5.7943677561e-01 -3.4320692694e+00
109 103 95
2 0 299 196.6900 -75.0500 1 232 218.9700 -110.0300
-4.5513750324e-01 -1.9416836305e-01 -2.6556746409e+00
89 99 88
2 0 323 -75.3900 -2.1400 1 350 -104.1700 2.7100
-4.4174296502e-01 -1.0110968868e-01 -2.7221149824e+00
180 178 189
2 0 327 -73.5600 12.0000 1 358 -94.8500 17.8300
-6.9586084478e-01 5.2028266604e-02 -2.5428528562e+00
189 209 173
2 0 332 -131.9800 48.4600 1 369 -155.3800 59.9500
-5.2796965892e-01 3.9155527192e-01 -3.0224496342e+00
93 184 215
2 0 339 -93.7500 76.7400 1 377 -82.6300 89.6800
3.0724248172e-01 2.3565104647e-01 -2.8487040834e+00
92 0 0
2 0 340 61.6900 78.0300 1 256 66.1900 76.6400
-6.4408509465e-01 2.3098070321e-01 -2.5905488622e+00
228 233 237
2 0 342 -122.6300 80.5800 1 528 -136.7700 91.0200
-1.9611477810e-01 3.7482929466e-01 -2.9366839420e+00
230 132 164
2 0 345 -34.4700 86.1900 1 383 -27.4300 94.1200
5.3703894367e-01 -1.1412181148e+00 -2.6523780578e+00
145 148 138
2 0 401 161.5200 -175.3200 1 285 103.1700 -224.2500
2.1536501224e-01 -1.0807847724e+00 -2.6266991653e+00
45 49 48
2 0 404 91.4200 -170.9400 1 421 25.3000 -203.6400
5.9114341570e-01 -1.1123921032e+00 -2.6817643803e+00
148 153 142
2 0 408 169.8200 -167.3500 1 208 117.1400 -217.9800
-6.8959475096e-02 -1.0282806064e+00 -2.6470202203e+00
46 51 54
2 0 409 27.0900 -167.3800 1 300 -38.5800 -186.1100
1.2078154130e-01 -1.0035868077e+00 -2.6803311912e+00
42 51 52
2 0 417 66.6300 -157.2800 1 302 6.6400 -183.1600
-3.1569637202e-02 -9.6043910562e-01 -2.7287237967e+00
102 123 109
2 0 421 31.9200 -153.3900 1 439 -24.6000 -170.3000
-5.1835487501e-01 -5.7543474589e-01 -2.7459293003e+00
45 40 40
2 0 439 -79.9000 -84.8000 1 327 -118.1600 -80.1800
-6.7665541283e-01 -3.6735154588e-01 -2.6856351959e+00
201 188 151
2 0 456 -117.8500 -43.2700 1 479 -149.5200 -33.7300
-6.9364708968e-01 -2.2129830064e-01 -2.6295077575e+00
208 110 131
2 0 472 -125.2000 -11.0100 1 498 -154.1200 -1.1700
-5.3793851225e-01 -1.0606171159e-01 -2.6695148629e+00
182 86 114
2 0 482 -93.7900 12.3700 1 504 -117.6900 19.9700
-3.8292851127e-01 -8.7670635305e-02 -2.7438748688e+00
179 195 207
2 0 484 -61.7800 14.2800 1 359 -81.5700 19.3200
-4.1456019411e-01 -7.2643569303e-02 -2.7239387817e+00
186 87 118
2 0 485 -68.5900 17.7400 1 361 -88.8300 23.4900
-4.6294306893e-01 4.1171385826e-01 -3.0590862119e+00
223 122 156
2 0 517 -82.0100 78.6900 1 378 -68.8300 90.6900
-7.0462176378e-01 3.3298262218e-01 -2.5721790211e+00
157 165 158
2 0 524 -136.5900 98.8900 1 719 -147.5800 112.6100
-1.7750919393e-01 5.6637705828e-01 -2.7937697596e+00
192 201 196
2 0 531 -34.9600 129.2900 1 542 -27.9600 140.6800
2.4460930592e-01 6.5367253505e-01 -2.8099747406e+00
158 167 162
2 0 536 39.9800 148.0400 1 200 55.8300 158.7800
2.0804334010e-01 6.4879322539e-01 -2.7289207243e+00
150 155 145
2 0 538 34.5300 155.4900 1 390 46.4600 164.1500
-5.1314422323e-01 -1.1543812932e+00 -2.5186581413e+00
91 116 111
2 0 566 -69.9000 -208.1200 1 575 -150.1300 -209.0800
6.7439197337e-01 -8.9825545801e-01 -2.9021537861e+00
147 152 142
2 0 628 166.2000 -126.0500 1 601 139.1400 -166.2700
-5.0894035968e-01 -6.7003205364e-01 -2.7721502785e+00
46 66 42
2 0 633 -75.8400 -104.6400 1 627 -116.2200 -101.3300
-1.7404329178e-01 -1.5136888763e-01 -2.7882571266e+00
203 201 179
2 0 688 -19.0000 4.0800 1 692 -38.4300 3.6700
4.5158400579e-01 2.6886383801e-01 -2.8837896456e+00
120 18 18
2 0 705 86.0500 83.4000 1 519 96.6300 80.9000
3.0268908052e-01 -1.1913141032e+00 -2.5248978431e+00
151 171 168
2 0 763 118.9400 -192.2800 1 746 41.2300 -234.9900
-1.1877057455e-01 -9.2700584082e-01 -2.7583560944e+00
43 33 9
2 0 810 11.9700 -148.7000 1 809 -41.3000 -161.9200
2.2388866479e-02 -8.8105083100e-01 -2.7415463707e+00
39 42 6
2 0 819 40.4400 -134.6000 1 610 -10.7200 -153.5200
2.5565109937e-02 -6.2895840824e-01 -2.7970908567e+00
183 135 133
2 0 834 32.8600 -84.4800 1 851 -3.8100 -97.9400
2.5565109937e-02 -6.2895840824e-01 -2.7970908567e+00
183 135 133
2 0 835 32.8600 -84.4800 1 852 -3.8100 -97.9400
-1.3293234899e-01 -4.1910980223e-01 -2.6771832058e+00
218 219 217
2 0 872 -3.7100 -40.7100 1 903 -40.4200 -47.2200
-4.7998034372e-01 -2.1997641142e-01 -2.3358204321e+00
155 195 197
2 0 899 -85.0500 12.6600 1 696 -136.3200 16.7500
-6.6483706802e-01 3.6127017420e-01 -2.5530754547e+00
230 230 234
2 0 936 -129.3800 106.3700 1 1254 -140.8700 120.0600
-7.0351445959e-01 -8.0996877709e-01 -2.8144404543e+00
195 76 113
2 0 1058 -113.1000 -139.6100 1 834 -153.9900 -129.6800
7.8322401273e-02 -8.8492814542e-01 -2.7375918913e+00
218 234 126
2 0 1064 52.3600 -133.9300 1 811 1.3800 -155.0600
-4.5330736935e-01 -7.3418347848e-01 -2.8186932150e+00
95 130 88
2 0 1074 -62.4300 -118.0700 1 841 -103.0100 -116.3700
1.0376253807e+00 -7.7405276488e-01 -2.7659553782e+00
109 144 63
2 0 1094 239.6100 -87.8200 1 1098 226.6300 -140.4700
2.6494082025e-03 -6.1015191456e-01 -2.8444689471e+00
25 19 16
2 0 1110 26.8600 -82.7300 1 860 -6.1800 -95.1900
-3.0395854641e-03 -5.2503143955e-01 -2.7567951348e+00
221 222 219
2 0 1122 24.8700 -62.8300 1 870 -10.3100 -73.8300
1.5748725447e-02 -4.0941853895e-01 -2.7268308022e+00
17 17 18
2 0 1141 25.7700 -37.5200 1 1152 -5.9500 -48.3500
1.5748725447e-02 -4.0941853895e-01 -2.7268308022e+00
17 17 18
2 0 1142 25.7700 -37.5200 1 1153 -5.9500 -48.3500
-1.4631106839e-01 -3.9485894254e-01 -2.6583392916e+00
211 214 214
2 0 1144 -6.9700 -35.1800 1 1156 -43.9400 -41.0800
-3.7962179339e-02 -3.7775418819e-01 -2.6976961302e+00
223 216 214
2 0 1147 14.5200 -31.3600 1 907 -18.4300 -39.6400
2.4397629344e-02 -3.5690962983e-01 -2.7104102894e+00
117 6 2
2 0 1154 26.4700 -26.6000 1 1161 -4.1900 -35.9400
9.9460866878e-01 7.1527680917e-02 -3.1954970508e+00
211 209 201
2 0 1187 173.7500 39.5000 1 932 206.4600 23.6300
9.5563649236e-01 7.7616449681e-02 -3.1499380814e+00
204 208 199
2 0 1189 169.2300 42.6100 1 1215 199.2600 27.3500
